Master: localhost:29501  |  Nodes: 1  |  GPUs: 0 (1)  |  Rank: 0
[model] 110.9M parameters
[optim] Muon: 72 params, AdamW: 52 params
[data] 50 shard(s), 5,000,000,000 tokens total
[rank0]:W0424 02:38:41.304000 2165 site-packages/torch/_inductor/utils.py:1731] [0/0] Not enough SMs to use max_autotune_gemm mode
step=10 | loss=9.8789 | lr(muon)=2.00e-03 lr(adam)=3.00e-05 | tok/s=30137 | 2175ms/step | elapsed 0.6m | time left 199.4m
step=20 | loss=8.8669 | lr(muon)=4.00e-03 lr(adam)=6.00e-05 | tok/s=12207 | 5369ms/step | elapsed 1.1m | time left 198.9m
step=30 | loss=8.2323 | lr(muon)=6.00e-03 lr(adam)=9.00e-05 | tok/s=24546 | 2670ms/step | elapsed 1.5m | time left 198.5m
step=40 | loss=7.6259 | lr(muon)=8.00e-03 lr(adam)=1.20e-04 | tok/s=22930 | 2858ms/step | elapsed 2.0m | time left 198.0m
step=50 | loss=7.0408 | lr(muon)=1.00e-02 lr(adam)=1.50e-04 | tok/s=21953 | 2985ms/step | elapsed 2.6m | time left 197.4m
step=60 | loss=6.7085 | lr(muon)=1.20e-02 lr(adam)=1.80e-04 | tok/s=22340 | 2934ms/step | elapsed 3.1m | time left 196.9m
step=70 | loss=6.5000 | lr(muon)=1.40e-02 lr(adam)=2.10e-04 | tok/s=21747 | 3014ms/step | elapsed 3.7m | time left 196.3m
step=80 | loss=6.2969 | lr(muon)=1.60e-02 lr(adam)=2.40e-04 | tok/s=21682 | 3023ms/step | elapsed 4.2m | time left 195.8m
step=90 | loss=6.2563 | lr(muon)=1.80e-02 lr(adam)=2.70e-04 | tok/s=21396 | 3063ms/step | elapsed 4.8m | time left 195.2m
step=100 | loss=6.1281 | lr(muon)=2.00e-02 lr(adam)=3.00e-04 | tok/s=21670 | 3024ms/step | elapsed 5.4m | time left 194.6m
step=110 | loss=6.0425 | lr(muon)=2.00e-02 lr(adam)=3.00e-04 | tok/s=20996 | 3121ms/step | elapsed 5.9m | time left 194.1m
step=120 | loss=5.9723 | lr(muon)=2.00e-02 lr(adam)=3.00e-04 | tok/s=21378 | 3066ms/step | elapsed 6.5m | time left 193.5m
step=130 | loss=5.9004 | lr(muon)=2.00e-02 lr(adam)=3.00e-04 | tok/s=20984 | 3123ms/step | elapsed 7.1m | time left 192.9m
step=140 | loss=5.7928 | lr(muon)=2.00e-02 lr(adam)=3.00e-04 | tok/s=21062 | 3112ms/step | elapsed 7.7m | time left 192.3m
step=150 | loss=5.7464 | lr(muon)=2.00e-02 lr(adam)=3.00e-04 | tok/s=20720 | 3163ms/step | elapsed 8.3m | time left 191.7m
step=160 | loss=5.7321 | lr(muon)=2.00e-02 lr(adam)=3.00e-04 | tok/s=21217 | 3089ms/step | elapsed 8.9m | time left 191.1m
step=170 | loss=5.6658 | lr(muon)=2.00e-02 lr(adam)=3.00e-04 | tok/s=21211 | 3090ms/step | elapsed 9.5m | time left 190.5m
step=180 | loss=5.5223 | lr(muon)=2.00e-02 lr(adam)=3.00e-04 | tok/s=20894 | 3137ms/step | elapsed 10.1m | time left 189.9m
step=190 | loss=5.6152 | lr(muon)=2.00e-02 lr(adam)=3.00e-04 | tok/s=19963 | 3283ms/step | elapsed 10.6m | time left 189.4m
step=200 | loss=5.5478 | lr(muon)=2.00e-02 lr(adam)=3.00e-04 | tok/s=20904 | 3135ms/step | elapsed 11.2m | time left 188.8m
step=210 | loss=5.4494 | lr(muon)=2.00e-02 lr(adam)=3.00e-04 | tok/s=20948 | 3128ms/step | elapsed 11.8m | time left 188.2m
step=220 | loss=5.3833 | lr(muon)=2.00e-02 lr(adam)=3.00e-04 | tok/s=20995 | 3122ms/step | elapsed 12.4m | time left 187.6m
step=230 | loss=5.2969 | lr(muon)=2.00e-02 lr(adam)=3.00e-04 | tok/s=20909 | 3134ms/step | elapsed 13.0m | time left 187.0m
step=240 | loss=5.2288 | lr(muon)=2.00e-02 lr(adam)=2.99e-04 | tok/s=20818 | 3148ms/step | elapsed 13.6m | time left 186.4m
step=250 | loss=5.1651 | lr(muon)=2.00e-02 lr(adam)=2.99e-04 | tok/s=20846 | 3144ms/step | elapsed 14.1m | time left 185.9m
step=260 | loss=5.0952 | lr(muon)=2.00e-02 lr(adam)=2.99e-04 | tok/s=20893 | 3137ms/step | elapsed 14.7m | time left 185.3m
step=270 | loss=5.0819 | lr(muon)=1.99e-02 lr(adam)=2.99e-04 | tok/s=20911 | 3134ms/step | elapsed 15.3m | time left 184.7m
step=280 | loss=5.1476 | lr(muon)=1.99e-02 lr(adam)=2.99e-04 | tok/s=20498 | 3197ms/step | elapsed 15.9m | time left 184.1m
step=290 | loss=4.9932 | lr(muon)=1.99e-02 lr(adam)=2.99e-04 | tok/s=20455 | 3204ms/step | elapsed 16.5m | time left 183.5m
step=300 | loss=5.0155 | lr(muon)=1.99e-02 lr(adam)=2.99e-04 | tok/s=21153 | 3098ms/step | elapsed 17.1m | time left 182.9m
step=310 | loss=4.9770 | lr(muon)=1.99e-02 lr(adam)=2.99e-04 | tok/s=20182 | 3247ms/step | elapsed 17.6m | time left 182.4m
step=320 | loss=4.9379 | lr(muon)=1.99e-02 lr(adam)=2.99e-04 | tok/s=21142 | 3100ms/step | elapsed 18.2m | time left 181.8m
step=330 | loss=4.8221 | lr(muon)=1.99e-02 lr(adam)=2.99e-04 | tok/s=20847 | 3144ms/step | elapsed 18.8m | time left 181.2m
step=340 | loss=4.8226 | lr(muon)=1.99e-02 lr(adam)=2.98e-04 | tok/s=20950 | 3128ms/step | elapsed 19.4m | time left 180.6m
step=350 | loss=4.9178 | lr(muon)=1.99e-02 lr(adam)=2.98e-04 | tok/s=20630 | 3177ms/step | elapsed 20.0m | time left 180.0m
step=360 | loss=4.8093 | lr(muon)=1.99e-02 lr(adam)=2.98e-04 | tok/s=20992 | 3122ms/step | elapsed 20.6m | time left 179.4m
step=370 | loss=4.7617 | lr(muon)=1.99e-02 lr(adam)=2.98e-04 | tok/s=20987 | 3123ms/step | elapsed 21.1m | time left 178.9m
step=380 | loss=4.7077 | lr(muon)=1.99e-02 lr(adam)=2.98e-04 | tok/s=20894 | 3137ms/step | elapsed 21.7m | time left 178.3m
step=390 | loss=4.6606 | lr(muon)=1.98e-02 lr(adam)=2.98e-04 | tok/s=21041 | 3115ms/step | elapsed 22.3m | time left 177.7m
step=400 | loss=4.5270 | lr(muon)=1.98e-02 lr(adam)=2.98e-04 | tok/s=21014 | 3119ms/step | elapsed 22.9m | time left 177.1m
step=410 | loss=4.5525 | lr(muon)=1.98e-02 lr(adam)=2.97e-04 | tok/s=20940 | 3130ms/step | elapsed 23.5m | time left 176.5m
step=420 | loss=4.5278 | lr(muon)=1.98e-02 lr(adam)=2.97e-04 | tok/s=20820 | 3148ms/step | elapsed 24.0m | time left 176.0m
step=430 | loss=4.4924 | lr(muon)=1.98e-02 lr(adam)=2.97e-04 | tok/s=20625 | 3177ms/step | elapsed 24.6m | time left 175.4m
step=440 | loss=4.4438 | lr(muon)=1.98e-02 lr(adam)=2.97e-04 | tok/s=20880 | 3139ms/step | elapsed 25.2m | time left 174.8m
step=450 | loss=4.5188 | lr(muon)=1.98e-02 lr(adam)=2.97e-04 | tok/s=20806 | 3150ms/step | elapsed 25.8m | time left 174.2m
step=460 | loss=4.3809 | lr(muon)=1.98e-02 lr(adam)=2.96e-04 | tok/s=20404 | 3212ms/step | elapsed 26.4m | time left 173.6m
step=470 | loss=4.4669 | lr(muon)=1.97e-02 lr(adam)=2.96e-04 | tok/s=20365 | 3218ms/step | elapsed 27.0m | time left 173.0m
step=480 | loss=4.3715 | lr(muon)=1.97e-02 lr(adam)=2.96e-04 | tok/s=21023 | 3117ms/step | elapsed 27.5m | time left 172.5m
step=490 | loss=4.3155 | lr(muon)=1.97e-02 lr(adam)=2.96e-04 | tok/s=21021 | 3118ms/step | elapsed 28.1m | time left 171.9m
step=500 | loss=4.3113 | lr(muon)=1.97e-02 lr(adam)=2.96e-04 | tok/s=21067 | 3111ms/step | elapsed 28.7m | time left 171.3m
step=510 | loss=4.3947 | lr(muon)=1.97e-02 lr(adam)=2.95e-04 | tok/s=20969 | 3125ms/step | elapsed 29.3m | time left 170.7m
step=520 | loss=4.3731 | lr(muon)=1.97e-02 lr(adam)=2.95e-04 | tok/s=21123 | 3103ms/step | elapsed 29.8m | time left 170.2m
step=530 | loss=4.4482 | lr(muon)=1.97e-02 lr(adam)=2.95e-04 | tok/s=21326 | 3073ms/step | elapsed 30.4m | time left 169.6m
step=540 | loss=4.2638 | lr(muon)=1.96e-02 lr(adam)=2.95e-04 | tok/s=21206 | 3090ms/step | elapsed 31.0m | time left 169.0m
step=550 | loss=4.2263 | lr(muon)=1.96e-02 lr(adam)=2.94e-04 | tok/s=21224 | 3088ms/step | elapsed 31.6m | time left 168.4m
step=560 | loss=4.2881 | lr(muon)=1.96e-02 lr(adam)=2.94e-04 | tok/s=21217 | 3089ms/step | elapsed 32.1m | time left 167.9m
step=570 | loss=4.3044 | lr(muon)=1.96e-02 lr(adam)=2.94e-04 | tok/s=21611 | 3033ms/step | elapsed 32.7m | time left 167.3m
step=580 | loss=4.1663 | lr(muon)=1.96e-02 lr(adam)=2.94e-04 | tok/s=20347 | 3221ms/step | elapsed 33.3m | time left 166.7m
step=590 | loss=4.2771 | lr(muon)=1.96e-02 lr(adam)=2.93e-04 | tok/s=20855 | 3142ms/step | elapsed 33.9m | time left 166.1m
step=600 | loss=4.2380 | lr(muon)=1.95e-02 lr(adam)=2.93e-04 | tok/s=19831 | 3305ms/step | elapsed 34.4m | time left 165.6m
step=610 | loss=4.2413 | lr(muon)=1.95e-02 lr(adam)=2.93e-04 | tok/s=21189 | 3093ms/step | elapsed 35.0m | time left 165.0m
step=620 | loss=4.1588 | lr(muon)=1.95e-02 lr(adam)=2.93e-04 | tok/s=19322 | 3392ms/step | elapsed 35.6m | time left 164.4m
step=630 | loss=4.1761 | lr(muon)=1.95e-02 lr(adam)=2.92e-04 | tok/s=21237 | 3086ms/step | elapsed 36.2m | time left 163.8m
step=640 | loss=4.2238 | lr(muon)=1.95e-02 lr(adam)=2.92e-04 | tok/s=20406 | 3212ms/step | elapsed 36.8m | time left 163.2m
step=650 | loss=4.1558 | lr(muon)=1.94e-02 lr(adam)=2.92e-04 | tok/s=21199 | 3092ms/step | elapsed 37.3m | time left 162.7m
step=660 | loss=4.1262 | lr(muon)=1.94e-02 lr(adam)=2.91e-04 | tok/s=20051 | 3268ms/step | elapsed 37.9m | time left 162.1m
step=670 | loss=4.1194 | lr(muon)=1.94e-02 lr(adam)=2.91e-04 | tok/s=21225 | 3088ms/step | elapsed 38.5m | time left 161.5m
step=680 | loss=4.1999 | lr(muon)=1.94e-02 lr(adam)=2.91e-04 | tok/s=10887 | 6020ms/step | elapsed 39.0m | time left 161.0m
step=690 | loss=4.1293 | lr(muon)=1.94e-02 lr(adam)=2.90e-04 | tok/s=11178 | 5863ms/step | elapsed 39.6m | time left 160.4m
step=700 | loss=4.0612 | lr(muon)=1.93e-02 lr(adam)=2.90e-04 | tok/s=11225 | 5838ms/step | elapsed 40.2m | time left 159.8m
step=710 | loss=4.0747 | lr(muon)=1.93e-02 lr(adam)=2.90e-04 | tok/s=11306 | 5797ms/step | elapsed 40.8m | time left 159.2m
step=720 | loss=4.0691 | lr(muon)=1.93e-02 lr(adam)=2.89e-04 | tok/s=11349 | 5775ms/step | elapsed 41.3m | time left 158.7m
step=730 | loss=4.1136 | lr(muon)=1.93e-02 lr(adam)=2.89e-04 | tok/s=11350 | 5774ms/step | elapsed 41.9m | time left 158.1m
step=740 | loss=4.0624 | lr(muon)=1.93e-02 lr(adam)=2.89e-04 | tok/s=21209 | 3090ms/step | elapsed 42.4m | time left 157.6m
step=750 | loss=4.1144 | lr(muon)=1.92e-02 lr(adam)=2.88e-04 | tok/s=20778 | 3154ms/step | elapsed 43.0m | time left 157.0m
step=760 | loss=3.9905 | lr(muon)=1.92e-02 lr(adam)=2.88e-04 | tok/s=21211 | 3090ms/step | elapsed 43.6m | time left 156.4m
step=770 | loss=4.0633 | lr(muon)=1.92e-02 lr(adam)=2.88e-04 | tok/s=21041 | 3115ms/step | elapsed 44.2m | time left 155.8m
step=780 | loss=4.0304 | lr(muon)=1.92e-02 lr(adam)=2.87e-04 | tok/s=21180 | 3094ms/step | elapsed 44.7m | time left 155.3m
step=790 | loss=3.9996 | lr(muon)=1.91e-02 lr(adam)=2.87e-04 | tok/s=21195 | 3092ms/step | elapsed 45.3m | time left 154.7m
step=800 | loss=4.0479 | lr(muon)=1.91e-02 lr(adam)=2.87e-04 | tok/s=21251 | 3084ms/step | elapsed 45.9m | time left 154.1m
step=810 | loss=4.0495 | lr(muon)=1.91e-02 lr(adam)=2.86e-04 | tok/s=21301 | 3077ms/step | elapsed 46.5m | time left 153.5m
step=820 | loss=4.0211 | lr(muon)=1.91e-02 lr(adam)=2.86e-04 | tok/s=21195 | 3092ms/step | elapsed 47.0m | time left 153.0m
step=830 | loss=3.9898 | lr(muon)=1.90e-02 lr(adam)=2.85e-04 | tok/s=20954 | 3128ms/step | elapsed 47.6m | time left 152.4m
step=840 | loss=4.0449 | lr(muon)=1.90e-02 lr(adam)=2.85e-04 | tok/s=20774 | 3155ms/step | elapsed 48.2m | time left 151.8m
step=850 | loss=3.9709 | lr(muon)=1.90e-02 lr(adam)=2.85e-04 | tok/s=20461 | 3203ms/step | elapsed 48.8m | time left 151.2m
step=860 | loss=4.0190 | lr(muon)=1.90e-02 lr(adam)=2.84e-04 | tok/s=21028 | 3117ms/step | elapsed 49.4m | time left 150.6m
step=870 | loss=3.9535 | lr(muon)=1.89e-02 lr(adam)=2.84e-04 | tok/s=21209 | 3090ms/step | elapsed 49.9m | time left 150.1m
step=880 | loss=3.9589 | lr(muon)=1.89e-02 lr(adam)=2.83e-04 | tok/s=21234 | 3086ms/step | elapsed 50.5m | time left 149.5m
step=890 | loss=3.9459 | lr(muon)=1.89e-02 lr(adam)=2.83e-04 | tok/s=20575 | 3185ms/step | elapsed 51.1m | time left 148.9m
step=900 | loss=3.9965 | lr(muon)=1.88e-02 lr(adam)=2.83e-04 | tok/s=21249 | 3084ms/step | elapsed 51.7m | time left 148.3m
step=910 | loss=3.9767 | lr(muon)=1.88e-02 lr(adam)=2.82e-04 | tok/s=21354 | 3069ms/step | elapsed 52.2m | time left 147.8m
step=920 | loss=3.9033 | lr(muon)=1.88e-02 lr(adam)=2.82e-04 | tok/s=21095 | 3107ms/step | elapsed 52.8m | time left 147.2m
step=930 | loss=3.9024 | lr(muon)=1.88e-02 lr(adam)=2.81e-04 | tok/s=19316 | 3393ms/step | elapsed 53.4m | time left 146.6m
step=940 | loss=3.9044 | lr(muon)=1.87e-02 lr(adam)=2.81e-04 | tok/s=18316 | 3578ms/step | elapsed 54.0m | time left 146.0m
step=950 | loss=3.8468 | lr(muon)=1.87e-02 lr(adam)=2.80e-04 | tok/s=19484 | 3364ms/step | elapsed 54.6m | time left 145.4m
step=960 | loss=3.8261 | lr(muon)=1.87e-02 lr(adam)=2.80e-04 | tok/s=19405 | 3377ms/step | elapsed 55.1m | time left 144.9m
step=970 | loss=3.8447 | lr(muon)=1.86e-02 lr(adam)=2.80e-04 | tok/s=19371 | 3383ms/step | elapsed 55.7m | time left 144.3m
step=980 | loss=3.8987 | lr(muon)=1.86e-02 lr(adam)=2.79e-04 | tok/s=19410 | 3376ms/step | elapsed 56.3m | time left 143.7m
step=990 | loss=3.8684 | lr(muon)=1.86e-02 lr(adam)=2.79e-04 | tok/s=19426 | 3374ms/step | elapsed 56.9m | time left 143.1m
step=1000 | loss=3.9139 | lr(muon)=1.85e-02 lr(adam)=2.78e-04 | tok/s=19417 | 3375ms/step | elapsed 57.4m | time left 142.6m
step=1010 | loss=3.9326 | lr(muon)=1.85e-02 lr(adam)=2.78e-04 | tok/s=19424 | 3374ms/step | elapsed 58.0m | time left 142.0m
step=1020 | loss=3.9130 | lr(muon)=1.85e-02 lr(adam)=2.77e-04 | tok/s=19703 | 3326ms/step | elapsed 58.6m | time left 141.4m
step=1030 | loss=3.8774 | lr(muon)=1.84e-02 lr(adam)=2.77e-04 | tok/s=19665 | 3333ms/step | elapsed 59.1m | time left 140.9m
step=1040 | loss=3.8992 | lr(muon)=1.84e-02 lr(adam)=2.76e-04 | tok/s=19469 | 3366ms/step | elapsed 59.7m | time left 140.3m
step=1050 | loss=3.9135 | lr(muon)=1.84e-02 lr(adam)=2.76e-04 | tok/s=19533 | 3355ms/step | elapsed 60.3m | time left 139.7m
step=1060 | loss=3.8639 | lr(muon)=1.83e-02 lr(adam)=2.75e-04 | tok/s=19434 | 3372ms/step | elapsed 60.9m | time left 139.1m
step=1070 | loss=3.8608 | lr(muon)=1.83e-02 lr(adam)=2.75e-04 | tok/s=19414 | 3376ms/step | elapsed 61.4m | time left 138.6m
step=1080 | loss=3.7906 | lr(muon)=1.83e-02 lr(adam)=2.74e-04 | tok/s=19813 | 3308ms/step | elapsed 62.0m | time left 138.0m
step=1090 | loss=3.9429 | lr(muon)=1.82e-02 lr(adam)=2.74e-04 | tok/s=19846 | 3302ms/step | elapsed 62.6m | time left 137.4m
step=1100 | loss=3.9432 | lr(muon)=1.82e-02 lr(adam)=2.73e-04 | tok/s=18106 | 3620ms/step | elapsed 63.1m | time left 136.9m
step=1110 | loss=3.9010 | lr(muon)=1.82e-02 lr(adam)=2.73e-04 | tok/s=19590 | 3345ms/step | elapsed 63.7m | time left 136.3m
step=1120 | loss=3.8404 | lr(muon)=1.81e-02 lr(adam)=2.72e-04 | tok/s=19620 | 3340ms/step | elapsed 64.3m | time left 135.7m
step=1130 | loss=3.7493 | lr(muon)=1.81e-02 lr(adam)=2.72e-04 | tok/s=19530 | 3356ms/step | elapsed 64.8m | time left 135.2m
step=1140 | loss=3.7648 | lr(muon)=1.81e-02 lr(adam)=2.71e-04 | tok/s=19523 | 3357ms/step | elapsed 65.4m | time left 134.6m
step=1150 | loss=3.8593 | lr(muon)=1.80e-02 lr(adam)=2.71e-04 | tok/s=19554 | 3352ms/step | elapsed 66.0m | time left 134.0m
step=1160 | loss=3.8188 | lr(muon)=1.80e-02 lr(adam)=2.70e-04 | tok/s=19705 | 3326ms/step | elapsed 66.5m | time left 133.5m
step=1170 | loss=3.7862 | lr(muon)=1.80e-02 lr(adam)=2.69e-04 | tok/s=19628 | 3339ms/step | elapsed 67.1m | time left 132.9m
step=1180 | loss=3.9197 | lr(muon)=1.79e-02 lr(adam)=2.69e-04 | tok/s=19719 | 3324ms/step | elapsed 67.7m | time left 132.3m
step=1190 | loss=3.8729 | lr(muon)=1.79e-02 lr(adam)=2.68e-04 | tok/s=19698 | 3327ms/step | elapsed 68.2m | time left 131.8m
step=1200 | loss=3.7799 | lr(muon)=1.79e-02 lr(adam)=2.68e-04 | tok/s=19774 | 3314ms/step | elapsed 68.8m | time left 131.2m
step=1210 | loss=3.7568 | lr(muon)=1.78e-02 lr(adam)=2.67e-04 | tok/s=19631 | 3338ms/step | elapsed 69.4m | time left 130.6m
step=1220 | loss=3.7678 | lr(muon)=1.78e-02 lr(adam)=2.67e-04 | tok/s=19682 | 3330ms/step | elapsed 69.9m | time left 130.1m
step=1230 | loss=3.8081 | lr(muon)=1.77e-02 lr(adam)=2.66e-04 | tok/s=19952 | 3285ms/step | elapsed 70.5m | time left 129.5m
step=1240 | loss=3.8223 | lr(muon)=1.77e-02 lr(adam)=2.66e-04 | tok/s=19951 | 3285ms/step | elapsed 71.1m | time left 128.9m
step=1250 | loss=3.7183 | lr(muon)=1.77e-02 lr(adam)=2.65e-04 | tok/s=19606 | 3343ms/step | elapsed 71.6m | time left 128.4m
step=1260 | loss=3.8196 | lr(muon)=1.76e-02 lr(adam)=2.64e-04 | tok/s=19836 | 3304ms/step | elapsed 72.2m | time left 127.8m
step=1270 | loss=3.8143 | lr(muon)=1.76e-02 lr(adam)=2.64e-04 | tok/s=19680 | 3330ms/step | elapsed 72.8m | time left 127.2m
step=1280 | loss=3.7961 | lr(muon)=1.75e-02 lr(adam)=2.63e-04 | tok/s=19459 | 3368ms/step | elapsed 73.3m | time left 126.7m
step=1290 | loss=3.7183 | lr(muon)=1.75e-02 lr(adam)=2.63e-04 | tok/s=20122 | 3257ms/step | elapsed 73.9m | time left 126.1m
step=1300 | loss=3.7546 | lr(muon)=1.75e-02 lr(adam)=2.62e-04 | tok/s=19769 | 3315ms/step | elapsed 74.5m | time left 125.5m
step=1310 | loss=3.7531 | lr(muon)=1.74e-02 lr(adam)=2.61e-04 | tok/s=19729 | 3322ms/step | elapsed 75.0m | time left 125.0m
step=1320 | loss=3.7639 | lr(muon)=1.74e-02 lr(adam)=2.61e-04 | tok/s=19709 | 3325ms/step | elapsed 75.6m | time left 124.4m
step=1330 | loss=3.6841 | lr(muon)=1.73e-02 lr(adam)=2.60e-04 | tok/s=19618 | 3341ms/step | elapsed 76.2m | time left 123.8m
step=1340 | loss=3.7123 | lr(muon)=1.73e-02 lr(adam)=2.60e-04 | tok/s=19725 | 3322ms/step | elapsed 76.7m | time left 123.3m
step=1350 | loss=3.7828 | lr(muon)=1.73e-02 lr(adam)=2.59e-04 | tok/s=19726 | 3322ms/step | elapsed 77.3m | time left 122.7m
step=1360 | loss=3.7460 | lr(muon)=1.72e-02 lr(adam)=2.58e-04 | tok/s=19814 | 3308ms/step | elapsed 77.9m | time left 122.1m
step=1370 | loss=3.7978 | lr(muon)=1.72e-02 lr(adam)=2.58e-04 | tok/s=19868 | 3298ms/step | elapsed 78.4m | time left 121.6m
step=1380 | loss=3.7917 | lr(muon)=1.71e-02 lr(adam)=2.57e-04 | tok/s=19862 | 3300ms/step | elapsed 79.0m | time left 121.0m
step=1390 | loss=3.8114 | lr(muon)=1.71e-02 lr(adam)=2.56e-04 | tok/s=18732 | 3499ms/step | elapsed 79.5m | time left 120.5m
step=1400 | loss=3.6716 | lr(muon)=1.71e-02 lr(adam)=2.56e-04 | tok/s=19361 | 3385ms/step | elapsed 80.1m | time left 119.9m
step=1410 | loss=3.8031 | lr(muon)=1.70e-02 lr(adam)=2.55e-04 | tok/s=19743 | 3319ms/step | elapsed 80.7m | time left 119.3m
step=1420 | loss=3.7187 | lr(muon)=1.70e-02 lr(adam)=2.54e-04 | tok/s=19743 | 3320ms/step | elapsed 81.2m | time left 118.8m
step=1430 | loss=3.6853 | lr(muon)=1.69e-02 lr(adam)=2.54e-04 | tok/s=19756 | 3317ms/step | elapsed 81.8m | time left 118.2m
step=1440 | loss=3.7706 | lr(muon)=1.69e-02 lr(adam)=2.53e-04 | tok/s=19764 | 3316ms/step | elapsed 82.4m | time left 117.6m
step=1450 | loss=3.7291 | lr(muon)=1.68e-02 lr(adam)=2.53e-04 | tok/s=19224 | 3409ms/step | elapsed 82.9m | time left 117.1m
step=1460 | loss=3.7648 | lr(muon)=1.68e-02 lr(adam)=2.52e-04 | tok/s=19383 | 3381ms/step | elapsed 83.5m | time left 116.5m
step=1470 | loss=3.7168 | lr(muon)=1.67e-02 lr(adam)=2.51e-04 | tok/s=19421 | 3375ms/step | elapsed 84.1m | time left 115.9m
step=1480 | loss=3.7096 | lr(muon)=1.67e-02 lr(adam)=2.51e-04 | tok/s=19814 | 3308ms/step | elapsed 84.6m | time left 115.4m
step=1490 | loss=3.8093 | lr(muon)=1.67e-02 lr(adam)=2.50e-04 | tok/s=19747 | 3319ms/step | elapsed 85.2m | time left 114.8m
step=1500 | loss=3.7595 | lr(muon)=1.66e-02 lr(adam)=2.49e-04 | tok/s=19814 | 3308ms/step | elapsed 85.8m | time left 114.2m
step=1510 | loss=3.7844 | lr(muon)=1.66e-02 lr(adam)=2.48e-04 | tok/s=19839 | 3303ms/step | elapsed 86.3m | time left 113.7m
step=1520 | loss=3.6835 | lr(muon)=1.65e-02 lr(adam)=2.48e-04 | tok/s=19731 | 3322ms/step | elapsed 86.9m | time left 113.1m
step=1530 | loss=3.7738 | lr(muon)=1.65e-02 lr(adam)=2.47e-04 | tok/s=19802 | 3310ms/step | elapsed 87.4m | time left 112.6m
step=1540 | loss=3.7137 | lr(muon)=1.64e-02 lr(adam)=2.46e-04 | tok/s=19846 | 3302ms/step | elapsed 88.0m | time left 112.0m
step=1550 | loss=3.6928 | lr(muon)=1.64e-02 lr(adam)=2.46e-04 | tok/s=19817 | 3307ms/step | elapsed 88.6m | time left 111.4m
step=1560 | loss=3.7233 | lr(muon)=1.63e-02 lr(adam)=2.45e-04 | tok/s=19867 | 3299ms/step | elapsed 89.1m | time left 110.9m
step=1570 | loss=3.6987 | lr(muon)=1.63e-02 lr(adam)=2.44e-04 | tok/s=19799 | 3310ms/step | elapsed 89.7m | time left 110.3m
step=1580 | loss=3.6742 | lr(muon)=1.62e-02 lr(adam)=2.44e-04 | tok/s=19850 | 3302ms/step | elapsed 90.3m | time left 109.7m
step=1590 | loss=3.7445 | lr(muon)=1.62e-02 lr(adam)=2.43e-04 | tok/s=19819 | 3307ms/step | elapsed 90.8m | time left 109.2m
step=1600 | loss=3.6647 | lr(muon)=1.61e-02 lr(adam)=2.42e-04 | tok/s=19827 | 3305ms/step | elapsed 91.4m | time left 108.6m
step=1610 | loss=3.5805 | lr(muon)=1.61e-02 lr(adam)=2.42e-04 | tok/s=19786 | 3312ms/step | elapsed 91.9m | time left 108.1m
step=1620 | loss=3.6280 | lr(muon)=1.61e-02 lr(adam)=2.41e-04 | tok/s=19819 | 3307ms/step | elapsed 92.5m | time left 107.5m
step=1630 | loss=3.7462 | lr(muon)=1.60e-02 lr(adam)=2.40e-04 | tok/s=19841 | 3303ms/step | elapsed 93.1m | time left 106.9m
step=1640 | loss=3.5443 | lr(muon)=1.60e-02 lr(adam)=2.39e-04 | tok/s=19759 | 3317ms/step | elapsed 93.6m | time left 106.4m
step=1650 | loss=3.6553 | lr(muon)=1.59e-02 lr(adam)=2.39e-04 | tok/s=19890 | 3295ms/step | elapsed 94.2m | time left 105.8m
step=1660 | loss=3.6689 | lr(muon)=1.59e-02 lr(adam)=2.38e-04 | tok/s=20248 | 3237ms/step | elapsed 94.7m | time left 105.3m
step=1670 | loss=3.5952 | lr(muon)=1.58e-02 lr(adam)=2.37e-04 | tok/s=20030 | 3272ms/step | elapsed 95.3m | time left 104.7m
step=1680 | loss=3.7507 | lr(muon)=1.58e-02 lr(adam)=2.36e-04 | tok/s=20251 | 3236ms/step | elapsed 95.9m | time left 104.1m
step=1690 | loss=3.6861 | lr(muon)=1.57e-02 lr(adam)=2.36e-04 | tok/s=19937 | 3287ms/step | elapsed 96.4m | time left 103.6m
step=1700 | loss=3.5712 | lr(muon)=1.57e-02 lr(adam)=2.35e-04 | tok/s=19934 | 3288ms/step | elapsed 97.0m | time left 103.0m
step=1710 | loss=3.6654 | lr(muon)=1.56e-02 lr(adam)=2.34e-04 | tok/s=19913 | 3291ms/step | elapsed 97.5m | time left 102.5m
step=1720 | loss=3.7071 | lr(muon)=1.56e-02 lr(adam)=2.33e-04 | tok/s=19943 | 3286ms/step | elapsed 98.1m | time left 101.9m
step=1730 | loss=3.5732 | lr(muon)=1.55e-02 lr(adam)=2.33e-04 | tok/s=20230 | 3240ms/step | elapsed 98.7m | time left 101.3m
step=1740 | loss=3.6932 | lr(muon)=1.55e-02 lr(adam)=2.32e-04 | tok/s=19677 | 3331ms/step | elapsed 99.2m | time left 100.8m
step=1750 | loss=3.6965 | lr(muon)=1.54e-02 lr(adam)=2.31e-04 | tok/s=20016 | 3274ms/step | elapsed 99.8m | time left 100.2m
step=1760 | loss=3.6996 | lr(muon)=1.54e-02 lr(adam)=2.30e-04 | tok/s=20028 | 3272ms/step | elapsed 100.3m | time left 99.7m
step=1770 | loss=3.6698 | lr(muon)=1.53e-02 lr(adam)=2.30e-04 | tok/s=19990 | 3278ms/step | elapsed 100.9m | time left 99.1m
step=1780 | loss=3.7042 | lr(muon)=1.53e-02 lr(adam)=2.29e-04 | tok/s=19981 | 3280ms/step | elapsed 101.4m | time left 98.6m
step=1790 | loss=3.7023 | lr(muon)=1.52e-02 lr(adam)=2.28e-04 | tok/s=20084 | 3263ms/step | elapsed 102.0m | time left 98.0m
step=1800 | loss=3.6987 | lr(muon)=1.52e-02 lr(adam)=2.27e-04 | tok/s=19792 | 3311ms/step | elapsed 102.6m | time left 97.4m
step=1810 | loss=3.6201 | lr(muon)=1.51e-02 lr(adam)=2.27e-04 | tok/s=20221 | 3241ms/step | elapsed 103.1m | time left 96.9m
step=1820 | loss=3.7009 | lr(muon)=1.51e-02 lr(adam)=2.26e-04 | tok/s=19963 | 3283ms/step | elapsed 103.7m | time left 96.3m
step=1830 | loss=3.6104 | lr(muon)=1.50e-02 lr(adam)=2.25e-04 | tok/s=19886 | 3296ms/step | elapsed 104.3m | time left 95.7m
step=1840 | loss=3.5972 | lr(muon)=1.50e-02 lr(adam)=2.24e-04 | tok/s=19867 | 3299ms/step | elapsed 104.8m | time left 95.2m
step=1850 | loss=3.6995 | lr(muon)=1.49e-02 lr(adam)=2.24e-04 | tok/s=19927 | 3289ms/step | elapsed 105.4m | time left 94.6m
step=1860 | loss=3.6292 | lr(muon)=1.49e-02 lr(adam)=2.23e-04 | tok/s=20004 | 3276ms/step | elapsed 105.9m | time left 94.1m
step=1870 | loss=3.5212 | lr(muon)=1.48e-02 lr(adam)=2.22e-04 | tok/s=19910 | 3292ms/step | elapsed 106.5m | time left 93.5m
step=1880 | loss=3.5898 | lr(muon)=1.47e-02 lr(adam)=2.21e-04 | tok/s=19933 | 3288ms/step | elapsed 107.1m | time left 92.9m
step=1890 | loss=3.6183 | lr(muon)=1.47e-02 lr(adam)=2.20e-04 | tok/s=20039 | 3270ms/step | elapsed 107.6m | time left 92.4m
step=1900 | loss=3.6464 | lr(muon)=1.46e-02 lr(adam)=2.20e-04 | tok/s=19819 | 3307ms/step | elapsed 108.2m | time left 91.8m
step=1910 | loss=3.5830 | lr(muon)=1.46e-02 lr(adam)=2.19e-04 | tok/s=19976 | 3281ms/step | elapsed 108.7m | time left 91.3m
step=1920 | loss=3.5312 | lr(muon)=1.45e-02 lr(adam)=2.18e-04 | tok/s=19853 | 3301ms/step | elapsed 109.3m | time left 90.7m
step=1930 | loss=3.6126 | lr(muon)=1.45e-02 lr(adam)=2.17e-04 | tok/s=19721 | 3323ms/step | elapsed 109.9m | time left 90.1m
step=1940 | loss=3.6331 | lr(muon)=1.44e-02 lr(adam)=2.16e-04 | tok/s=20589 | 3183ms/step | elapsed 110.4m | time left 89.6m
step=1950 | loss=3.5984 | lr(muon)=1.44e-02 lr(adam)=2.16e-04 | tok/s=19813 | 3308ms/step | elapsed 111.0m | time left 89.0m
step=1960 | loss=3.5527 | lr(muon)=1.43e-02 lr(adam)=2.15e-04 | tok/s=20111 | 3259ms/step | elapsed 111.5m | time left 88.5m
step=1970 | loss=3.5991 | lr(muon)=1.43e-02 lr(adam)=2.14e-04 | tok/s=20121 | 3257ms/step | elapsed 112.1m | time left 87.9m
step=1980 | loss=3.6132 | lr(muon)=1.42e-02 lr(adam)=2.13e-04 | tok/s=20176 | 3248ms/step | elapsed 112.6m | time left 87.4m
step=1990 | loss=3.6337 | lr(muon)=1.42e-02 lr(adam)=2.12e-04 | tok/s=19961 | 3283ms/step | elapsed 113.2m | time left 86.8m
step=2000 | loss=3.6395 | lr(muon)=1.41e-02 lr(adam)=2.12e-04 | tok/s=19986 | 3279ms/step | elapsed 113.8m | time left 86.2m
step=2010 | loss=3.5404 | lr(muon)=1.41e-02 lr(adam)=2.11e-04 | tok/s=19031 | 3444ms/step | elapsed 114.3m | time left 85.7m
step=2020 | loss=3.6103 | lr(muon)=1.40e-02 lr(adam)=2.10e-04 | tok/s=19915 | 3291ms/step | elapsed 114.9m | time left 85.1m
step=2030 | loss=3.6320 | lr(muon)=1.39e-02 lr(adam)=2.09e-04 | tok/s=19906 | 3292ms/step | elapsed 115.4m | time left 84.6m
step=2040 | loss=3.5532 | lr(muon)=1.39e-02 lr(adam)=2.08e-04 | tok/s=19138 | 3424ms/step | elapsed 116.0m | time left 84.0m
step=2050 | loss=3.5821 | lr(muon)=1.38e-02 lr(adam)=2.08e-04 | tok/s=19472 | 3366ms/step | elapsed 116.6m | time left 83.4m
step=2060 | loss=3.5489 | lr(muon)=1.38e-02 lr(adam)=2.07e-04 | tok/s=19169 | 3419ms/step | elapsed 117.2m | time left 82.8m
step=2070 | loss=3.6467 | lr(muon)=1.37e-02 lr(adam)=2.06e-04 | tok/s=19495 | 3362ms/step | elapsed 117.7m | time left 82.3m
step=2080 | loss=3.5964 | lr(muon)=1.37e-02 lr(adam)=2.05e-04 | tok/s=18851 | 3476ms/step | elapsed 118.3m | time left 81.7m
step=2090 | loss=3.5729 | lr(muon)=1.36e-02 lr(adam)=2.04e-04 | tok/s=19390 | 3380ms/step | elapsed 118.9m | time left 81.1m
step=2100 | loss=3.5800 | lr(muon)=1.36e-02 lr(adam)=2.03e-04 | tok/s=19174 | 3418ms/step | elapsed 119.5m | time left 80.5m
step=2110 | loss=3.5588 | lr(muon)=1.35e-02 lr(adam)=2.03e-04 | tok/s=19252 | 3404ms/step | elapsed 120.0m | time left 80.0m
step=2120 | loss=3.4939 | lr(muon)=1.34e-02 lr(adam)=2.02e-04 | tok/s=19579 | 3347ms/step | elapsed 120.6m | time left 79.4m
step=2130 | loss=3.5235 | lr(muon)=1.34e-02 lr(adam)=2.01e-04 | tok/s=19509 | 3359ms/step | elapsed 121.2m | time left 78.8m
step=2140 | loss=3.6111 | lr(muon)=1.33e-02 lr(adam)=2.00e-04 | tok/s=19644 | 3336ms/step | elapsed 121.8m | time left 78.2m
step=2150 | loss=3.5575 | lr(muon)=1.33e-02 lr(adam)=1.99e-04 | tok/s=19574 | 3348ms/step | elapsed 122.3m | time left 77.7m
step=2160 | loss=3.4136 | lr(muon)=1.32e-02 lr(adam)=1.98e-04 | tok/s=19755 | 3317ms/step | elapsed 122.9m | time left 77.1m
step=2170 | loss=3.4613 | lr(muon)=1.32e-02 lr(adam)=1.98e-04 | tok/s=19764 | 3316ms/step | elapsed 123.4m | time left 76.6m
step=2180 | loss=3.5005 | lr(muon)=1.31e-02 lr(adam)=1.97e-04 | tok/s=19730 | 3322ms/step | elapsed 124.0m | time left 76.0m
step=2190 | loss=3.4962 | lr(muon)=1.31e-02 lr(adam)=1.96e-04 | tok/s=20205 | 3244ms/step | elapsed 124.6m | time left 75.4m
step=2200 | loss=3.5722 | lr(muon)=1.30e-02 lr(adam)=1.95e-04 | tok/s=19710 | 3325ms/step | elapsed 125.1m | time left 74.9m
step=2210 | loss=3.6299 | lr(muon)=1.29e-02 lr(adam)=1.94e-04 | tok/s=19999 | 3277ms/step | elapsed 125.7m | time left 74.3m
step=2220 | loss=3.5268 | lr(muon)=1.29e-02 lr(adam)=1.93e-04 | tok/s=19798 | 3310ms/step | elapsed 126.3m | time left 73.7m
step=2230 | loss=3.4951 | lr(muon)=1.28e-02 lr(adam)=1.93e-04 | tok/s=20151 | 3252ms/step | elapsed 126.8m | time left 73.2m
step=2240 | loss=3.5141 | lr(muon)=1.28e-02 lr(adam)=1.92e-04 | tok/s=20184 | 3247ms/step | elapsed 127.4m | time left 72.6m
step=2250 | loss=3.5394 | lr(muon)=1.27e-02 lr(adam)=1.91e-04 | tok/s=20181 | 3247ms/step | elapsed 127.9m | time left 72.1m
step=2260 | loss=3.5664 | lr(muon)=1.27e-02 lr(adam)=1.90e-04 | tok/s=20180 | 3248ms/step | elapsed 128.5m | time left 71.5m
step=2270 | loss=3.5683 | lr(muon)=1.26e-02 lr(adam)=1.89e-04 | tok/s=20103 | 3260ms/step | elapsed 129.0m | time left 71.0m
step=2280 | loss=3.4739 | lr(muon)=1.26e-02 lr(adam)=1.88e-04 | tok/s=19895 | 3294ms/step | elapsed 129.6m | time left 70.4m
step=2290 | loss=3.5851 | lr(muon)=1.25e-02 lr(adam)=1.87e-04 | tok/s=20291 | 3230ms/step | elapsed 130.1m | time left 69.9m
step=2300 | loss=3.5553 | lr(muon)=1.24e-02 lr(adam)=1.87e-04 | tok/s=20295 | 3229ms/step | elapsed 130.7m | time left 69.3m
step=2310 | loss=3.5281 | lr(muon)=1.24e-02 lr(adam)=1.86e-04 | tok/s=19869 | 3298ms/step | elapsed 131.2m | time left 68.8m
step=2320 | loss=3.4828 | lr(muon)=1.23e-02 lr(adam)=1.85e-04 | tok/s=20023 | 3273ms/step | elapsed 131.8m | time left 68.2m
step=2330 | loss=3.4942 | lr(muon)=1.23e-02 lr(adam)=1.84e-04 | tok/s=20249 | 3237ms/step | elapsed 132.3m | time left 67.7m
step=2340 | loss=3.4870 | lr(muon)=1.22e-02 lr(adam)=1.83e-04 | tok/s=19972 | 3281ms/step | elapsed 132.9m | time left 67.1m
step=2350 | loss=3.4908 | lr(muon)=1.22e-02 lr(adam)=1.82e-04 | tok/s=20051 | 3268ms/step | elapsed 133.5m | time left 66.5m
step=2360 | loss=3.5630 | lr(muon)=1.21e-02 lr(adam)=1.81e-04 | tok/s=20236 | 3239ms/step | elapsed 134.0m | time left 66.0m
step=2370 | loss=3.4478 | lr(muon)=1.20e-02 lr(adam)=1.81e-04 | tok/s=20348 | 3221ms/step | elapsed 134.6m | time left 65.4m
step=2380 | loss=3.4666 | lr(muon)=1.20e-02 lr(adam)=1.80e-04 | tok/s=20287 | 3230ms/step | elapsed 135.1m | time left 64.9m
step=2390 | loss=3.4779 | lr(muon)=1.19e-02 lr(adam)=1.79e-04 | tok/s=20178 | 3248ms/step | elapsed 135.7m | time left 64.3m
step=2400 | loss=3.5258 | lr(muon)=1.19e-02 lr(adam)=1.78e-04 | tok/s=20168 | 3249ms/step | elapsed 136.2m | time left 63.8m
step=2410 | loss=3.5441 | lr(muon)=1.18e-02 lr(adam)=1.77e-04 | tok/s=19916 | 3291ms/step | elapsed 136.8m | time left 63.2m
step=2420 | loss=3.6093 | lr(muon)=1.17e-02 lr(adam)=1.76e-04 | tok/s=19200 | 3413ms/step | elapsed 137.3m | time left 62.7m
step=2430 | loss=3.5897 | lr(muon)=1.17e-02 lr(adam)=1.75e-04 | tok/s=19866 | 3299ms/step | elapsed 137.9m | time left 62.1m
step=2440 | loss=3.4702 | lr(muon)=1.16e-02 lr(adam)=1.75e-04 | tok/s=20203 | 3244ms/step | elapsed 138.4m | time left 61.6m
step=2450 | loss=3.5569 | lr(muon)=1.16e-02 lr(adam)=1.74e-04 | tok/s=20147 | 3253ms/step | elapsed 139.0m | time left 61.0m
step=2460 | loss=3.4405 | lr(muon)=1.15e-02 lr(adam)=1.73e-04 | tok/s=20624 | 3178ms/step | elapsed 139.5m | time left 60.5m
step=2470 | loss=3.5585 | lr(muon)=1.15e-02 lr(adam)=1.72e-04 | tok/s=20356 | 3219ms/step | elapsed 140.1m | time left 59.9m
step=2480 | loss=3.5548 | lr(muon)=1.14e-02 lr(adam)=1.71e-04 | tok/s=20309 | 3227ms/step | elapsed 140.6m | time left 59.4m
step=2490 | loss=3.4212 | lr(muon)=1.13e-02 lr(adam)=1.70e-04 | tok/s=20295 | 3229ms/step | elapsed 141.2m | time left 58.8m
step=2500 | loss=3.4943 | lr(muon)=1.13e-02 lr(adam)=1.69e-04 | tok/s=20311 | 3227ms/step | elapsed 141.8m | time left 58.2m
step=2510 | loss=3.4481 | lr(muon)=1.12e-02 lr(adam)=1.68e-04 | tok/s=20332 | 3223ms/step | elapsed 142.3m | time left 57.7m
step=2520 | loss=3.5092 | lr(muon)=1.12e-02 lr(adam)=1.68e-04 | tok/s=20768 | 3156ms/step | elapsed 142.9m | time left 57.1m
step=2530 | loss=3.4640 | lr(muon)=1.11e-02 lr(adam)=1.67e-04 | tok/s=19621 | 3340ms/step | elapsed 143.4m | time left 56.6m
step=2540 | loss=3.4949 | lr(muon)=1.11e-02 lr(adam)=1.66e-04 | tok/s=20227 | 3240ms/step | elapsed 144.0m | time left 56.0m
step=2550 | loss=3.4472 | lr(muon)=1.10e-02 lr(adam)=1.65e-04 | tok/s=20441 | 3206ms/step | elapsed 144.5m | time left 55.5m
step=2560 | loss=3.5134 | lr(muon)=1.09e-02 lr(adam)=1.64e-04 | tok/s=20347 | 3221ms/step | elapsed 145.1m | time left 54.9m
step=2570 | loss=3.5068 | lr(muon)=1.09e-02 lr(adam)=1.63e-04 | tok/s=20177 | 3248ms/step | elapsed 145.6m | time left 54.4m
step=2580 | loss=3.4692 | lr(muon)=1.08e-02 lr(adam)=1.62e-04 | tok/s=20537 | 3191ms/step | elapsed 146.2m | time left 53.8m
step=2590 | loss=3.4390 | lr(muon)=1.08e-02 lr(adam)=1.62e-04 | tok/s=20343 | 3222ms/step | elapsed 146.7m | time left 53.3m
step=2600 | loss=3.5262 | lr(muon)=1.07e-02 lr(adam)=1.61e-04 | tok/s=20300 | 3228ms/step | elapsed 147.3m | time left 52.7m
step=2610 | loss=3.5148 | lr(muon)=1.07e-02 lr(adam)=1.60e-04 | tok/s=20357 | 3219ms/step | elapsed 147.8m | time left 52.2m
step=2620 | loss=3.4270 | lr(muon)=1.06e-02 lr(adam)=1.59e-04 | tok/s=20039 | 3270ms/step | elapsed 148.4m | time left 51.6m
step=2630 | loss=3.4974 | lr(muon)=1.05e-02 lr(adam)=1.58e-04 | tok/s=20438 | 3207ms/step | elapsed 148.9m | time left 51.1m
step=2640 | loss=3.3487 | lr(muon)=1.05e-02 lr(adam)=1.57e-04 | tok/s=20124 | 3257ms/step | elapsed 149.5m | time left 50.5m
step=2650 | loss=3.4178 | lr(muon)=1.04e-02 lr(adam)=1.56e-04 | tok/s=20409 | 3211ms/step | elapsed 150.0m | time left 50.0m
step=2660 | loss=3.3810 | lr(muon)=1.04e-02 lr(adam)=1.55e-04 | tok/s=20146 | 3253ms/step | elapsed 150.6m | time left 49.4m
step=2670 | loss=3.4588 | lr(muon)=1.03e-02 lr(adam)=1.55e-04 | tok/s=20147 | 3253ms/step | elapsed 151.1m | time left 48.9m
step=2680 | loss=3.4594 | lr(muon)=1.03e-02 lr(adam)=1.54e-04 | tok/s=20201 | 3244ms/step | elapsed 151.7m | time left 48.3m
step=2690 | loss=3.5441 | lr(muon)=1.02e-02 lr(adam)=1.53e-04 | tok/s=20136 | 3255ms/step | elapsed 152.2m | time left 47.8m
step=2700 | loss=3.3835 | lr(muon)=1.01e-02 lr(adam)=1.52e-04 | tok/s=20258 | 3235ms/step | elapsed 152.8m | time left 47.2m
step=2710 | loss=3.4659 | lr(muon)=1.01e-02 lr(adam)=1.51e-04 | tok/s=20257 | 3235ms/step | elapsed 153.3m | time left 46.7m
step=2720 | loss=3.4700 | lr(muon)=1.00e-02 lr(adam)=1.50e-04 | tok/s=20207 | 3243ms/step | elapsed 153.9m | time left 46.1m
step=2730 | loss=3.4304 | lr(muon)=9.96e-03 lr(adam)=1.49e-04 | tok/s=20363 | 3218ms/step | elapsed 154.4m | time left 45.6m
step=2740 | loss=3.4342 | lr(muon)=9.91e-03 lr(adam)=1.49e-04 | tok/s=20286 | 3231ms/step | elapsed 155.0m | time left 45.0m
step=2750 | loss=3.4532 | lr(muon)=9.85e-03 lr(adam)=1.48e-04 | tok/s=20327 | 3224ms/step | elapsed 155.5m | time left 44.5m
step=2760 | loss=3.5269 | lr(muon)=9.79e-03 lr(adam)=1.47e-04 | tok/s=20349 | 3221ms/step | elapsed 156.1m | time left 43.9m
step=2770 | loss=3.3626 | lr(muon)=9.73e-03 lr(adam)=1.46e-04 | tok/s=20360 | 3219ms/step | elapsed 156.6m | time left 43.4m
step=2780 | loss=3.3791 | lr(muon)=9.68e-03 lr(adam)=1.45e-04 | tok/s=20351 | 3220ms/step | elapsed 157.2m | time left 42.8m
step=2790 | loss=3.4839 | lr(muon)=9.62e-03 lr(adam)=1.44e-04 | tok/s=20369 | 3217ms/step | elapsed 157.7m | time left 42.3m
step=2800 | loss=3.4132 | lr(muon)=9.56e-03 lr(adam)=1.43e-04 | tok/s=20350 | 3220ms/step | elapsed 158.3m | time left 41.7m
step=2810 | loss=3.4229 | lr(muon)=9.51e-03 lr(adam)=1.43e-04 | tok/s=20331 | 3223ms/step | elapsed 158.8m | time left 41.2m
step=2820 | loss=3.5085 | lr(muon)=9.45e-03 lr(adam)=1.42e-04 | tok/s=20369 | 3217ms/step | elapsed 159.4m | time left 40.6m
step=2830 | loss=3.4788 | lr(muon)=9.39e-03 lr(adam)=1.41e-04 | tok/s=20313 | 3226ms/step | elapsed 159.9m | time left 40.1m
step=2840 | loss=3.4300 | lr(muon)=9.34e-03 lr(adam)=1.40e-04 | tok/s=20298 | 3229ms/step | elapsed 160.5m | time left 39.5m
step=2850 | loss=3.4015 | lr(muon)=9.28e-03 lr(adam)=1.39e-04 | tok/s=20352 | 3220ms/step | elapsed 161.0m | time left 39.0m
step=2860 | loss=3.4894 | lr(muon)=9.22e-03 lr(adam)=1.38e-04 | tok/s=20310 | 3227ms/step | elapsed 161.6m | time left 38.4m
step=2870 | loss=3.4346 | lr(muon)=9.17e-03 lr(adam)=1.37e-04 | tok/s=20220 | 3241ms/step | elapsed 162.1m | time left 37.9m
step=2880 | loss=3.4466 | lr(muon)=9.11e-03 lr(adam)=1.37e-04 | tok/s=20415 | 3210ms/step | elapsed 162.7m | time left 37.3m
step=2890 | loss=3.4427 | lr(muon)=9.05e-03 lr(adam)=1.36e-04 | tok/s=20291 | 3230ms/step | elapsed 163.2m | time left 36.8m
step=2900 | loss=3.4841 | lr(muon)=9.00e-03 lr(adam)=1.35e-04 | tok/s=19579 | 3347ms/step | elapsed 163.8m | time left 36.2m
step=2910 | loss=3.4633 | lr(muon)=8.94e-03 lr(adam)=1.34e-04 | tok/s=20457 | 3204ms/step | elapsed 164.3m | time left 35.7m
step=2920 | loss=3.4335 | lr(muon)=8.88e-03 lr(adam)=1.33e-04 | tok/s=20150 | 3252ms/step | elapsed 164.9m | time left 35.1m
step=2930 | loss=3.3312 | lr(muon)=8.83e-03 lr(adam)=1.32e-04 | tok/s=20069 | 3266ms/step | elapsed 165.4m | time left 34.6m
step=2940 | loss=3.3998 | lr(muon)=8.77e-03 lr(adam)=1.32e-04 | tok/s=20192 | 3246ms/step | elapsed 166.0m | time left 34.0m
step=2950 | loss=3.4367 | lr(muon)=8.72e-03 lr(adam)=1.31e-04 | tok/s=18841 | 3478ms/step | elapsed 166.5m | time left 33.5m
step=2960 | loss=3.4378 | lr(muon)=8.66e-03 lr(adam)=1.30e-04 | tok/s=20190 | 3246ms/step | elapsed 167.1m | time left 32.9m
step=2970 | loss=3.4671 | lr(muon)=8.61e-03 lr(adam)=1.29e-04 | tok/s=20333 | 3223ms/step | elapsed 167.6m | time left 32.4m
step=2980 | loss=3.4268 | lr(muon)=8.55e-03 lr(adam)=1.28e-04 | tok/s=20364 | 3218ms/step | elapsed 168.2m | time left 31.8m
step=2990 | loss=3.4718 | lr(muon)=8.49e-03 lr(adam)=1.27e-04 | tok/s=20189 | 3246ms/step | elapsed 168.7m | time left 31.3m
step=3000 | loss=3.3708 | lr(muon)=8.44e-03 lr(adam)=1.27e-04 | tok/s=20342 | 3222ms/step | elapsed 169.3m | time left 30.7m
step=3010 | loss=3.3766 | lr(muon)=8.38e-03 lr(adam)=1.26e-04 | tok/s=20380 | 3216ms/step | elapsed 169.8m | time left 30.2m
step=3020 | loss=3.4506 | lr(muon)=8.33e-03 lr(adam)=1.25e-04 | tok/s=20549 | 3189ms/step | elapsed 170.4m | time left 29.6m
step=3030 | loss=3.4326 | lr(muon)=8.27e-03 lr(adam)=1.24e-04 | tok/s=20397 | 3213ms/step | elapsed 170.9m | time left 29.1m
step=3040 | loss=3.4251 | lr(muon)=8.22e-03 lr(adam)=1.23e-04 | tok/s=20144 | 3253ms/step | elapsed 171.5m | time left 28.5m
step=3050 | loss=3.4453 | lr(muon)=8.16e-03 lr(adam)=1.22e-04 | tok/s=20265 | 3234ms/step | elapsed 172.0m | time left 28.0m
step=3060 | loss=3.4822 | lr(muon)=8.11e-03 lr(adam)=1.22e-04 | tok/s=20220 | 3241ms/step | elapsed 172.5m | time left 27.5m
step=3070 | loss=3.3420 | lr(muon)=8.05e-03 lr(adam)=1.21e-04 | tok/s=20254 | 3236ms/step | elapsed 173.1m | time left 26.9m
step=3080 | loss=3.4473 | lr(muon)=8.00e-03 lr(adam)=1.20e-04 | tok/s=20487 | 3199ms/step | elapsed 173.6m | time left 26.4m
step=3090 | loss=3.4382 | lr(muon)=7.95e-03 lr(adam)=1.19e-04 | tok/s=20503 | 3196ms/step | elapsed 174.2m | time left 25.8m
step=3100 | loss=3.3425 | lr(muon)=7.89e-03 lr(adam)=1.18e-04 | tok/s=20509 | 3196ms/step | elapsed 174.7m | time left 25.3m
step=3110 | loss=3.3932 | lr(muon)=7.84e-03 lr(adam)=1.18e-04 | tok/s=19917 | 3291ms/step | elapsed 175.3m | time left 24.7m
step=3120 | loss=3.3336 | lr(muon)=7.78e-03 lr(adam)=1.17e-04 | tok/s=20154 | 3252ms/step | elapsed 175.8m | time left 24.2m
step=3130 | loss=3.4924 | lr(muon)=7.73e-03 lr(adam)=1.16e-04 | tok/s=20556 | 3188ms/step | elapsed 176.4m | time left 23.6m
step=3140 | loss=3.3487 | lr(muon)=7.68e-03 lr(adam)=1.15e-04 | tok/s=20372 | 3217ms/step | elapsed 176.9m | time left 23.1m
step=3150 | loss=3.4332 | lr(muon)=7.62e-03 lr(adam)=1.14e-04 | tok/s=20243 | 3237ms/step | elapsed 177.5m | time left 22.5m
step=3160 | loss=3.4775 | lr(muon)=7.57e-03 lr(adam)=1.14e-04 | tok/s=20084 | 3263ms/step | elapsed 178.0m | time left 22.0m
step=3170 | loss=3.3661 | lr(muon)=7.52e-03 lr(adam)=1.13e-04 | tok/s=20207 | 3243ms/step | elapsed 178.6m | time left 21.4m
step=3180 | loss=3.4493 | lr(muon)=7.46e-03 lr(adam)=1.12e-04 | tok/s=20865 | 3141ms/step | elapsed 179.1m | time left 20.9m
step=3190 | loss=3.3571 | lr(muon)=7.41e-03 lr(adam)=1.11e-04 | tok/s=20380 | 3216ms/step | elapsed 179.7m | time left 20.3m
step=3200 | loss=3.3764 | lr(muon)=7.36e-03 lr(adam)=1.10e-04 | tok/s=20379 | 3216ms/step | elapsed 180.2m | time left 19.8m
step=3210 | loss=3.4422 | lr(muon)=7.30e-03 lr(adam)=1.10e-04 | tok/s=20569 | 3186ms/step | elapsed 180.8m | time left 19.2m
step=3220 | loss=3.3877 | lr(muon)=7.25e-03 lr(adam)=1.09e-04 | tok/s=20380 | 3216ms/step | elapsed 181.3m | time left 18.7m
step=3230 | loss=3.3247 | lr(muon)=7.20e-03 lr(adam)=1.08e-04 | tok/s=20333 | 3223ms/step | elapsed 181.9m | time left 18.1m
step=3240 | loss=3.3470 | lr(muon)=7.15e-03 lr(adam)=1.07e-04 | tok/s=20350 | 3220ms/step | elapsed 182.4m | time left 17.6m
step=3250 | loss=3.4042 | lr(muon)=7.10e-03 lr(adam)=1.06e-04 | tok/s=20516 | 3194ms/step | elapsed 182.9m | time left 17.1m
step=3260 | loss=3.3711 | lr(muon)=7.04e-03 lr(adam)=1.06e-04 | tok/s=20322 | 3225ms/step | elapsed 183.5m | time left 16.5m
step=3270 | loss=3.3704 | lr(muon)=6.99e-03 lr(adam)=1.05e-04 | tok/s=20360 | 3219ms/step | elapsed 184.0m | time left 16.0m
step=3280 | loss=3.4116 | lr(muon)=6.94e-03 lr(adam)=1.04e-04 | tok/s=20533 | 3192ms/step | elapsed 184.6m | time left 15.4m
step=3290 | loss=3.2954 | lr(muon)=6.89e-03 lr(adam)=1.03e-04 | tok/s=20403 | 3212ms/step | elapsed 185.1m | time left 14.9m
step=3300 | loss=3.4097 | lr(muon)=6.84e-03 lr(adam)=1.03e-04 | tok/s=20390 | 3214ms/step | elapsed 185.7m | time left 14.3m
step=3310 | loss=3.4130 | lr(muon)=6.79e-03 lr(adam)=1.02e-04 | tok/s=20454 | 3204ms/step | elapsed 186.2m | time left 13.8m
step=3320 | loss=3.3792 | lr(muon)=6.74e-03 lr(adam)=1.01e-04 | tok/s=20473 | 3201ms/step | elapsed 186.8m | time left 13.2m
step=3330 | loss=3.4550 | lr(muon)=6.68e-03 lr(adam)=1.00e-04 | tok/s=20459 | 3203ms/step | elapsed 187.3m | time left 12.7m
step=3340 | loss=3.4124 | lr(muon)=6.63e-03 lr(adam)=9.95e-05 | tok/s=20448 | 3205ms/step | elapsed 187.9m | time left 12.1m
step=3350 | loss=3.3822 | lr(muon)=6.58e-03 lr(adam)=9.88e-05 | tok/s=20490 | 3198ms/step | elapsed 188.4m | time left 11.6m
step=3360 | loss=3.4027 | lr(muon)=6.53e-03 lr(adam)=9.80e-05 | tok/s=20582 | 3184ms/step | elapsed 188.9m | time left 11.1m
step=3370 | loss=3.4031 | lr(muon)=6.48e-03 lr(adam)=9.73e-05 | tok/s=20449 | 3205ms/step | elapsed 189.5m | time left 10.5m
step=3380 | loss=3.3400 | lr(muon)=6.43e-03 lr(adam)=9.65e-05 | tok/s=20425 | 3209ms/step | elapsed 190.0m | time left 10.0m
step=3390 | loss=3.2976 | lr(muon)=6.38e-03 lr(adam)=9.58e-05 | tok/s=21016 | 3118ms/step | elapsed 190.6m | time left 9.4m
step=3400 | loss=3.3932 | lr(muon)=6.33e-03 lr(adam)=9.50e-05 | tok/s=20583 | 3184ms/step | elapsed 191.1m | time left 8.9m
step=3410 | loss=3.3288 | lr(muon)=6.29e-03 lr(adam)=9.43e-05 | tok/s=20430 | 3208ms/step | elapsed 191.7m | time left 8.3m
step=3420 | loss=3.3988 | lr(muon)=6.24e-03 lr(adam)=9.35e-05 | tok/s=20519 | 3194ms/step | elapsed 192.2m | time left 7.8m
step=3430 | loss=3.4251 | lr(muon)=6.19e-03 lr(adam)=9.28e-05 | tok/s=20337 | 3222ms/step | elapsed 192.7m | time left 7.3m
step=3440 | loss=3.3456 | lr(muon)=6.14e-03 lr(adam)=9.21e-05 | tok/s=20600 | 3181ms/step | elapsed 193.3m | time left 6.7m
step=3450 | loss=3.3612 | lr(muon)=6.09e-03 lr(adam)=9.14e-05 | tok/s=20363 | 3218ms/step | elapsed 193.8m | time left 6.2m
step=3460 | loss=3.2660 | lr(muon)=6.04e-03 lr(adam)=9.06e-05 | tok/s=20608 | 3180ms/step | elapsed 194.4m | time left 5.6m
step=3470 | loss=3.2638 | lr(muon)=5.99e-03 lr(adam)=8.99e-05 | tok/s=20563 | 3187ms/step | elapsed 194.9m | time left 5.1m
step=3480 | loss=3.3582 | lr(muon)=5.95e-03 lr(adam)=8.92e-05 | tok/s=20217 | 3242ms/step | elapsed 195.5m | time left 4.5m
step=3490 | loss=3.3467 | lr(muon)=5.90e-03 lr(adam)=8.85e-05 | tok/s=20502 | 3197ms/step | elapsed 196.0m | time left 4.0m
step=3500 | loss=3.2658 | lr(muon)=5.85e-03 lr(adam)=8.78e-05 | tok/s=20568 | 3186ms/step | elapsed 196.5m | time left 3.5m
step=3510 | loss=3.3933 | lr(muon)=5.80e-03 lr(adam)=8.71e-05 | tok/s=20353 | 3220ms/step | elapsed 197.1m | time left 2.9m
step=3520 | loss=3.3532 | lr(muon)=5.76e-03 lr(adam)=8.64e-05 | tok/s=20385 | 3215ms/step | elapsed 197.6m | time left 2.4m
step=3530 | loss=3.3237 | lr(muon)=5.71e-03 lr(adam)=8.56e-05 | tok/s=20662 | 3172ms/step | elapsed 198.2m | time left 1.8m
step=3540 | loss=3.3896 | lr(muon)=5.66e-03 lr(adam)=8.50e-05 | tok/s=20631 | 3177ms/step | elapsed 198.7m | time left 1.3m
step=3550 | loss=3.3537 | lr(muon)=5.62e-03 lr(adam)=8.43e-05 | tok/s=20688 | 3168ms/step | elapsed 199.3m | time left 0.7m
step=3560 | loss=3.3723 | lr(muon)=5.57e-03 lr(adam)=8.36e-05 | tok/s=20457 | 3204ms/step | elapsed 199.8m | time left 0.2m

[time] 200.0 min elapsed — time limit reached.
[ckpt] saved → checkpoint.pt  (step 3564)
