Master: localhost:29501  |  Nodes: 1  |  GPUs: 0 (1)  |  Rank: 0
/home/rawline/forge-pretrain/train.py:162: FutureWarning: `torch.cuda.amp.GradScaler(args...)` is deprecated. Please use `torch.amp.GradScaler('cuda', args...)` instead.
  scaler = torch.cuda.amp.GradScaler() if "cuda" in device else None
[mem] rank=0 after model load: 444 MB  (≈ M_params)
[model] 110.9M parameters
[optim] Muon: 72 params, AdamW: 52 params
[data] 50 shard(s), 5,000,000,000 tokens total
[rank0]:W0429 00:48:10.736000 3782 site-packages/torch/_inductor/utils.py:1731] [0/0] Not enough SMs to use max_autotune_gemm mode
step=10 | loss=9.8743 | lr(muon)=2.00e-03 lr(adam)=3.00e-05 | tok/s=28105 (rank tok/s=28105) | 2332ms/step [fwd=41 bwd=97 opt=98 ms] | elapsed 0.5m | time left 199.5m
[mem] rank=0 after fwd: peak=4413 live=3826 MB  activations≈3382 MB
[mem] rank=0 after bwd: peak=4413 live=2187 MB  gradients≈1744 MB
[mem] rank=0 after opt.step: peak=2291 live=1725 MB  opt_state≈1281 MB  reserved≈4771 MB (≈nvidia-smi)
step=20 | loss=8.7942 | lr(muon)=4.00e-03 lr(adam)=6.00e-05 | tok/s=24673 (rank tok/s=24673) | 2656ms/step [fwd=47 bwd=114 opt=113 ms] | elapsed 0.9m | time left 199.1m
step=30 | loss=8.2156 | lr(muon)=6.00e-03 lr(adam)=9.00e-05 | tok/s=24592 (rank tok/s=24592) | 2665ms/step [fwd=46 bwd=112 opt=110 ms] | elapsed 1.4m | time left 198.6m
step=40 | loss=7.5932 | lr(muon)=8.00e-03 lr(adam)=1.20e-04 | tok/s=23740 (rank tok/s=23740) | 2761ms/step [fwd=48 bwd=117 opt=115 ms] | elapsed 1.8m | time left 198.2m
step=50 | loss=7.0780 | lr(muon)=1.00e-02 lr(adam)=1.50e-04 | tok/s=22601 (rank tok/s=22601) | 2900ms/step [fwd=51 bwd=122 opt=120 ms] | elapsed 2.3m | time left 197.7m
step=60 | loss=6.7449 | lr(muon)=1.20e-02 lr(adam)=1.80e-04 | tok/s=21368 (rank tok/s=21368) | 3067ms/step [fwd=54 bwd=128 opt=124 ms] | elapsed 2.8m | time left 197.2m
step=70 | loss=6.5142 | lr(muon)=1.40e-02 lr(adam)=2.10e-04 | tok/s=20812 (rank tok/s=20812) | 3149ms/step [fwd=55 bwd=133 opt=130 ms] | elapsed 3.3m | time left 196.7m
step=80 | loss=6.3095 | lr(muon)=1.60e-02 lr(adam)=2.40e-04 | tok/s=20431 (rank tok/s=20431) | 3208ms/step [fwd=56 bwd=134 opt=129 ms] | elapsed 3.9m | time left 196.1m
step=90 | loss=6.2001 | lr(muon)=1.80e-02 lr(adam)=2.70e-04 | tok/s=20297 (rank tok/s=20297) | 3229ms/step [fwd=56 bwd=136 opt=132 ms] | elapsed 4.4m | time left 195.6m
step=100 | loss=6.0338 | lr(muon)=2.00e-02 lr(adam)=3.00e-04 | tok/s=19712 (rank tok/s=19712) | 3325ms/step [fwd=59 bwd=140 opt=136 ms] | elapsed 5.0m | time left 195.0m
step=110 | loss=6.0646 | lr(muon)=2.00e-02 lr(adam)=3.00e-04 | tok/s=19623 (rank tok/s=19623) | 3340ms/step [fwd=63 bwd=151 opt=146 ms] | elapsed 5.5m | time left 194.5m
step=120 | loss=5.8570 | lr(muon)=2.00e-02 lr(adam)=3.00e-04 | tok/s=19465 (rank tok/s=19465) | 3367ms/step [fwd=59 bwd=141 opt=139 ms] | elapsed 6.1m | time left 193.9m
step=130 | loss=5.8449 | lr(muon)=2.00e-02 lr(adam)=3.00e-04 | tok/s=19175 (rank tok/s=19175) | 3418ms/step [fwd=61 bwd=144 opt=141 ms] | elapsed 6.6m | time left 193.4m
step=140 | loss=5.7627 | lr(muon)=2.00e-02 lr(adam)=3.00e-04 | tok/s=19168 (rank tok/s=19168) | 3419ms/step [fwd=60 bwd=143 opt=141 ms] | elapsed 7.2m | time left 192.8m
step=150 | loss=5.8111 | lr(muon)=2.00e-02 lr(adam)=3.00e-04 | tok/s=19175 (rank tok/s=19175) | 3418ms/step [fwd=61 bwd=144 opt=141 ms] | elapsed 7.8m | time left 192.2m
step=160 | loss=5.7248 | lr(muon)=2.00e-02 lr(adam)=3.00e-04 | tok/s=19192 (rank tok/s=19192) | 3415ms/step [fwd=60 bwd=144 opt=139 ms] | elapsed 8.4m | time left 191.6m
step=170 | loss=5.6501 | lr(muon)=2.00e-02 lr(adam)=3.00e-04 | tok/s=19283 (rank tok/s=19283) | 3399ms/step [fwd=61 bwd=144 opt=141 ms] | elapsed 8.9m | time left 191.1m
step=180 | loss=5.5533 | lr(muon)=2.00e-02 lr(adam)=3.00e-04 | tok/s=19066 (rank tok/s=19066) | 3437ms/step [fwd=60 bwd=146 opt=141 ms] | elapsed 9.5m | time left 190.5m
step=190 | loss=5.5830 | lr(muon)=2.00e-02 lr(adam)=3.00e-04 | tok/s=19039 (rank tok/s=19039) | 3442ms/step [fwd=60 bwd=145 opt=141 ms] | elapsed 10.1m | time left 189.9m
step=200 | loss=5.4931 | lr(muon)=2.00e-02 lr(adam)=3.00e-04 | tok/s=18650 (rank tok/s=18650) | 3514ms/step [fwd=68 bwd=158 opt=151 ms] | elapsed 10.7m | time left 189.3m
step=210 | loss=5.3460 | lr(muon)=2.00e-02 lr(adam)=3.00e-04 | tok/s=18430 (rank tok/s=18430) | 3556ms/step [fwd=63 bwd=150 opt=142 ms] | elapsed 11.2m | time left 188.8m
step=220 | loss=5.3280 | lr(muon)=2.00e-02 lr(adam)=3.00e-04 | tok/s=18621 (rank tok/s=18621) | 3519ms/step [fwd=62 bwd=147 opt=144 ms] | elapsed 11.8m | time left 188.2m
step=230 | loss=5.3350 | lr(muon)=2.00e-02 lr(adam)=3.00e-04 | tok/s=18651 (rank tok/s=18651) | 3514ms/step [fwd=62 bwd=147 opt=144 ms] | elapsed 12.4m | time left 187.6m
step=240 | loss=5.2515 | lr(muon)=2.00e-02 lr(adam)=2.99e-04 | tok/s=18968 (rank tok/s=18968) | 3455ms/step [fwd=61 bwd=146 opt=142 ms] | elapsed 13.0m | time left 187.0m
step=250 | loss=5.2000 | lr(muon)=2.00e-02 lr(adam)=2.99e-04 | tok/s=18936 (rank tok/s=18936) | 3461ms/step [fwd=61 bwd=145 opt=142 ms] | elapsed 13.6m | time left 186.4m
step=260 | loss=5.1274 | lr(muon)=2.00e-02 lr(adam)=2.99e-04 | tok/s=18750 (rank tok/s=18750) | 3495ms/step [fwd=62 bwd=147 opt=142 ms] | elapsed 14.2m | time left 185.8m
step=270 | loss=5.0969 | lr(muon)=1.99e-02 lr(adam)=2.99e-04 | tok/s=18744 (rank tok/s=18744) | 3496ms/step [fwd=62 bwd=147 opt=143 ms] | elapsed 14.7m | time left 185.3m
step=280 | loss=5.0462 | lr(muon)=1.99e-02 lr(adam)=2.99e-04 | tok/s=18732 (rank tok/s=18732) | 3499ms/step [fwd=62 bwd=147 opt=143 ms] | elapsed 15.3m | time left 184.7m
step=290 | loss=5.0370 | lr(muon)=1.99e-02 lr(adam)=2.99e-04 | tok/s=18767 (rank tok/s=18767) | 3492ms/step [fwd=62 bwd=147 opt=142 ms] | elapsed 15.9m | time left 184.1m
step=300 | loss=5.0662 | lr(muon)=1.99e-02 lr(adam)=2.99e-04 | tok/s=18681 (rank tok/s=18681) | 3508ms/step [fwd=59 bwd=141 opt=137 ms] | elapsed 16.5m | time left 183.5m
step=310 | loss=4.9849 | lr(muon)=1.99e-02 lr(adam)=2.99e-04 | tok/s=18781 (rank tok/s=18781) | 3489ms/step [fwd=62 bwd=146 opt=144 ms] | elapsed 17.1m | time left 182.9m
step=320 | loss=4.9532 | lr(muon)=1.99e-02 lr(adam)=2.99e-04 | tok/s=18704 (rank tok/s=18704) | 3504ms/step [fwd=59 bwd=148 opt=150 ms] | elapsed 17.7m | time left 182.3m
step=330 | loss=4.8774 | lr(muon)=1.99e-02 lr(adam)=2.99e-04 | tok/s=18489 (rank tok/s=18489) | 3545ms/step [fwd=63 bwd=148 opt=146 ms] | elapsed 18.3m | time left 181.7m
step=340 | loss=4.8085 | lr(muon)=1.99e-02 lr(adam)=2.98e-04 | tok/s=19110 (rank tok/s=19110) | 3429ms/step [fwd=62 bwd=146 opt=143 ms] | elapsed 18.9m | time left 181.1m
step=350 | loss=4.7317 | lr(muon)=1.99e-02 lr(adam)=2.98e-04 | tok/s=18824 (rank tok/s=18824) | 3481ms/step [fwd=62 bwd=146 opt=142 ms] | elapsed 19.4m | time left 180.6m
step=360 | loss=4.7478 | lr(muon)=1.99e-02 lr(adam)=2.98e-04 | tok/s=19030 (rank tok/s=19030) | 3444ms/step [fwd=61 bwd=145 opt=141 ms] | elapsed 20.0m | time left 180.0m
step=370 | loss=4.6979 | lr(muon)=1.99e-02 lr(adam)=2.98e-04 | tok/s=18265 (rank tok/s=18265) | 3588ms/step [fwd=65 bwd=153 opt=149 ms] | elapsed 20.6m | time left 179.4m
step=380 | loss=4.6763 | lr(muon)=1.99e-02 lr(adam)=2.98e-04 | tok/s=18703 (rank tok/s=18703) | 3504ms/step [fwd=62 bwd=147 opt=144 ms] | elapsed 21.2m | time left 178.8m
step=390 | loss=4.5988 | lr(muon)=1.98e-02 lr(adam)=2.98e-04 | tok/s=18601 (rank tok/s=18601) | 3523ms/step [fwd=62 bwd=147 opt=145 ms] | elapsed 21.8m | time left 178.2m
step=400 | loss=4.6212 | lr(muon)=1.98e-02 lr(adam)=2.98e-04 | tok/s=18674 (rank tok/s=18674) | 3509ms/step [fwd=62 bwd=147 opt=144 ms] | elapsed 22.4m | time left 177.6m
step=410 | loss=4.5783 | lr(muon)=1.98e-02 lr(adam)=2.97e-04 | tok/s=18664 (rank tok/s=18664) | 3511ms/step [fwd=62 bwd=147 opt=144 ms] | elapsed 22.9m | time left 177.1m
step=420 | loss=4.5092 | lr(muon)=1.98e-02 lr(adam)=2.97e-04 | tok/s=18667 (rank tok/s=18667) | 3511ms/step [fwd=62 bwd=147 opt=144 ms] | elapsed 23.5m | time left 176.5m
step=430 | loss=4.4886 | lr(muon)=1.98e-02 lr(adam)=2.97e-04 | tok/s=18643 (rank tok/s=18643) | 3515ms/step [fwd=62 bwd=147 opt=144 ms] | elapsed 24.1m | time left 175.9m
step=440 | loss=4.4910 | lr(muon)=1.98e-02 lr(adam)=2.97e-04 | tok/s=18798 (rank tok/s=18798) | 3486ms/step [fwd=63 bwd=150 opt=148 ms] | elapsed 24.7m | time left 175.3m
step=450 | loss=4.4194 | lr(muon)=1.98e-02 lr(adam)=2.97e-04 | tok/s=18953 (rank tok/s=18953) | 3458ms/step [fwd=61 bwd=146 opt=141 ms] | elapsed 25.3m | time left 174.7m
step=460 | loss=4.4677 | lr(muon)=1.98e-02 lr(adam)=2.96e-04 | tok/s=18960 (rank tok/s=18960) | 3457ms/step [fwd=61 bwd=145 opt=142 ms] | elapsed 25.9m | time left 174.1m
step=470 | loss=4.4367 | lr(muon)=1.97e-02 lr(adam)=2.96e-04 | tok/s=18808 (rank tok/s=18808) | 3484ms/step [fwd=62 bwd=147 opt=143 ms] | elapsed 26.4m | time left 173.6m
step=480 | loss=4.3532 | lr(muon)=1.97e-02 lr(adam)=2.96e-04 | tok/s=18469 (rank tok/s=18469) | 3549ms/step [fwd=63 bwd=150 opt=146 ms] | elapsed 27.0m | time left 173.0m
step=490 | loss=4.3609 | lr(muon)=1.97e-02 lr(adam)=2.96e-04 | tok/s=18463 (rank tok/s=18463) | 3550ms/step [fwd=63 bwd=149 opt=145 ms] | elapsed 27.6m | time left 172.4m
step=500 | loss=4.4442 | lr(muon)=1.97e-02 lr(adam)=2.96e-04 | tok/s=18495 (rank tok/s=18495) | 3544ms/step [fwd=63 bwd=150 opt=145 ms] | elapsed 28.2m | time left 171.8m
step=510 | loss=4.3573 | lr(muon)=1.97e-02 lr(adam)=2.95e-04 | tok/s=18393 (rank tok/s=18393) | 3563ms/step [fwd=65 bwd=155 opt=150 ms] | elapsed 28.8m | time left 171.2m
step=520 | loss=4.3082 | lr(muon)=1.97e-02 lr(adam)=2.95e-04 | tok/s=18593 (rank tok/s=18593) | 3525ms/step [fwd=62 bwd=147 opt=144 ms] | elapsed 29.4m | time left 170.6m
step=530 | loss=4.3025 | lr(muon)=1.97e-02 lr(adam)=2.95e-04 | tok/s=18754 (rank tok/s=18754) | 3494ms/step [fwd=62 bwd=146 opt=144 ms] | elapsed 30.0m | time left 170.0m
step=540 | loss=4.2918 | lr(muon)=1.96e-02 lr(adam)=2.95e-04 | tok/s=18750 (rank tok/s=18750) | 3495ms/step [fwd=62 bwd=146 opt=144 ms] | elapsed 30.6m | time left 169.4m
step=550 | loss=4.2580 | lr(muon)=1.96e-02 lr(adam)=2.94e-04 | tok/s=18234 (rank tok/s=18234) | 3594ms/step [fwd=72 bwd=154 opt=146 ms] | elapsed 31.1m | time left 168.9m
step=560 | loss=4.3065 | lr(muon)=1.96e-02 lr(adam)=2.94e-04 | tok/s=18639 (rank tok/s=18639) | 3516ms/step [fwd=62 bwd=146 opt=142 ms] | elapsed 31.7m | time left 168.3m
step=570 | loss=4.3278 | lr(muon)=1.96e-02 lr(adam)=2.94e-04 | tok/s=18871 (rank tok/s=18871) | 3473ms/step [fwd=61 bwd=147 opt=143 ms] | elapsed 32.3m | time left 167.7m
step=580 | loss=4.3044 | lr(muon)=1.96e-02 lr(adam)=2.94e-04 | tok/s=18838 (rank tok/s=18838) | 3479ms/step [fwd=62 bwd=146 opt=143 ms] | elapsed 32.9m | time left 167.1m
step=590 | loss=4.2097 | lr(muon)=1.96e-02 lr(adam)=2.93e-04 | tok/s=18818 (rank tok/s=18818) | 3483ms/step [fwd=62 bwd=146 opt=143 ms] | elapsed 33.5m | time left 166.5m
step=600 | loss=4.2626 | lr(muon)=1.95e-02 lr(adam)=2.93e-04 | tok/s=18820 (rank tok/s=18820) | 3482ms/step [fwd=62 bwd=147 opt=143 ms] | elapsed 34.0m | time left 166.0m
step=610 | loss=4.1908 | lr(muon)=1.95e-02 lr(adam)=2.93e-04 | tok/s=18825 (rank tok/s=18825) | 3481ms/step [fwd=61 bwd=147 opt=142 ms] | elapsed 34.6m | time left 165.4m
step=620 | loss=4.1753 | lr(muon)=1.95e-02 lr(adam)=2.93e-04 | tok/s=18830 (rank tok/s=18830) | 3480ms/step [fwd=61 bwd=146 opt=142 ms] | elapsed 35.2m | time left 164.8m
step=630 | loss=4.1408 | lr(muon)=1.95e-02 lr(adam)=2.92e-04 | tok/s=18834 (rank tok/s=18834) | 3480ms/step [fwd=62 bwd=146 opt=142 ms] | elapsed 35.8m | time left 164.2m
step=640 | loss=4.1946 | lr(muon)=1.95e-02 lr(adam)=2.92e-04 | tok/s=18519 (rank tok/s=18519) | 3539ms/step [fwd=69 bwd=157 opt=152 ms] | elapsed 36.4m | time left 163.6m
step=650 | loss=4.1622 | lr(muon)=1.94e-02 lr(adam)=2.92e-04 | tok/s=18535 (rank tok/s=18535) | 3536ms/step [fwd=63 bwd=149 opt=146 ms] | elapsed 37.0m | time left 163.0m
step=660 | loss=4.1790 | lr(muon)=1.94e-02 lr(adam)=2.91e-04 | tok/s=18514 (rank tok/s=18514) | 3540ms/step [fwd=63 bwd=149 opt=146 ms] | elapsed 37.6m | time left 162.4m
step=670 | loss=4.2059 | lr(muon)=1.94e-02 lr(adam)=2.91e-04 | tok/s=18542 (rank tok/s=18542) | 3535ms/step [fwd=63 bwd=149 opt=146 ms] | elapsed 38.1m | time left 161.9m
step=680 | loss=4.1954 | lr(muon)=1.94e-02 lr(adam)=2.91e-04 | tok/s=18299 (rank tok/s=18299) | 3581ms/step [fwd=64 bwd=150 opt=146 ms] | elapsed 38.7m | time left 161.3m
step=690 | loss=4.1163 | lr(muon)=1.94e-02 lr(adam)=2.90e-04 | tok/s=18566 (rank tok/s=18566) | 3530ms/step [fwd=62 bwd=148 opt=146 ms] | elapsed 39.3m | time left 160.7m
step=700 | loss=4.1319 | lr(muon)=1.93e-02 lr(adam)=2.90e-04 | tok/s=18510 (rank tok/s=18510) | 3541ms/step [fwd=63 bwd=150 opt=146 ms] | elapsed 39.9m | time left 160.1m
step=710 | loss=4.0863 | lr(muon)=1.93e-02 lr(adam)=2.90e-04 | tok/s=18463 (rank tok/s=18463) | 3550ms/step [fwd=63 bwd=149 opt=146 ms] | elapsed 40.5m | time left 159.5m
step=720 | loss=4.0319 | lr(muon)=1.93e-02 lr(adam)=2.89e-04 | tok/s=18512 (rank tok/s=18512) | 3540ms/step [fwd=65 bwd=149 opt=146 ms] | elapsed 41.1m | time left 158.9m
step=730 | loss=4.0424 | lr(muon)=1.93e-02 lr(adam)=2.89e-04 | tok/s=18266 (rank tok/s=18266) | 3588ms/step [fwd=64 bwd=151 opt=148 ms] | elapsed 41.7m | time left 158.3m
step=740 | loss=4.0529 | lr(muon)=1.93e-02 lr(adam)=2.89e-04 | tok/s=18541 (rank tok/s=18541) | 3535ms/step [fwd=64 bwd=151 opt=148 ms] | elapsed 42.3m | time left 157.7m
step=750 | loss=4.0688 | lr(muon)=1.92e-02 lr(adam)=2.88e-04 | tok/s=18623 (rank tok/s=18623) | 3519ms/step [fwd=62 bwd=149 opt=146 ms] | elapsed 42.9m | time left 157.1m
step=760 | loss=4.0605 | lr(muon)=1.92e-02 lr(adam)=2.88e-04 | tok/s=18607 (rank tok/s=18607) | 3522ms/step [fwd=61 bwd=145 opt=142 ms] | elapsed 43.5m | time left 156.5m
step=770 | loss=4.0364 | lr(muon)=1.92e-02 lr(adam)=2.88e-04 | tok/s=18662 (rank tok/s=18662) | 3512ms/step [fwd=62 bwd=149 opt=145 ms] | elapsed 44.1m | time left 155.9m
step=780 | loss=4.0348 | lr(muon)=1.92e-02 lr(adam)=2.87e-04 | tok/s=18650 (rank tok/s=18650) | 3514ms/step [fwd=63 bwd=147 opt=144 ms] | elapsed 44.7m | time left 155.3m
step=790 | loss=4.0218 | lr(muon)=1.91e-02 lr(adam)=2.87e-04 | tok/s=18376 (rank tok/s=18376) | 3566ms/step [fwd=61 bwd=144 opt=141 ms] | elapsed 45.3m | time left 154.7m
step=800 | loss=4.2032 | lr(muon)=1.91e-02 lr(adam)=2.87e-04 | tok/s=18987 (rank tok/s=18987) | 3452ms/step [fwd=59 bwd=141 opt=137 ms] | elapsed 45.8m | time left 154.2m
step=810 | loss=4.0101 | lr(muon)=1.91e-02 lr(adam)=2.86e-04 | tok/s=18898 (rank tok/s=18898) | 3468ms/step [fwd=62 bwd=146 opt=143 ms] | elapsed 46.4m | time left 153.6m
step=820 | loss=4.0795 | lr(muon)=1.91e-02 lr(adam)=2.86e-04 | tok/s=18711 (rank tok/s=18711) | 3502ms/step [fwd=63 bwd=147 opt=144 ms] | elapsed 47.0m | time left 153.0m
step=830 | loss=4.0294 | lr(muon)=1.90e-02 lr(adam)=2.85e-04 | tok/s=18748 (rank tok/s=18748) | 3496ms/step [fwd=62 bwd=148 opt=143 ms] | elapsed 47.6m | time left 152.4m
step=840 | loss=4.0070 | lr(muon)=1.90e-02 lr(adam)=2.85e-04 | tok/s=18435 (rank tok/s=18435) | 3555ms/step [fwd=71 bwd=165 opt=161 ms] | elapsed 48.2m | time left 151.8m
step=850 | loss=3.9253 | lr(muon)=1.90e-02 lr(adam)=2.85e-04 | tok/s=18549 (rank tok/s=18549) | 3533ms/step [fwd=62 bwd=148 opt=145 ms] | elapsed 48.8m | time left 151.2m
step=860 | loss=3.9868 | lr(muon)=1.90e-02 lr(adam)=2.84e-04 | tok/s=18289 (rank tok/s=18289) | 3583ms/step [fwd=64 bwd=150 opt=148 ms] | elapsed 49.4m | time left 150.6m
step=870 | loss=4.0917 | lr(muon)=1.89e-02 lr(adam)=2.84e-04 | tok/s=18707 (rank tok/s=18707) | 3503ms/step [fwd=62 bwd=147 opt=144 ms] | elapsed 50.0m | time left 150.0m
step=880 | loss=3.9861 | lr(muon)=1.89e-02 lr(adam)=2.83e-04 | tok/s=18721 (rank tok/s=18721) | 3501ms/step [fwd=62 bwd=148 opt=144 ms] | elapsed 50.5m | time left 149.5m
step=890 | loss=3.9369 | lr(muon)=1.89e-02 lr(adam)=2.83e-04 | tok/s=18752 (rank tok/s=18752) | 3495ms/step [fwd=64 bwd=147 opt=144 ms] | elapsed 51.1m | time left 148.9m
step=900 | loss=3.9390 | lr(muon)=1.88e-02 lr(adam)=2.83e-04 | tok/s=18733 (rank tok/s=18733) | 3498ms/step [fwd=63 bwd=147 opt=144 ms] | elapsed 51.7m | time left 148.3m
step=910 | loss=3.8752 | lr(muon)=1.88e-02 lr(adam)=2.82e-04 | tok/s=18382 (rank tok/s=18382) | 3565ms/step [fwd=64 bwd=150 opt=146 ms] | elapsed 52.3m | time left 147.7m
step=920 | loss=3.9275 | lr(muon)=1.88e-02 lr(adam)=2.82e-04 | tok/s=18380 (rank tok/s=18380) | 3566ms/step [fwd=63 bwd=150 opt=146 ms] | elapsed 52.9m | time left 147.1m
step=930 | loss=4.0478 | lr(muon)=1.88e-02 lr(adam)=2.81e-04 | tok/s=18363 (rank tok/s=18363) | 3569ms/step [fwd=64 bwd=150 opt=146 ms] | elapsed 53.5m | time left 146.5m
step=940 | loss=3.9056 | lr(muon)=1.87e-02 lr(adam)=2.81e-04 | tok/s=18365 (rank tok/s=18365) | 3569ms/step [fwd=64 bwd=149 opt=146 ms] | elapsed 54.1m | time left 145.9m
step=950 | loss=3.8203 | lr(muon)=1.87e-02 lr(adam)=2.80e-04 | tok/s=18392 (rank tok/s=18392) | 3563ms/step [fwd=64 bwd=150 opt=147 ms] | elapsed 54.7m | time left 145.3m
step=960 | loss=3.9316 | lr(muon)=1.87e-02 lr(adam)=2.80e-04 | tok/s=18419 (rank tok/s=18419) | 3558ms/step [fwd=63 bwd=150 opt=146 ms] | elapsed 55.3m | time left 144.7m
step=970 | loss=3.9215 | lr(muon)=1.86e-02 lr(adam)=2.80e-04 | tok/s=18560 (rank tok/s=18560) | 3531ms/step [fwd=65 bwd=149 opt=145 ms] | elapsed 55.9m | time left 144.1m
step=980 | loss=3.8986 | lr(muon)=1.86e-02 lr(adam)=2.79e-04 | tok/s=18486 (rank tok/s=18486) | 3545ms/step [fwd=63 bwd=150 opt=145 ms] | elapsed 56.4m | time left 143.6m
step=990 | loss=3.9378 | lr(muon)=1.86e-02 lr(adam)=2.79e-04 | tok/s=18523 (rank tok/s=18523) | 3538ms/step [fwd=63 bwd=150 opt=146 ms] | elapsed 57.0m | time left 143.0m
step=1000 | loss=3.9191 | lr(muon)=1.85e-02 lr(adam)=2.78e-04 | tok/s=18517 (rank tok/s=18517) | 3539ms/step [fwd=64 bwd=149 opt=144 ms] | elapsed 57.6m | time left 142.4m
step=1010 | loss=3.9029 | lr(muon)=1.85e-02 lr(adam)=2.78e-04 | tok/s=18513 (rank tok/s=18513) | 3540ms/step [fwd=65 bwd=150 opt=146 ms] | elapsed 58.2m | time left 141.8m
step=1020 | loss=3.8867 | lr(muon)=1.85e-02 lr(adam)=2.77e-04 | tok/s=18565 (rank tok/s=18565) | 3530ms/step [fwd=62 bwd=149 opt=146 ms] | elapsed 58.8m | time left 141.2m
step=1030 | loss=3.8393 | lr(muon)=1.84e-02 lr(adam)=2.77e-04 | tok/s=18841 (rank tok/s=18841) | 3478ms/step [fwd=65 bwd=153 opt=149 ms] | elapsed 59.4m | time left 140.6m
step=1040 | loss=3.9566 | lr(muon)=1.84e-02 lr(adam)=2.76e-04 | tok/s=18582 (rank tok/s=18582) | 3527ms/step [fwd=64 bwd=148 opt=144 ms] | elapsed 60.0m | time left 140.0m
step=1050 | loss=3.9467 | lr(muon)=1.84e-02 lr(adam)=2.76e-04 | tok/s=18504 (rank tok/s=18504) | 3542ms/step [fwd=63 bwd=149 opt=146 ms] | elapsed 60.6m | time left 139.4m
step=1060 | loss=3.8600 | lr(muon)=1.83e-02 lr(adam)=2.75e-04 | tok/s=18591 (rank tok/s=18591) | 3525ms/step [fwd=62 bwd=148 opt=146 ms] | elapsed 61.2m | time left 138.8m
step=1070 | loss=3.8168 | lr(muon)=1.83e-02 lr(adam)=2.75e-04 | tok/s=18370 (rank tok/s=18370) | 3568ms/step [fwd=64 bwd=150 opt=147 ms] | elapsed 61.8m | time left 138.2m
step=1080 | loss=3.9232 | lr(muon)=1.83e-02 lr(adam)=2.74e-04 | tok/s=18416 (rank tok/s=18416) | 3559ms/step [fwd=63 bwd=150 opt=148 ms] | elapsed 62.3m | time left 137.7m
step=1090 | loss=3.8844 | lr(muon)=1.82e-02 lr(adam)=2.74e-04 | tok/s=18385 (rank tok/s=18385) | 3565ms/step [fwd=64 bwd=150 opt=146 ms] | elapsed 62.9m | time left 137.1m
step=1100 | loss=3.7927 | lr(muon)=1.82e-02 lr(adam)=2.73e-04 | tok/s=18427 (rank tok/s=18427) | 3556ms/step [fwd=65 bwd=151 opt=146 ms] | elapsed 63.5m | time left 136.5m
step=1110 | loss=3.9433 | lr(muon)=1.82e-02 lr(adam)=2.73e-04 | tok/s=18159 (rank tok/s=18159) | 3609ms/step [fwd=67 bwd=159 opt=153 ms] | elapsed 64.1m | time left 135.9m
step=1120 | loss=3.8413 | lr(muon)=1.81e-02 lr(adam)=2.72e-04 | tok/s=18600 (rank tok/s=18600) | 3523ms/step [fwd=63 bwd=149 opt=144 ms] | elapsed 64.7m | time left 135.3m
step=1130 | loss=3.8911 | lr(muon)=1.81e-02 lr(adam)=2.72e-04 | tok/s=18576 (rank tok/s=18576) | 3528ms/step [fwd=63 bwd=148 opt=146 ms] | elapsed 65.3m | time left 134.7m
step=1140 | loss=3.7979 | lr(muon)=1.81e-02 lr(adam)=2.71e-04 | tok/s=18495 (rank tok/s=18495) | 3544ms/step [fwd=64 bwd=150 opt=147 ms] | elapsed 65.9m | time left 134.1m
step=1150 | loss=3.7689 | lr(muon)=1.80e-02 lr(adam)=2.71e-04 | tok/s=18446 (rank tok/s=18446) | 3553ms/step [fwd=63 bwd=149 opt=146 ms] | elapsed 66.5m | time left 133.5m
step=1160 | loss=3.8661 | lr(muon)=1.80e-02 lr(adam)=2.70e-04 | tok/s=18485 (rank tok/s=18485) | 3545ms/step [fwd=63 bwd=150 opt=146 ms] | elapsed 67.1m | time left 132.9m
step=1170 | loss=3.8228 | lr(muon)=1.80e-02 lr(adam)=2.69e-04 | tok/s=18467 (rank tok/s=18467) | 3549ms/step [fwd=63 bwd=150 opt=146 ms] | elapsed 67.7m | time left 132.3m
step=1180 | loss=3.8672 | lr(muon)=1.79e-02 lr(adam)=2.69e-04 | tok/s=18450 (rank tok/s=18450) | 3552ms/step [fwd=64 bwd=149 opt=146 ms] | elapsed 68.3m | time left 131.7m
step=1190 | loss=3.6788 | lr(muon)=1.79e-02 lr(adam)=2.68e-04 | tok/s=18416 (rank tok/s=18416) | 3559ms/step [fwd=63 bwd=150 opt=146 ms] | elapsed 68.9m | time left 131.1m
step=1200 | loss=3.8433 | lr(muon)=1.79e-02 lr(adam)=2.68e-04 | tok/s=18561 (rank tok/s=18561) | 3531ms/step [fwd=65 bwd=150 opt=145 ms] | elapsed 69.5m | time left 130.5m
step=1210 | loss=3.8131 | lr(muon)=1.78e-02 lr(adam)=2.67e-04 | tok/s=18476 (rank tok/s=18476) | 3547ms/step [fwd=63 bwd=150 opt=146 ms] | elapsed 70.0m | time left 130.0m
step=1220 | loss=3.7553 | lr(muon)=1.78e-02 lr(adam)=2.67e-04 | tok/s=18494 (rank tok/s=18494) | 3544ms/step [fwd=63 bwd=149 opt=145 ms] | elapsed 70.6m | time left 129.4m
step=1230 | loss=3.7698 | lr(muon)=1.77e-02 lr(adam)=2.66e-04 | tok/s=18455 (rank tok/s=18455) | 3551ms/step [fwd=64 bwd=150 opt=148 ms] | elapsed 71.2m | time left 128.8m
step=1240 | loss=3.8226 | lr(muon)=1.77e-02 lr(adam)=2.66e-04 | tok/s=18383 (rank tok/s=18383) | 3565ms/step [fwd=64 bwd=150 opt=147 ms] | elapsed 71.8m | time left 128.2m
step=1250 | loss=3.7985 | lr(muon)=1.77e-02 lr(adam)=2.65e-04 | tok/s=18462 (rank tok/s=18462) | 3550ms/step [fwd=65 bwd=150 opt=147 ms] | elapsed 72.4m | time left 127.6m
step=1260 | loss=3.6909 | lr(muon)=1.76e-02 lr(adam)=2.64e-04 | tok/s=18391 (rank tok/s=18391) | 3564ms/step [fwd=64 bwd=150 opt=146 ms] | elapsed 73.0m | time left 127.0m
step=1270 | loss=3.7380 | lr(muon)=1.76e-02 lr(adam)=2.64e-04 | tok/s=18628 (rank tok/s=18628) | 3518ms/step [fwd=63 bwd=145 opt=142 ms] | elapsed 73.6m | time left 126.4m
step=1280 | loss=3.7470 | lr(muon)=1.75e-02 lr(adam)=2.63e-04 | tok/s=18880 (rank tok/s=18880) | 3471ms/step [fwd=59 bwd=140 opt=138 ms] | elapsed 74.2m | time left 125.8m
step=1290 | loss=3.8163 | lr(muon)=1.75e-02 lr(adam)=2.63e-04 | tok/s=18502 (rank tok/s=18502) | 3542ms/step [fwd=71 bwd=158 opt=144 ms] | elapsed 74.8m | time left 125.2m
step=1300 | loss=3.8082 | lr(muon)=1.75e-02 lr(adam)=2.62e-04 | tok/s=18737 (rank tok/s=18737) | 3498ms/step [fwd=62 bwd=147 opt=144 ms] | elapsed 75.4m | time left 124.6m
step=1310 | loss=3.8138 | lr(muon)=1.74e-02 lr(adam)=2.61e-04 | tok/s=18538 (rank tok/s=18538) | 3535ms/step [fwd=65 bwd=152 opt=142 ms] | elapsed 76.0m | time left 124.0m
step=1320 | loss=3.7602 | lr(muon)=1.74e-02 lr(adam)=2.61e-04 | tok/s=18436 (rank tok/s=18436) | 3555ms/step [fwd=64 bwd=151 opt=148 ms] | elapsed 76.5m | time left 123.5m
step=1330 | loss=3.8059 | lr(muon)=1.73e-02 lr(adam)=2.60e-04 | tok/s=18665 (rank tok/s=18665) | 3511ms/step [fwd=63 bwd=148 opt=146 ms] | elapsed 77.1m | time left 122.9m
step=1340 | loss=3.8223 | lr(muon)=1.73e-02 lr(adam)=2.60e-04 | tok/s=18665 (rank tok/s=18665) | 3511ms/step [fwd=63 bwd=147 opt=144 ms] | elapsed 77.7m | time left 122.3m
step=1350 | loss=3.8067 | lr(muon)=1.73e-02 lr(adam)=2.59e-04 | tok/s=18638 (rank tok/s=18638) | 3516ms/step [fwd=63 bwd=150 opt=145 ms] | elapsed 78.3m | time left 121.7m
step=1360 | loss=3.7123 | lr(muon)=1.72e-02 lr(adam)=2.58e-04 | tok/s=18937 (rank tok/s=18937) | 3461ms/step [fwd=62 bwd=146 opt=142 ms] | elapsed 78.9m | time left 121.1m
step=1370 | loss=3.7133 | lr(muon)=1.72e-02 lr(adam)=2.58e-04 | tok/s=18591 (rank tok/s=18591) | 3525ms/step [fwd=63 bwd=149 opt=145 ms] | elapsed 79.5m | time left 120.5m
step=1380 | loss=3.7966 | lr(muon)=1.71e-02 lr(adam)=2.57e-04 | tok/s=18873 (rank tok/s=18873) | 3472ms/step [fwd=63 bwd=147 opt=144 ms] | elapsed 80.1m | time left 119.9m
step=1390 | loss=3.8222 | lr(muon)=1.71e-02 lr(adam)=2.56e-04 | tok/s=18835 (rank tok/s=18835) | 3479ms/step [fwd=62 bwd=147 opt=143 ms] | elapsed 80.6m | time left 119.4m
step=1400 | loss=3.7881 | lr(muon)=1.71e-02 lr(adam)=2.56e-04 | tok/s=18721 (rank tok/s=18721) | 3501ms/step [fwd=62 bwd=148 opt=144 ms] | elapsed 81.2m | time left 118.8m
step=1410 | loss=3.7717 | lr(muon)=1.70e-02 lr(adam)=2.55e-04 | tok/s=18728 (rank tok/s=18728) | 3499ms/step [fwd=62 bwd=147 opt=146 ms] | elapsed 81.8m | time left 118.2m
step=1420 | loss=3.7294 | lr(muon)=1.70e-02 lr(adam)=2.54e-04 | tok/s=18845 (rank tok/s=18845) | 3478ms/step [fwd=63 bwd=147 opt=144 ms] | elapsed 82.4m | time left 117.6m
step=1430 | loss=3.7735 | lr(muon)=1.69e-02 lr(adam)=2.54e-04 | tok/s=18810 (rank tok/s=18810) | 3484ms/step [fwd=62 bwd=148 opt=144 ms] | elapsed 83.0m | time left 117.0m
step=1440 | loss=3.7004 | lr(muon)=1.69e-02 lr(adam)=2.53e-04 | tok/s=18892 (rank tok/s=18892) | 3469ms/step [fwd=64 bwd=147 opt=144 ms] | elapsed 83.6m | time left 116.4m
step=1450 | loss=3.6597 | lr(muon)=1.68e-02 lr(adam)=2.53e-04 | tok/s=18817 (rank tok/s=18817) | 3483ms/step [fwd=64 bwd=148 opt=145 ms] | elapsed 84.1m | time left 115.9m
step=1460 | loss=3.7186 | lr(muon)=1.68e-02 lr(adam)=2.52e-04 | tok/s=18761 (rank tok/s=18761) | 3493ms/step [fwd=62 bwd=149 opt=144 ms] | elapsed 84.7m | time left 115.3m
step=1470 | loss=3.6228 | lr(muon)=1.67e-02 lr(adam)=2.51e-04 | tok/s=18845 (rank tok/s=18845) | 3478ms/step [fwd=63 bwd=147 opt=144 ms] | elapsed 85.3m | time left 114.7m
step=1480 | loss=3.7356 | lr(muon)=1.67e-02 lr(adam)=2.51e-04 | tok/s=18847 (rank tok/s=18847) | 3477ms/step [fwd=64 bwd=147 opt=144 ms] | elapsed 85.9m | time left 114.1m
step=1490 | loss=3.7083 | lr(muon)=1.67e-02 lr(adam)=2.50e-04 | tok/s=18841 (rank tok/s=18841) | 3478ms/step [fwd=64 bwd=148 opt=144 ms] | elapsed 86.5m | time left 113.5m
step=1500 | loss=3.7992 | lr(muon)=1.66e-02 lr(adam)=2.49e-04 | tok/s=18767 (rank tok/s=18767) | 3492ms/step [fwd=63 bwd=148 opt=144 ms] | elapsed 87.0m | time left 113.0m
step=1510 | loss=3.6129 | lr(muon)=1.66e-02 lr(adam)=2.48e-04 | tok/s=18859 (rank tok/s=18859) | 3475ms/step [fwd=62 bwd=146 opt=143 ms] | elapsed 87.6m | time left 112.4m
step=1520 | loss=3.6109 | lr(muon)=1.65e-02 lr(adam)=2.48e-04 | tok/s=18578 (rank tok/s=18578) | 3528ms/step [fwd=64 bwd=149 opt=146 ms] | elapsed 88.2m | time left 111.8m
step=1530 | loss=3.7843 | lr(muon)=1.65e-02 lr(adam)=2.47e-04 | tok/s=18983 (rank tok/s=18983) | 3452ms/step [fwd=61 bwd=145 opt=142 ms] | elapsed 88.8m | time left 111.2m
step=1540 | loss=3.6228 | lr(muon)=1.64e-02 lr(adam)=2.46e-04 | tok/s=18890 (rank tok/s=18890) | 3469ms/step [fwd=63 bwd=147 opt=144 ms] | elapsed 89.4m | time left 110.6m
step=1550 | loss=3.7352 | lr(muon)=1.64e-02 lr(adam)=2.46e-04 | tok/s=18639 (rank tok/s=18639) | 3516ms/step [fwd=62 bwd=149 opt=145 ms] | elapsed 90.0m | time left 110.0m
step=1560 | loss=3.7235 | lr(muon)=1.63e-02 lr(adam)=2.45e-04 | tok/s=18700 (rank tok/s=18700) | 3505ms/step [fwd=65 bwd=149 opt=144 ms] | elapsed 90.6m | time left 109.4m
step=1570 | loss=3.6267 | lr(muon)=1.63e-02 lr(adam)=2.44e-04 | tok/s=19304 (rank tok/s=19304) | 3395ms/step [fwd=62 bwd=145 opt=142 ms] | elapsed 91.1m | time left 108.9m
step=1580 | loss=3.7523 | lr(muon)=1.62e-02 lr(adam)=2.44e-04 | tok/s=18983 (rank tok/s=18983) | 3452ms/step [fwd=61 bwd=147 opt=143 ms] | elapsed 91.7m | time left 108.3m
step=1590 | loss=3.7280 | lr(muon)=1.62e-02 lr(adam)=2.43e-04 | tok/s=18967 (rank tok/s=18967) | 3455ms/step [fwd=64 bwd=147 opt=144 ms] | elapsed 92.3m | time left 107.7m
step=1600 | loss=3.6718 | lr(muon)=1.61e-02 lr(adam)=2.42e-04 | tok/s=19227 (rank tok/s=19227) | 3409ms/step [fwd=61 bwd=145 opt=142 ms] | elapsed 92.9m | time left 107.1m
step=1610 | loss=3.7661 | lr(muon)=1.61e-02 lr(adam)=2.42e-04 | tok/s=18933 (rank tok/s=18933) | 3461ms/step [fwd=62 bwd=147 opt=143 ms] | elapsed 93.4m | time left 106.6m
step=1620 | loss=3.6370 | lr(muon)=1.61e-02 lr(adam)=2.41e-04 | tok/s=18825 (rank tok/s=18825) | 3481ms/step [fwd=62 bwd=147 opt=144 ms] | elapsed 94.0m | time left 106.0m
step=1630 | loss=3.6337 | lr(muon)=1.60e-02 lr(adam)=2.40e-04 | tok/s=18888 (rank tok/s=18888) | 3470ms/step [fwd=63 bwd=147 opt=143 ms] | elapsed 94.6m | time left 105.4m
step=1640 | loss=3.6807 | lr(muon)=1.60e-02 lr(adam)=2.39e-04 | tok/s=18971 (rank tok/s=18971) | 3455ms/step [fwd=62 bwd=146 opt=143 ms] | elapsed 95.2m | time left 104.8m
step=1650 | loss=3.6939 | lr(muon)=1.59e-02 lr(adam)=2.39e-04 | tok/s=19008 (rank tok/s=19008) | 3448ms/step [fwd=63 bwd=144 opt=141 ms] | elapsed 95.8m | time left 104.2m
step=1660 | loss=3.6547 | lr(muon)=1.59e-02 lr(adam)=2.38e-04 | tok/s=18981 (rank tok/s=18981) | 3453ms/step [fwd=62 bwd=146 opt=143 ms] | elapsed 96.4m | time left 103.6m
step=1670 | loss=3.6395 | lr(muon)=1.58e-02 lr(adam)=2.37e-04 | tok/s=19030 (rank tok/s=19030) | 3444ms/step [fwd=63 bwd=146 opt=142 ms] | elapsed 96.9m | time left 103.1m
step=1680 | loss=3.6140 | lr(muon)=1.58e-02 lr(adam)=2.36e-04 | tok/s=18766 (rank tok/s=18766) | 3492ms/step [fwd=63 bwd=149 opt=145 ms] | elapsed 97.5m | time left 102.5m
step=1690 | loss=3.5777 | lr(muon)=1.57e-02 lr(adam)=2.36e-04 | tok/s=18852 (rank tok/s=18852) | 3476ms/step [fwd=62 bwd=148 opt=144 ms] | elapsed 98.1m | time left 101.9m
step=1700 | loss=3.6772 | lr(muon)=1.57e-02 lr(adam)=2.35e-04 | tok/s=18938 (rank tok/s=18938) | 3461ms/step [fwd=64 bwd=147 opt=143 ms] | elapsed 98.7m | time left 101.3m
step=1710 | loss=3.6572 | lr(muon)=1.56e-02 lr(adam)=2.34e-04 | tok/s=19113 (rank tok/s=19113) | 3429ms/step [fwd=62 bwd=145 opt=143 ms] | elapsed 99.2m | time left 100.8m
step=1720 | loss=3.7204 | lr(muon)=1.56e-02 lr(adam)=2.33e-04 | tok/s=19037 (rank tok/s=19037) | 3443ms/step [fwd=62 bwd=147 opt=143 ms] | elapsed 99.8m | time left 100.2m
step=1730 | loss=3.6736 | lr(muon)=1.55e-02 lr(adam)=2.33e-04 | tok/s=19336 (rank tok/s=19336) | 3389ms/step [fwd=61 bwd=143 opt=143 ms] | elapsed 100.4m | time left 99.6m
step=1740 | loss=3.6530 | lr(muon)=1.55e-02 lr(adam)=2.32e-04 | tok/s=19112 (rank tok/s=19112) | 3429ms/step [fwd=62 bwd=147 opt=143 ms] | elapsed 101.0m | time left 99.0m
step=1750 | loss=3.6207 | lr(muon)=1.54e-02 lr(adam)=2.31e-04 | tok/s=19182 (rank tok/s=19182) | 3417ms/step [fwd=63 bwd=146 opt=142 ms] | elapsed 101.5m | time left 98.5m
step=1760 | loss=3.6372 | lr(muon)=1.54e-02 lr(adam)=2.30e-04 | tok/s=19110 (rank tok/s=19110) | 3429ms/step [fwd=62 bwd=146 opt=143 ms] | elapsed 102.1m | time left 97.9m
step=1770 | loss=3.6774 | lr(muon)=1.53e-02 lr(adam)=2.30e-04 | tok/s=19025 (rank tok/s=19025) | 3445ms/step [fwd=62 bwd=146 opt=143 ms] | elapsed 102.7m | time left 97.3m
step=1780 | loss=3.6009 | lr(muon)=1.53e-02 lr(adam)=2.29e-04 | tok/s=19070 (rank tok/s=19070) | 3437ms/step [fwd=63 bwd=146 opt=143 ms] | elapsed 103.3m | time left 96.7m
step=1790 | loss=3.6775 | lr(muon)=1.52e-02 lr(adam)=2.28e-04 | tok/s=19113 (rank tok/s=19113) | 3429ms/step [fwd=63 bwd=145 opt=142 ms] | elapsed 103.8m | time left 96.2m
step=1800 | loss=3.6294 | lr(muon)=1.52e-02 lr(adam)=2.27e-04 | tok/s=19295 (rank tok/s=19295) | 3396ms/step [fwd=63 bwd=144 opt=141 ms] | elapsed 104.4m | time left 95.6m
step=1810 | loss=3.5528 | lr(muon)=1.51e-02 lr(adam)=2.27e-04 | tok/s=19086 (rank tok/s=19086) | 3434ms/step [fwd=64 bwd=145 opt=142 ms] | elapsed 105.0m | time left 95.0m
step=1820 | loss=3.6485 | lr(muon)=1.51e-02 lr(adam)=2.26e-04 | tok/s=19139 (rank tok/s=19139) | 3424ms/step [fwd=63 bwd=145 opt=143 ms] | elapsed 105.5m | time left 94.5m
step=1830 | loss=3.5762 | lr(muon)=1.50e-02 lr(adam)=2.25e-04 | tok/s=19068 (rank tok/s=19068) | 3437ms/step [fwd=62 bwd=146 opt=143 ms] | elapsed 106.1m | time left 93.9m
step=1840 | loss=3.6355 | lr(muon)=1.50e-02 lr(adam)=2.24e-04 | tok/s=18884 (rank tok/s=18884) | 3470ms/step [fwd=63 bwd=147 opt=143 ms] | elapsed 106.7m | time left 93.3m
step=1850 | loss=3.6618 | lr(muon)=1.49e-02 lr(adam)=2.24e-04 | tok/s=18919 (rank tok/s=18919) | 3464ms/step [fwd=64 bwd=147 opt=144 ms] | elapsed 107.3m | time left 92.7m
step=1860 | loss=3.6414 | lr(muon)=1.49e-02 lr(adam)=2.23e-04 | tok/s=18977 (rank tok/s=18977) | 3453ms/step [fwd=64 bwd=147 opt=144 ms] | elapsed 107.8m | time left 92.2m
step=1870 | loss=3.6282 | lr(muon)=1.48e-02 lr(adam)=2.22e-04 | tok/s=19228 (rank tok/s=19228) | 3408ms/step [fwd=62 bwd=143 opt=141 ms] | elapsed 108.4m | time left 91.6m
step=1880 | loss=3.6056 | lr(muon)=1.47e-02 lr(adam)=2.21e-04 | tok/s=19151 (rank tok/s=19151) | 3422ms/step [fwd=63 bwd=146 opt=142 ms] | elapsed 109.0m | time left 91.0m
step=1890 | loss=3.6612 | lr(muon)=1.47e-02 lr(adam)=2.20e-04 | tok/s=19159 (rank tok/s=19159) | 3421ms/step [fwd=63 bwd=145 opt=142 ms] | elapsed 109.6m | time left 90.4m
step=1900 | loss=3.6243 | lr(muon)=1.46e-02 lr(adam)=2.20e-04 | tok/s=19176 (rank tok/s=19176) | 3418ms/step [fwd=64 bwd=145 opt=142 ms] | elapsed 110.1m | time left 89.9m
step=1910 | loss=3.6372 | lr(muon)=1.46e-02 lr(adam)=2.19e-04 | tok/s=19152 (rank tok/s=19152) | 3422ms/step [fwd=62 bwd=145 opt=142 ms] | elapsed 110.7m | time left 89.3m
step=1920 | loss=3.5591 | lr(muon)=1.45e-02 lr(adam)=2.18e-04 | tok/s=19167 (rank tok/s=19167) | 3419ms/step [fwd=62 bwd=147 opt=143 ms] | elapsed 111.3m | time left 88.7m
step=1930 | loss=3.5945 | lr(muon)=1.45e-02 lr(adam)=2.17e-04 | tok/s=19204 (rank tok/s=19204) | 3413ms/step [fwd=63 bwd=145 opt=142 ms] | elapsed 111.9m | time left 88.1m
step=1940 | loss=3.5792 | lr(muon)=1.44e-02 lr(adam)=2.16e-04 | tok/s=19014 (rank tok/s=19014) | 3447ms/step [fwd=62 bwd=146 opt=143 ms] | elapsed 112.4m | time left 87.6m
step=1950 | loss=3.5408 | lr(muon)=1.44e-02 lr(adam)=2.16e-04 | tok/s=19152 (rank tok/s=19152) | 3422ms/step [fwd=63 bwd=145 opt=142 ms] | elapsed 113.0m | time left 87.0m
step=1960 | loss=3.6083 | lr(muon)=1.43e-02 lr(adam)=2.15e-04 | tok/s=19034 (rank tok/s=19034) | 3443ms/step [fwd=64 bwd=146 opt=144 ms] | elapsed 113.6m | time left 86.4m
step=1970 | loss=3.6270 | lr(muon)=1.43e-02 lr(adam)=2.14e-04 | tok/s=19008 (rank tok/s=19008) | 3448ms/step [fwd=64 bwd=147 opt=143 ms] | elapsed 114.2m | time left 85.8m
step=1980 | loss=3.5878 | lr(muon)=1.42e-02 lr(adam)=2.13e-04 | tok/s=18946 (rank tok/s=18946) | 3459ms/step [fwd=64 bwd=147 opt=144 ms] | elapsed 114.7m | time left 85.3m
step=1990 | loss=3.6129 | lr(muon)=1.42e-02 lr(adam)=2.12e-04 | tok/s=18856 (rank tok/s=18856) | 3476ms/step [fwd=63 bwd=148 opt=144 ms] | elapsed 115.3m | time left 84.7m
step=2000 | loss=3.4847 | lr(muon)=1.41e-02 lr(adam)=2.12e-04 | tok/s=18905 (rank tok/s=18905) | 3467ms/step [fwd=64 bwd=147 opt=145 ms] | elapsed 115.9m | time left 84.1m
step=2010 | loss=3.6094 | lr(muon)=1.41e-02 lr(adam)=2.11e-04 | tok/s=18924 (rank tok/s=18924) | 3463ms/step [fwd=63 bwd=139 opt=134 ms] | elapsed 116.5m | time left 83.5m
step=2020 | loss=3.4953 | lr(muon)=1.40e-02 lr(adam)=2.10e-04 | tok/s=18818 (rank tok/s=18818) | 3483ms/step [fwd=75 bwd=173 opt=160 ms] | elapsed 117.0m | time left 83.0m
step=2030 | loss=3.5831 | lr(muon)=1.39e-02 lr(adam)=2.09e-04 | tok/s=18895 (rank tok/s=18895) | 3468ms/step [fwd=64 bwd=147 opt=145 ms] | elapsed 117.6m | time left 82.4m
step=2040 | loss=3.5743 | lr(muon)=1.39e-02 lr(adam)=2.08e-04 | tok/s=18992 (rank tok/s=18992) | 3451ms/step [fwd=62 bwd=147 opt=144 ms] | elapsed 118.2m | time left 81.8m
step=2050 | loss=3.6002 | lr(muon)=1.38e-02 lr(adam)=2.08e-04 | tok/s=18842 (rank tok/s=18842) | 3478ms/step [fwd=64 bwd=147 opt=143 ms] | elapsed 118.8m | time left 81.2m
step=2060 | loss=3.6482 | lr(muon)=1.38e-02 lr(adam)=2.07e-04 | tok/s=19042 (rank tok/s=19042) | 3442ms/step [fwd=64 bwd=147 opt=143 ms] | elapsed 119.3m | time left 80.7m
step=2070 | loss=3.5482 | lr(muon)=1.37e-02 lr(adam)=2.06e-04 | tok/s=19022 (rank tok/s=19022) | 3445ms/step [fwd=64 bwd=147 opt=143 ms] | elapsed 119.9m | time left 80.1m
step=2080 | loss=3.6396 | lr(muon)=1.37e-02 lr(adam)=2.05e-04 | tok/s=19078 (rank tok/s=19078) | 3435ms/step [fwd=64 bwd=147 opt=144 ms] | elapsed 120.5m | time left 79.5m
step=2090 | loss=3.6423 | lr(muon)=1.36e-02 lr(adam)=2.04e-04 | tok/s=18781 (rank tok/s=18781) | 3489ms/step [fwd=63 bwd=148 opt=145 ms] | elapsed 121.1m | time left 78.9m
step=2100 | loss=3.5824 | lr(muon)=1.36e-02 lr(adam)=2.03e-04 | tok/s=18839 (rank tok/s=18839) | 3479ms/step [fwd=64 bwd=149 opt=145 ms] | elapsed 121.7m | time left 78.3m
step=2110 | loss=3.6269 | lr(muon)=1.35e-02 lr(adam)=2.03e-04 | tok/s=19168 (rank tok/s=19168) | 3419ms/step [fwd=63 bwd=146 opt=142 ms] | elapsed 122.2m | time left 77.8m
step=2120 | loss=3.6138 | lr(muon)=1.34e-02 lr(adam)=2.02e-04 | tok/s=19153 (rank tok/s=19153) | 3422ms/step [fwd=64 bwd=146 opt=142 ms] | elapsed 122.8m | time left 77.2m
step=2130 | loss=3.6116 | lr(muon)=1.34e-02 lr(adam)=2.01e-04 | tok/s=18912 (rank tok/s=18912) | 3465ms/step [fwd=64 bwd=149 opt=144 ms] | elapsed 123.4m | time left 76.6m
step=2140 | loss=3.5478 | lr(muon)=1.33e-02 lr(adam)=2.00e-04 | tok/s=18931 (rank tok/s=18931) | 3462ms/step [fwd=64 bwd=147 opt=145 ms] | elapsed 124.0m | time left 76.0m
step=2150 | loss=3.5822 | lr(muon)=1.33e-02 lr(adam)=1.99e-04 | tok/s=18967 (rank tok/s=18967) | 3455ms/step [fwd=64 bwd=147 opt=146 ms] | elapsed 124.5m | time left 75.5m
step=2160 | loss=3.5733 | lr(muon)=1.32e-02 lr(adam)=1.98e-04 | tok/s=18837 (rank tok/s=18837) | 3479ms/step [fwd=64 bwd=148 opt=144 ms] | elapsed 125.1m | time left 74.9m
step=2170 | loss=3.6046 | lr(muon)=1.32e-02 lr(adam)=1.98e-04 | tok/s=18966 (rank tok/s=18966) | 3455ms/step [fwd=65 bwd=148 opt=144 ms] | elapsed 125.7m | time left 74.3m
step=2180 | loss=3.5807 | lr(muon)=1.31e-02 lr(adam)=1.97e-04 | tok/s=18902 (rank tok/s=18902) | 3467ms/step [fwd=64 bwd=149 opt=144 ms] | elapsed 126.3m | time left 73.7m
step=2190 | loss=3.5666 | lr(muon)=1.31e-02 lr(adam)=1.96e-04 | tok/s=18973 (rank tok/s=18973) | 3454ms/step [fwd=64 bwd=147 opt=144 ms] | elapsed 126.8m | time left 73.2m
step=2200 | loss=3.6180 | lr(muon)=1.30e-02 lr(adam)=1.95e-04 | tok/s=18992 (rank tok/s=18992) | 3451ms/step [fwd=64 bwd=147 opt=144 ms] | elapsed 127.4m | time left 72.6m
step=2210 | loss=3.5695 | lr(muon)=1.29e-02 lr(adam)=1.94e-04 | tok/s=19253 (rank tok/s=19253) | 3404ms/step [fwd=63 bwd=145 opt=141 ms] | elapsed 128.0m | time left 72.0m
step=2220 | loss=3.4549 | lr(muon)=1.29e-02 lr(adam)=1.93e-04 | tok/s=19373 (rank tok/s=19373) | 3383ms/step [fwd=66 bwd=149 opt=146 ms] | elapsed 128.6m | time left 71.4m
step=2230 | loss=3.6096 | lr(muon)=1.28e-02 lr(adam)=1.93e-04 | tok/s=19288 (rank tok/s=19288) | 3398ms/step [fwd=62 bwd=145 opt=142 ms] | elapsed 129.1m | time left 70.9m
step=2240 | loss=3.5618 | lr(muon)=1.28e-02 lr(adam)=1.92e-04 | tok/s=19016 (rank tok/s=19016) | 3446ms/step [fwd=64 bwd=147 opt=144 ms] | elapsed 129.7m | time left 70.3m
step=2250 | loss=3.5273 | lr(muon)=1.27e-02 lr(adam)=1.91e-04 | tok/s=19052 (rank tok/s=19052) | 3440ms/step [fwd=64 bwd=147 opt=142 ms] | elapsed 130.3m | time left 69.7m
step=2260 | loss=3.5541 | lr(muon)=1.27e-02 lr(adam)=1.90e-04 | tok/s=19339 (rank tok/s=19339) | 3389ms/step [fwd=63 bwd=145 opt=142 ms] | elapsed 130.8m | time left 69.2m
step=2270 | loss=3.5051 | lr(muon)=1.26e-02 lr(adam)=1.89e-04 | tok/s=19341 (rank tok/s=19341) | 3388ms/step [fwd=63 bwd=146 opt=142 ms] | elapsed 131.4m | time left 68.6m
step=2280 | loss=3.5188 | lr(muon)=1.26e-02 lr(adam)=1.88e-04 | tok/s=19159 (rank tok/s=19159) | 3421ms/step [fwd=63 bwd=146 opt=142 ms] | elapsed 132.0m | time left 68.0m
step=2290 | loss=3.6187 | lr(muon)=1.25e-02 lr(adam)=1.87e-04 | tok/s=19159 (rank tok/s=19159) | 3421ms/step [fwd=63 bwd=147 opt=142 ms] | elapsed 132.6m | time left 67.4m
step=2300 | loss=3.5902 | lr(muon)=1.24e-02 lr(adam)=1.87e-04 | tok/s=18958 (rank tok/s=18958) | 3457ms/step [fwd=62 bwd=145 opt=140 ms] | elapsed 133.1m | time left 66.9m
step=2310 | loss=3.5771 | lr(muon)=1.24e-02 lr(adam)=1.86e-04 | tok/s=18906 (rank tok/s=18906) | 3466ms/step [fwd=64 bwd=147 opt=143 ms] | elapsed 133.7m | time left 66.3m
step=2320 | loss=3.5106 | lr(muon)=1.23e-02 lr(adam)=1.85e-04 | tok/s=19015 (rank tok/s=19015) | 3446ms/step [fwd=64 bwd=147 opt=144 ms] | elapsed 134.3m | time left 65.7m
step=2330 | loss=3.5438 | lr(muon)=1.23e-02 lr(adam)=1.84e-04 | tok/s=19069 (rank tok/s=19069) | 3437ms/step [fwd=63 bwd=146 opt=144 ms] | elapsed 134.9m | time left 65.1m
step=2340 | loss=3.5493 | lr(muon)=1.22e-02 lr(adam)=1.83e-04 | tok/s=19093 (rank tok/s=19093) | 3432ms/step [fwd=64 bwd=147 opt=143 ms] | elapsed 135.4m | time left 64.6m
step=2350 | loss=3.5220 | lr(muon)=1.22e-02 lr(adam)=1.82e-04 | tok/s=19088 (rank tok/s=19088) | 3433ms/step [fwd=64 bwd=147 opt=143 ms] | elapsed 136.0m | time left 64.0m
step=2360 | loss=3.4761 | lr(muon)=1.21e-02 lr(adam)=1.81e-04 | tok/s=19107 (rank tok/s=19107) | 3430ms/step [fwd=64 bwd=147 opt=143 ms] | elapsed 136.6m | time left 63.4m
step=2370 | loss=3.4541 | lr(muon)=1.20e-02 lr(adam)=1.81e-04 | tok/s=19060 (rank tok/s=19060) | 3438ms/step [fwd=63 bwd=147 opt=143 ms] | elapsed 137.2m | time left 62.8m
step=2380 | loss=3.5739 | lr(muon)=1.20e-02 lr(adam)=1.80e-04 | tok/s=19078 (rank tok/s=19078) | 3435ms/step [fwd=64 bwd=146 opt=143 ms] | elapsed 137.7m | time left 62.3m
step=2390 | loss=3.4562 | lr(muon)=1.19e-02 lr(adam)=1.79e-04 | tok/s=18937 (rank tok/s=18937) | 3461ms/step [fwd=66 bwd=152 opt=148 ms] | elapsed 138.3m | time left 61.7m
step=2400 | loss=3.4387 | lr(muon)=1.19e-02 lr(adam)=1.78e-04 | tok/s=18973 (rank tok/s=18973) | 3454ms/step [fwd=64 bwd=147 opt=146 ms] | elapsed 138.9m | time left 61.1m
step=2410 | loss=3.5285 | lr(muon)=1.18e-02 lr(adam)=1.77e-04 | tok/s=18908 (rank tok/s=18908) | 3466ms/step [fwd=54 bwd=148 opt=144 ms] | elapsed 139.5m | time left 60.5m
step=2420 | loss=3.4505 | lr(muon)=1.17e-02 lr(adam)=1.76e-04 | tok/s=19540 (rank tok/s=19540) | 3354ms/step [fwd=63 bwd=145 opt=141 ms] | elapsed 140.0m | time left 60.0m
step=2430 | loss=3.4482 | lr(muon)=1.17e-02 lr(adam)=1.75e-04 | tok/s=19417 (rank tok/s=19417) | 3375ms/step [fwd=63 bwd=144 opt=142 ms] | elapsed 140.6m | time left 59.4m
step=2440 | loss=3.4042 | lr(muon)=1.16e-02 lr(adam)=1.75e-04 | tok/s=19482 (rank tok/s=19482) | 3364ms/step [fwd=62 bwd=144 opt=142 ms] | elapsed 141.2m | time left 58.8m
step=2450 | loss=3.4385 | lr(muon)=1.16e-02 lr(adam)=1.74e-04 | tok/s=19399 (rank tok/s=19399) | 3378ms/step [fwd=62 bwd=144 opt=141 ms] | elapsed 141.7m | time left 58.3m
step=2460 | loss=3.5407 | lr(muon)=1.15e-02 lr(adam)=1.73e-04 | tok/s=19381 (rank tok/s=19381) | 3381ms/step [fwd=61 bwd=144 opt=142 ms] | elapsed 142.3m | time left 57.7m
step=2470 | loss=3.5365 | lr(muon)=1.15e-02 lr(adam)=1.72e-04 | tok/s=19313 (rank tok/s=19313) | 3393ms/step [fwd=63 bwd=145 opt=142 ms] | elapsed 142.9m | time left 57.1m
step=2480 | loss=3.5226 | lr(muon)=1.14e-02 lr(adam)=1.71e-04 | tok/s=19082 (rank tok/s=19082) | 3434ms/step [fwd=62 bwd=147 opt=144 ms] | elapsed 143.4m | time left 56.6m
step=2490 | loss=3.4757 | lr(muon)=1.13e-02 lr(adam)=1.70e-04 | tok/s=19032 (rank tok/s=19032) | 3444ms/step [fwd=63 bwd=147 opt=144 ms] | elapsed 144.0m | time left 56.0m
step=2500 | loss=3.5383 | lr(muon)=1.13e-02 lr(adam)=1.69e-04 | tok/s=18928 (rank tok/s=18928) | 3462ms/step [fwd=64 bwd=148 opt=145 ms] | elapsed 144.6m | time left 55.4m
step=2510 | loss=3.5531 | lr(muon)=1.12e-02 lr(adam)=1.68e-04 | tok/s=19231 (rank tok/s=19231) | 3408ms/step [fwd=63 bwd=146 opt=143 ms] | elapsed 145.2m | time left 54.8m
step=2520 | loss=3.5309 | lr(muon)=1.12e-02 lr(adam)=1.68e-04 | tok/s=19543 (rank tok/s=19543) | 3353ms/step [fwd=62 bwd=143 opt=140 ms] | elapsed 145.7m | time left 54.3m
step=2530 | loss=3.5820 | lr(muon)=1.11e-02 lr(adam)=1.67e-04 | tok/s=19376 (rank tok/s=19376) | 3382ms/step [fwd=63 bwd=145 opt=142 ms] | elapsed 146.3m | time left 53.7m
step=2540 | loss=3.4836 | lr(muon)=1.11e-02 lr(adam)=1.66e-04 | tok/s=19355 (rank tok/s=19355) | 3386ms/step [fwd=61 bwd=144 opt=141 ms] | elapsed 146.9m | time left 53.1m
step=2550 | loss=3.5357 | lr(muon)=1.10e-02 lr(adam)=1.65e-04 | tok/s=19384 (rank tok/s=19384) | 3381ms/step [fwd=63 bwd=145 opt=142 ms] | elapsed 147.4m | time left 52.6m
step=2560 | loss=3.5943 | lr(muon)=1.09e-02 lr(adam)=1.64e-04 | tok/s=19163 (rank tok/s=19163) | 3420ms/step [fwd=62 bwd=142 opt=139 ms] | elapsed 148.0m | time left 52.0m
step=2570 | loss=3.5691 | lr(muon)=1.09e-02 lr(adam)=1.63e-04 | tok/s=19310 (rank tok/s=19310) | 3394ms/step [fwd=63 bwd=145 opt=142 ms] | elapsed 148.6m | time left 51.4m
step=2580 | loss=3.5018 | lr(muon)=1.08e-02 lr(adam)=1.62e-04 | tok/s=19343 (rank tok/s=19343) | 3388ms/step [fwd=63 bwd=145 opt=141 ms] | elapsed 149.1m | time left 50.9m
step=2590 | loss=3.4785 | lr(muon)=1.08e-02 lr(adam)=1.62e-04 | tok/s=19556 (rank tok/s=19556) | 3351ms/step [fwd=62 bwd=155 opt=158 ms] | elapsed 149.7m | time left 50.3m
step=2600 | loss=3.4636 | lr(muon)=1.07e-02 lr(adam)=1.61e-04 | tok/s=19575 (rank tok/s=19575) | 3348ms/step [fwd=62 bwd=143 opt=139 ms] | elapsed 150.2m | time left 49.8m
step=2610 | loss=3.5267 | lr(muon)=1.07e-02 lr(adam)=1.60e-04 | tok/s=19328 (rank tok/s=19328) | 3391ms/step [fwd=63 bwd=145 opt=142 ms] | elapsed 150.8m | time left 49.2m
step=2620 | loss=3.4733 | lr(muon)=1.06e-02 lr(adam)=1.59e-04 | tok/s=19554 (rank tok/s=19554) | 3352ms/step [fwd=62 bwd=144 opt=139 ms] | elapsed 151.4m | time left 48.6m
step=2630 | loss=3.5368 | lr(muon)=1.05e-02 lr(adam)=1.58e-04 | tok/s=19179 (rank tok/s=19179) | 3417ms/step [fwd=63 bwd=143 opt=141 ms] | elapsed 151.9m | time left 48.1m
step=2640 | loss=3.4650 | lr(muon)=1.05e-02 lr(adam)=1.57e-04 | tok/s=19059 (rank tok/s=19059) | 3439ms/step [fwd=64 bwd=147 opt=144 ms] | elapsed 152.5m | time left 47.5m
step=2650 | loss=3.4619 | lr(muon)=1.04e-02 lr(adam)=1.56e-04 | tok/s=19578 (rank tok/s=19578) | 3347ms/step [fwd=62 bwd=144 opt=141 ms] | elapsed 153.1m | time left 46.9m
step=2660 | loss=3.4843 | lr(muon)=1.04e-02 lr(adam)=1.55e-04 | tok/s=19544 (rank tok/s=19544) | 3353ms/step [fwd=62 bwd=143 opt=141 ms] | elapsed 153.6m | time left 46.4m
step=2670 | loss=3.4908 | lr(muon)=1.03e-02 lr(adam)=1.55e-04 | tok/s=19374 (rank tok/s=19374) | 3383ms/step [fwd=63 bwd=145 opt=142 ms] | elapsed 154.2m | time left 45.8m
step=2680 | loss=3.4159 | lr(muon)=1.03e-02 lr(adam)=1.54e-04 | tok/s=19381 (rank tok/s=19381) | 3381ms/step [fwd=63 bwd=145 opt=142 ms] | elapsed 154.8m | time left 45.2m
step=2690 | loss=3.4970 | lr(muon)=1.02e-02 lr(adam)=1.53e-04 | tok/s=19360 (rank tok/s=19360) | 3385ms/step [fwd=63 bwd=145 opt=142 ms] | elapsed 155.3m | time left 44.7m
step=2700 | loss=3.4617 | lr(muon)=1.01e-02 lr(adam)=1.52e-04 | tok/s=19315 (rank tok/s=19315) | 3393ms/step [fwd=63 bwd=146 opt=142 ms] | elapsed 155.9m | time left 44.1m
step=2710 | loss=3.4085 | lr(muon)=1.01e-02 lr(adam)=1.51e-04 | tok/s=19315 (rank tok/s=19315) | 3393ms/step [fwd=63 bwd=145 opt=142 ms] | elapsed 156.5m | time left 43.5m
step=2720 | loss=3.5371 | lr(muon)=1.00e-02 lr(adam)=1.50e-04 | tok/s=18838 (rank tok/s=18838) | 3479ms/step [fwd=63 bwd=146 opt=142 ms] | elapsed 157.0m | time left 43.0m
step=2730 | loss=3.4101 | lr(muon)=9.96e-03 lr(adam)=1.49e-04 | tok/s=19324 (rank tok/s=19324) | 3391ms/step [fwd=63 bwd=144 opt=141 ms] | elapsed 157.6m | time left 42.4m
step=2740 | loss=3.4580 | lr(muon)=9.91e-03 lr(adam)=1.49e-04 | tok/s=19363 (rank tok/s=19363) | 3385ms/step [fwd=62 bwd=145 opt=142 ms] | elapsed 158.2m | time left 41.8m
step=2750 | loss=3.4561 | lr(muon)=9.85e-03 lr(adam)=1.48e-04 | tok/s=19494 (rank tok/s=19494) | 3362ms/step [fwd=61 bwd=141 opt=137 ms] | elapsed 158.7m | time left 41.3m
step=2760 | loss=3.4668 | lr(muon)=9.79e-03 lr(adam)=1.47e-04 | tok/s=19432 (rank tok/s=19432) | 3373ms/step [fwd=61 bwd=141 opt=137 ms] | elapsed 159.3m | time left 40.7m
step=2770 | loss=3.4883 | lr(muon)=9.73e-03 lr(adam)=1.46e-04 | tok/s=19367 (rank tok/s=19367) | 3384ms/step [fwd=63 bwd=146 opt=142 ms] | elapsed 159.9m | time left 40.1m
step=2780 | loss=3.5052 | lr(muon)=9.68e-03 lr(adam)=1.45e-04 | tok/s=19349 (rank tok/s=19349) | 3387ms/step [fwd=63 bwd=145 opt=142 ms] | elapsed 160.4m | time left 39.6m
step=2790 | loss=3.5521 | lr(muon)=9.62e-03 lr(adam)=1.44e-04 | tok/s=19102 (rank tok/s=19102) | 3431ms/step [fwd=64 bwd=147 opt=144 ms] | elapsed 161.0m | time left 39.0m
step=2800 | loss=3.4417 | lr(muon)=9.56e-03 lr(adam)=1.43e-04 | tok/s=19097 (rank tok/s=19097) | 3432ms/step [fwd=64 bwd=148 opt=144 ms] | elapsed 161.6m | time left 38.4m
step=2810 | loss=3.4211 | lr(muon)=9.51e-03 lr(adam)=1.43e-04 | tok/s=19233 (rank tok/s=19233) | 3407ms/step [fwd=63 bwd=146 opt=142 ms] | elapsed 162.1m | time left 37.9m
step=2820 | loss=3.4010 | lr(muon)=9.45e-03 lr(adam)=1.42e-04 | tok/s=19292 (rank tok/s=19292) | 3397ms/step [fwd=63 bwd=146 opt=142 ms] | elapsed 162.7m | time left 37.3m
step=2830 | loss=3.4052 | lr(muon)=9.39e-03 lr(adam)=1.41e-04 | tok/s=19270 (rank tok/s=19270) | 3401ms/step [fwd=63 bwd=145 opt=142 ms] | elapsed 163.3m | time left 36.7m
step=2840 | loss=3.4309 | lr(muon)=9.34e-03 lr(adam)=1.40e-04 | tok/s=19349 (rank tok/s=19349) | 3387ms/step [fwd=63 bwd=145 opt=141 ms] | elapsed 163.8m | time left 36.2m
step=2850 | loss=3.5018 | lr(muon)=9.28e-03 lr(adam)=1.39e-04 | tok/s=19264 (rank tok/s=19264) | 3402ms/step [fwd=63 bwd=146 opt=142 ms] | elapsed 164.4m | time left 35.6m
step=2860 | loss=3.4669 | lr(muon)=9.22e-03 lr(adam)=1.38e-04 | tok/s=18944 (rank tok/s=18944) | 3460ms/step [fwd=64 bwd=148 opt=144 ms] | elapsed 165.0m | time left 35.0m
step=2870 | loss=3.4291 | lr(muon)=9.17e-03 lr(adam)=1.37e-04 | tok/s=19168 (rank tok/s=19168) | 3419ms/step [fwd=64 bwd=147 opt=143 ms] | elapsed 165.5m | time left 34.5m
step=2880 | loss=3.4442 | lr(muon)=9.11e-03 lr(adam)=1.37e-04 | tok/s=19195 (rank tok/s=19195) | 3414ms/step [fwd=64 bwd=147 opt=143 ms] | elapsed 166.1m | time left 33.9m
step=2890 | loss=3.4582 | lr(muon)=9.05e-03 lr(adam)=1.36e-04 | tok/s=19163 (rank tok/s=19163) | 3420ms/step [fwd=64 bwd=147 opt=143 ms] | elapsed 166.7m | time left 33.3m
step=2900 | loss=3.5163 | lr(muon)=9.00e-03 lr(adam)=1.35e-04 | tok/s=19164 (rank tok/s=19164) | 3420ms/step [fwd=64 bwd=147 opt=143 ms] | elapsed 167.3m | time left 32.7m
step=2910 | loss=3.4750 | lr(muon)=8.94e-03 lr(adam)=1.34e-04 | tok/s=19199 (rank tok/s=19199) | 3413ms/step [fwd=64 bwd=147 opt=142 ms] | elapsed 167.8m | time left 32.2m
step=2920 | loss=3.4041 | lr(muon)=8.88e-03 lr(adam)=1.33e-04 | tok/s=19717 (rank tok/s=19717) | 3324ms/step [fwd=61 bwd=140 opt=154 ms] | elapsed 168.4m | time left 31.6m
step=2930 | loss=3.4750 | lr(muon)=8.83e-03 lr(adam)=1.32e-04 | tok/s=19213 (rank tok/s=19213) | 3411ms/step [fwd=64 bwd=146 opt=143 ms] | elapsed 169.0m | time left 31.0m
step=2940 | loss=3.4430 | lr(muon)=8.77e-03 lr(adam)=1.32e-04 | tok/s=19460 (rank tok/s=19460) | 3368ms/step [fwd=63 bwd=145 opt=141 ms] | elapsed 169.5m | time left 30.5m
step=2950 | loss=3.4299 | lr(muon)=8.72e-03 lr(adam)=1.31e-04 | tok/s=19453 (rank tok/s=19453) | 3369ms/step [fwd=63 bwd=144 opt=141 ms] | elapsed 170.1m | time left 29.9m
step=2960 | loss=3.4288 | lr(muon)=8.66e-03 lr(adam)=1.30e-04 | tok/s=19486 (rank tok/s=19486) | 3363ms/step [fwd=63 bwd=144 opt=141 ms] | elapsed 170.7m | time left 29.3m
step=2970 | loss=3.4347 | lr(muon)=8.61e-03 lr(adam)=1.29e-04 | tok/s=19483 (rank tok/s=19483) | 3364ms/step [fwd=62 bwd=144 opt=141 ms] | elapsed 171.2m | time left 28.8m
step=2980 | loss=3.3898 | lr(muon)=8.55e-03 lr(adam)=1.28e-04 | tok/s=19346 (rank tok/s=19346) | 3388ms/step [fwd=62 bwd=144 opt=141 ms] | elapsed 171.8m | time left 28.2m
step=2990 | loss=3.4235 | lr(muon)=8.49e-03 lr(adam)=1.27e-04 | tok/s=19512 (rank tok/s=19512) | 3359ms/step [fwd=62 bwd=144 opt=141 ms] | elapsed 172.3m | time left 27.7m
step=3000 | loss=3.5353 | lr(muon)=8.44e-03 lr(adam)=1.27e-04 | tok/s=19498 (rank tok/s=19498) | 3361ms/step [fwd=63 bwd=144 opt=141 ms] | elapsed 172.9m | time left 27.1m
step=3010 | loss=3.4660 | lr(muon)=8.38e-03 lr(adam)=1.26e-04 | tok/s=19508 (rank tok/s=19508) | 3360ms/step [fwd=62 bwd=144 opt=141 ms] | elapsed 173.5m | time left 26.5m
step=3020 | loss=3.3794 | lr(muon)=8.33e-03 lr(adam)=1.25e-04 | tok/s=19489 (rank tok/s=19489) | 3363ms/step [fwd=62 bwd=144 opt=141 ms] | elapsed 174.0m | time left 26.0m
step=3030 | loss=3.5252 | lr(muon)=8.27e-03 lr(adam)=1.24e-04 | tok/s=19488 (rank tok/s=19488) | 3363ms/step [fwd=63 bwd=145 opt=141 ms] | elapsed 174.6m | time left 25.4m
step=3040 | loss=3.5486 | lr(muon)=8.22e-03 lr(adam)=1.23e-04 | tok/s=19527 (rank tok/s=19527) | 3356ms/step [fwd=62 bwd=144 opt=141 ms] | elapsed 175.1m | time left 24.9m
step=3050 | loss=3.4657 | lr(muon)=8.16e-03 lr(adam)=1.22e-04 | tok/s=19429 (rank tok/s=19429) | 3373ms/step [fwd=63 bwd=145 opt=142 ms] | elapsed 175.7m | time left 24.3m
step=3060 | loss=3.4227 | lr(muon)=8.11e-03 lr(adam)=1.22e-04 | tok/s=19342 (rank tok/s=19342) | 3388ms/step [fwd=63 bwd=146 opt=141 ms] | elapsed 176.3m | time left 23.7m
step=3070 | loss=3.4575 | lr(muon)=8.05e-03 lr(adam)=1.21e-04 | tok/s=19354 (rank tok/s=19354) | 3386ms/step [fwd=63 bwd=146 opt=142 ms] | elapsed 176.8m | time left 23.2m
step=3080 | loss=3.4772 | lr(muon)=8.00e-03 lr(adam)=1.20e-04 | tok/s=19339 (rank tok/s=19339) | 3389ms/step [fwd=64 bwd=145 opt=141 ms] | elapsed 177.4m | time left 22.6m
step=3090 | loss=3.4573 | lr(muon)=7.95e-03 lr(adam)=1.19e-04 | tok/s=19361 (rank tok/s=19361) | 3385ms/step [fwd=63 bwd=146 opt=142 ms] | elapsed 178.0m | time left 22.0m
step=3100 | loss=3.4116 | lr(muon)=7.89e-03 lr(adam)=1.18e-04 | tok/s=19337 (rank tok/s=19337) | 3389ms/step [fwd=63 bwd=146 opt=142 ms] | elapsed 178.5m | time left 21.5m
step=3110 | loss=3.4890 | lr(muon)=7.84e-03 lr(adam)=1.18e-04 | tok/s=19215 (rank tok/s=19215) | 3411ms/step [fwd=63 bwd=146 opt=143 ms] | elapsed 179.1m | time left 20.9m
step=3120 | loss=3.4617 | lr(muon)=7.78e-03 lr(adam)=1.17e-04 | tok/s=19239 (rank tok/s=19239) | 3406ms/step [fwd=63 bwd=147 opt=143 ms] | elapsed 179.7m | time left 20.3m
step=3130 | loss=3.3868 | lr(muon)=7.73e-03 lr(adam)=1.16e-04 | tok/s=19252 (rank tok/s=19252) | 3404ms/step [fwd=63 bwd=146 opt=143 ms] | elapsed 180.2m | time left 19.8m
step=3140 | loss=3.4059 | lr(muon)=7.68e-03 lr(adam)=1.15e-04 | tok/s=19667 (rank tok/s=19667) | 3332ms/step [fwd=62 bwd=143 opt=140 ms] | elapsed 180.8m | time left 19.2m
step=3150 | loss=3.3705 | lr(muon)=7.62e-03 lr(adam)=1.14e-04 | tok/s=19163 (rank tok/s=19163) | 3420ms/step [fwd=64 bwd=147 opt=144 ms] | elapsed 181.4m | time left 18.6m
step=3160 | loss=3.4319 | lr(muon)=7.57e-03 lr(adam)=1.14e-04 | tok/s=19252 (rank tok/s=19252) | 3404ms/step [fwd=59 bwd=137 opt=133 ms] | elapsed 181.9m | time left 18.1m
step=3170 | loss=3.3995 | lr(muon)=7.52e-03 lr(adam)=1.13e-04 | tok/s=19559 (rank tok/s=19559) | 3351ms/step [fwd=62 bwd=144 opt=140 ms] | elapsed 182.5m | time left 17.5m
step=3180 | loss=3.3093 | lr(muon)=7.46e-03 lr(adam)=1.12e-04 | tok/s=19475 (rank tok/s=19475) | 3365ms/step [fwd=63 bwd=145 opt=141 ms] | elapsed 183.0m | time left 17.0m
step=3190 | loss=3.3652 | lr(muon)=7.41e-03 lr(adam)=1.11e-04 | tok/s=19394 (rank tok/s=19394) | 3379ms/step [fwd=61 bwd=140 opt=136 ms] | elapsed 183.6m | time left 16.4m
step=3200 | loss=3.3911 | lr(muon)=7.36e-03 lr(adam)=1.10e-04 | tok/s=19324 (rank tok/s=19324) | 3391ms/step [fwd=62 bwd=144 opt=141 ms] | elapsed 184.2m | time left 15.8m
step=3210 | loss=3.5168 | lr(muon)=7.30e-03 lr(adam)=1.10e-04 | tok/s=19069 (rank tok/s=19069) | 3437ms/step [fwd=64 bwd=148 opt=144 ms] | elapsed 184.7m | time left 15.3m
step=3220 | loss=3.4149 | lr(muon)=7.25e-03 lr(adam)=1.09e-04 | tok/s=19499 (rank tok/s=19499) | 3361ms/step [fwd=62 bwd=144 opt=141 ms] | elapsed 185.3m | time left 14.7m
step=3230 | loss=3.3257 | lr(muon)=7.20e-03 lr(adam)=1.08e-04 | tok/s=19249 (rank tok/s=19249) | 3405ms/step [fwd=62 bwd=144 opt=141 ms] | elapsed 185.9m | time left 14.1m
step=3240 | loss=3.3421 | lr(muon)=7.15e-03 lr(adam)=1.07e-04 | tok/s=19206 (rank tok/s=19206) | 3412ms/step [fwd=64 bwd=146 opt=143 ms] | elapsed 186.4m | time left 13.6m
step=3250 | loss=3.4676 | lr(muon)=7.10e-03 lr(adam)=1.06e-04 | tok/s=19220 (rank tok/s=19220) | 3410ms/step [fwd=63 bwd=147 opt=142 ms] | elapsed 187.0m | time left 13.0m
step=3260 | loss=3.3738 | lr(muon)=7.04e-03 lr(adam)=1.06e-04 | tok/s=19598 (rank tok/s=19598) | 3344ms/step [fwd=62 bwd=143 opt=139 ms] | elapsed 187.6m | time left 12.4m
step=3270 | loss=3.4049 | lr(muon)=6.99e-03 lr(adam)=1.05e-04 | tok/s=19454 (rank tok/s=19454) | 3369ms/step [fwd=63 bwd=145 opt=141 ms] | elapsed 188.1m | time left 11.9m
step=3280 | loss=3.3776 | lr(muon)=6.94e-03 lr(adam)=1.04e-04 | tok/s=19458 (rank tok/s=19458) | 3368ms/step [fwd=62 bwd=144 opt=141 ms] | elapsed 188.7m | time left 11.3m
step=3290 | loss=3.3552 | lr(muon)=6.89e-03 lr(adam)=1.03e-04 | tok/s=19502 (rank tok/s=19502) | 3360ms/step [fwd=63 bwd=143 opt=141 ms] | elapsed 189.3m | time left 10.7m
step=3300 | loss=3.3149 | lr(muon)=6.84e-03 lr(adam)=1.03e-04 | tok/s=19500 (rank tok/s=19500) | 3361ms/step [fwd=62 bwd=144 opt=141 ms] | elapsed 189.8m | time left 10.2m
step=3310 | loss=3.3759 | lr(muon)=6.79e-03 lr(adam)=1.02e-04 | tok/s=19441 (rank tok/s=19441) | 3371ms/step [fwd=63 bwd=145 opt=141 ms] | elapsed 190.4m | time left 9.6m
step=3320 | loss=3.3061 | lr(muon)=6.74e-03 lr(adam)=1.01e-04 | tok/s=19402 (rank tok/s=19402) | 3378ms/step [fwd=63 bwd=144 opt=141 ms] | elapsed 190.9m | time left 9.1m
step=3330 | loss=3.4803 | lr(muon)=6.68e-03 lr(adam)=1.00e-04 | tok/s=19220 (rank tok/s=19220) | 3410ms/step [fwd=64 bwd=146 opt=143 ms] | elapsed 191.5m | time left 8.5m
step=3340 | loss=3.4049 | lr(muon)=6.63e-03 lr(adam)=9.95e-05 | tok/s=19253 (rank tok/s=19253) | 3404ms/step [fwd=63 bwd=145 opt=142 ms] | elapsed 192.1m | time left 7.9m
step=3350 | loss=3.3308 | lr(muon)=6.58e-03 lr(adam)=9.88e-05 | tok/s=19326 (rank tok/s=19326) | 3391ms/step [fwd=64 bwd=146 opt=139 ms] | elapsed 192.7m | time left 7.3m
step=3360 | loss=3.3814 | lr(muon)=6.53e-03 lr(adam)=9.80e-05 | tok/s=19089 (rank tok/s=19089) | 3433ms/step [fwd=55 bwd=147 opt=143 ms] | elapsed 193.2m | time left 6.8m
step=3370 | loss=3.3266 | lr(muon)=6.48e-03 lr(adam)=9.73e-05 | tok/s=19213 (rank tok/s=19213) | 3411ms/step [fwd=64 bwd=147 opt=143 ms] | elapsed 193.8m | time left 6.2m
step=3380 | loss=3.3673 | lr(muon)=6.43e-03 lr(adam)=9.65e-05 | tok/s=19165 (rank tok/s=19165) | 3420ms/step [fwd=64 bwd=146 opt=143 ms] | elapsed 194.4m | time left 5.6m
step=3390 | loss=3.3746 | lr(muon)=6.38e-03 lr(adam)=9.58e-05 | tok/s=19368 (rank tok/s=19368) | 3384ms/step [fwd=58 bwd=142 opt=140 ms] | elapsed 194.9m | time left 5.1m
step=3400 | loss=3.3595 | lr(muon)=6.33e-03 lr(adam)=9.50e-05 | tok/s=19563 (rank tok/s=19563) | 3350ms/step [fwd=62 bwd=144 opt=141 ms] | elapsed 195.5m | time left 4.5m
step=3410 | loss=3.4043 | lr(muon)=6.29e-03 lr(adam)=9.43e-05 | tok/s=19550 (rank tok/s=19550) | 3352ms/step [fwd=62 bwd=143 opt=140 ms] | elapsed 196.0m | time left 4.0m
step=3420 | loss=3.4320 | lr(muon)=6.24e-03 lr(adam)=9.35e-05 | tok/s=19104 (rank tok/s=19104) | 3430ms/step [fwd=64 bwd=147 opt=143 ms] | elapsed 196.6m | time left 3.4m
step=3430 | loss=3.4290 | lr(muon)=6.19e-03 lr(adam)=9.28e-05 | tok/s=19592 (rank tok/s=19592) | 3345ms/step [fwd=62 bwd=143 opt=141 ms] | elapsed 197.2m | time left 2.8m
step=3440 | loss=3.4302 | lr(muon)=6.14e-03 lr(adam)=9.21e-05 | tok/s=19585 (rank tok/s=19585) | 3346ms/step [fwd=62 bwd=143 opt=141 ms] | elapsed 197.7m | time left 2.3m
step=3450 | loss=3.3685 | lr(muon)=6.09e-03 lr(adam)=9.14e-05 | tok/s=19580 (rank tok/s=19580) | 3347ms/step [fwd=62 bwd=143 opt=141 ms] | elapsed 198.3m | time left 1.7m
step=3460 | loss=3.4289 | lr(muon)=6.04e-03 lr(adam)=9.06e-05 | tok/s=19263 (rank tok/s=19263) | 3402ms/step [fwd=61 bwd=142 opt=139 ms] | elapsed 198.9m | time left 1.1m
step=3470 | loss=3.3104 | lr(muon)=5.99e-03 lr(adam)=8.99e-05 | tok/s=19304 (rank tok/s=19304) | 3395ms/step [fwd=63 bwd=146 opt=142 ms] | elapsed 199.4m | time left 0.6m
step=3480 | loss=3.3414 | lr(muon)=5.95e-03 lr(adam)=8.92e-05 | tok/s=19322 (rank tok/s=19322) | 3392ms/step [fwd=64 bwd=145 opt=142 ms] | elapsed 200.0m | time left 0.0m

[time] 200.0 min elapsed — time limit reached.
[ckpt] saved → checkpoint.pt  (step 3481)
