Master: localhost:29501  |  Nodes: 1  |  GPUs: 0 (1)  |  Rank: 0
/home/rawline/forge-pretrain/train.py:162: FutureWarning: `torch.cuda.amp.GradScaler(args...)` is deprecated. Please use `torch.amp.GradScaler('cuda', args...)` instead.
  scaler = torch.cuda.amp.GradScaler() if "cuda" in device else None
[mem] rank=0 after model load: 444 MB  (≈ M_params)
[model] 110.9M parameters
[optim] Muon: 72 params, AdamW: 52 params
[data] 50 shard(s), 5,000,000,000 tokens total
[rank0]:W0428 22:08:29.664000 24912 site-packages/torch/_inductor/utils.py:1731] [0/0] Not enough SMs to use max_autotune_gemm mode
step=10 | loss=9.8727 | lr(muon)=2.00e-03 lr(adam)=3.00e-05 | tok/s=27227 (rank tok/s=27227) | 2407ms/step [fwd=42 bwd=101 opt=101 ms] | elapsed 0.5m | time left 199.5m
[mem] rank=0 after fwd: peak=4413 live=3826 MB  activations≈3382 MB
[mem] rank=0 after bwd: peak=4413 live=2187 MB  gradients≈1744 MB
[mem] rank=0 after opt.step: peak=2291 live=1725 MB  opt_state≈1281 MB  reserved≈4771 MB (≈nvidia-smi)
step=20 | loss=8.8290 | lr(muon)=4.00e-03 lr(adam)=6.00e-05 | tok/s=25143 (rank tok/s=25143) | 2606ms/step [fwd=45 bwd=109 opt=108 ms] | elapsed 1.0m | time left 199.0m
step=30 | loss=8.2393 | lr(muon)=6.00e-03 lr(adam)=9.00e-05 | tok/s=23402 (rank tok/s=23402) | 2800ms/step [fwd=47 bwd=114 opt=113 ms] | elapsed 1.4m | time left 198.6m
step=40 | loss=7.6106 | lr(muon)=8.00e-03 lr(adam)=1.20e-04 | tok/s=22068 (rank tok/s=22068) | 2970ms/step [fwd=52 bwd=125 opt=123 ms] | elapsed 1.9m | time left 198.1m
step=50 | loss=7.0723 | lr(muon)=1.00e-02 lr(adam)=1.50e-04 | tok/s=21012 (rank tok/s=21012) | 3119ms/step [fwd=54 bwd=131 opt=128 ms] | elapsed 2.4m | time left 197.6m
step=60 | loss=6.7424 | lr(muon)=1.20e-02 lr(adam)=1.80e-04 | tok/s=20416 (rank tok/s=20416) | 3210ms/step [fwd=56 bwd=134 opt=131 ms] | elapsed 2.9m | time left 197.1m
step=70 | loss=6.5178 | lr(muon)=1.40e-02 lr(adam)=2.10e-04 | tok/s=19910 (rank tok/s=19910) | 3292ms/step [fwd=58 bwd=138 opt=135 ms] | elapsed 3.5m | time left 196.5m
step=80 | loss=6.3470 | lr(muon)=1.60e-02 lr(adam)=2.40e-04 | tok/s=19596 (rank tok/s=19596) | 3344ms/step [fwd=59 bwd=141 opt=137 ms] | elapsed 4.1m | time left 195.9m
step=90 | loss=6.1425 | lr(muon)=1.80e-02 lr(adam)=2.70e-04 | tok/s=19227 (rank tok/s=19227) | 3409ms/step [fwd=60 bwd=143 opt=140 ms] | elapsed 4.6m | time left 195.4m
step=100 | loss=6.1509 | lr(muon)=2.00e-02 lr(adam)=3.00e-04 | tok/s=19173 (rank tok/s=19173) | 3418ms/step [fwd=61 bwd=143 opt=140 ms] | elapsed 5.2m | time left 194.8m
step=110 | loss=6.0472 | lr(muon)=2.00e-02 lr(adam)=3.00e-04 | tok/s=19120 (rank tok/s=19120) | 3428ms/step [fwd=61 bwd=143 opt=140 ms] | elapsed 5.8m | time left 194.2m
step=120 | loss=5.9804 | lr(muon)=2.00e-02 lr(adam)=3.00e-04 | tok/s=18952 (rank tok/s=18952) | 3458ms/step [fwd=61 bwd=145 opt=141 ms] | elapsed 6.3m | time left 193.7m
step=130 | loss=5.8840 | lr(muon)=2.00e-02 lr(adam)=3.00e-04 | tok/s=18650 (rank tok/s=18650) | 3514ms/step [fwd=62 bwd=147 opt=144 ms] | elapsed 6.9m | time left 193.1m
step=140 | loss=5.7724 | lr(muon)=2.00e-02 lr(adam)=3.00e-04 | tok/s=18631 (rank tok/s=18631) | 3518ms/step [fwd=61 bwd=147 opt=144 ms] | elapsed 7.5m | time left 192.5m
step=150 | loss=5.7833 | lr(muon)=2.00e-02 lr(adam)=3.00e-04 | tok/s=18671 (rank tok/s=18671) | 3510ms/step [fwd=62 bwd=147 opt=144 ms] | elapsed 8.1m | time left 191.9m
step=160 | loss=5.7040 | lr(muon)=2.00e-02 lr(adam)=3.00e-04 | tok/s=18740 (rank tok/s=18740) | 3497ms/step [fwd=62 bwd=147 opt=144 ms] | elapsed 8.7m | time left 191.3m
step=170 | loss=5.6363 | lr(muon)=2.00e-02 lr(adam)=3.00e-04 | tok/s=18786 (rank tok/s=18786) | 3489ms/step [fwd=62 bwd=147 opt=142 ms] | elapsed 9.3m | time left 190.7m
step=180 | loss=5.5464 | lr(muon)=2.00e-02 lr(adam)=3.00e-04 | tok/s=18738 (rank tok/s=18738) | 3497ms/step [fwd=62 bwd=147 opt=142 ms] | elapsed 9.8m | time left 190.2m
step=190 | loss=5.5941 | lr(muon)=2.00e-02 lr(adam)=3.00e-04 | tok/s=18753 (rank tok/s=18753) | 3495ms/step [fwd=63 bwd=148 opt=144 ms] | elapsed 10.4m | time left 189.6m
step=200 | loss=5.4673 | lr(muon)=2.00e-02 lr(adam)=3.00e-04 | tok/s=18696 (rank tok/s=18696) | 3505ms/step [fwd=62 bwd=147 opt=144 ms] | elapsed 11.0m | time left 189.0m
step=210 | loss=5.4301 | lr(muon)=2.00e-02 lr(adam)=3.00e-04 | tok/s=18441 (rank tok/s=18441) | 3554ms/step [fwd=66 bwd=154 opt=150 ms] | elapsed 11.6m | time left 188.4m
step=220 | loss=5.3973 | lr(muon)=2.00e-02 lr(adam)=3.00e-04 | tok/s=18500 (rank tok/s=18500) | 3542ms/step [fwd=63 bwd=149 opt=144 ms] | elapsed 12.2m | time left 187.8m
step=230 | loss=5.3178 | lr(muon)=2.00e-02 lr(adam)=3.00e-04 | tok/s=18542 (rank tok/s=18542) | 3534ms/step [fwd=63 bwd=149 opt=145 ms] | elapsed 12.8m | time left 187.2m
step=240 | loss=5.3048 | lr(muon)=2.00e-02 lr(adam)=2.99e-04 | tok/s=18290 (rank tok/s=18290) | 3583ms/step [fwd=63 bwd=149 opt=146 ms] | elapsed 13.4m | time left 186.6m
step=250 | loss=5.2342 | lr(muon)=2.00e-02 lr(adam)=2.99e-04 | tok/s=18312 (rank tok/s=18312) | 3579ms/step [fwd=64 bwd=151 opt=146 ms] | elapsed 14.0m | time left 186.0m
step=260 | loss=5.1879 | lr(muon)=2.00e-02 lr(adam)=2.99e-04 | tok/s=18256 (rank tok/s=18256) | 3590ms/step [fwd=63 bwd=151 opt=146 ms] | elapsed 14.6m | time left 185.4m
step=270 | loss=5.0883 | lr(muon)=1.99e-02 lr(adam)=2.99e-04 | tok/s=18304 (rank tok/s=18304) | 3580ms/step [fwd=64 bwd=150 opt=146 ms] | elapsed 15.2m | time left 184.8m
step=280 | loss=5.1250 | lr(muon)=1.99e-02 lr(adam)=2.99e-04 | tok/s=18640 (rank tok/s=18640) | 3516ms/step [fwd=62 bwd=147 opt=145 ms] | elapsed 15.8m | time left 184.2m
step=290 | loss=5.0191 | lr(muon)=1.99e-02 lr(adam)=2.99e-04 | tok/s=18601 (rank tok/s=18601) | 3523ms/step [fwd=62 bwd=148 opt=145 ms] | elapsed 16.4m | time left 183.6m
step=300 | loss=4.9465 | lr(muon)=1.99e-02 lr(adam)=2.99e-04 | tok/s=18087 (rank tok/s=18087) | 3623ms/step [fwd=64 bwd=152 opt=148 ms] | elapsed 17.0m | time left 183.0m
step=310 | loss=4.9529 | lr(muon)=1.99e-02 lr(adam)=2.99e-04 | tok/s=18534 (rank tok/s=18534) | 3536ms/step [fwd=62 bwd=149 opt=144 ms] | elapsed 17.5m | time left 182.5m
step=320 | loss=4.9425 | lr(muon)=1.99e-02 lr(adam)=2.99e-04 | tok/s=18570 (rank tok/s=18570) | 3529ms/step [fwd=63 bwd=148 opt=144 ms] | elapsed 18.1m | time left 181.9m
step=330 | loss=4.8089 | lr(muon)=1.99e-02 lr(adam)=2.99e-04 | tok/s=18567 (rank tok/s=18567) | 3530ms/step [fwd=62 bwd=149 opt=145 ms] | elapsed 18.7m | time left 181.3m
step=340 | loss=4.8651 | lr(muon)=1.99e-02 lr(adam)=2.98e-04 | tok/s=18588 (rank tok/s=18588) | 3526ms/step [fwd=63 bwd=148 opt=146 ms] | elapsed 19.3m | time left 180.7m
step=350 | loss=4.8092 | lr(muon)=1.99e-02 lr(adam)=2.98e-04 | tok/s=18466 (rank tok/s=18466) | 3549ms/step [fwd=64 bwd=149 opt=144 ms] | elapsed 19.9m | time left 180.1m
step=360 | loss=4.8381 | lr(muon)=1.99e-02 lr(adam)=2.98e-04 | tok/s=18459 (rank tok/s=18459) | 3550ms/step [fwd=62 bwd=149 opt=145 ms] | elapsed 20.5m | time left 179.5m
step=370 | loss=4.7568 | lr(muon)=1.99e-02 lr(adam)=2.98e-04 | tok/s=18296 (rank tok/s=18296) | 3582ms/step [fwd=64 bwd=150 opt=146 ms] | elapsed 21.1m | time left 178.9m
step=380 | loss=4.7078 | lr(muon)=1.99e-02 lr(adam)=2.98e-04 | tok/s=18166 (rank tok/s=18166) | 3608ms/step [fwd=64 bwd=152 opt=147 ms] | elapsed 21.7m | time left 178.3m
step=390 | loss=4.5975 | lr(muon)=1.98e-02 lr(adam)=2.98e-04 | tok/s=18222 (rank tok/s=18222) | 3597ms/step [fwd=64 bwd=151 opt=147 ms] | elapsed 22.3m | time left 177.7m
step=400 | loss=4.6614 | lr(muon)=1.98e-02 lr(adam)=2.98e-04 | tok/s=18196 (rank tok/s=18196) | 3602ms/step [fwd=64 bwd=151 opt=148 ms] | elapsed 22.9m | time left 177.1m
step=410 | loss=4.5963 | lr(muon)=1.98e-02 lr(adam)=2.97e-04 | tok/s=18187 (rank tok/s=18187) | 3603ms/step [fwd=64 bwd=152 opt=147 ms] | elapsed 23.5m | time left 176.5m
step=420 | loss=4.5163 | lr(muon)=1.98e-02 lr(adam)=2.97e-04 | tok/s=18373 (rank tok/s=18373) | 3567ms/step [fwd=64 bwd=152 opt=149 ms] | elapsed 24.1m | time left 175.9m
step=430 | loss=4.5376 | lr(muon)=1.98e-02 lr(adam)=2.97e-04 | tok/s=18681 (rank tok/s=18681) | 3508ms/step [fwd=62 bwd=147 opt=144 ms] | elapsed 24.7m | time left 175.3m
step=440 | loss=4.3961 | lr(muon)=1.98e-02 lr(adam)=2.97e-04 | tok/s=18710 (rank tok/s=18710) | 3503ms/step [fwd=62 bwd=147 opt=144 ms] | elapsed 25.3m | time left 174.7m
step=450 | loss=4.4954 | lr(muon)=1.98e-02 lr(adam)=2.97e-04 | tok/s=18702 (rank tok/s=18702) | 3504ms/step [fwd=63 bwd=147 opt=144 ms] | elapsed 25.9m | time left 174.1m
step=460 | loss=4.3868 | lr(muon)=1.98e-02 lr(adam)=2.96e-04 | tok/s=18745 (rank tok/s=18745) | 3496ms/step [fwd=61 bwd=148 opt=144 ms] | elapsed 26.4m | time left 173.6m
step=470 | loss=4.4832 | lr(muon)=1.97e-02 lr(adam)=2.96e-04 | tok/s=18735 (rank tok/s=18735) | 3498ms/step [fwd=62 bwd=147 opt=143 ms] | elapsed 27.0m | time left 173.0m
step=480 | loss=4.3686 | lr(muon)=1.97e-02 lr(adam)=2.96e-04 | tok/s=18715 (rank tok/s=18715) | 3502ms/step [fwd=62 bwd=147 opt=144 ms] | elapsed 27.6m | time left 172.4m
step=490 | loss=4.4304 | lr(muon)=1.97e-02 lr(adam)=2.96e-04 | tok/s=18723 (rank tok/s=18723) | 3500ms/step [fwd=63 bwd=147 opt=142 ms] | elapsed 28.2m | time left 171.8m
step=500 | loss=4.3004 | lr(muon)=1.97e-02 lr(adam)=2.96e-04 | tok/s=18740 (rank tok/s=18740) | 3497ms/step [fwd=62 bwd=148 opt=144 ms] | elapsed 28.8m | time left 171.2m
step=510 | loss=4.3785 | lr(muon)=1.97e-02 lr(adam)=2.95e-04 | tok/s=18726 (rank tok/s=18726) | 3500ms/step [fwd=62 bwd=148 opt=144 ms] | elapsed 29.4m | time left 170.6m
step=520 | loss=4.4200 | lr(muon)=1.97e-02 lr(adam)=2.95e-04 | tok/s=18754 (rank tok/s=18754) | 3495ms/step [fwd=64 bwd=147 opt=144 ms] | elapsed 30.0m | time left 170.0m
step=530 | loss=4.3445 | lr(muon)=1.97e-02 lr(adam)=2.95e-04 | tok/s=18371 (rank tok/s=18371) | 3567ms/step [fwd=64 bwd=151 opt=146 ms] | elapsed 30.5m | time left 169.5m
step=540 | loss=4.1920 | lr(muon)=1.96e-02 lr(adam)=2.95e-04 | tok/s=18458 (rank tok/s=18458) | 3551ms/step [fwd=63 bwd=149 opt=146 ms] | elapsed 31.1m | time left 168.9m
step=550 | loss=4.2501 | lr(muon)=1.96e-02 lr(adam)=2.94e-04 | tok/s=18602 (rank tok/s=18602) | 3523ms/step [fwd=62 bwd=149 opt=145 ms] | elapsed 31.7m | time left 168.3m
step=560 | loss=4.2034 | lr(muon)=1.96e-02 lr(adam)=2.94e-04 | tok/s=18606 (rank tok/s=18606) | 3522ms/step [fwd=63 bwd=150 opt=146 ms] | elapsed 32.3m | time left 167.7m
step=570 | loss=4.2842 | lr(muon)=1.96e-02 lr(adam)=2.94e-04 | tok/s=18424 (rank tok/s=18424) | 3557ms/step [fwd=63 bwd=150 opt=146 ms] | elapsed 32.9m | time left 167.1m
step=580 | loss=4.2352 | lr(muon)=1.96e-02 lr(adam)=2.94e-04 | tok/s=18404 (rank tok/s=18404) | 3561ms/step [fwd=63 bwd=150 opt=146 ms] | elapsed 33.5m | time left 166.5m
step=590 | loss=4.2683 | lr(muon)=1.96e-02 lr(adam)=2.93e-04 | tok/s=18370 (rank tok/s=18370) | 3567ms/step [fwd=63 bwd=150 opt=146 ms] | elapsed 34.1m | time left 165.9m
step=600 | loss=4.2797 | lr(muon)=1.95e-02 lr(adam)=2.93e-04 | tok/s=18391 (rank tok/s=18391) | 3564ms/step [fwd=63 bwd=149 opt=146 ms] | elapsed 34.7m | time left 165.3m
step=610 | loss=4.1705 | lr(muon)=1.95e-02 lr(adam)=2.93e-04 | tok/s=18352 (rank tok/s=18352) | 3571ms/step [fwd=63 bwd=150 opt=146 ms] | elapsed 35.3m | time left 164.7m
step=620 | loss=4.1411 | lr(muon)=1.95e-02 lr(adam)=2.93e-04 | tok/s=18389 (rank tok/s=18389) | 3564ms/step [fwd=64 bwd=150 opt=146 ms] | elapsed 35.9m | time left 164.1m
step=630 | loss=4.2172 | lr(muon)=1.95e-02 lr(adam)=2.92e-04 | tok/s=18399 (rank tok/s=18399) | 3562ms/step [fwd=63 bwd=148 opt=146 ms] | elapsed 36.5m | time left 163.5m
step=640 | loss=4.1787 | lr(muon)=1.95e-02 lr(adam)=2.92e-04 | tok/s=18426 (rank tok/s=18426) | 3557ms/step [fwd=64 bwd=150 opt=146 ms] | elapsed 37.1m | time left 162.9m
step=650 | loss=4.2172 | lr(muon)=1.94e-02 lr(adam)=2.92e-04 | tok/s=18406 (rank tok/s=18406) | 3561ms/step [fwd=63 bwd=149 opt=146 ms] | elapsed 37.7m | time left 162.3m
step=660 | loss=4.1493 | lr(muon)=1.94e-02 lr(adam)=2.91e-04 | tok/s=18430 (rank tok/s=18430) | 3556ms/step [fwd=63 bwd=150 opt=146 ms] | elapsed 38.3m | time left 161.7m
step=670 | loss=4.1389 | lr(muon)=1.94e-02 lr(adam)=2.91e-04 | tok/s=18445 (rank tok/s=18445) | 3553ms/step [fwd=64 bwd=149 opt=145 ms] | elapsed 38.8m | time left 161.2m
step=680 | loss=4.1508 | lr(muon)=1.94e-02 lr(adam)=2.91e-04 | tok/s=18462 (rank tok/s=18462) | 3550ms/step [fwd=63 bwd=149 opt=146 ms] | elapsed 39.4m | time left 160.6m
step=690 | loss=4.1146 | lr(muon)=1.94e-02 lr(adam)=2.90e-04 | tok/s=18646 (rank tok/s=18646) | 3515ms/step [fwd=59 bwd=153 opt=154 ms] | elapsed 40.0m | time left 160.0m
step=700 | loss=4.1506 | lr(muon)=1.93e-02 lr(adam)=2.90e-04 | tok/s=18695 (rank tok/s=18695) | 3505ms/step [fwd=62 bwd=148 opt=144 ms] | elapsed 40.6m | time left 159.4m
step=710 | loss=4.1489 | lr(muon)=1.93e-02 lr(adam)=2.90e-04 | tok/s=18686 (rank tok/s=18686) | 3507ms/step [fwd=63 bwd=147 opt=144 ms] | elapsed 41.2m | time left 158.8m
step=720 | loss=4.1724 | lr(muon)=1.93e-02 lr(adam)=2.89e-04 | tok/s=18462 (rank tok/s=18462) | 3550ms/step [fwd=61 bwd=146 opt=142 ms] | elapsed 41.8m | time left 158.2m
step=730 | loss=4.0852 | lr(muon)=1.93e-02 lr(adam)=2.89e-04 | tok/s=18601 (rank tok/s=18601) | 3523ms/step [fwd=63 bwd=148 opt=145 ms] | elapsed 42.4m | time left 157.6m
step=740 | loss=4.1083 | lr(muon)=1.93e-02 lr(adam)=2.89e-04 | tok/s=18643 (rank tok/s=18643) | 3515ms/step [fwd=62 bwd=147 opt=145 ms] | elapsed 43.0m | time left 157.0m
step=750 | loss=4.1229 | lr(muon)=1.92e-02 lr(adam)=2.88e-04 | tok/s=18322 (rank tok/s=18322) | 3577ms/step [fwd=64 bwd=150 opt=146 ms] | elapsed 43.6m | time left 156.4m
step=760 | loss=4.1371 | lr(muon)=1.92e-02 lr(adam)=2.88e-04 | tok/s=18335 (rank tok/s=18335) | 3574ms/step [fwd=64 bwd=148 opt=147 ms] | elapsed 44.2m | time left 155.8m
step=770 | loss=3.9408 | lr(muon)=1.92e-02 lr(adam)=2.88e-04 | tok/s=18732 (rank tok/s=18732) | 3499ms/step [fwd=63 bwd=147 opt=144 ms] | elapsed 44.7m | time left 155.3m
step=780 | loss=4.0946 | lr(muon)=1.92e-02 lr(adam)=2.87e-04 | tok/s=18697 (rank tok/s=18697) | 3505ms/step [fwd=63 bwd=147 opt=144 ms] | elapsed 45.3m | time left 154.7m
step=790 | loss=3.9971 | lr(muon)=1.91e-02 lr(adam)=2.87e-04 | tok/s=18672 (rank tok/s=18672) | 3510ms/step [fwd=63 bwd=148 opt=144 ms] | elapsed 45.9m | time left 154.1m
step=800 | loss=4.0746 | lr(muon)=1.91e-02 lr(adam)=2.87e-04 | tok/s=18377 (rank tok/s=18377) | 3566ms/step [fwd=63 bwd=151 opt=146 ms] | elapsed 46.5m | time left 153.5m
step=810 | loss=4.0077 | lr(muon)=1.91e-02 lr(adam)=2.86e-04 | tok/s=18445 (rank tok/s=18445) | 3553ms/step [fwd=63 bwd=149 opt=146 ms] | elapsed 47.1m | time left 152.9m
step=820 | loss=4.0759 | lr(muon)=1.91e-02 lr(adam)=2.86e-04 | tok/s=18314 (rank tok/s=18314) | 3578ms/step [fwd=63 bwd=151 opt=147 ms] | elapsed 47.7m | time left 152.3m
step=830 | loss=3.9786 | lr(muon)=1.90e-02 lr(adam)=2.85e-04 | tok/s=18343 (rank tok/s=18343) | 3573ms/step [fwd=64 bwd=150 opt=146 ms] | elapsed 48.3m | time left 151.7m
step=840 | loss=3.9834 | lr(muon)=1.90e-02 lr(adam)=2.85e-04 | tok/s=18364 (rank tok/s=18364) | 3569ms/step [fwd=63 bwd=150 opt=146 ms] | elapsed 48.9m | time left 151.1m
step=850 | loss=3.9704 | lr(muon)=1.90e-02 lr(adam)=2.85e-04 | tok/s=18363 (rank tok/s=18363) | 3569ms/step [fwd=64 bwd=150 opt=146 ms] | elapsed 49.5m | time left 150.5m
step=860 | loss=3.9673 | lr(muon)=1.90e-02 lr(adam)=2.84e-04 | tok/s=18340 (rank tok/s=18340) | 3573ms/step [fwd=64 bwd=151 opt=146 ms] | elapsed 50.1m | time left 149.9m
step=870 | loss=3.8807 | lr(muon)=1.89e-02 lr(adam)=2.84e-04 | tok/s=18338 (rank tok/s=18338) | 3574ms/step [fwd=65 bwd=150 opt=146 ms] | elapsed 50.7m | time left 149.3m
step=880 | loss=4.0155 | lr(muon)=1.89e-02 lr(adam)=2.83e-04 | tok/s=18341 (rank tok/s=18341) | 3573ms/step [fwd=64 bwd=150 opt=147 ms] | elapsed 51.3m | time left 148.7m
step=890 | loss=3.9115 | lr(muon)=1.89e-02 lr(adam)=2.83e-04 | tok/s=18365 (rank tok/s=18365) | 3569ms/step [fwd=64 bwd=150 opt=146 ms] | elapsed 51.9m | time left 148.1m
step=900 | loss=4.0187 | lr(muon)=1.88e-02 lr(adam)=2.83e-04 | tok/s=18374 (rank tok/s=18374) | 3567ms/step [fwd=63 bwd=150 opt=146 ms] | elapsed 52.5m | time left 147.5m
step=910 | loss=3.9997 | lr(muon)=1.88e-02 lr(adam)=2.82e-04 | tok/s=18364 (rank tok/s=18364) | 3569ms/step [fwd=63 bwd=150 opt=146 ms] | elapsed 53.1m | time left 146.9m
step=920 | loss=3.8918 | lr(muon)=1.88e-02 lr(adam)=2.82e-04 | tok/s=18344 (rank tok/s=18344) | 3573ms/step [fwd=64 bwd=150 opt=145 ms] | elapsed 53.7m | time left 146.3m
step=930 | loss=3.9643 | lr(muon)=1.88e-02 lr(adam)=2.81e-04 | tok/s=18350 (rank tok/s=18350) | 3571ms/step [fwd=64 bwd=151 opt=147 ms] | elapsed 54.3m | time left 145.7m
step=940 | loss=4.0264 | lr(muon)=1.87e-02 lr(adam)=2.81e-04 | tok/s=18364 (rank tok/s=18364) | 3569ms/step [fwd=64 bwd=149 opt=146 ms] | elapsed 54.8m | time left 145.2m
step=950 | loss=3.9342 | lr(muon)=1.87e-02 lr(adam)=2.80e-04 | tok/s=18445 (rank tok/s=18445) | 3553ms/step [fwd=63 bwd=149 opt=146 ms] | elapsed 55.4m | time left 144.6m
step=960 | loss=3.9821 | lr(muon)=1.87e-02 lr(adam)=2.80e-04 | tok/s=18593 (rank tok/s=18593) | 3525ms/step [fwd=62 bwd=150 opt=146 ms] | elapsed 56.0m | time left 144.0m
step=970 | loss=3.9085 | lr(muon)=1.86e-02 lr(adam)=2.80e-04 | tok/s=18627 (rank tok/s=18627) | 3518ms/step [fwd=63 bwd=147 opt=144 ms] | elapsed 56.6m | time left 143.4m
step=980 | loss=4.0338 | lr(muon)=1.86e-02 lr(adam)=2.79e-04 | tok/s=18566 (rank tok/s=18566) | 3530ms/step [fwd=62 bwd=148 opt=146 ms] | elapsed 57.2m | time left 142.8m
step=990 | loss=3.8619 | lr(muon)=1.86e-02 lr(adam)=2.79e-04 | tok/s=18567 (rank tok/s=18567) | 3530ms/step [fwd=63 bwd=148 opt=144 ms] | elapsed 57.8m | time left 142.2m
step=1000 | loss=4.0203 | lr(muon)=1.85e-02 lr(adam)=2.78e-04 | tok/s=18554 (rank tok/s=18554) | 3532ms/step [fwd=62 bwd=149 opt=146 ms] | elapsed 58.4m | time left 141.6m
step=1010 | loss=3.8430 | lr(muon)=1.85e-02 lr(adam)=2.78e-04 | tok/s=18023 (rank tok/s=18023) | 3636ms/step [fwd=67 bwd=156 opt=151 ms] | elapsed 59.0m | time left 141.0m
step=1020 | loss=3.9106 | lr(muon)=1.85e-02 lr(adam)=2.77e-04 | tok/s=18246 (rank tok/s=18246) | 3592ms/step [fwd=65 bwd=151 opt=148 ms] | elapsed 59.6m | time left 140.4m
step=1030 | loss=3.9170 | lr(muon)=1.84e-02 lr(adam)=2.77e-04 | tok/s=18384 (rank tok/s=18384) | 3565ms/step [fwd=63 bwd=148 opt=145 ms] | elapsed 60.2m | time left 139.8m
step=1040 | loss=3.9101 | lr(muon)=1.84e-02 lr(adam)=2.76e-04 | tok/s=18523 (rank tok/s=18523) | 3538ms/step [fwd=63 bwd=148 opt=146 ms] | elapsed 60.8m | time left 139.2m
step=1050 | loss=3.9347 | lr(muon)=1.84e-02 lr(adam)=2.76e-04 | tok/s=18059 (rank tok/s=18059) | 3629ms/step [fwd=64 bwd=152 opt=148 ms] | elapsed 61.4m | time left 138.6m
step=1060 | loss=3.9443 | lr(muon)=1.83e-02 lr(adam)=2.75e-04 | tok/s=18082 (rank tok/s=18082) | 3624ms/step [fwd=66 bwd=153 opt=149 ms] | elapsed 62.0m | time left 138.0m
step=1070 | loss=3.7742 | lr(muon)=1.83e-02 lr(adam)=2.75e-04 | tok/s=18048 (rank tok/s=18048) | 3631ms/step [fwd=67 bwd=158 opt=154 ms] | elapsed 62.6m | time left 137.4m
step=1080 | loss=3.8794 | lr(muon)=1.83e-02 lr(adam)=2.74e-04 | tok/s=18116 (rank tok/s=18116) | 3618ms/step [fwd=66 bwd=151 opt=148 ms] | elapsed 63.2m | time left 136.8m
step=1090 | loss=3.8380 | lr(muon)=1.82e-02 lr(adam)=2.74e-04 | tok/s=18096 (rank tok/s=18096) | 3622ms/step [fwd=66 bwd=152 opt=149 ms] | elapsed 63.8m | time left 136.2m
step=1100 | loss=3.8852 | lr(muon)=1.82e-02 lr(adam)=2.73e-04 | tok/s=18155 (rank tok/s=18155) | 3610ms/step [fwd=65 bwd=152 opt=149 ms] | elapsed 64.4m | time left 135.6m
step=1110 | loss=3.8146 | lr(muon)=1.82e-02 lr(adam)=2.73e-04 | tok/s=18153 (rank tok/s=18153) | 3610ms/step [fwd=70 bwd=163 opt=155 ms] | elapsed 65.0m | time left 135.0m
step=1120 | loss=3.8594 | lr(muon)=1.81e-02 lr(adam)=2.72e-04 | tok/s=18288 (rank tok/s=18288) | 3584ms/step [fwd=62 bwd=147 opt=144 ms] | elapsed 65.6m | time left 134.4m
step=1130 | loss=3.9322 | lr(muon)=1.81e-02 lr(adam)=2.72e-04 | tok/s=18329 (rank tok/s=18329) | 3576ms/step [fwd=66 bwd=152 opt=148 ms] | elapsed 66.2m | time left 133.8m
step=1140 | loss=3.8482 | lr(muon)=1.81e-02 lr(adam)=2.71e-04 | tok/s=18251 (rank tok/s=18251) | 3591ms/step [fwd=64 bwd=151 opt=147 ms] | elapsed 66.8m | time left 133.2m
step=1150 | loss=3.8344 | lr(muon)=1.80e-02 lr(adam)=2.71e-04 | tok/s=18230 (rank tok/s=18230) | 3595ms/step [fwd=64 bwd=152 opt=148 ms] | elapsed 67.4m | time left 132.6m
step=1160 | loss=3.7207 | lr(muon)=1.80e-02 lr(adam)=2.70e-04 | tok/s=18396 (rank tok/s=18396) | 3563ms/step [fwd=64 bwd=150 opt=146 ms] | elapsed 68.0m | time left 132.0m
step=1170 | loss=3.8517 | lr(muon)=1.80e-02 lr(adam)=2.69e-04 | tok/s=18347 (rank tok/s=18347) | 3572ms/step [fwd=64 bwd=150 opt=146 ms] | elapsed 68.6m | time left 131.4m
step=1180 | loss=3.8843 | lr(muon)=1.79e-02 lr(adam)=2.69e-04 | tok/s=18207 (rank tok/s=18207) | 3600ms/step [fwd=66 bwd=153 opt=149 ms] | elapsed 69.2m | time left 130.8m
step=1190 | loss=3.8063 | lr(muon)=1.79e-02 lr(adam)=2.68e-04 | tok/s=17986 (rank tok/s=17986) | 3644ms/step [fwd=66 bwd=153 opt=150 ms] | elapsed 69.8m | time left 130.2m
step=1200 | loss=3.8225 | lr(muon)=1.79e-02 lr(adam)=2.68e-04 | tok/s=18030 (rank tok/s=18030) | 3635ms/step [fwd=65 bwd=153 opt=150 ms] | elapsed 70.4m | time left 129.6m
step=1210 | loss=3.8307 | lr(muon)=1.78e-02 lr(adam)=2.67e-04 | tok/s=18347 (rank tok/s=18347) | 3572ms/step [fwd=64 bwd=151 opt=146 ms] | elapsed 71.0m | time left 129.0m
step=1220 | loss=3.7682 | lr(muon)=1.78e-02 lr(adam)=2.67e-04 | tok/s=18305 (rank tok/s=18305) | 3580ms/step [fwd=64 bwd=151 opt=147 ms] | elapsed 71.6m | time left 128.4m
step=1230 | loss=3.8252 | lr(muon)=1.77e-02 lr(adam)=2.66e-04 | tok/s=18381 (rank tok/s=18381) | 3565ms/step [fwd=64 bwd=151 opt=146 ms] | elapsed 72.2m | time left 127.8m
step=1240 | loss=3.8738 | lr(muon)=1.77e-02 lr(adam)=2.66e-04 | tok/s=18301 (rank tok/s=18301) | 3581ms/step [fwd=64 bwd=150 opt=146 ms] | elapsed 72.8m | time left 127.2m
