Master: localhost:29501  |  Nodes: 1  |  GPUs: 0 (1)  |  Rank: 0
[model] 110.9M parameters
[data] 50 shard(s), 5,000,000,000 tokens total
step=10 | loss=9.2268 | lr=6.00e-05 | tok/s=11682 | 5610ms/step | elapsed 1.0m | time left 199.0m
step=20 | loss=8.5326 | lr=1.20e-04 | tok/s=11286 | 5807ms/step | elapsed 2.0m | time left 198.0m
step=30 | loss=7.6543 | lr=1.80e-04 | tok/s=10817 | 6058ms/step | elapsed 3.0m | time left 197.0m
step=40 | loss=7.1381 | lr=2.40e-04 | tok/s=10654 | 6151ms/step | elapsed 4.1m | time left 195.9m
step=50 | loss=6.9995 | lr=3.00e-04 | tok/s=10676 | 6139ms/step | elapsed 5.2m | time left 194.8m
step=60 | loss=6.7423 | lr=3.60e-04 | tok/s=8875 | 7385ms/step | elapsed 6.2m | time left 193.8m
step=70 | loss=6.5775 | lr=4.20e-04 | tok/s=9125 | 7182ms/step | elapsed 7.3m | time left 192.7m
step=80 | loss=6.3926 | lr=4.80e-04 | tok/s=9093 | 7208ms/step | elapsed 8.4m | time left 191.6m
step=90 | loss=6.3425 | lr=5.40e-04 | tok/s=10705 | 6122ms/step | elapsed 9.4m | time left 190.6m
step=100 | loss=6.2588 | lr=6.00e-04 | tok/s=10711 | 6119ms/step | elapsed 10.5m | time left 189.5m
step=110 | loss=6.1524 | lr=6.00e-04 | tok/s=10841 | 6045ms/step | elapsed 11.6m | time left 188.4m
step=120 | loss=6.1082 | lr=6.00e-04 | tok/s=10506 | 6238ms/step | elapsed 12.6m | time left 187.4m
step=130 | loss=6.1050 | lr=6.00e-04 | tok/s=10820 | 6057ms/step | elapsed 13.7m | time left 186.3m
step=140 | loss=5.9372 | lr=6.00e-04 | tok/s=11152 | 5876ms/step | elapsed 14.8m | time left 185.2m
step=150 | loss=5.9831 | lr=6.00e-04 | tok/s=11243 | 5829ms/step | elapsed 15.8m | time left 184.2m
step=160 | loss=5.9747 | lr=6.00e-04 | tok/s=10837 | 6047ms/step | elapsed 16.9m | time left 183.1m
step=170 | loss=5.8788 | lr=6.00e-04 | tok/s=10403 | 6300ms/step | elapsed 18.0m | time left 182.0m
step=180 | loss=5.8617 | lr=6.00e-04 | tok/s=8469 | 7738ms/step | elapsed 19.0m | time left 181.0m
step=190 | loss=5.8292 | lr=6.00e-04 | tok/s=8613 | 7609ms/step | elapsed 20.1m | time left 179.9m
step=200 | loss=5.7669 | lr=5.99e-04 | tok/s=10692 | 6130ms/step | elapsed 21.1m | time left 178.9m
step=210 | loss=5.7213 | lr=5.99e-04 | tok/s=10705 | 6122ms/step | elapsed 22.2m | time left 177.8m
step=220 | loss=5.6556 | lr=5.99e-04 | tok/s=10736 | 6104ms/step | elapsed 23.3m | time left 176.7m
step=230 | loss=5.6389 | lr=5.99e-04 | tok/s=10742 | 6101ms/step | elapsed 24.3m | time left 175.7m
step=240 | loss=5.6759 | lr=5.99e-04 | tok/s=10603 | 6181ms/step | elapsed 25.4m | time left 174.6m
step=250 | loss=5.6227 | lr=5.99e-04 | tok/s=10728 | 6109ms/step | elapsed 26.5m | time left 173.5m
step=260 | loss=5.5900 | lr=5.99e-04 | tok/s=10768 | 6086ms/step | elapsed 27.5m | time left 172.5m
step=270 | loss=5.5477 | lr=5.98e-04 | tok/s=10744 | 6100ms/step | elapsed 28.6m | time left 171.4m
step=280 | loss=5.5353 | lr=5.98e-04 | tok/s=8854 | 7402ms/step | elapsed 29.7m | time left 170.3m
step=290 | loss=5.4838 | lr=5.98e-04 | tok/s=8567 | 7650ms/step | elapsed 30.7m | time left 169.3m
step=300 | loss=5.4051 | lr=5.98e-04 | tok/s=10677 | 6138ms/step | elapsed 31.8m | time left 168.2m
step=310 | loss=5.4340 | lr=5.98e-04 | tok/s=10834 | 6049ms/step | elapsed 32.9m | time left 167.1m
step=320 | loss=5.3458 | lr=5.97e-04 | tok/s=10696 | 6127ms/step | elapsed 33.9m | time left 166.1m
step=330 | loss=5.3469 | lr=5.97e-04 | tok/s=10311 | 6356ms/step | elapsed 35.0m | time left 165.0m
step=340 | loss=5.3382 | lr=5.97e-04 | tok/s=8829 | 7422ms/step | elapsed 36.1m | time left 163.9m
step=350 | loss=5.3254 | lr=5.97e-04 | tok/s=8603 | 7618ms/step | elapsed 37.1m | time left 162.9m
step=360 | loss=5.2164 | lr=5.96e-04 | tok/s=10661 | 6147ms/step | elapsed 38.2m | time left 161.8m
step=370 | loss=5.2475 | lr=5.96e-04 | tok/s=10778 | 6080ms/step | elapsed 39.2m | time left 160.8m
step=380 | loss=5.2080 | lr=5.96e-04 | tok/s=10866 | 6031ms/step | elapsed 40.3m | time left 159.7m
step=390 | loss=5.2032 | lr=5.95e-04 | tok/s=11237 | 5832ms/step | elapsed 41.4m | time left 158.6m
step=400 | loss=5.0704 | lr=5.95e-04 | tok/s=10812 | 6061ms/step | elapsed 42.5m | time left 157.5m
step=410 | loss=5.1701 | lr=5.95e-04 | tok/s=11091 | 5909ms/step | elapsed 43.5m | time left 156.5m
step=420 | loss=5.1033 | lr=5.94e-04 | tok/s=10851 | 6039ms/step | elapsed 44.6m | time left 155.4m
step=430 | loss=4.9910 | lr=5.94e-04 | tok/s=8460 | 7746ms/step | elapsed 45.7m | time left 154.3m
step=440 | loss=5.0350 | lr=5.94e-04 | tok/s=8621 | 7602ms/step | elapsed 46.7m | time left 153.3m
step=450 | loss=4.9323 | lr=5.93e-04 | tok/s=10728 | 6109ms/step | elapsed 47.8m | time left 152.2m
step=460 | loss=4.9607 | lr=5.93e-04 | tok/s=10812 | 6062ms/step | elapsed 48.8m | time left 151.2m
step=470 | loss=4.9704 | lr=5.92e-04 | tok/s=10775 | 6082ms/step | elapsed 49.9m | time left 150.1m
step=480 | loss=4.9189 | lr=5.92e-04 | tok/s=10760 | 6091ms/step | elapsed 51.0m | time left 149.0m
step=490 | loss=4.8702 | lr=5.92e-04 | tok/s=10872 | 6028ms/step | elapsed 52.0m | time left 148.0m
step=500 | loss=4.9764 | lr=5.91e-04 | tok/s=10394 | 6305ms/step | elapsed 53.1m | time left 146.9m
step=510 | loss=4.8135 | lr=5.91e-04 | tok/s=10756 | 6093ms/step | elapsed 54.2m | time left 145.8m
step=520 | loss=4.8357 | lr=5.90e-04 | tok/s=10903 | 6011ms/step | elapsed 55.2m | time left 144.8m
step=530 | loss=4.8023 | lr=5.90e-04 | tok/s=11141 | 5882ms/step | elapsed 56.3m | time left 143.7m
step=540 | loss=4.7676 | lr=5.89e-04 | tok/s=11215 | 5844ms/step | elapsed 57.4m | time left 142.6m
step=550 | loss=4.7848 | lr=5.89e-04 | tok/s=10884 | 6022ms/step | elapsed 58.4m | time left 141.6m
step=560 | loss=4.7681 | lr=5.88e-04 | tok/s=10674 | 6140ms/step | elapsed 59.5m | time left 140.5m
step=570 | loss=4.7482 | lr=5.88e-04 | tok/s=8547 | 7667ms/step | elapsed 60.6m | time left 139.4m
step=580 | loss=4.7226 | lr=5.87e-04 | tok/s=8661 | 7567ms/step | elapsed 61.6m | time left 138.4m
step=590 | loss=4.7604 | lr=5.87e-04 | tok/s=10758 | 6092ms/step | elapsed 62.7m | time left 137.3m
step=600 | loss=4.6484 | lr=5.86e-04 | tok/s=10784 | 6077ms/step | elapsed 63.8m | time left 136.2m
step=610 | loss=4.6583 | lr=5.86e-04 | tok/s=10605 | 6180ms/step | elapsed 64.8m | time left 135.2m
step=620 | loss=4.6372 | lr=5.85e-04 | tok/s=10769 | 6086ms/step | elapsed 65.9m | time left 134.1m
step=630 | loss=4.5494 | lr=5.85e-04 | tok/s=11014 | 5950ms/step | elapsed 67.0m | time left 133.0m
step=640 | loss=4.6066 | lr=5.84e-04 | tok/s=10877 | 6025ms/step | elapsed 68.0m | time left 132.0m
step=650 | loss=4.5862 | lr=5.83e-04 | tok/s=10799 | 6069ms/step | elapsed 69.1m | time left 130.9m
step=660 | loss=4.5786 | lr=5.83e-04 | tok/s=8547 | 7668ms/step | elapsed 70.2m | time left 129.8m
step=670 | loss=4.5338 | lr=5.82e-04 | tok/s=10905 | 6010ms/step | elapsed 71.2m | time left 128.8m
step=680 | loss=4.4653 | lr=5.82e-04 | tok/s=10841 | 6045ms/step | elapsed 72.3m | time left 127.7m
step=690 | loss=4.4577 | lr=5.81e-04 | tok/s=10881 | 6023ms/step | elapsed 73.4m | time left 126.6m
step=700 | loss=4.5571 | lr=5.80e-04 | tok/s=10672 | 6141ms/step | elapsed 74.4m | time left 125.6m
step=710 | loss=4.4973 | lr=5.80e-04 | tok/s=8546 | 7669ms/step | elapsed 75.5m | time left 124.5m
step=720 | loss=4.4458 | lr=5.79e-04 | tok/s=8495 | 7715ms/step | elapsed 76.6m | time left 123.4m
step=730 | loss=4.4436 | lr=5.78e-04 | tok/s=10796 | 6071ms/step | elapsed 77.6m | time left 122.4m
step=740 | loss=4.4200 | lr=5.78e-04 | tok/s=10773 | 6084ms/step | elapsed 78.7m | time left 121.3m
step=750 | loss=4.4137 | lr=5.77e-04 | tok/s=10725 | 6111ms/step | elapsed 79.7m | time left 120.3m
step=760 | loss=4.4881 | lr=5.76e-04 | tok/s=10903 | 6011ms/step | elapsed 80.8m | time left 119.2m
step=770 | loss=4.3878 | lr=5.75e-04 | tok/s=10782 | 6078ms/step | elapsed 81.9m | time left 118.1m
step=780 | loss=4.3907 | lr=5.75e-04 | tok/s=10875 | 6026ms/step | elapsed 82.9m | time left 117.1m
step=790 | loss=4.3354 | lr=5.74e-04 | tok/s=10652 | 6152ms/step | elapsed 84.0m | time left 116.0m
step=800 | loss=4.3078 | lr=5.73e-04 | tok/s=10770 | 6085ms/step | elapsed 85.1m | time left 114.9m
step=810 | loss=4.3833 | lr=5.73e-04 | tok/s=8722 | 7514ms/step | elapsed 86.1m | time left 113.9m
step=820 | loss=4.2263 | lr=5.72e-04 | tok/s=11093 | 5908ms/step | elapsed 87.2m | time left 112.8m
step=830 | loss=4.2461 | lr=5.71e-04 | tok/s=10891 | 6017ms/step | elapsed 88.2m | time left 111.8m
step=840 | loss=4.3119 | lr=5.70e-04 | tok/s=10915 | 6004ms/step | elapsed 89.3m | time left 110.7m
step=850 | loss=4.1527 | lr=5.69e-04 | tok/s=10987 | 5965ms/step | elapsed 90.4m | time left 109.6m
step=860 | loss=4.2790 | lr=5.69e-04 | tok/s=11307 | 5796ms/step | elapsed 91.4m | time left 108.6m
step=870 | loss=4.2798 | lr=5.68e-04 | tok/s=11248 | 5827ms/step | elapsed 92.5m | time left 107.5m
step=880 | loss=4.2461 | lr=5.67e-04 | tok/s=10798 | 6069ms/step | elapsed 93.6m | time left 106.4m
step=890 | loss=4.1942 | lr=5.66e-04 | tok/s=8349 | 7849ms/step | elapsed 94.6m | time left 105.4m
step=900 | loss=4.2144 | lr=5.65e-04 | tok/s=10830 | 6051ms/step | elapsed 95.7m | time left 104.3m
step=910 | loss=4.2466 | lr=5.64e-04 | tok/s=10583 | 6193ms/step | elapsed 96.7m | time left 103.3m
step=920 | loss=4.1579 | lr=5.64e-04 | tok/s=10794 | 6072ms/step | elapsed 97.8m | time left 102.2m
step=930 | loss=4.1548 | lr=5.63e-04 | tok/s=10808 | 6064ms/step | elapsed 98.8m | time left 101.2m
step=940 | loss=4.1370 | lr=5.62e-04 | tok/s=10920 | 6001ms/step | elapsed 99.9m | time left 100.1m
step=950 | loss=4.1775 | lr=5.61e-04 | tok/s=11099 | 5905ms/step | elapsed 101.0m | time left 99.0m
step=960 | loss=4.1733 | lr=5.60e-04 | tok/s=10633 | 6163ms/step | elapsed 102.0m | time left 98.0m
step=970 | loss=4.1310 | lr=5.59e-04 | tok/s=8307 | 7889ms/step | elapsed 103.1m | time left 96.9m
step=980 | loss=4.1715 | lr=5.58e-04 | tok/s=10929 | 5997ms/step | elapsed 104.1m | time left 95.9m
step=990 | loss=4.0497 | lr=5.57e-04 | tok/s=10817 | 6059ms/step | elapsed 105.2m | time left 94.8m
step=1000 | loss=4.1620 | lr=5.56e-04 | tok/s=11182 | 5861ms/step | elapsed 106.2m | time left 93.8m
step=1010 | loss=4.1780 | lr=5.55e-04 | tok/s=11033 | 5940ms/step | elapsed 107.3m | time left 92.7m
step=1020 | loss=4.0656 | lr=5.54e-04 | tok/s=10862 | 6033ms/step | elapsed 108.4m | time left 91.6m
step=1030 | loss=4.1273 | lr=5.53e-04 | tok/s=10792 | 6073ms/step | elapsed 109.4m | time left 90.6m
step=1040 | loss=4.0922 | lr=5.52e-04 | tok/s=10554 | 6209ms/step | elapsed 110.5m | time left 89.5m
step=1050 | loss=4.1342 | lr=5.51e-04 | tok/s=8278 | 7917ms/step | elapsed 111.6m | time left 88.4m
step=1060 | loss=4.1056 | lr=5.50e-04 | tok/s=10911 | 6007ms/step | elapsed 112.6m | time left 87.4m
step=1070 | loss=4.0680 | lr=5.49e-04 | tok/s=10852 | 6039ms/step | elapsed 113.7m | time left 86.3m
step=1080 | loss=4.0778 | lr=5.48e-04 | tok/s=11301 | 5799ms/step | elapsed 114.7m | time left 85.3m
step=1090 | loss=4.0722 | lr=5.47e-04 | tok/s=11100 | 5904ms/step | elapsed 115.8m | time left 84.2m
step=1100 | loss=3.9839 | lr=5.46e-04 | tok/s=10993 | 5962ms/step | elapsed 116.8m | time left 83.2m
step=1110 | loss=4.1387 | lr=5.45e-04 | tok/s=10827 | 6053ms/step | elapsed 117.9m | time left 82.1m
step=1120 | loss=4.0933 | lr=5.44e-04 | tok/s=8410 | 7792ms/step | elapsed 119.0m | time left 81.0m
step=1130 | loss=4.1333 | lr=5.43e-04 | tok/s=8618 | 7605ms/step | elapsed 120.0m | time left 80.0m
step=1140 | loss=4.0641 | lr=5.42e-04 | tok/s=10832 | 6050ms/step | elapsed 121.1m | time left 78.9m
step=1150 | loss=4.0295 | lr=5.41e-04 | tok/s=11052 | 5930ms/step | elapsed 122.1m | time left 77.9m
step=1160 | loss=4.0305 | lr=5.40e-04 | tok/s=8517 | 7695ms/step | elapsed 123.2m | time left 76.8m
step=1170 | loss=4.0351 | lr=5.39e-04 | tok/s=8339 | 7859ms/step | elapsed 124.3m | time left 75.7m
step=1180 | loss=3.9840 | lr=5.38e-04 | tok/s=10944 | 5989ms/step | elapsed 125.3m | time left 74.7m
step=1190 | loss=4.0217 | lr=5.37e-04 | tok/s=11061 | 5925ms/step | elapsed 126.3m | time left 73.7m
step=1200 | loss=3.9293 | lr=5.36e-04 | tok/s=10878 | 6025ms/step | elapsed 127.4m | time left 72.6m
step=1210 | loss=3.9620 | lr=5.34e-04 | tok/s=10809 | 6063ms/step | elapsed 128.5m | time left 71.5m
step=1220 | loss=4.0165 | lr=5.33e-04 | tok/s=10817 | 6059ms/step | elapsed 129.5m | time left 70.5m
step=1230 | loss=3.9999 | lr=5.32e-04 | tok/s=8812 | 7437ms/step | elapsed 130.6m | time left 69.4m
step=1240 | loss=3.9978 | lr=5.31e-04 | tok/s=8450 | 7756ms/step | elapsed 131.6m | time left 68.4m
step=1250 | loss=3.9902 | lr=5.30e-04 | tok/s=10789 | 6074ms/step | elapsed 132.7m | time left 67.3m
step=1260 | loss=3.9366 | lr=5.29e-04 | tok/s=10791 | 6073ms/step | elapsed 133.7m | time left 66.3m
step=1270 | loss=3.9078 | lr=5.28e-04 | tok/s=10576 | 6197ms/step | elapsed 134.8m | time left 65.2m
step=1280 | loss=3.9410 | lr=5.26e-04 | tok/s=11010 | 5952ms/step | elapsed 135.9m | time left 64.1m
step=1290 | loss=3.9127 | lr=5.25e-04 | tok/s=10793 | 6072ms/step | elapsed 136.9m | time left 63.1m
step=1300 | loss=3.8872 | lr=5.24e-04 | tok/s=10823 | 6055ms/step | elapsed 138.0m | time left 62.0m
step=1310 | loss=3.9240 | lr=5.23e-04 | tok/s=10893 | 6016ms/step | elapsed 139.0m | time left 61.0m
step=1320 | loss=3.8630 | lr=5.22e-04 | tok/s=8903 | 7361ms/step | elapsed 140.1m | time left 59.9m
step=1330 | loss=3.8267 | lr=5.20e-04 | tok/s=10828 | 6053ms/step | elapsed 141.1m | time left 58.9m
step=1340 | loss=3.9648 | lr=5.19e-04 | tok/s=10732 | 6107ms/step | elapsed 142.2m | time left 57.8m
step=1350 | loss=3.9865 | lr=5.18e-04 | tok/s=10741 | 6101ms/step | elapsed 143.3m | time left 56.7m
step=1360 | loss=3.9277 | lr=5.17e-04 | tok/s=10654 | 6151ms/step | elapsed 144.3m | time left 55.7m
step=1370 | loss=3.9634 | lr=5.15e-04 | tok/s=8655 | 7572ms/step | elapsed 145.4m | time left 54.6m
step=1380 | loss=3.9014 | lr=5.14e-04 | tok/s=8565 | 7652ms/step | elapsed 146.4m | time left 53.6m
step=1390 | loss=3.8428 | lr=5.13e-04 | tok/s=10744 | 6100ms/step | elapsed 147.5m | time left 52.5m
step=1400 | loss=3.8386 | lr=5.12e-04 | tok/s=11174 | 5865ms/step | elapsed 148.5m | time left 51.5m
step=1410 | loss=3.9392 | lr=5.10e-04 | tok/s=11316 | 5792ms/step | elapsed 149.6m | time left 50.4m
step=1420 | loss=3.8522 | lr=5.09e-04 | tok/s=10989 | 5964ms/step | elapsed 150.6m | time left 49.4m
step=1430 | loss=3.9492 | lr=5.08e-04 | tok/s=10724 | 6111ms/step | elapsed 151.7m | time left 48.3m
step=1440 | loss=3.8798 | lr=5.06e-04 | tok/s=10776 | 6082ms/step | elapsed 152.8m | time left 47.2m
step=1450 | loss=3.8560 | lr=5.05e-04 | tok/s=8466 | 7741ms/step | elapsed 153.8m | time left 46.2m
step=1460 | loss=3.8824 | lr=5.04e-04 | tok/s=10516 | 6232ms/step | elapsed 154.9m | time left 45.1m
step=1470 | loss=3.9041 | lr=5.02e-04 | tok/s=10835 | 6049ms/step | elapsed 155.9m | time left 44.1m
step=1480 | loss=3.9437 | lr=5.01e-04 | tok/s=10790 | 6074ms/step | elapsed 157.0m | time left 43.0m
step=1490 | loss=3.8936 | lr=5.00e-04 | tok/s=11065 | 5923ms/step | elapsed 158.0m | time left 42.0m
step=1500 | loss=3.8136 | lr=4.98e-04 | tok/s=10784 | 6077ms/step | elapsed 159.1m | time left 40.9m
step=1510 | loss=3.8598 | lr=4.97e-04 | tok/s=10877 | 6025ms/step | elapsed 160.2m | time left 39.8m
step=1520 | loss=3.8984 | lr=4.96e-04 | tok/s=10922 | 6000ms/step | elapsed 161.2m | time left 38.8m
step=1530 | loss=3.8486 | lr=4.94e-04 | tok/s=8848 | 7407ms/step | elapsed 162.3m | time left 37.7m
step=1540 | loss=3.7903 | lr=4.93e-04 | tok/s=8623 | 7600ms/step | elapsed 163.3m | time left 36.7m
step=1550 | loss=3.8212 | lr=4.91e-04 | tok/s=10670 | 6142ms/step | elapsed 164.4m | time left 35.6m
step=1560 | loss=3.8202 | lr=4.90e-04 | tok/s=10792 | 6073ms/step | elapsed 165.4m | time left 34.6m
step=1570 | loss=3.8462 | lr=4.89e-04 | tok/s=10955 | 5982ms/step | elapsed 166.5m | time left 33.5m
step=1580 | loss=3.7994 | lr=4.87e-04 | tok/s=11065 | 5923ms/step | elapsed 167.6m | time left 32.4m
step=1590 | loss=3.8405 | lr=4.86e-04 | tok/s=10871 | 6029ms/step | elapsed 168.6m | time left 31.4m
step=1600 | loss=3.8795 | lr=4.84e-04 | tok/s=10624 | 6169ms/step | elapsed 169.7m | time left 30.3m
step=1610 | loss=3.8796 | lr=4.83e-04 | tok/s=8041 | 8150ms/step | elapsed 170.7m | time left 29.3m
step=1620 | loss=3.7583 | lr=4.82e-04 | tok/s=10983 | 5967ms/step | elapsed 171.8m | time left 28.2m
step=1630 | loss=3.7998 | lr=4.80e-04 | tok/s=11069 | 5921ms/step | elapsed 172.8m | time left 27.2m
step=1640 | loss=3.8324 | lr=4.79e-04 | tok/s=10779 | 6080ms/step | elapsed 173.9m | time left 26.1m
step=1650 | loss=3.8460 | lr=4.77e-04 | tok/s=8954 | 7319ms/step | elapsed 175.0m | time left 25.0m
step=1660 | loss=3.9063 | lr=4.76e-04 | tok/s=8821 | 7430ms/step | elapsed 176.0m | time left 24.0m
step=1670 | loss=3.8643 | lr=4.74e-04 | tok/s=10428 | 6285ms/step | elapsed 177.1m | time left 22.9m
step=1680 | loss=3.8299 | lr=4.73e-04 | tok/s=10646 | 6156ms/step | elapsed 178.1m | time left 21.9m
step=1690 | loss=3.8013 | lr=4.71e-04 | tok/s=10592 | 6187ms/step | elapsed 179.2m | time left 20.8m
step=1700 | loss=3.8167 | lr=4.70e-04 | tok/s=10579 | 6195ms/step | elapsed 180.2m | time left 19.8m
step=1710 | loss=3.8190 | lr=4.68e-04 | tok/s=10790 | 6074ms/step | elapsed 181.3m | time left 18.7m
step=1720 | loss=3.7737 | lr=4.67e-04 | tok/s=10720 | 6113ms/step | elapsed 182.3m | time left 17.7m
step=1730 | loss=3.8049 | lr=4.65e-04 | tok/s=10585 | 6192ms/step | elapsed 183.4m | time left 16.6m
step=1740 | loss=3.8437 | lr=4.64e-04 | tok/s=10801 | 6068ms/step | elapsed 184.5m | time left 15.5m
step=1750 | loss=3.6868 | lr=4.62e-04 | tok/s=8766 | 7476ms/step | elapsed 185.5m | time left 14.5m
step=1760 | loss=3.8114 | lr=4.61e-04 | tok/s=10650 | 6154ms/step | elapsed 186.5m | time left 13.5m
step=1770 | loss=3.7733 | lr=4.59e-04 | tok/s=10876 | 6026ms/step | elapsed 187.6m | time left 12.4m
step=1780 | loss=3.7210 | lr=4.58e-04 | tok/s=10793 | 6072ms/step | elapsed 188.7m | time left 11.3m
step=1790 | loss=3.7446 | lr=4.56e-04 | tok/s=10732 | 6106ms/step | elapsed 189.7m | time left 10.3m
step=1800 | loss=3.7315 | lr=4.55e-04 | tok/s=10970 | 5974ms/step | elapsed 190.8m | time left 9.2m
step=1810 | loss=3.7885 | lr=4.53e-04 | tok/s=11169 | 5867ms/step | elapsed 191.8m | time left 8.2m
step=1820 | loss=3.8463 | lr=4.52e-04 | tok/s=10672 | 6141ms/step | elapsed 192.9m | time left 7.1m
step=1830 | loss=3.7814 | lr=4.50e-04 | tok/s=8479 | 7729ms/step | elapsed 194.0m | time left 6.0m
step=1840 | loss=3.7951 | lr=4.49e-04 | tok/s=8552 | 7664ms/step | elapsed 195.0m | time left 5.0m
step=1850 | loss=3.7231 | lr=4.47e-04 | tok/s=10695 | 6128ms/step | elapsed 196.1m | time left 3.9m
step=1860 | loss=3.7421 | lr=4.46e-04 | tok/s=10569 | 6201ms/step | elapsed 197.1m | time left 2.9m
step=1870 | loss=3.7680 | lr=4.44e-04 | tok/s=10960 | 5979ms/step | elapsed 198.2m | time left 1.8m
step=1880 | loss=3.6799 | lr=4.42e-04 | tok/s=10672 | 6141ms/step | elapsed 199.3m | time left 0.7m

[time] 200.1 min elapsed — time limit reached.
[ckpt] saved → checkpoint.pt  (step 1888)
