Master: localhost:29500  |  Nodes: 1  |  GPUs: 0,1 (2)  |  Rank: 0

*****************************************
Setting OMP_NUM_THREADS environment variable for each process to be 1 in default, to avoid your system being overloaded, please further tune the variable for optimal performance in your application as needed. 
*****************************************
Traceback (most recent call last):
  File "<frozen runpy>", line 198, in _run_module_as_main
  File "<frozen runpy>", line 88, in _run_code
  File "/home/9022acfa-8e5f-4547-a3e8-f314c90762c5/paris-hackathon-2026-training/.venv/lib/python3.12/site-packages/torch/distributed/run.py", line 994, in <module>
    main()
  File "/home/9022acfa-8e5f-4547-a3e8-f314c90762c5/paris-hackathon-2026-training/.venv/lib/python3.12/site-packages/torch/distributed/elastic/multiprocessing/errors/__init__.py", line 362, in wrapper
    return f(*args, **kwargs)
           ^^^^^^^^^^^^^^^^^^
  File "/home/9022acfa-8e5f-4547-a3e8-f314c90762c5/paris-hackathon-2026-training/.venv/lib/python3.12/site-packages/torch/distributed/run.py", line 990, in main
    run(args)
  File "/home/9022acfa-8e5f-4547-a3e8-f314c90762c5/paris-hackathon-2026-training/.venv/lib/python3.12/site-packages/torch/distributed/run.py", line 981, in run
    elastic_launch(
  File "/home/9022acfa-8e5f-4547-a3e8-f314c90762c5/paris-hackathon-2026-training/.venv/lib/python3.12/site-packages/torch/distributed/launcher/api.py", line 170, in __call__
    return launch_agent(self._config, self._entrypoint, list(args))
           ^^^^^^^^^^^^^^^^^^^^^^^^^^^^^^^^^^^^^^^^^^^^^^^^^^^^^^^^
  File "/home/9022acfa-8e5f-4547-a3e8-f314c90762c5/paris-hackathon-2026-training/.venv/lib/python3.12/site-packages/torch/distributed/launcher/api.py", line 308, in launch_agent
    result = agent.run()
             ^^^^^^^^^^^
  File "/home/9022acfa-8e5f-4547-a3e8-f314c90762c5/paris-hackathon-2026-training/.venv/lib/python3.12/site-packages/torch/distributed/elastic/metrics/api.py", line 134, in wrapper
    result = f(*args, **kwargs)
             ^^^^^^^^^^^^^^^^^^
  File "/home/9022acfa-8e5f-4547-a3e8-f314c90762c5/paris-hackathon-2026-training/.venv/lib/python3.12/site-packages/torch/distributed/elastic/agent/server/api.py", line 731, in run
    result = self._invoke_run(role)
             ^^^^^^^^^^^^^^^^^^^^^^
  File "/home/9022acfa-8e5f-4547-a3e8-f314c90762c5/paris-hackathon-2026-training/.venv/lib/python3.12/site-packages/torch/distributed/elastic/agent/server/api.py", line 902, in _invoke_run
    self._initialize_workers(self._worker_group)
  File "/home/9022acfa-8e5f-4547-a3e8-f314c90762c5/paris-hackathon-2026-training/.venv/lib/python3.12/site-packages/torch/distributed/elastic/metrics/api.py", line 134, in wrapper
    result = f(*args, **kwargs)
             ^^^^^^^^^^^^^^^^^^
  File "/home/9022acfa-8e5f-4547-a3e8-f314c90762c5/paris-hackathon-2026-training/.venv/lib/python3.12/site-packages/torch/distributed/elastic/agent/server/api.py", line 699, in _initialize_workers
    self._rendezvous(worker_group)
  File "/home/9022acfa-8e5f-4547-a3e8-f314c90762c5/paris-hackathon-2026-training/.venv/lib/python3.12/site-packages/torch/distributed/elastic/metrics/api.py", line 134, in wrapper
    result = f(*args, **kwargs)
             ^^^^^^^^^^^^^^^^^^
  File "/home/9022acfa-8e5f-4547-a3e8-f314c90762c5/paris-hackathon-2026-training/.venv/lib/python3.12/site-packages/torch/distributed/elastic/agent/server/api.py", line 514, in _rendezvous
    rdzv_info = spec.rdzv_handler.next_rendezvous()
                ^^^^^^^^^^^^^^^^^^^^^^^^^^^^^^^^^^^
  File "/home/9022acfa-8e5f-4547-a3e8-f314c90762c5/paris-hackathon-2026-training/.venv/lib/python3.12/site-packages/torch/distributed/elastic/rendezvous/static_tcp_rendezvous.py", line 67, in next_rendezvous
    self._store = TCPStore(  # type: ignore[call-arg]
                  ^^^^^^^^^^^^^^^^^^^^^^^^^^^^^^^^^^^
torch.distributed.DistNetworkError: The server socket has failed to listen on any local network address. port: 29500, useIpv6: false, code: -98, name: EADDRINUSE, message: address already in use
