Master: localhost:29501  |  Nodes: 1  |  GPUs: 0 (1)  |  Rank: 0
[model] 110.9M parameters
[optim] Muon: 72 params, AdamW: 52 params
[data] 50 shard(s), 5,000,000,000 tokens total
[rank0]: Traceback (most recent call last):
[rank0]:   File "/root/forge-pretrain/train.py", line 273, in <module>
[rank0]:     main()
[rank0]:   File "/root/forge-pretrain/train.py", line 235, in main
[rank0]:     loss.backward()
[rank0]:   File "/root/miniconda3/envs/AIBC/lib/python3.10/site-packages/torch/_tensor.py", line 631, in backward
[rank0]:     torch.autograd.backward(
[rank0]:   File "/root/miniconda3/envs/AIBC/lib/python3.10/site-packages/torch/autograd/__init__.py", line 381, in backward
[rank0]:     _engine_run_backward(
[rank0]:   File "/root/miniconda3/envs/AIBC/lib/python3.10/site-packages/torch/autograd/graph.py", line 869, in _engine_run_backward
[rank0]:     return Variable._execution_engine.run_backward(  # Calls into the C++ engine to run the backward pass
[rank0]: RuntimeError: Error: accessing tensor output of CUDAGraphs that has been overwritten by a subsequent run. Stack trace: File "/root/forge-pretrain/model.py", line 102, in forward
[rank0]:     x = block(x)
[rank0]:   File "/root/forge-pretrain/model.py", line 66, in forward
[rank0]:     x = x + self.attn(self.ln1(x))
[rank0]:   File "/root/forge-pretrain/model.py", line 37, in forward
[rank0]:     q = self.c_q(x).view(B, T, self.n_head, hd).transpose(1, 2). To prevent overwriting, clone the tensor outside of torch.compile() or call torch.compiler.cudagraph_mark_step_begin() before each model invocation.
[rank0]:[W424 02:29:27.357653506 ProcessGroupNCCL.cpp:1575] Warning: WARNING: destroy_process_group() was not called before program exit, which can leak resources. For more info, please see https://pytorch.org/docs/stable/distributed.html#shutdown (function operator())
E0424 02:29:29.465000 33602 site-packages/torch/distributed/elastic/multiprocessing/api.py:986] failed (exitcode: 1) local_rank: 0 (pid: 33646) of binary: /root/miniconda3/envs/AIBC/bin/python
Traceback (most recent call last):
  File "/root/miniconda3/envs/AIBC/lib/python3.10/runpy.py", line 196, in _run_module_as_main
    return _run_code(code, main_globals, None,
  File "/root/miniconda3/envs/AIBC/lib/python3.10/runpy.py", line 86, in _run_code
    exec(code, run_globals)
  File "/root/miniconda3/envs/AIBC/lib/python3.10/site-packages/torch/distributed/run.py", line 994, in <module>
    main()
  File "/root/miniconda3/envs/AIBC/lib/python3.10/site-packages/torch/distributed/elastic/multiprocessing/errors/__init__.py", line 362, in wrapper
    return f(*args, **kwargs)
  File "/root/miniconda3/envs/AIBC/lib/python3.10/site-packages/torch/distributed/run.py", line 990, in main
    run(args)
  File "/root/miniconda3/envs/AIBC/lib/python3.10/site-packages/torch/distributed/run.py", line 981, in run
    elastic_launch(
  File "/root/miniconda3/envs/AIBC/lib/python3.10/site-packages/torch/distributed/launcher/api.py", line 170, in __call__
    return launch_agent(self._config, self._entrypoint, list(args))
  File "/root/miniconda3/envs/AIBC/lib/python3.10/site-packages/torch/distributed/launcher/api.py", line 317, in launch_agent
    raise ChildFailedError(
torch.distributed.elastic.multiprocessing.errors.ChildFailedError: 
============================================================
train.py FAILED
------------------------------------------------------------
Failures:
  <NO_OTHER_FAILURES>
------------------------------------------------------------
Root Cause (first observed failure):
[0]:
  time      : 2026-04-24_02:29:29
  host      : Rawline.localdomain
  rank      : 0 (local_rank: 0)
  exitcode  : 1 (pid: 33646)
  error_file: <N/A>
  traceback : To enable traceback see: https://pytorch.org/docs/stable/elastic/errors.html
============================================================
