Master: localhost:29501  |  Nodes: 1  |  GPUs: 0,1 (2)  |  Rank: 0

*****************************************
Setting OMP_NUM_THREADS environment variable for each process to be 1 in default, to avoid your system being overloaded, please further tune the variable for optimal performance in your application as needed. 
*****************************************
[model] 336.7M parameters
[optim] Muon: 144 params, AdamW: 100 params
[data] 49 shard(s), 49,000,000,000 tokens total
[data] 49 shard(s), 49,000,000,000 tokens total
[rank0]: Traceback (most recent call last):
[rank0]:   File "/home/9022acfa-8e5f-4547-a3e8-f314c90762c5/paris-hackathon-2026-training_rwln/train.py", line 269, in <module>
[rank0]:     main()
[rank0]:   File "/home/9022acfa-8e5f-4547-a3e8-f314c90762c5/paris-hackathon-2026-training_rwln/train.py", line 229, in main
[rank0]:     _, loss = model(x, y)
[rank0]:               ^^^^^^^^^^^
[rank0]:   File "/home/9022acfa-8e5f-4547-a3e8-f314c90762c5/paris-hackathon-2026-training/.venv/lib/python3.12/site-packages/torch/nn/modules/module.py", line 1779, in _wrapped_call_impl
[rank0]:     return self._call_impl(*args, **kwargs)
[rank0]:            ^^^^^^^^^^^^^^^^^^^^^^^^^^^^^^^^
[rank0]:   File "/home/9022acfa-8e5f-4547-a3e8-f314c90762c5/paris-hackathon-2026-training/.venv/lib/python3.12/site-packages/torch/nn/modules/module.py", line 1790, in _call_impl
[rank0]:     return forward_call(*args, **kwargs)
[rank0]:            ^^^^^^^^^^^^^^^^^^^^^^^^^^^^^
[rank0]:   File "/home/9022acfa-8e5f-4547-a3e8-f314c90762c5/paris-hackathon-2026-training/.venv/lib/python3.12/site-packages/torch/nn/parallel/distributed.py", line 1699, in forward
[rank0]:     else self._run_ddp_forward(*inputs, **kwargs)
[rank0]:          ^^^^^^^^^^^^^^^^^^^^^^^^^^^^^^^^^^^^^^^^
[rank0]:   File "/home/9022acfa-8e5f-4547-a3e8-f314c90762c5/paris-hackathon-2026-training/.venv/lib/python3.12/site-packages/torch/nn/parallel/distributed.py", line 1524, in _run_ddp_forward
[rank0]:     return self.module(*inputs, **kwargs)  # type: ignore[index]
[rank0]:            ^^^^^^^^^^^^^^^^^^^^^^^^^^^^^^
[rank0]:   File "/home/9022acfa-8e5f-4547-a3e8-f314c90762c5/paris-hackathon-2026-training/.venv/lib/python3.12/site-packages/torch/nn/modules/module.py", line 1779, in _wrapped_call_impl
[rank0]:     return self._call_impl(*args, **kwargs)
[rank0]:            ^^^^^^^^^^^^^^^^^^^^^^^^^^^^^^^^
[rank0]:   File "/home/9022acfa-8e5f-4547-a3e8-f314c90762c5/paris-hackathon-2026-training/.venv/lib/python3.12/site-packages/torch/nn/modules/module.py", line 1790, in _call_impl
[rank0]:     return forward_call(*args, **kwargs)
[rank0]:            ^^^^^^^^^^^^^^^^^^^^^^^^^^^^^
[rank0]:   File "/home/9022acfa-8e5f-4547-a3e8-f314c90762c5/paris-hackathon-2026-training_rwln/model.py", line 107, in forward
[rank0]:     loss = F.cross_entropy(logits.view(-1, logits.size(-1)), targets.view(-1))
[rank0]:            ^^^^^^^^^^^^^^^^^^^^^^^^^^^^^^^^^^^^^^^^^^^^^^^^^^^^^^^^^^^^^^^^^^^
[rank0]:   File "/home/9022acfa-8e5f-4547-a3e8-f314c90762c5/paris-hackathon-2026-training/.venv/lib/python3.12/site-packages/torch/nn/functional.py", line 3504, in cross_entropy
[rank0]:     return torch._C._nn.cross_entropy_loss(
[rank0]:            ^^^^^^^^^^^^^^^^^^^^^^^^^^^^^^^^
[rank0]: torch.OutOfMemoryError: CUDA out of memory. Tried to allocate 8.00 GiB. GPU 0 has a total capacity of 267.69 GiB of which 5.34 GiB is free. Process 515559 has 188.57 GiB memory in use. Including non-PyTorch memory, this process has 73.75 GiB memory in use. Of the allocated memory 71.89 GiB is allocated by PyTorch, and 83.58 MiB is reserved by PyTorch but unallocated. If reserved but unallocated memory is large try setting PYTORCH_CUDA_ALLOC_CONF=expandable_segments:True to avoid fragmentation.  See documentation for Memory Management  (https://docs.pytorch.org/docs/stable/notes/cuda.html#optimizing-memory-usage-with-pytorch-cuda-alloc-conf)
[rank1]: Traceback (most recent call last):
[rank1]:   File "/home/9022acfa-8e5f-4547-a3e8-f314c90762c5/paris-hackathon-2026-training_rwln/train.py", line 269, in <module>
[rank1]:     main()
[rank1]:   File "/home/9022acfa-8e5f-4547-a3e8-f314c90762c5/paris-hackathon-2026-training_rwln/train.py", line 229, in main
[rank1]:     _, loss = model(x, y)
[rank1]:               ^^^^^^^^^^^
[rank1]:   File "/home/9022acfa-8e5f-4547-a3e8-f314c90762c5/paris-hackathon-2026-training/.venv/lib/python3.12/site-packages/torch/nn/modules/module.py", line 1779, in _wrapped_call_impl
[rank1]:     return self._call_impl(*args, **kwargs)
[rank1]:            ^^^^^^^^^^^^^^^^^^^^^^^^^^^^^^^^
[rank1]:   File "/home/9022acfa-8e5f-4547-a3e8-f314c90762c5/paris-hackathon-2026-training/.venv/lib/python3.12/site-packages/torch/nn/modules/module.py", line 1790, in _call_impl
[rank1]:     return forward_call(*args, **kwargs)
[rank1]:            ^^^^^^^^^^^^^^^^^^^^^^^^^^^^^
[rank1]:   File "/home/9022acfa-8e5f-4547-a3e8-f314c90762c5/paris-hackathon-2026-training/.venv/lib/python3.12/site-packages/torch/nn/parallel/distributed.py", line 1699, in forward
[rank1]:     else self._run_ddp_forward(*inputs, **kwargs)
[rank1]:          ^^^^^^^^^^^^^^^^^^^^^^^^^^^^^^^^^^^^^^^^
[rank1]:   File "/home/9022acfa-8e5f-4547-a3e8-f314c90762c5/paris-hackathon-2026-training/.venv/lib/python3.12/site-packages/torch/nn/parallel/distributed.py", line 1524, in _run_ddp_forward
[rank1]:     return self.module(*inputs, **kwargs)  # type: ignore[index]
[rank1]:            ^^^^^^^^^^^^^^^^^^^^^^^^^^^^^^
[rank1]:   File "/home/9022acfa-8e5f-4547-a3e8-f314c90762c5/paris-hackathon-2026-training/.venv/lib/python3.12/site-packages/torch/nn/modules/module.py", line 1779, in _wrapped_call_impl
[rank1]:     return self._call_impl(*args, **kwargs)
[rank1]:            ^^^^^^^^^^^^^^^^^^^^^^^^^^^^^^^^
[rank1]:   File "/home/9022acfa-8e5f-4547-a3e8-f314c90762c5/paris-hackathon-2026-training/.venv/lib/python3.12/site-packages/torch/nn/modules/module.py", line 1790, in _call_impl
[rank1]:     return forward_call(*args, **kwargs)
[rank1]:            ^^^^^^^^^^^^^^^^^^^^^^^^^^^^^
[rank1]:   File "/home/9022acfa-8e5f-4547-a3e8-f314c90762c5/paris-hackathon-2026-training_rwln/model.py", line 107, in forward
[rank1]:     loss = F.cross_entropy(logits.view(-1, logits.size(-1)), targets.view(-1))
[rank1]:            ^^^^^^^^^^^^^^^^^^^^^^^^^^^^^^^^^^^^^^^^^^^^^^^^^^^^^^^^^^^^^^^^^^^
[rank1]:   File "/home/9022acfa-8e5f-4547-a3e8-f314c90762c5/paris-hackathon-2026-training/.venv/lib/python3.12/site-packages/torch/nn/functional.py", line 3504, in cross_entropy
[rank1]:     return torch._C._nn.cross_entropy_loss(
[rank1]:            ^^^^^^^^^^^^^^^^^^^^^^^^^^^^^^^^
[rank1]: torch.OutOfMemoryError: CUDA out of memory. Tried to allocate 8.00 GiB. GPU 1 has a total capacity of 267.69 GiB of which 5.34 GiB is free. Process 515560 has 188.57 GiB memory in use. Including non-PyTorch memory, this process has 73.75 GiB memory in use. Of the allocated memory 71.89 GiB is allocated by PyTorch, and 83.58 MiB is reserved by PyTorch but unallocated. If reserved but unallocated memory is large try setting PYTORCH_CUDA_ALLOC_CONF=expandable_segments:True to avoid fragmentation.  See documentation for Memory Management  (https://docs.pytorch.org/docs/stable/notes/cuda.html#optimizing-memory-usage-with-pytorch-cuda-alloc-conf)
[rank0]:[W409 15:19:17.231407432 ProcessGroupNCCL.cpp:1575] Warning: WARNING: destroy_process_group() was not called before program exit, which can leak resources. For more info, please see https://pytorch.org/docs/stable/distributed.html#shutdown (function operator())
W0409 15:19:19.304000 527334 torch/distributed/elastic/multiprocessing/api.py:1012] Sending process 527426 closing signal SIGTERM
E0409 15:19:19.569000 527334 torch/distributed/elastic/multiprocessing/api.py:986] failed (exitcode: 1) local_rank: 0 (pid: 527425) of binary: /home/9022acfa-8e5f-4547-a3e8-f314c90762c5/paris-hackathon-2026-training/.venv/bin/python
Traceback (most recent call last):
  File "<frozen runpy>", line 198, in _run_module_as_main
  File "<frozen runpy>", line 88, in _run_code
  File "/home/9022acfa-8e5f-4547-a3e8-f314c90762c5/paris-hackathon-2026-training/.venv/lib/python3.12/site-packages/torch/distributed/run.py", line 994, in <module>
    main()
  File "/home/9022acfa-8e5f-4547-a3e8-f314c90762c5/paris-hackathon-2026-training/.venv/lib/python3.12/site-packages/torch/distributed/elastic/multiprocessing/errors/__init__.py", line 362, in wrapper
    return f(*args, **kwargs)
           ^^^^^^^^^^^^^^^^^^
  File "/home/9022acfa-8e5f-4547-a3e8-f314c90762c5/paris-hackathon-2026-training/.venv/lib/python3.12/site-packages/torch/distributed/run.py", line 990, in main
    run(args)
  File "/home/9022acfa-8e5f-4547-a3e8-f314c90762c5/paris-hackathon-2026-training/.venv/lib/python3.12/site-packages/torch/distributed/run.py", line 981, in run
    elastic_launch(
  File "/home/9022acfa-8e5f-4547-a3e8-f314c90762c5/paris-hackathon-2026-training/.venv/lib/python3.12/site-packages/torch/distributed/launcher/api.py", line 170, in __call__
    return launch_agent(self._config, self._entrypoint, list(args))
           ^^^^^^^^^^^^^^^^^^^^^^^^^^^^^^^^^^^^^^^^^^^^^^^^^^^^^^^^
  File "/home/9022acfa-8e5f-4547-a3e8-f314c90762c5/paris-hackathon-2026-training/.venv/lib/python3.12/site-packages/torch/distributed/launcher/api.py", line 317, in launch_agent
    raise ChildFailedError(
torch.distributed.elastic.multiprocessing.errors.ChildFailedError: 
============================================================
train.py FAILED
------------------------------------------------------------
Failures:
[1]:
  time      : 2026-04-09_15:19:19
  host      : verda-hackathon-2
  rank      : 1 (local_rank: 1)
  exitcode  : 1 (pid: 527426)
  error_file: <N/A>
  traceback : To enable traceback see: https://pytorch.org/docs/stable/elastic/errors.html
------------------------------------------------------------
Root Cause (first observed failure):
[0]:
  time      : 2026-04-09_15:19:19
  host      : verda-hackathon-2
  rank      : 0 (local_rank: 0)
  exitcode  : 1 (pid: 527425)
  error_file: <N/A>
  traceback : To enable traceback see: https://pytorch.org/docs/stable/elastic/errors.html
============================================================
