Master: localhost:29501  |  Nodes: 1  |  GPUs: 0 (1)  |  Rank: 0
[model] 110.9M parameters
[optim] Muon: 72 params, AdamW: 52 params
[data] 50 shard(s), 5,000,000,000 tokens total
step=10 | loss=9.8772 | lr(muon)=2.00e-03 lr(adam)=3.00e-05 | tok/s=16207 | 4044ms/step | elapsed 0.7m | time left 599.3m
step=20 | loss=8.8537 | lr(muon)=4.00e-03 lr(adam)=6.00e-05 | tok/s=14155 | 4630ms/step | elapsed 1.5m | time left 598.5m
step=30 | loss=8.2196 | lr(muon)=6.00e-03 lr(adam)=9.00e-05 | tok/s=13793 | 4751ms/step | elapsed 2.3m | time left 597.7m
step=40 | loss=7.6958 | lr(muon)=8.00e-03 lr(adam)=1.20e-04 | tok/s=10410 | 6295ms/step | elapsed 3.1m | time left 596.9m
step=50 | loss=7.0753 | lr(muon)=1.00e-02 lr(adam)=1.50e-04 | tok/s=14247 | 4600ms/step | elapsed 4.0m | time left 596.0m
step=60 | loss=6.7931 | lr(muon)=1.20e-02 lr(adam)=1.80e-04 | tok/s=10770 | 6085ms/step | elapsed 4.8m | time left 595.2m
step=70 | loss=6.4602 | lr(muon)=1.40e-02 lr(adam)=2.10e-04 | tok/s=12752 | 5139ms/step | elapsed 5.7m | time left 594.3m
step=80 | loss=6.3704 | lr(muon)=1.60e-02 lr(adam)=2.40e-04 | tok/s=13621 | 4811ms/step | elapsed 6.6m | time left 593.4m
step=90 | loss=6.2058 | lr(muon)=1.80e-02 lr(adam)=2.70e-04 | tok/s=12832 | 5107ms/step | elapsed 7.4m | time left 592.6m
step=100 | loss=6.1322 | lr(muon)=2.00e-02 lr(adam)=3.00e-04 | tok/s=12974 | 5051ms/step | elapsed 8.3m | time left 591.7m
step=110 | loss=6.0174 | lr(muon)=2.00e-02 lr(adam)=3.00e-04 | tok/s=12746 | 5142ms/step | elapsed 9.2m | time left 590.8m
step=120 | loss=5.9340 | lr(muon)=2.00e-02 lr(adam)=3.00e-04 | tok/s=13078 | 5011ms/step | elapsed 10.1m | time left 589.9m
step=130 | loss=5.8783 | lr(muon)=2.00e-02 lr(adam)=3.00e-04 | tok/s=10327 | 6346ms/step | elapsed 10.9m | time left 589.1m
step=140 | loss=5.9012 | lr(muon)=2.00e-02 lr(adam)=3.00e-04 | tok/s=12576 | 5211ms/step | elapsed 11.8m | time left 588.2m
step=150 | loss=5.7725 | lr(muon)=2.00e-02 lr(adam)=3.00e-04 | tok/s=9867 | 6642ms/step | elapsed 12.7m | time left 587.3m
step=160 | loss=5.7012 | lr(muon)=2.00e-02 lr(adam)=3.00e-04 | tok/s=13624 | 4810ms/step | elapsed 13.5m | time left 586.5m
step=170 | loss=5.6644 | lr(muon)=2.00e-02 lr(adam)=3.00e-04 | tok/s=12863 | 5095ms/step | elapsed 14.4m | time left 585.6m
step=180 | loss=5.5539 | lr(muon)=2.00e-02 lr(adam)=3.00e-04 | tok/s=13780 | 4756ms/step | elapsed 15.3m | time left 584.7m
step=190 | loss=5.5567 | lr(muon)=2.00e-02 lr(adam)=3.00e-04 | tok/s=13327 | 4917ms/step | elapsed 16.2m | time left 583.8m
step=200 | loss=5.4256 | lr(muon)=2.00e-02 lr(adam)=3.00e-04 | tok/s=13226 | 4955ms/step | elapsed 17.0m | time left 583.0m
step=210 | loss=5.3924 | lr(muon)=2.00e-02 lr(adam)=3.00e-04 | tok/s=13415 | 4885ms/step | elapsed 17.9m | time left 582.1m
step=220 | loss=5.3977 | lr(muon)=2.00e-02 lr(adam)=3.00e-04 | tok/s=12538 | 5227ms/step | elapsed 18.7m | time left 581.3m
step=230 | loss=5.2859 | lr(muon)=2.00e-02 lr(adam)=3.00e-04 | tok/s=12959 | 5057ms/step | elapsed 19.6m | time left 580.4m
step=240 | loss=5.2387 | lr(muon)=2.00e-02 lr(adam)=2.99e-04 | tok/s=10607 | 6179ms/step | elapsed 20.5m | time left 579.5m
step=250 | loss=5.1935 | lr(muon)=2.00e-02 lr(adam)=2.99e-04 | tok/s=14041 | 4668ms/step | elapsed 21.4m | time left 578.6m
step=260 | loss=5.1270 | lr(muon)=2.00e-02 lr(adam)=2.99e-04 | tok/s=10503 | 6240ms/step | elapsed 22.2m | time left 577.8m
step=270 | loss=5.2163 | lr(muon)=1.99e-02 lr(adam)=2.99e-04 | tok/s=13071 | 5014ms/step | elapsed 23.1m | time left 576.9m
step=280 | loss=5.1342 | lr(muon)=1.99e-02 lr(adam)=2.99e-04 | tok/s=13859 | 4729ms/step | elapsed 24.0m | time left 576.0m
step=290 | loss=5.0283 | lr(muon)=1.99e-02 lr(adam)=2.99e-04 | tok/s=12791 | 5124ms/step | elapsed 24.8m | time left 575.2m
step=300 | loss=4.9229 | lr(muon)=1.99e-02 lr(adam)=2.99e-04 | tok/s=13715 | 4779ms/step | elapsed 25.7m | time left 574.3m
step=310 | loss=4.9252 | lr(muon)=1.99e-02 lr(adam)=2.99e-04 | tok/s=13621 | 4812ms/step | elapsed 26.6m | time left 573.4m
step=320 | loss=4.9379 | lr(muon)=1.99e-02 lr(adam)=2.99e-04 | tok/s=13757 | 4764ms/step | elapsed 27.4m | time left 572.6m
step=330 | loss=4.8350 | lr(muon)=1.99e-02 lr(adam)=2.99e-04 | tok/s=12785 | 5126ms/step | elapsed 28.3m | time left 571.7m
step=340 | loss=4.7984 | lr(muon)=1.99e-02 lr(adam)=2.98e-04 | tok/s=13523 | 4846ms/step | elapsed 29.2m | time left 570.8m
step=350 | loss=4.8281 | lr(muon)=1.99e-02 lr(adam)=2.98e-04 | tok/s=10408 | 6297ms/step | elapsed 30.1m | time left 569.9m
step=360 | loss=4.7170 | lr(muon)=1.99e-02 lr(adam)=2.98e-04 | tok/s=14524 | 4512ms/step | elapsed 30.9m | time left 569.1m
step=370 | loss=4.7664 | lr(muon)=1.99e-02 lr(adam)=2.98e-04 | tok/s=10239 | 6401ms/step | elapsed 31.8m | time left 568.2m
step=380 | loss=4.6737 | lr(muon)=1.99e-02 lr(adam)=2.98e-04 | tok/s=13779 | 4756ms/step | elapsed 32.6m | time left 567.4m
step=390 | loss=4.6317 | lr(muon)=1.98e-02 lr(adam)=2.98e-04 | tok/s=13148 | 4985ms/step | elapsed 33.5m | time left 566.5m
step=400 | loss=4.7308 | lr(muon)=1.98e-02 lr(adam)=2.98e-04 | tok/s=13486 | 4860ms/step | elapsed 34.4m | time left 565.6m
step=410 | loss=4.5968 | lr(muon)=1.98e-02 lr(adam)=2.97e-04 | tok/s=12702 | 5159ms/step | elapsed 35.2m | time left 564.8m
step=420 | loss=4.5708 | lr(muon)=1.98e-02 lr(adam)=2.97e-04 | tok/s=13781 | 4755ms/step | elapsed 36.1m | time left 563.9m
step=430 | loss=4.5360 | lr(muon)=1.98e-02 lr(adam)=2.97e-04 | tok/s=13933 | 4704ms/step | elapsed 36.9m | time left 563.1m
step=440 | loss=4.5642 | lr(muon)=1.98e-02 lr(adam)=2.97e-04 | tok/s=13692 | 4787ms/step | elapsed 37.8m | time left 562.2m
step=450 | loss=4.4859 | lr(muon)=1.98e-02 lr(adam)=2.97e-04 | tok/s=12352 | 5306ms/step | elapsed 38.7m | time left 561.3m
step=460 | loss=4.4377 | lr(muon)=1.98e-02 lr(adam)=2.96e-04 | tok/s=13678 | 4791ms/step | elapsed 39.5m | time left 560.5m
step=470 | loss=4.4432 | lr(muon)=1.97e-02 lr(adam)=2.96e-04 | tok/s=13405 | 4889ms/step | elapsed 40.4m | time left 559.6m
step=480 | loss=4.4044 | lr(muon)=1.97e-02 lr(adam)=2.96e-04 | tok/s=10222 | 6411ms/step | elapsed 41.3m | time left 558.7m
step=490 | loss=4.3038 | lr(muon)=1.97e-02 lr(adam)=2.96e-04 | tok/s=13669 | 4794ms/step | elapsed 42.1m | time left 557.9m
step=500 | loss=4.3275 | lr(muon)=1.97e-02 lr(adam)=2.96e-04 | tok/s=10637 | 6161ms/step | elapsed 43.0m | time left 557.0m
step=510 | loss=4.3102 | lr(muon)=1.97e-02 lr(adam)=2.95e-04 | tok/s=13756 | 4764ms/step | elapsed 43.8m | time left 556.2m
step=520 | loss=4.2258 | lr(muon)=1.97e-02 lr(adam)=2.95e-04 | tok/s=10501 | 6241ms/step | elapsed 44.7m | time left 555.3m
step=530 | loss=4.3313 | lr(muon)=1.97e-02 lr(adam)=2.95e-04 | tok/s=12862 | 5095ms/step | elapsed 45.5m | time left 554.5m
step=540 | loss=4.2204 | lr(muon)=1.96e-02 lr(adam)=2.95e-04 | tok/s=13719 | 4777ms/step | elapsed 46.4m | time left 553.6m
step=550 | loss=4.2537 | lr(muon)=1.96e-02 lr(adam)=2.94e-04 | tok/s=13417 | 4885ms/step | elapsed 47.3m | time left 552.7m
step=560 | loss=4.2205 | lr(muon)=1.96e-02 lr(adam)=2.94e-04 | tok/s=13205 | 4963ms/step | elapsed 48.1m | time left 551.9m
step=570 | loss=4.3052 | lr(muon)=1.96e-02 lr(adam)=2.94e-04 | tok/s=13211 | 4961ms/step | elapsed 49.0m | time left 551.0m
step=580 | loss=4.1373 | lr(muon)=1.96e-02 lr(adam)=2.94e-04 | tok/s=13350 | 4909ms/step | elapsed 49.8m | time left 550.2m
step=590 | loss=4.2625 | lr(muon)=1.96e-02 lr(adam)=2.93e-04 | tok/s=12898 | 5081ms/step | elapsed 50.7m | time left 549.3m
step=600 | loss=4.2280 | lr(muon)=1.95e-02 lr(adam)=2.93e-04 | tok/s=12742 | 5143ms/step | elapsed 51.6m | time left 548.4m
step=610 | loss=4.2317 | lr(muon)=1.95e-02 lr(adam)=2.93e-04 | tok/s=13608 | 4816ms/step | elapsed 52.4m | time left 547.6m
step=620 | loss=4.2408 | lr(muon)=1.95e-02 lr(adam)=2.93e-04 | tok/s=13709 | 4781ms/step | elapsed 53.3m | time left 546.7m
step=630 | loss=4.2529 | lr(muon)=1.95e-02 lr(adam)=2.92e-04 | tok/s=13315 | 4922ms/step | elapsed 54.1m | time left 545.9m
step=640 | loss=4.2441 | lr(muon)=1.95e-02 lr(adam)=2.92e-04 | tok/s=13856 | 4730ms/step | elapsed 55.0m | time left 545.0m
step=650 | loss=4.0689 | lr(muon)=1.94e-02 lr(adam)=2.92e-04 | tok/s=13842 | 4735ms/step | elapsed 55.8m | time left 544.2m
step=660 | loss=4.1014 | lr(muon)=1.94e-02 lr(adam)=2.91e-04 | tok/s=13462 | 4868ms/step | elapsed 56.7m | time left 543.3m
step=670 | loss=4.1129 | lr(muon)=1.94e-02 lr(adam)=2.91e-04 | tok/s=10185 | 6435ms/step | elapsed 57.6m | time left 542.4m
step=680 | loss=4.0934 | lr(muon)=1.94e-02 lr(adam)=2.91e-04 | tok/s=13443 | 4875ms/step | elapsed 58.4m | time left 541.6m
step=690 | loss=4.1831 | lr(muon)=1.94e-02 lr(adam)=2.90e-04 | tok/s=10433 | 6281ms/step | elapsed 59.3m | time left 540.7m
step=700 | loss=4.0949 | lr(muon)=1.93e-02 lr(adam)=2.90e-04 | tok/s=13886 | 4720ms/step | elapsed 60.1m | time left 539.9m
step=710 | loss=4.1583 | lr(muon)=1.93e-02 lr(adam)=2.90e-04 | tok/s=10228 | 6407ms/step | elapsed 61.0m | time left 539.0m
step=720 | loss=4.0951 | lr(muon)=1.93e-02 lr(adam)=2.89e-04 | tok/s=13040 | 5026ms/step | elapsed 61.8m | time left 538.2m
step=730 | loss=4.1150 | lr(muon)=1.93e-02 lr(adam)=2.89e-04 | tok/s=10394 | 6305ms/step | elapsed 62.7m | time left 537.3m
step=740 | loss=4.0035 | lr(muon)=1.93e-02 lr(adam)=2.89e-04 | tok/s=13552 | 4836ms/step | elapsed 63.5m | time left 536.5m
step=750 | loss=3.9941 | lr(muon)=1.92e-02 lr(adam)=2.88e-04 | tok/s=13534 | 4842ms/step | elapsed 64.4m | time left 535.6m
step=760 | loss=4.0423 | lr(muon)=1.92e-02 lr(adam)=2.88e-04 | tok/s=13999 | 4682ms/step | elapsed 65.2m | time left 534.8m
step=770 | loss=4.0761 | lr(muon)=1.92e-02 lr(adam)=2.88e-04 | tok/s=12829 | 5108ms/step | elapsed 66.1m | time left 533.9m
step=780 | loss=4.0240 | lr(muon)=1.92e-02 lr(adam)=2.87e-04 | tok/s=13311 | 4924ms/step | elapsed 66.9m | time left 533.1m
step=790 | loss=4.0617 | lr(muon)=1.91e-02 lr(adam)=2.87e-04 | tok/s=13056 | 5020ms/step | elapsed 67.8m | time left 532.2m
step=800 | loss=4.0582 | lr(muon)=1.91e-02 lr(adam)=2.87e-04 | tok/s=13690 | 4787ms/step | elapsed 68.6m | time left 531.4m
step=810 | loss=3.9718 | lr(muon)=1.91e-02 lr(adam)=2.86e-04 | tok/s=13039 | 5026ms/step | elapsed 69.5m | time left 530.5m
step=820 | loss=4.0031 | lr(muon)=1.91e-02 lr(adam)=2.86e-04 | tok/s=13023 | 5032ms/step | elapsed 70.3m | time left 529.7m
step=830 | loss=3.9363 | lr(muon)=1.90e-02 lr(adam)=2.85e-04 | tok/s=13202 | 4964ms/step | elapsed 71.2m | time left 528.8m
step=840 | loss=4.0058 | lr(muon)=1.90e-02 lr(adam)=2.85e-04 | tok/s=13732 | 4773ms/step | elapsed 72.0m | time left 528.0m
step=850 | loss=3.9680 | lr(muon)=1.90e-02 lr(adam)=2.85e-04 | tok/s=13270 | 4939ms/step | elapsed 72.9m | time left 527.1m
step=860 | loss=3.9103 | lr(muon)=1.90e-02 lr(adam)=2.84e-04 | tok/s=13467 | 4866ms/step | elapsed 73.7m | time left 526.3m
step=870 | loss=3.8979 | lr(muon)=1.89e-02 lr(adam)=2.84e-04 | tok/s=13745 | 4768ms/step | elapsed 74.6m | time left 525.4m
step=880 | loss=3.9801 | lr(muon)=1.89e-02 lr(adam)=2.83e-04 | tok/s=13242 | 4949ms/step | elapsed 75.5m | time left 524.5m
step=890 | loss=3.9071 | lr(muon)=1.89e-02 lr(adam)=2.83e-04 | tok/s=14078 | 4655ms/step | elapsed 76.3m | time left 523.7m
step=900 | loss=3.9641 | lr(muon)=1.88e-02 lr(adam)=2.83e-04 | tok/s=14065 | 4659ms/step | elapsed 77.1m | time left 522.9m
step=910 | loss=4.0507 | lr(muon)=1.88e-02 lr(adam)=2.82e-04 | tok/s=14225 | 4607ms/step | elapsed 78.0m | time left 522.0m
step=920 | loss=3.9792 | lr(muon)=1.88e-02 lr(adam)=2.82e-04 | tok/s=13651 | 4801ms/step | elapsed 78.8m | time left 521.2m
step=930 | loss=3.8656 | lr(muon)=1.88e-02 lr(adam)=2.81e-04 | tok/s=14456 | 4533ms/step | elapsed 79.7m | time left 520.3m
step=940 | loss=4.0011 | lr(muon)=1.87e-02 lr(adam)=2.81e-04 | tok/s=12653 | 5180ms/step | elapsed 80.5m | time left 519.5m
step=950 | loss=3.8374 | lr(muon)=1.87e-02 lr(adam)=2.80e-04 | tok/s=13468 | 4866ms/step | elapsed 81.4m | time left 518.6m
step=960 | loss=3.9754 | lr(muon)=1.87e-02 lr(adam)=2.80e-04 | tok/s=12362 | 5301ms/step | elapsed 82.2m | time left 517.8m
step=970 | loss=3.9253 | lr(muon)=1.86e-02 lr(adam)=2.80e-04 | tok/s=13494 | 4857ms/step | elapsed 83.1m | time left 516.9m
step=980 | loss=3.9451 | lr(muon)=1.86e-02 lr(adam)=2.79e-04 | tok/s=10504 | 6239ms/step | elapsed 84.0m | time left 516.0m
step=990 | loss=3.9289 | lr(muon)=1.86e-02 lr(adam)=2.79e-04 | tok/s=13111 | 4998ms/step | elapsed 84.8m | time left 515.2m
step=1000 | loss=3.8399 | lr(muon)=1.85e-02 lr(adam)=2.78e-04 | tok/s=11179 | 5862ms/step | elapsed 85.7m | time left 514.3m
step=1010 | loss=3.8856 | lr(muon)=1.85e-02 lr(adam)=2.78e-04 | tok/s=13630 | 4808ms/step | elapsed 86.5m | time left 513.5m
step=1020 | loss=3.8578 | lr(muon)=1.85e-02 lr(adam)=2.77e-04 | tok/s=14441 | 4538ms/step | elapsed 87.4m | time left 512.6m
step=1030 | loss=3.8934 | lr(muon)=1.84e-02 lr(adam)=2.77e-04 | tok/s=12252 | 5349ms/step | elapsed 88.2m | time left 511.8m
step=1040 | loss=3.8074 | lr(muon)=1.84e-02 lr(adam)=2.76e-04 | tok/s=13774 | 4758ms/step | elapsed 89.1m | time left 510.9m
step=1050 | loss=3.8738 | lr(muon)=1.84e-02 lr(adam)=2.76e-04 | tok/s=13210 | 4961ms/step | elapsed 89.9m | time left 510.1m
step=1060 | loss=3.8759 | lr(muon)=1.83e-02 lr(adam)=2.75e-04 | tok/s=13913 | 4710ms/step | elapsed 90.8m | time left 509.2m
step=1070 | loss=3.8380 | lr(muon)=1.83e-02 lr(adam)=2.75e-04 | tok/s=12141 | 5398ms/step | elapsed 91.6m | time left 508.4m
step=1080 | loss=3.8751 | lr(muon)=1.83e-02 lr(adam)=2.74e-04 | tok/s=14929 | 4390ms/step | elapsed 92.5m | time left 507.5m
step=1090 | loss=3.7616 | lr(muon)=1.82e-02 lr(adam)=2.74e-04 | tok/s=13225 | 4956ms/step | elapsed 93.3m | time left 506.7m
step=1100 | loss=3.8149 | lr(muon)=1.82e-02 lr(adam)=2.73e-04 | tok/s=13832 | 4738ms/step | elapsed 94.2m | time left 505.8m
step=1110 | loss=3.8564 | lr(muon)=1.82e-02 lr(adam)=2.73e-04 | tok/s=10521 | 6229ms/step | elapsed 95.1m | time left 504.9m
step=1120 | loss=3.8154 | lr(muon)=1.81e-02 lr(adam)=2.72e-04 | tok/s=12602 | 5200ms/step | elapsed 95.9m | time left 504.1m
step=1130 | loss=3.8912 | lr(muon)=1.81e-02 lr(adam)=2.72e-04 | tok/s=10237 | 6402ms/step | elapsed 96.8m | time left 503.2m
step=1140 | loss=3.8307 | lr(muon)=1.81e-02 lr(adam)=2.71e-04 | tok/s=13850 | 4732ms/step | elapsed 97.6m | time left 502.4m
step=1150 | loss=3.8333 | lr(muon)=1.80e-02 lr(adam)=2.71e-04 | tok/s=10657 | 6149ms/step | elapsed 98.5m | time left 501.5m
step=1160 | loss=3.8544 | lr(muon)=1.80e-02 lr(adam)=2.70e-04 | tok/s=12586 | 5207ms/step | elapsed 99.3m | time left 500.7m
step=1170 | loss=3.8441 | lr(muon)=1.80e-02 lr(adam)=2.69e-04 | tok/s=13433 | 4879ms/step | elapsed 100.2m | time left 499.8m
step=1180 | loss=3.9322 | lr(muon)=1.79e-02 lr(adam)=2.69e-04 | tok/s=13271 | 4938ms/step | elapsed 101.0m | time left 499.0m
step=1190 | loss=3.7777 | lr(muon)=1.79e-02 lr(adam)=2.68e-04 | tok/s=14411 | 4548ms/step | elapsed 101.8m | time left 498.2m
step=1200 | loss=3.8762 | lr(muon)=1.79e-02 lr(adam)=2.68e-04 | tok/s=13275 | 4937ms/step | elapsed 102.7m | time left 497.3m
step=1210 | loss=3.7821 | lr(muon)=1.78e-02 lr(adam)=2.67e-04 | tok/s=13661 | 4797ms/step | elapsed 103.5m | time left 496.5m
step=1220 | loss=3.7279 | lr(muon)=1.78e-02 lr(adam)=2.67e-04 | tok/s=13767 | 4760ms/step | elapsed 104.4m | time left 495.6m
step=1230 | loss=3.9040 | lr(muon)=1.77e-02 lr(adam)=2.66e-04 | tok/s=13404 | 4889ms/step | elapsed 105.2m | time left 494.8m
step=1240 | loss=3.7617 | lr(muon)=1.77e-02 lr(adam)=2.66e-04 | tok/s=12948 | 5062ms/step | elapsed 106.1m | time left 493.9m
step=1250 | loss=3.7688 | lr(muon)=1.77e-02 lr(adam)=2.65e-04 | tok/s=13624 | 4810ms/step | elapsed 106.9m | time left 493.1m
step=1260 | loss=3.7958 | lr(muon)=1.76e-02 lr(adam)=2.64e-04 | tok/s=13535 | 4842ms/step | elapsed 107.7m | time left 492.3m
step=1270 | loss=3.8120 | lr(muon)=1.76e-02 lr(adam)=2.64e-04 | tok/s=14177 | 4623ms/step | elapsed 108.6m | time left 491.4m
step=1280 | loss=3.8068 | lr(muon)=1.75e-02 lr(adam)=2.63e-04 | tok/s=13391 | 4894ms/step | elapsed 109.4m | time left 490.6m
step=1290 | loss=3.7544 | lr(muon)=1.75e-02 lr(adam)=2.63e-04 | tok/s=13923 | 4707ms/step | elapsed 110.3m | time left 489.7m
step=1300 | loss=3.7580 | lr(muon)=1.75e-02 lr(adam)=2.62e-04 | tok/s=10902 | 6011ms/step | elapsed 111.1m | time left 488.9m
step=1310 | loss=3.7442 | lr(muon)=1.74e-02 lr(adam)=2.61e-04 | tok/s=13363 | 4904ms/step | elapsed 112.0m | time left 488.0m
step=1320 | loss=3.8172 | lr(muon)=1.74e-02 lr(adam)=2.61e-04 | tok/s=10740 | 6102ms/step | elapsed 112.8m | time left 487.2m
step=1330 | loss=3.6256 | lr(muon)=1.73e-02 lr(adam)=2.60e-04 | tok/s=12985 | 5047ms/step | elapsed 113.7m | time left 486.3m
step=1340 | loss=3.8443 | lr(muon)=1.73e-02 lr(adam)=2.60e-04 | tok/s=12530 | 5230ms/step | elapsed 114.6m | time left 485.4m
step=1350 | loss=3.7667 | lr(muon)=1.73e-02 lr(adam)=2.59e-04 | tok/s=13662 | 4797ms/step | elapsed 115.4m | time left 484.6m
step=1360 | loss=3.6899 | lr(muon)=1.72e-02 lr(adam)=2.58e-04 | tok/s=13528 | 4844ms/step | elapsed 116.2m | time left 483.8m
step=1370 | loss=3.7259 | lr(muon)=1.72e-02 lr(adam)=2.58e-04 | tok/s=13347 | 4910ms/step | elapsed 117.1m | time left 482.9m
step=1380 | loss=3.7717 | lr(muon)=1.71e-02 lr(adam)=2.57e-04 | tok/s=13861 | 4728ms/step | elapsed 117.9m | time left 482.1m
step=1390 | loss=3.6884 | lr(muon)=1.71e-02 lr(adam)=2.56e-04 | tok/s=13471 | 4865ms/step | elapsed 118.8m | time left 481.2m
step=1400 | loss=3.6743 | lr(muon)=1.71e-02 lr(adam)=2.56e-04 | tok/s=13346 | 4910ms/step | elapsed 119.6m | time left 480.4m
step=1410 | loss=3.9209 | lr(muon)=1.70e-02 lr(adam)=2.55e-04 | tok/s=13343 | 4912ms/step | elapsed 120.5m | time left 479.5m
step=1420 | loss=3.7691 | lr(muon)=1.70e-02 lr(adam)=2.54e-04 | tok/s=13208 | 4962ms/step | elapsed 121.3m | time left 478.7m
step=1430 | loss=3.8050 | lr(muon)=1.69e-02 lr(adam)=2.54e-04 | tok/s=13630 | 4808ms/step | elapsed 122.2m | time left 477.8m
step=1440 | loss=3.7475 | lr(muon)=1.69e-02 lr(adam)=2.53e-04 | tok/s=14012 | 4677ms/step | elapsed 123.0m | time left 477.0m
step=1450 | loss=3.6508 | lr(muon)=1.68e-02 lr(adam)=2.53e-04 | tok/s=14019 | 4675ms/step | elapsed 123.9m | time left 476.1m
step=1460 | loss=3.7795 | lr(muon)=1.68e-02 lr(adam)=2.52e-04 | tok/s=12702 | 5159ms/step | elapsed 124.7m | time left 475.3m
step=1470 | loss=3.6653 | lr(muon)=1.67e-02 lr(adam)=2.51e-04 | tok/s=13911 | 4711ms/step | elapsed 125.5m | time left 474.5m
step=1480 | loss=3.6209 | lr(muon)=1.67e-02 lr(adam)=2.51e-04 | tok/s=13552 | 4836ms/step | elapsed 126.4m | time left 473.6m
step=1490 | loss=3.6468 | lr(muon)=1.67e-02 lr(adam)=2.50e-04 | tok/s=11500 | 5699ms/step | elapsed 127.2m | time left 472.8m
step=1500 | loss=3.7113 | lr(muon)=1.66e-02 lr(adam)=2.49e-04 | tok/s=13259 | 4943ms/step | elapsed 128.1m | time left 471.9m
step=1510 | loss=3.6704 | lr(muon)=1.66e-02 lr(adam)=2.48e-04 | tok/s=10485 | 6251ms/step | elapsed 128.9m | time left 471.1m
step=1520 | loss=3.6694 | lr(muon)=1.65e-02 lr(adam)=2.48e-04 | tok/s=13756 | 4764ms/step | elapsed 129.7m | time left 470.3m
step=1530 | loss=3.6515 | lr(muon)=1.65e-02 lr(adam)=2.47e-04 | tok/s=10794 | 6072ms/step | elapsed 130.6m | time left 469.4m
step=1540 | loss=3.6172 | lr(muon)=1.64e-02 lr(adam)=2.46e-04 | tok/s=14040 | 4668ms/step | elapsed 131.4m | time left 468.6m
step=1550 | loss=3.7506 | lr(muon)=1.64e-02 lr(adam)=2.46e-04 | tok/s=10256 | 6390ms/step | elapsed 132.3m | time left 467.7m
step=1560 | loss=3.7288 | lr(muon)=1.63e-02 lr(adam)=2.45e-04 | tok/s=14254 | 4598ms/step | elapsed 133.1m | time left 466.9m
step=1570 | loss=3.6246 | lr(muon)=1.63e-02 lr(adam)=2.44e-04 | tok/s=10448 | 6272ms/step | elapsed 134.0m | time left 466.0m
step=1580 | loss=3.6402 | lr(muon)=1.62e-02 lr(adam)=2.44e-04 | tok/s=14333 | 4572ms/step | elapsed 134.8m | time left 465.2m
step=1590 | loss=3.6313 | lr(muon)=1.62e-02 lr(adam)=2.43e-04 | tok/s=10976 | 5971ms/step | elapsed 135.7m | time left 464.3m
step=1600 | loss=3.7360 | lr(muon)=1.61e-02 lr(adam)=2.42e-04 | tok/s=14264 | 4595ms/step | elapsed 136.5m | time left 463.5m
step=1610 | loss=3.7860 | lr(muon)=1.61e-02 lr(adam)=2.42e-04 | tok/s=10330 | 6344ms/step | elapsed 137.4m | time left 462.6m
step=1620 | loss=3.7311 | lr(muon)=1.61e-02 lr(adam)=2.41e-04 | tok/s=14208 | 4613ms/step | elapsed 138.2m | time left 461.8m
step=1630 | loss=3.7204 | lr(muon)=1.60e-02 lr(adam)=2.40e-04 | tok/s=10427 | 6285ms/step | elapsed 139.0m | time left 461.0m
step=1640 | loss=3.7294 | lr(muon)=1.60e-02 lr(adam)=2.39e-04 | tok/s=13695 | 4785ms/step | elapsed 139.9m | time left 460.1m
step=1650 | loss=3.7101 | lr(muon)=1.59e-02 lr(adam)=2.39e-04 | tok/s=13462 | 4868ms/step | elapsed 140.7m | time left 459.3m
step=1660 | loss=3.6190 | lr(muon)=1.59e-02 lr(adam)=2.38e-04 | tok/s=13970 | 4691ms/step | elapsed 141.6m | time left 458.4m
step=1670 | loss=3.6849 | lr(muon)=1.58e-02 lr(adam)=2.37e-04 | tok/s=14137 | 4636ms/step | elapsed 142.4m | time left 457.6m
step=1680 | loss=3.6346 | lr(muon)=1.58e-02 lr(adam)=2.36e-04 | tok/s=13370 | 4902ms/step | elapsed 143.2m | time left 456.8m
step=1690 | loss=3.7040 | lr(muon)=1.57e-02 lr(adam)=2.36e-04 | tok/s=13423 | 4882ms/step | elapsed 144.1m | time left 455.9m
step=1700 | loss=3.6285 | lr(muon)=1.57e-02 lr(adam)=2.35e-04 | tok/s=14160 | 4628ms/step | elapsed 144.9m | time left 455.1m
step=1710 | loss=3.6748 | lr(muon)=1.56e-02 lr(adam)=2.34e-04 | tok/s=13655 | 4799ms/step | elapsed 145.8m | time left 454.2m
step=1720 | loss=3.6732 | lr(muon)=1.56e-02 lr(adam)=2.33e-04 | tok/s=13944 | 4700ms/step | elapsed 146.6m | time left 453.4m
step=1730 | loss=3.6743 | lr(muon)=1.55e-02 lr(adam)=2.33e-04 | tok/s=10481 | 6253ms/step | elapsed 147.4m | time left 452.6m
step=1740 | loss=3.6620 | lr(muon)=1.55e-02 lr(adam)=2.32e-04 | tok/s=14496 | 4521ms/step | elapsed 148.3m | time left 451.7m
step=1750 | loss=3.5632 | lr(muon)=1.54e-02 lr(adam)=2.31e-04 | tok/s=10551 | 6211ms/step | elapsed 149.1m | time left 450.9m
step=1760 | loss=3.5497 | lr(muon)=1.54e-02 lr(adam)=2.30e-04 | tok/s=14178 | 4622ms/step | elapsed 149.9m | time left 450.1m
step=1770 | loss=3.6199 | lr(muon)=1.53e-02 lr(adam)=2.30e-04 | tok/s=10376 | 6316ms/step | elapsed 150.8m | time left 449.2m
step=1780 | loss=3.6437 | lr(muon)=1.53e-02 lr(adam)=2.29e-04 | tok/s=14161 | 4628ms/step | elapsed 151.6m | time left 448.4m
step=1790 | loss=3.5607 | lr(muon)=1.52e-02 lr(adam)=2.28e-04 | tok/s=10395 | 6304ms/step | elapsed 152.5m | time left 447.5m
step=1800 | loss=3.6259 | lr(muon)=1.52e-02 lr(adam)=2.27e-04 | tok/s=13814 | 4744ms/step | elapsed 153.3m | time left 446.7m
step=1810 | loss=3.6278 | lr(muon)=1.51e-02 lr(adam)=2.27e-04 | tok/s=10169 | 6445ms/step | elapsed 154.1m | time left 445.9m
step=1820 | loss=3.5545 | lr(muon)=1.51e-02 lr(adam)=2.26e-04 | tok/s=14774 | 4436ms/step | elapsed 155.0m | time left 445.0m
step=1830 | loss=3.6426 | lr(muon)=1.50e-02 lr(adam)=2.25e-04 | tok/s=13531 | 4843ms/step | elapsed 155.8m | time left 444.2m
step=1840 | loss=3.5871 | lr(muon)=1.50e-02 lr(adam)=2.24e-04 | tok/s=14330 | 4573ms/step | elapsed 156.6m | time left 443.4m
step=1850 | loss=3.6226 | lr(muon)=1.49e-02 lr(adam)=2.24e-04 | tok/s=13970 | 4691ms/step | elapsed 157.5m | time left 442.5m
step=1860 | loss=3.6811 | lr(muon)=1.49e-02 lr(adam)=2.23e-04 | tok/s=13524 | 4846ms/step | elapsed 158.3m | time left 441.7m
step=1870 | loss=3.6028 | lr(muon)=1.48e-02 lr(adam)=2.22e-04 | tok/s=13082 | 5010ms/step | elapsed 159.2m | time left 440.8m
step=1880 | loss=3.6330 | lr(muon)=1.47e-02 lr(adam)=2.21e-04 | tok/s=13551 | 4836ms/step | elapsed 160.0m | time left 440.0m
step=1890 | loss=3.6273 | lr(muon)=1.47e-02 lr(adam)=2.20e-04 | tok/s=10487 | 6249ms/step | elapsed 160.9m | time left 439.1m
step=1900 | loss=3.6316 | lr(muon)=1.46e-02 lr(adam)=2.20e-04 | tok/s=13307 | 4925ms/step | elapsed 161.7m | time left 438.3m
step=1910 | loss=3.5786 | lr(muon)=1.46e-02 lr(adam)=2.19e-04 | tok/s=10886 | 6020ms/step | elapsed 162.6m | time left 437.4m
step=1920 | loss=3.5901 | lr(muon)=1.45e-02 lr(adam)=2.18e-04 | tok/s=13153 | 4982ms/step | elapsed 163.4m | time left 436.6m
step=1930 | loss=3.5705 | lr(muon)=1.45e-02 lr(adam)=2.17e-04 | tok/s=10481 | 6253ms/step | elapsed 164.2m | time left 435.8m
step=1940 | loss=3.6591 | lr(muon)=1.44e-02 lr(adam)=2.16e-04 | tok/s=13328 | 4917ms/step | elapsed 165.1m | time left 434.9m
step=1950 | loss=3.5454 | lr(muon)=1.44e-02 lr(adam)=2.16e-04 | tok/s=9875 | 6636ms/step | elapsed 165.9m | time left 434.1m
step=1960 | loss=3.5579 | lr(muon)=1.43e-02 lr(adam)=2.15e-04 | tok/s=13680 | 4791ms/step | elapsed 166.8m | time left 433.2m
step=1970 | loss=3.5957 | lr(muon)=1.43e-02 lr(adam)=2.14e-04 | tok/s=10416 | 6292ms/step | elapsed 167.6m | time left 432.4m
step=1980 | loss=3.4590 | lr(muon)=1.42e-02 lr(adam)=2.13e-04 | tok/s=13304 | 4926ms/step | elapsed 168.4m | time left 431.6m
step=1990 | loss=3.6134 | lr(muon)=1.42e-02 lr(adam)=2.12e-04 | tok/s=10506 | 6238ms/step | elapsed 169.3m | time left 430.7m
step=2000 | loss=3.5686 | lr(muon)=1.41e-02 lr(adam)=2.12e-04 | tok/s=14074 | 4657ms/step | elapsed 170.1m | time left 429.9m
step=2010 | loss=3.5970 | lr(muon)=1.41e-02 lr(adam)=2.11e-04 | tok/s=9962 | 6579ms/step | elapsed 171.0m | time left 429.0m
step=2020 | loss=3.5212 | lr(muon)=1.40e-02 lr(adam)=2.10e-04 | tok/s=13746 | 4768ms/step | elapsed 171.8m | time left 428.2m
step=2030 | loss=3.6114 | lr(muon)=1.39e-02 lr(adam)=2.09e-04 | tok/s=10454 | 6269ms/step | elapsed 172.7m | time left 427.3m
step=2040 | loss=3.6144 | lr(muon)=1.39e-02 lr(adam)=2.08e-04 | tok/s=13878 | 4722ms/step | elapsed 173.5m | time left 426.5m
step=2050 | loss=3.7092 | lr(muon)=1.38e-02 lr(adam)=2.08e-04 | tok/s=10311 | 6356ms/step | elapsed 174.4m | time left 425.6m
step=2060 | loss=3.5478 | lr(muon)=1.38e-02 lr(adam)=2.07e-04 | tok/s=13490 | 4858ms/step | elapsed 175.2m | time left 424.8m
step=2070 | loss=3.5580 | lr(muon)=1.37e-02 lr(adam)=2.06e-04 | tok/s=10291 | 6369ms/step | elapsed 176.1m | time left 423.9m
step=2080 | loss=3.5232 | lr(muon)=1.37e-02 lr(adam)=2.05e-04 | tok/s=13972 | 4691ms/step | elapsed 176.9m | time left 423.1m
step=2090 | loss=3.6901 | lr(muon)=1.36e-02 lr(adam)=2.04e-04 | tok/s=10648 | 6155ms/step | elapsed 177.7m | time left 422.3m
step=2100 | loss=3.5405 | lr(muon)=1.36e-02 lr(adam)=2.03e-04 | tok/s=13806 | 4747ms/step | elapsed 178.6m | time left 421.4m
step=2110 | loss=3.4655 | lr(muon)=1.35e-02 lr(adam)=2.03e-04 | tok/s=14387 | 4555ms/step | elapsed 179.4m | time left 420.6m
step=2120 | loss=3.5292 | lr(muon)=1.34e-02 lr(adam)=2.02e-04 | tok/s=13577 | 4827ms/step | elapsed 180.2m | time left 419.8m
step=2130 | loss=3.5390 | lr(muon)=1.34e-02 lr(adam)=2.01e-04 | tok/s=13192 | 4968ms/step | elapsed 181.1m | time left 418.9m
step=2140 | loss=3.5424 | lr(muon)=1.33e-02 lr(adam)=2.00e-04 | tok/s=14107 | 4646ms/step | elapsed 181.9m | time left 418.1m
step=2150 | loss=3.5090 | lr(muon)=1.33e-02 lr(adam)=1.99e-04 | tok/s=14394 | 4553ms/step | elapsed 182.7m | time left 417.3m
step=2160 | loss=3.5752 | lr(muon)=1.32e-02 lr(adam)=1.98e-04 | tok/s=14373 | 4560ms/step | elapsed 183.6m | time left 416.4m
step=2170 | loss=3.6964 | lr(muon)=1.32e-02 lr(adam)=1.98e-04 | tok/s=13552 | 4836ms/step | elapsed 184.4m | time left 415.6m
step=2180 | loss=3.4275 | lr(muon)=1.31e-02 lr(adam)=1.97e-04 | tok/s=13570 | 4829ms/step | elapsed 185.3m | time left 414.7m
step=2190 | loss=3.5544 | lr(muon)=1.31e-02 lr(adam)=1.96e-04 | tok/s=13291 | 4931ms/step | elapsed 186.1m | time left 413.9m
step=2200 | loss=3.4987 | lr(muon)=1.30e-02 lr(adam)=1.95e-04 | tok/s=13785 | 4754ms/step | elapsed 187.0m | time left 413.0m
step=2210 | loss=3.5523 | lr(muon)=1.29e-02 lr(adam)=1.94e-04 | tok/s=13386 | 4896ms/step | elapsed 187.8m | time left 412.2m
step=2220 | loss=3.5256 | lr(muon)=1.29e-02 lr(adam)=1.93e-04 | tok/s=13739 | 4770ms/step | elapsed 188.6m | time left 411.4m
step=2230 | loss=3.5311 | lr(muon)=1.28e-02 lr(adam)=1.93e-04 | tok/s=14204 | 4614ms/step | elapsed 189.5m | time left 410.5m
step=2240 | loss=3.5047 | lr(muon)=1.28e-02 lr(adam)=1.92e-04 | tok/s=14358 | 4564ms/step | elapsed 190.3m | time left 409.7m
step=2250 | loss=3.5409 | lr(muon)=1.27e-02 lr(adam)=1.91e-04 | tok/s=13269 | 4939ms/step | elapsed 191.1m | time left 408.9m
step=2260 | loss=3.6061 | lr(muon)=1.27e-02 lr(adam)=1.90e-04 | tok/s=14216 | 4610ms/step | elapsed 192.0m | time left 408.0m
step=2270 | loss=3.5344 | lr(muon)=1.26e-02 lr(adam)=1.89e-04 | tok/s=13577 | 4827ms/step | elapsed 192.8m | time left 407.2m
step=2280 | loss=3.5222 | lr(muon)=1.26e-02 lr(adam)=1.88e-04 | tok/s=14205 | 4614ms/step | elapsed 193.7m | time left 406.3m
step=2290 | loss=3.5205 | lr(muon)=1.25e-02 lr(adam)=1.87e-04 | tok/s=12654 | 5179ms/step | elapsed 194.5m | time left 405.5m
step=2300 | loss=3.5060 | lr(muon)=1.24e-02 lr(adam)=1.87e-04 | tok/s=15055 | 4353ms/step | elapsed 195.4m | time left 404.6m
step=2310 | loss=3.6328 | lr(muon)=1.24e-02 lr(adam)=1.86e-04 | tok/s=12939 | 5065ms/step | elapsed 196.2m | time left 403.8m
step=2320 | loss=3.5774 | lr(muon)=1.23e-02 lr(adam)=1.85e-04 | tok/s=13934 | 4703ms/step | elapsed 197.1m | time left 402.9m
step=2330 | loss=3.5163 | lr(muon)=1.23e-02 lr(adam)=1.84e-04 | tok/s=14104 | 4647ms/step | elapsed 197.9m | time left 402.1m
step=2340 | loss=3.4758 | lr(muon)=1.22e-02 lr(adam)=1.83e-04 | tok/s=13703 | 4783ms/step | elapsed 198.7m | time left 401.3m
step=2350 | loss=3.5078 | lr(muon)=1.22e-02 lr(adam)=1.82e-04 | tok/s=13530 | 4844ms/step | elapsed 199.6m | time left 400.4m
step=2360 | loss=3.5720 | lr(muon)=1.21e-02 lr(adam)=1.81e-04 | tok/s=13632 | 4807ms/step | elapsed 200.4m | time left 399.6m
step=2370 | loss=3.5934 | lr(muon)=1.20e-02 lr(adam)=1.81e-04 | tok/s=13883 | 4721ms/step | elapsed 201.2m | time left 398.8m
step=2380 | loss=3.4638 | lr(muon)=1.20e-02 lr(adam)=1.80e-04 | tok/s=13491 | 4858ms/step | elapsed 202.1m | time left 397.9m
step=2390 | loss=3.4916 | lr(muon)=1.19e-02 lr(adam)=1.79e-04 | tok/s=13374 | 4900ms/step | elapsed 202.9m | time left 397.1m
step=2400 | loss=3.4804 | lr(muon)=1.19e-02 lr(adam)=1.78e-04 | tok/s=14142 | 4634ms/step | elapsed 203.8m | time left 396.2m
step=2410 | loss=3.4557 | lr(muon)=1.18e-02 lr(adam)=1.77e-04 | tok/s=13616 | 4813ms/step | elapsed 204.6m | time left 395.4m
step=2420 | loss=3.5089 | lr(muon)=1.17e-02 lr(adam)=1.76e-04 | tok/s=12764 | 5135ms/step | elapsed 205.4m | time left 394.6m
step=2430 | loss=3.5698 | lr(muon)=1.17e-02 lr(adam)=1.75e-04 | tok/s=14202 | 4615ms/step | elapsed 206.3m | time left 393.7m
step=2440 | loss=3.5005 | lr(muon)=1.16e-02 lr(adam)=1.75e-04 | tok/s=13134 | 4990ms/step | elapsed 207.1m | time left 392.9m
step=2450 | loss=3.4373 | lr(muon)=1.16e-02 lr(adam)=1.74e-04 | tok/s=13359 | 4906ms/step | elapsed 208.0m | time left 392.0m
step=2460 | loss=3.4106 | lr(muon)=1.15e-02 lr(adam)=1.73e-04 | tok/s=13575 | 4828ms/step | elapsed 208.8m | time left 391.2m
step=2470 | loss=3.5073 | lr(muon)=1.15e-02 lr(adam)=1.72e-04 | tok/s=14227 | 4606ms/step | elapsed 209.6m | time left 390.4m
step=2480 | loss=3.4442 | lr(muon)=1.14e-02 lr(adam)=1.71e-04 | tok/s=13396 | 4892ms/step | elapsed 210.5m | time left 389.5m
step=2490 | loss=3.4395 | lr(muon)=1.13e-02 lr(adam)=1.70e-04 | tok/s=13920 | 4708ms/step | elapsed 211.3m | time left 388.7m
step=2500 | loss=3.5478 | lr(muon)=1.13e-02 lr(adam)=1.69e-04 | tok/s=9723 | 6741ms/step | elapsed 212.2m | time left 387.8m
step=2510 | loss=3.4043 | lr(muon)=1.12e-02 lr(adam)=1.68e-04 | tok/s=13933 | 4704ms/step | elapsed 213.0m | time left 387.0m
step=2520 | loss=3.5462 | lr(muon)=1.12e-02 lr(adam)=1.68e-04 | tok/s=10255 | 6390ms/step | elapsed 213.9m | time left 386.1m
step=2530 | loss=3.5576 | lr(muon)=1.11e-02 lr(adam)=1.67e-04 | tok/s=13658 | 4798ms/step | elapsed 214.7m | time left 385.3m
step=2540 | loss=3.4572 | lr(muon)=1.11e-02 lr(adam)=1.66e-04 | tok/s=10529 | 6224ms/step | elapsed 215.5m | time left 384.5m
step=2550 | loss=3.4222 | lr(muon)=1.10e-02 lr(adam)=1.65e-04 | tok/s=13689 | 4788ms/step | elapsed 216.4m | time left 383.6m
step=2560 | loss=3.4635 | lr(muon)=1.09e-02 lr(adam)=1.64e-04 | tok/s=10271 | 6381ms/step | elapsed 217.2m | time left 382.8m
step=2570 | loss=3.5240 | lr(muon)=1.09e-02 lr(adam)=1.63e-04 | tok/s=14469 | 4529ms/step | elapsed 218.0m | time left 382.0m
step=2580 | loss=3.4788 | lr(muon)=1.08e-02 lr(adam)=1.62e-04 | tok/s=10318 | 6352ms/step | elapsed 218.9m | time left 381.1m
step=2590 | loss=3.4490 | lr(muon)=1.08e-02 lr(adam)=1.62e-04 | tok/s=13467 | 4866ms/step | elapsed 219.7m | time left 380.3m
step=2600 | loss=3.4819 | lr(muon)=1.07e-02 lr(adam)=1.61e-04 | tok/s=10286 | 6371ms/step | elapsed 220.6m | time left 379.4m
step=2610 | loss=3.5195 | lr(muon)=1.07e-02 lr(adam)=1.60e-04 | tok/s=14215 | 4610ms/step | elapsed 221.4m | time left 378.6m
step=2620 | loss=3.4286 | lr(muon)=1.06e-02 lr(adam)=1.59e-04 | tok/s=13722 | 4776ms/step | elapsed 222.2m | time left 377.8m
step=2630 | loss=3.4433 | lr(muon)=1.05e-02 lr(adam)=1.58e-04 | tok/s=14434 | 4541ms/step | elapsed 223.1m | time left 376.9m
step=2640 | loss=3.4791 | lr(muon)=1.05e-02 lr(adam)=1.57e-04 | tok/s=14420 | 4545ms/step | elapsed 223.9m | time left 376.1m
step=2650 | loss=3.5024 | lr(muon)=1.04e-02 lr(adam)=1.56e-04 | tok/s=13098 | 5004ms/step | elapsed 224.7m | time left 375.3m
step=2660 | loss=3.4497 | lr(muon)=1.04e-02 lr(adam)=1.55e-04 | tok/s=13615 | 4814ms/step | elapsed 225.5m | time left 374.5m
step=2670 | loss=3.5459 | lr(muon)=1.03e-02 lr(adam)=1.55e-04 | tok/s=13630 | 4808ms/step | elapsed 226.4m | time left 373.6m
step=2680 | loss=3.4684 | lr(muon)=1.03e-02 lr(adam)=1.54e-04 | tok/s=13724 | 4775ms/step | elapsed 227.2m | time left 372.8m
step=2690 | loss=3.5023 | lr(muon)=1.02e-02 lr(adam)=1.53e-04 | tok/s=13605 | 4817ms/step | elapsed 228.1m | time left 371.9m
step=2700 | loss=3.4646 | lr(muon)=1.01e-02 lr(adam)=1.52e-04 | tok/s=13357 | 4906ms/step | elapsed 228.9m | time left 371.1m
step=2710 | loss=3.4448 | lr(muon)=1.01e-02 lr(adam)=1.51e-04 | tok/s=14359 | 4564ms/step | elapsed 229.8m | time left 370.2m
step=2720 | loss=3.5140 | lr(muon)=1.00e-02 lr(adam)=1.50e-04 | tok/s=13602 | 4818ms/step | elapsed 230.6m | time left 369.4m
step=2730 | loss=3.3867 | lr(muon)=9.96e-03 lr(adam)=1.49e-04 | tok/s=13612 | 4815ms/step | elapsed 231.4m | time left 368.6m
step=2740 | loss=3.3944 | lr(muon)=9.91e-03 lr(adam)=1.49e-04 | tok/s=14446 | 4537ms/step | elapsed 232.3m | time left 367.7m
step=2750 | loss=3.5171 | lr(muon)=9.85e-03 lr(adam)=1.48e-04 | tok/s=13694 | 4786ms/step | elapsed 233.1m | time left 366.9m
step=2760 | loss=3.4843 | lr(muon)=9.79e-03 lr(adam)=1.47e-04 | tok/s=13442 | 4876ms/step | elapsed 233.9m | time left 366.1m
step=2770 | loss=3.4426 | lr(muon)=9.73e-03 lr(adam)=1.46e-04 | tok/s=14132 | 4637ms/step | elapsed 234.8m | time left 365.2m
step=2780 | loss=3.4350 | lr(muon)=9.68e-03 lr(adam)=1.45e-04 | tok/s=14819 | 4422ms/step | elapsed 235.6m | time left 364.4m
step=2790 | loss=3.4419 | lr(muon)=9.62e-03 lr(adam)=1.44e-04 | tok/s=13716 | 4778ms/step | elapsed 236.5m | time left 363.5m
step=2800 | loss=3.4418 | lr(muon)=9.56e-03 lr(adam)=1.43e-04 | tok/s=13597 | 4820ms/step | elapsed 237.3m | time left 362.7m
step=2810 | loss=3.4425 | lr(muon)=9.51e-03 lr(adam)=1.43e-04 | tok/s=13103 | 5002ms/step | elapsed 238.1m | time left 361.9m
step=2820 | loss=3.4338 | lr(muon)=9.45e-03 lr(adam)=1.42e-04 | tok/s=13808 | 4746ms/step | elapsed 239.0m | time left 361.0m
step=2830 | loss=3.4109 | lr(muon)=9.39e-03 lr(adam)=1.41e-04 | tok/s=10322 | 6349ms/step | elapsed 239.8m | time left 360.2m
step=2840 | loss=3.4836 | lr(muon)=9.34e-03 lr(adam)=1.40e-04 | tok/s=13399 | 4891ms/step | elapsed 240.7m | time left 359.3m
step=2850 | loss=3.4645 | lr(muon)=9.28e-03 lr(adam)=1.39e-04 | tok/s=10042 | 6526ms/step | elapsed 241.5m | time left 358.5m
step=2860 | loss=3.4605 | lr(muon)=9.22e-03 lr(adam)=1.38e-04 | tok/s=13694 | 4786ms/step | elapsed 242.3m | time left 357.7m
step=2870 | loss=3.5178 | lr(muon)=9.17e-03 lr(adam)=1.37e-04 | tok/s=10362 | 6324ms/step | elapsed 243.2m | time left 356.8m
step=2880 | loss=3.4117 | lr(muon)=9.11e-03 lr(adam)=1.37e-04 | tok/s=14492 | 4522ms/step | elapsed 244.0m | time left 356.0m
step=2890 | loss=3.3637 | lr(muon)=9.05e-03 lr(adam)=1.36e-04 | tok/s=10742 | 6101ms/step | elapsed 244.8m | time left 355.2m
step=2900 | loss=3.4859 | lr(muon)=9.00e-03 lr(adam)=1.35e-04 | tok/s=13593 | 4821ms/step | elapsed 245.7m | time left 354.3m
step=2910 | loss=3.4347 | lr(muon)=8.94e-03 lr(adam)=1.34e-04 | tok/s=13842 | 4735ms/step | elapsed 246.5m | time left 353.5m
step=2920 | loss=3.4320 | lr(muon)=8.88e-03 lr(adam)=1.33e-04 | tok/s=13547 | 4838ms/step | elapsed 247.3m | time left 352.7m
step=2930 | loss=3.3490 | lr(muon)=8.83e-03 lr(adam)=1.32e-04 | tok/s=13874 | 4724ms/step | elapsed 248.2m | time left 351.8m
step=2940 | loss=3.3755 | lr(muon)=8.77e-03 lr(adam)=1.32e-04 | tok/s=13745 | 4768ms/step | elapsed 249.0m | time left 351.0m
step=2950 | loss=3.3792 | lr(muon)=8.72e-03 lr(adam)=1.31e-04 | tok/s=13405 | 4889ms/step | elapsed 249.8m | time left 350.2m
step=2960 | loss=3.3910 | lr(muon)=8.66e-03 lr(adam)=1.30e-04 | tok/s=14036 | 4669ms/step | elapsed 250.7m | time left 349.3m
step=2970 | loss=3.4252 | lr(muon)=8.61e-03 lr(adam)=1.29e-04 | tok/s=14414 | 4547ms/step | elapsed 251.5m | time left 348.5m
step=2980 | loss=3.3701 | lr(muon)=8.55e-03 lr(adam)=1.28e-04 | tok/s=13748 | 4767ms/step | elapsed 252.4m | time left 347.6m
step=2990 | loss=3.4328 | lr(muon)=8.49e-03 lr(adam)=1.27e-04 | tok/s=14316 | 4578ms/step | elapsed 253.2m | time left 346.8m
step=3000 | loss=3.3519 | lr(muon)=8.44e-03 lr(adam)=1.27e-04 | tok/s=13915 | 4710ms/step | elapsed 254.0m | time left 346.0m
step=3010 | loss=3.4654 | lr(muon)=8.38e-03 lr(adam)=1.26e-04 | tok/s=13903 | 4714ms/step | elapsed 254.8m | time left 345.2m
step=3020 | loss=3.4677 | lr(muon)=8.33e-03 lr(adam)=1.25e-04 | tok/s=14213 | 4611ms/step | elapsed 255.7m | time left 344.3m
step=3030 | loss=3.3550 | lr(muon)=8.27e-03 lr(adam)=1.24e-04 | tok/s=13942 | 4701ms/step | elapsed 256.5m | time left 343.5m
step=3040 | loss=3.3966 | lr(muon)=8.22e-03 lr(adam)=1.23e-04 | tok/s=14253 | 4598ms/step | elapsed 257.4m | time left 342.6m
step=3050 | loss=3.4032 | lr(muon)=8.16e-03 lr(adam)=1.22e-04 | tok/s=14600 | 4489ms/step | elapsed 258.2m | time left 341.8m
step=3060 | loss=3.4272 | lr(muon)=8.11e-03 lr(adam)=1.22e-04 | tok/s=14459 | 4533ms/step | elapsed 259.0m | time left 341.0m
step=3070 | loss=3.4197 | lr(muon)=8.05e-03 lr(adam)=1.21e-04 | tok/s=13158 | 4981ms/step | elapsed 259.9m | time left 340.1m
step=3080 | loss=3.4431 | lr(muon)=8.00e-03 lr(adam)=1.20e-04 | tok/s=13946 | 4699ms/step | elapsed 260.7m | time left 339.3m
step=3090 | loss=3.3990 | lr(muon)=7.95e-03 lr(adam)=1.19e-04 | tok/s=14237 | 4603ms/step | elapsed 261.5m | time left 338.5m
step=3100 | loss=3.4766 | lr(muon)=7.89e-03 lr(adam)=1.18e-04 | tok/s=10363 | 6324ms/step | elapsed 262.4m | time left 337.6m
step=3110 | loss=3.5320 | lr(muon)=7.84e-03 lr(adam)=1.18e-04 | tok/s=14325 | 4575ms/step | elapsed 263.2m | time left 336.8m
step=3120 | loss=3.3715 | lr(muon)=7.78e-03 lr(adam)=1.17e-04 | tok/s=10716 | 6116ms/step | elapsed 264.0m | time left 336.0m
step=3130 | loss=3.3744 | lr(muon)=7.73e-03 lr(adam)=1.16e-04 | tok/s=14437 | 4539ms/step | elapsed 264.8m | time left 335.2m
step=3140 | loss=3.3683 | lr(muon)=7.68e-03 lr(adam)=1.15e-04 | tok/s=10363 | 6324ms/step | elapsed 265.7m | time left 334.3m
step=3150 | loss=3.4377 | lr(muon)=7.62e-03 lr(adam)=1.14e-04 | tok/s=13493 | 4857ms/step | elapsed 266.5m | time left 333.5m
step=3160 | loss=3.3716 | lr(muon)=7.57e-03 lr(adam)=1.14e-04 | tok/s=13285 | 4933ms/step | elapsed 267.3m | time left 332.7m
step=3170 | loss=3.3675 | lr(muon)=7.52e-03 lr(adam)=1.13e-04 | tok/s=13570 | 4829ms/step | elapsed 268.2m | time left 331.8m
step=3180 | loss=3.4225 | lr(muon)=7.46e-03 lr(adam)=1.12e-04 | tok/s=14193 | 4618ms/step | elapsed 269.0m | time left 331.0m
step=3190 | loss=3.4533 | lr(muon)=7.41e-03 lr(adam)=1.11e-04 | tok/s=13661 | 4797ms/step | elapsed 269.9m | time left 330.1m
step=3200 | loss=3.4779 | lr(muon)=7.36e-03 lr(adam)=1.10e-04 | tok/s=13706 | 4781ms/step | elapsed 270.7m | time left 329.3m
step=3210 | loss=3.3473 | lr(muon)=7.30e-03 lr(adam)=1.10e-04 | tok/s=14564 | 4500ms/step | elapsed 271.5m | time left 328.5m
step=3220 | loss=3.3940 | lr(muon)=7.25e-03 lr(adam)=1.09e-04 | tok/s=13491 | 4858ms/step | elapsed 272.3m | time left 327.7m
step=3230 | loss=3.4191 | lr(muon)=7.20e-03 lr(adam)=1.08e-04 | tok/s=13384 | 4897ms/step | elapsed 273.2m | time left 326.8m
step=3240 | loss=3.3744 | lr(muon)=7.15e-03 lr(adam)=1.07e-04 | tok/s=14379 | 4558ms/step | elapsed 274.0m | time left 326.0m
step=3250 | loss=3.3809 | lr(muon)=7.10e-03 lr(adam)=1.06e-04 | tok/s=13249 | 4946ms/step | elapsed 274.9m | time left 325.1m
step=3260 | loss=3.3898 | lr(muon)=7.04e-03 lr(adam)=1.06e-04 | tok/s=13370 | 4902ms/step | elapsed 275.7m | time left 324.3m
step=3270 | loss=3.4222 | lr(muon)=6.99e-03 lr(adam)=1.05e-04 | tok/s=13171 | 4976ms/step | elapsed 276.5m | time left 323.5m
step=3280 | loss=3.4272 | lr(muon)=6.94e-03 lr(adam)=1.04e-04 | tok/s=13199 | 4965ms/step | elapsed 277.4m | time left 322.6m
step=3290 | loss=3.3984 | lr(muon)=6.89e-03 lr(adam)=1.03e-04 | tok/s=14399 | 4551ms/step | elapsed 278.2m | time left 321.8m
step=3300 | loss=3.4471 | lr(muon)=6.84e-03 lr(adam)=1.03e-04 | tok/s=13150 | 4984ms/step | elapsed 279.0m | time left 321.0m
step=3310 | loss=3.3842 | lr(muon)=6.79e-03 lr(adam)=1.02e-04 | tok/s=10338 | 6339ms/step | elapsed 279.9m | time left 320.1m
step=3320 | loss=3.4187 | lr(muon)=6.74e-03 lr(adam)=1.01e-04 | tok/s=13522 | 4847ms/step | elapsed 280.7m | time left 319.3m
step=3330 | loss=3.3973 | lr(muon)=6.68e-03 lr(adam)=1.00e-04 | tok/s=10686 | 6133ms/step | elapsed 281.5m | time left 318.5m
step=3340 | loss=3.3351 | lr(muon)=6.63e-03 lr(adam)=9.95e-05 | tok/s=14426 | 4543ms/step | elapsed 282.4m | time left 317.6m
step=3350 | loss=3.2636 | lr(muon)=6.58e-03 lr(adam)=9.88e-05 | tok/s=10493 | 6246ms/step | elapsed 283.2m | time left 316.8m
step=3360 | loss=3.4295 | lr(muon)=6.53e-03 lr(adam)=9.80e-05 | tok/s=14651 | 4473ms/step | elapsed 284.0m | time left 316.0m
step=3370 | loss=3.4229 | lr(muon)=6.48e-03 lr(adam)=9.73e-05 | tok/s=13699 | 4784ms/step | elapsed 284.8m | time left 315.2m
step=3380 | loss=3.3130 | lr(muon)=6.43e-03 lr(adam)=9.65e-05 | tok/s=13311 | 4924ms/step | elapsed 285.7m | time left 314.3m
step=3390 | loss=3.4214 | lr(muon)=6.38e-03 lr(adam)=9.58e-05 | tok/s=13206 | 4963ms/step | elapsed 286.5m | time left 313.5m
step=3400 | loss=3.5103 | lr(muon)=6.33e-03 lr(adam)=9.50e-05 | tok/s=13388 | 4895ms/step | elapsed 287.4m | time left 312.6m
step=3410 | loss=3.3146 | lr(muon)=6.29e-03 lr(adam)=9.43e-05 | tok/s=13878 | 4722ms/step | elapsed 288.2m | time left 311.8m
step=3420 | loss=3.4128 | lr(muon)=6.24e-03 lr(adam)=9.35e-05 | tok/s=14615 | 4484ms/step | elapsed 289.0m | time left 311.0m
step=3430 | loss=3.3797 | lr(muon)=6.19e-03 lr(adam)=9.28e-05 | tok/s=13841 | 4735ms/step | elapsed 289.8m | time left 310.2m
step=3440 | loss=3.3508 | lr(muon)=6.14e-03 lr(adam)=9.21e-05 | tok/s=14123 | 4640ms/step | elapsed 290.7m | time left 309.3m
step=3450 | loss=3.3283 | lr(muon)=6.09e-03 lr(adam)=9.14e-05 | tok/s=13779 | 4756ms/step | elapsed 291.5m | time left 308.5m
step=3460 | loss=3.4120 | lr(muon)=6.04e-03 lr(adam)=9.06e-05 | tok/s=13131 | 4991ms/step | elapsed 292.4m | time left 307.6m
step=3470 | loss=3.3815 | lr(muon)=5.99e-03 lr(adam)=8.99e-05 | tok/s=14746 | 4444ms/step | elapsed 293.2m | time left 306.8m
step=3480 | loss=3.3197 | lr(muon)=5.95e-03 lr(adam)=8.92e-05 | tok/s=14015 | 4676ms/step | elapsed 294.0m | time left 306.0m
step=3490 | loss=3.3488 | lr(muon)=5.90e-03 lr(adam)=8.85e-05 | tok/s=13489 | 4859ms/step | elapsed 294.8m | time left 305.2m
step=3500 | loss=3.3217 | lr(muon)=5.85e-03 lr(adam)=8.78e-05 | tok/s=9493 | 6903ms/step | elapsed 295.7m | time left 304.3m
step=3510 | loss=3.2963 | lr(muon)=5.80e-03 lr(adam)=8.71e-05 | tok/s=14161 | 4628ms/step | elapsed 296.5m | time left 303.5m
step=3520 | loss=3.3491 | lr(muon)=5.76e-03 lr(adam)=8.64e-05 | tok/s=9717 | 6745ms/step | elapsed 297.3m | time left 302.7m
step=3530 | loss=3.3680 | lr(muon)=5.71e-03 lr(adam)=8.56e-05 | tok/s=13728 | 4774ms/step | elapsed 298.1m | time left 301.9m
step=3540 | loss=3.2785 | lr(muon)=5.66e-03 lr(adam)=8.50e-05 | tok/s=12934 | 5067ms/step | elapsed 299.0m | time left 301.0m
step=3550 | loss=3.4381 | lr(muon)=5.62e-03 lr(adam)=8.43e-05 | tok/s=14168 | 4626ms/step | elapsed 299.8m | time left 300.2m
step=3560 | loss=3.4533 | lr(muon)=5.57e-03 lr(adam)=8.36e-05 | tok/s=14125 | 4640ms/step | elapsed 300.7m | time left 299.3m
step=3570 | loss=3.3584 | lr(muon)=5.52e-03 lr(adam)=8.29e-05 | tok/s=14509 | 4517ms/step | elapsed 301.5m | time left 298.5m
step=3580 | loss=3.3298 | lr(muon)=5.48e-03 lr(adam)=8.22e-05 | tok/s=13714 | 4779ms/step | elapsed 302.3m | time left 297.7m
step=3590 | loss=3.3278 | lr(muon)=5.43e-03 lr(adam)=8.15e-05 | tok/s=13474 | 4864ms/step | elapsed 303.2m | time left 296.8m
step=3600 | loss=3.3374 | lr(muon)=5.39e-03 lr(adam)=8.08e-05 | tok/s=14501 | 4519ms/step | elapsed 304.0m | time left 296.0m
step=3610 | loss=3.4198 | lr(muon)=5.34e-03 lr(adam)=8.02e-05 | tok/s=13953 | 4697ms/step | elapsed 304.8m | time left 295.2m
step=3620 | loss=3.3371 | lr(muon)=5.30e-03 lr(adam)=7.95e-05 | tok/s=13453 | 4871ms/step | elapsed 305.7m | time left 294.3m
step=3630 | loss=3.3296 | lr(muon)=5.25e-03 lr(adam)=7.88e-05 | tok/s=14467 | 4530ms/step | elapsed 306.5m | time left 293.5m
step=3640 | loss=3.3442 | lr(muon)=5.21e-03 lr(adam)=7.82e-05 | tok/s=14601 | 4489ms/step | elapsed 307.3m | time left 292.7m
step=3650 | loss=3.3273 | lr(muon)=5.17e-03 lr(adam)=7.75e-05 | tok/s=13698 | 4784ms/step | elapsed 308.2m | time left 291.8m
step=3660 | loss=3.2998 | lr(muon)=5.12e-03 lr(adam)=7.68e-05 | tok/s=14736 | 4447ms/step | elapsed 309.0m | time left 291.0m
step=3670 | loss=3.3699 | lr(muon)=5.08e-03 lr(adam)=7.62e-05 | tok/s=10620 | 6171ms/step | elapsed 309.8m | time left 290.2m
step=3680 | loss=3.4241 | lr(muon)=5.04e-03 lr(adam)=7.55e-05 | tok/s=14372 | 4560ms/step | elapsed 310.6m | time left 289.4m
step=3690 | loss=3.3250 | lr(muon)=4.99e-03 lr(adam)=7.49e-05 | tok/s=10223 | 6410ms/step | elapsed 311.5m | time left 288.5m
step=3700 | loss=3.3735 | lr(muon)=4.95e-03 lr(adam)=7.42e-05 | tok/s=13813 | 4745ms/step | elapsed 312.3m | time left 287.7m
step=3710 | loss=3.3614 | lr(muon)=4.91e-03 lr(adam)=7.36e-05 | tok/s=10428 | 6285ms/step | elapsed 313.2m | time left 286.8m
step=3720 | loss=3.3121 | lr(muon)=4.86e-03 lr(adam)=7.30e-05 | tok/s=14865 | 4409ms/step | elapsed 314.0m | time left 286.0m
step=3730 | loss=3.4147 | lr(muon)=4.82e-03 lr(adam)=7.23e-05 | tok/s=12745 | 5142ms/step | elapsed 314.8m | time left 285.2m
step=3740 | loss=3.2852 | lr(muon)=4.78e-03 lr(adam)=7.17e-05 | tok/s=14206 | 4613ms/step | elapsed 315.6m | time left 284.4m
step=3750 | loss=3.3952 | lr(muon)=4.74e-03 lr(adam)=7.11e-05 | tok/s=13185 | 4971ms/step | elapsed 316.5m | time left 283.5m
step=3760 | loss=3.2700 | lr(muon)=4.70e-03 lr(adam)=7.05e-05 | tok/s=13830 | 4739ms/step | elapsed 317.3m | time left 282.7m
step=3770 | loss=3.3081 | lr(muon)=4.66e-03 lr(adam)=6.98e-05 | tok/s=14077 | 4655ms/step | elapsed 318.1m | time left 281.9m
step=3780 | loss=3.2584 | lr(muon)=4.62e-03 lr(adam)=6.92e-05 | tok/s=14214 | 4611ms/step | elapsed 319.0m | time left 281.0m
step=3790 | loss=3.2714 | lr(muon)=4.58e-03 lr(adam)=6.86e-05 | tok/s=14592 | 4491ms/step | elapsed 319.8m | time left 280.2m
step=3800 | loss=3.2823 | lr(muon)=4.53e-03 lr(adam)=6.80e-05 | tok/s=13850 | 4732ms/step | elapsed 320.6m | time left 279.4m
step=3810 | loss=3.3614 | lr(muon)=4.49e-03 lr(adam)=6.74e-05 | tok/s=13856 | 4730ms/step | elapsed 321.5m | time left 278.5m
step=3820 | loss=3.4435 | lr(muon)=4.46e-03 lr(adam)=6.68e-05 | tok/s=13646 | 4802ms/step | elapsed 322.3m | time left 277.7m
step=3830 | loss=3.2728 | lr(muon)=4.42e-03 lr(adam)=6.62e-05 | tok/s=13726 | 4775ms/step | elapsed 323.1m | time left 276.9m
step=3840 | loss=3.3374 | lr(muon)=4.38e-03 lr(adam)=6.56e-05 | tok/s=14351 | 4566ms/step | elapsed 324.0m | time left 276.0m
step=3850 | loss=3.2979 | lr(muon)=4.34e-03 lr(adam)=6.51e-05 | tok/s=13854 | 4730ms/step | elapsed 324.8m | time left 275.2m
step=3860 | loss=3.2599 | lr(muon)=4.30e-03 lr(adam)=6.45e-05 | tok/s=10537 | 6220ms/step | elapsed 325.6m | time left 274.4m
step=3870 | loss=3.2377 | lr(muon)=4.26e-03 lr(adam)=6.39e-05 | tok/s=13802 | 4748ms/step | elapsed 326.5m | time left 273.5m
step=3880 | loss=3.3489 | lr(muon)=4.22e-03 lr(adam)=6.33e-05 | tok/s=10394 | 6305ms/step | elapsed 327.3m | time left 272.7m
step=3890 | loss=3.4248 | lr(muon)=4.18e-03 lr(adam)=6.28e-05 | tok/s=13835 | 4737ms/step | elapsed 328.1m | time left 271.9m
step=3900 | loss=3.2270 | lr(muon)=4.15e-03 lr(adam)=6.22e-05 | tok/s=10081 | 6501ms/step | elapsed 329.0m | time left 271.0m
step=3910 | loss=3.3631 | lr(muon)=4.11e-03 lr(adam)=6.16e-05 | tok/s=14421 | 4544ms/step | elapsed 329.8m | time left 270.2m
step=3920 | loss=3.3220 | lr(muon)=4.07e-03 lr(adam)=6.11e-05 | tok/s=14461 | 4532ms/step | elapsed 330.6m | time left 269.4m
step=3930 | loss=3.2481 | lr(muon)=4.04e-03 lr(adam)=6.05e-05 | tok/s=14725 | 4451ms/step | elapsed 331.4m | time left 268.6m
step=3940 | loss=3.2335 | lr(muon)=4.00e-03 lr(adam)=6.00e-05 | tok/s=13709 | 4781ms/step | elapsed 332.3m | time left 267.7m
step=3950 | loss=3.3864 | lr(muon)=3.96e-03 lr(adam)=5.95e-05 | tok/s=14533 | 4510ms/step | elapsed 333.1m | time left 266.9m
step=3960 | loss=3.3161 | lr(muon)=3.93e-03 lr(adam)=5.89e-05 | tok/s=14658 | 4471ms/step | elapsed 333.9m | time left 266.1m
step=3970 | loss=3.3362 | lr(muon)=3.89e-03 lr(adam)=5.84e-05 | tok/s=13856 | 4730ms/step | elapsed 334.8m | time left 265.2m
step=3980 | loss=3.2052 | lr(muon)=3.86e-03 lr(adam)=5.79e-05 | tok/s=13788 | 4753ms/step | elapsed 335.6m | time left 264.4m
step=3990 | loss=3.3533 | lr(muon)=3.82e-03 lr(adam)=5.73e-05 | tok/s=13697 | 4785ms/step | elapsed 336.5m | time left 263.5m
step=4000 | loss=3.3283 | lr(muon)=3.79e-03 lr(adam)=5.68e-05 | tok/s=14016 | 4676ms/step | elapsed 337.3m | time left 262.7m
step=4010 | loss=3.2958 | lr(muon)=3.75e-03 lr(adam)=5.63e-05 | tok/s=13617 | 4813ms/step | elapsed 338.1m | time left 261.9m
step=4020 | loss=3.3757 | lr(muon)=3.72e-03 lr(adam)=5.58e-05 | tok/s=14012 | 4677ms/step | elapsed 338.9m | time left 261.1m
step=4030 | loss=3.3084 | lr(muon)=3.69e-03 lr(adam)=5.53e-05 | tok/s=10228 | 6408ms/step | elapsed 339.8m | time left 260.2m
step=4040 | loss=3.3414 | lr(muon)=3.65e-03 lr(adam)=5.48e-05 | tok/s=13572 | 4829ms/step | elapsed 340.6m | time left 259.4m
step=4050 | loss=3.3398 | lr(muon)=3.62e-03 lr(adam)=5.43e-05 | tok/s=10303 | 6361ms/step | elapsed 341.5m | time left 258.5m
step=4060 | loss=3.3591 | lr(muon)=3.59e-03 lr(adam)=5.38e-05 | tok/s=14347 | 4568ms/step | elapsed 342.3m | time left 257.7m
step=4070 | loss=3.2688 | lr(muon)=3.55e-03 lr(adam)=5.33e-05 | tok/s=9774 | 6705ms/step | elapsed 343.1m | time left 256.9m
step=4080 | loss=3.3048 | lr(muon)=3.52e-03 lr(adam)=5.28e-05 | tok/s=14484 | 4525ms/step | elapsed 344.0m | time left 256.0m
step=4090 | loss=3.3105 | lr(muon)=3.49e-03 lr(adam)=5.23e-05 | tok/s=14111 | 4644ms/step | elapsed 344.8m | time left 255.2m
step=4100 | loss=3.3601 | lr(muon)=3.46e-03 lr(adam)=5.19e-05 | tok/s=14006 | 4679ms/step | elapsed 345.6m | time left 254.4m
step=4110 | loss=3.3077 | lr(muon)=3.43e-03 lr(adam)=5.14e-05 | tok/s=13709 | 4780ms/step | elapsed 346.5m | time left 253.5m
step=4120 | loss=3.3128 | lr(muon)=3.39e-03 lr(adam)=5.09e-05 | tok/s=13854 | 4731ms/step | elapsed 347.3m | time left 252.7m
step=4130 | loss=3.2648 | lr(muon)=3.36e-03 lr(adam)=5.05e-05 | tok/s=14702 | 4458ms/step | elapsed 348.1m | time left 251.9m
step=4140 | loss=3.3399 | lr(muon)=3.33e-03 lr(adam)=5.00e-05 | tok/s=13708 | 4781ms/step | elapsed 349.0m | time left 251.0m
step=4150 | loss=3.3081 | lr(muon)=3.30e-03 lr(adam)=4.96e-05 | tok/s=13481 | 4862ms/step | elapsed 349.8m | time left 250.2m
step=4160 | loss=3.3315 | lr(muon)=3.27e-03 lr(adam)=4.91e-05 | tok/s=14081 | 4654ms/step | elapsed 350.7m | time left 249.3m
step=4170 | loss=3.3338 | lr(muon)=3.24e-03 lr(adam)=4.87e-05 | tok/s=14164 | 4627ms/step | elapsed 351.5m | time left 248.5m
step=4180 | loss=3.2383 | lr(muon)=3.22e-03 lr(adam)=4.82e-05 | tok/s=12822 | 5111ms/step | elapsed 352.3m | time left 247.7m
step=4190 | loss=3.3344 | lr(muon)=3.19e-03 lr(adam)=4.78e-05 | tok/s=13851 | 4732ms/step | elapsed 353.1m | time left 246.9m
step=4200 | loss=3.2744 | lr(muon)=3.16e-03 lr(adam)=4.74e-05 | tok/s=13460 | 4869ms/step | elapsed 354.0m | time left 246.0m
step=4210 | loss=3.2874 | lr(muon)=3.13e-03 lr(adam)=4.69e-05 | tok/s=14092 | 4651ms/step | elapsed 354.8m | time left 245.2m
step=4220 | loss=3.3296 | lr(muon)=3.10e-03 lr(adam)=4.65e-05 | tok/s=13259 | 4943ms/step | elapsed 355.7m | time left 244.3m
step=4230 | loss=3.3570 | lr(muon)=3.07e-03 lr(adam)=4.61e-05 | tok/s=13935 | 4703ms/step | elapsed 356.5m | time left 243.5m
step=4240 | loss=3.2379 | lr(muon)=3.05e-03 lr(adam)=4.57e-05 | tok/s=9445 | 6938ms/step | elapsed 357.3m | time left 242.7m
step=4250 | loss=3.2825 | lr(muon)=3.02e-03 lr(adam)=4.53e-05 | tok/s=14351 | 4567ms/step | elapsed 358.1m | time left 241.9m
step=4260 | loss=3.2503 | lr(muon)=2.99e-03 lr(adam)=4.49e-05 | tok/s=14264 | 4594ms/step | elapsed 358.9m | time left 241.1m
step=4270 | loss=3.3233 | lr(muon)=2.97e-03 lr(adam)=4.45e-05 | tok/s=15139 | 4329ms/step | elapsed 359.8m | time left 240.2m
step=4280 | loss=3.2523 | lr(muon)=2.94e-03 lr(adam)=4.41e-05 | tok/s=13569 | 4830ms/step | elapsed 360.6m | time left 239.4m
step=4290 | loss=3.3205 | lr(muon)=2.92e-03 lr(adam)=4.37e-05 | tok/s=14956 | 4382ms/step | elapsed 361.5m | time left 238.5m
step=4300 | loss=3.3337 | lr(muon)=2.89e-03 lr(adam)=4.34e-05 | tok/s=13795 | 4751ms/step | elapsed 362.3m | time left 237.7m
step=4310 | loss=3.2917 | lr(muon)=2.87e-03 lr(adam)=4.30e-05 | tok/s=14178 | 4622ms/step | elapsed 363.1m | time left 236.9m
step=4320 | loss=3.2620 | lr(muon)=2.84e-03 lr(adam)=4.26e-05 | tok/s=14551 | 4504ms/step | elapsed 364.0m | time left 236.0m
step=4330 | loss=3.3824 | lr(muon)=2.82e-03 lr(adam)=4.23e-05 | tok/s=14888 | 4402ms/step | elapsed 364.8m | time left 235.2m
step=4340 | loss=3.1560 | lr(muon)=2.79e-03 lr(adam)=4.19e-05 | tok/s=13712 | 4780ms/step | elapsed 365.6m | time left 234.4m
step=4350 | loss=3.3487 | lr(muon)=2.77e-03 lr(adam)=4.16e-05 | tok/s=13822 | 4742ms/step | elapsed 366.5m | time left 233.5m
step=4360 | loss=3.2427 | lr(muon)=2.75e-03 lr(adam)=4.12e-05 | tok/s=13655 | 4799ms/step | elapsed 367.3m | time left 232.7m
step=4370 | loss=3.2574 | lr(muon)=2.72e-03 lr(adam)=4.09e-05 | tok/s=13622 | 4811ms/step | elapsed 368.2m | time left 231.8m
step=4380 | loss=3.2409 | lr(muon)=2.70e-03 lr(adam)=4.05e-05 | tok/s=13893 | 4717ms/step | elapsed 369.0m | time left 231.0m
step=4390 | loss=3.1992 | lr(muon)=2.68e-03 lr(adam)=4.02e-05 | tok/s=13693 | 4786ms/step | elapsed 369.8m | time left 230.2m
step=4400 | loss=3.2878 | lr(muon)=2.66e-03 lr(adam)=3.99e-05 | tok/s=13796 | 4750ms/step | elapsed 370.6m | time left 229.4m
step=4410 | loss=3.2939 | lr(muon)=2.64e-03 lr(adam)=3.95e-05 | tok/s=13682 | 4790ms/step | elapsed 371.5m | time left 228.5m
step=4420 | loss=3.2862 | lr(muon)=2.62e-03 lr(adam)=3.92e-05 | tok/s=14292 | 4586ms/step | elapsed 372.3m | time left 227.7m
step=4430 | loss=3.2927 | lr(muon)=2.59e-03 lr(adam)=3.89e-05 | tok/s=9771 | 6707ms/step | elapsed 373.2m | time left 226.8m
step=4440 | loss=3.3311 | lr(muon)=2.57e-03 lr(adam)=3.86e-05 | tok/s=13758 | 4763ms/step | elapsed 374.0m | time left 226.0m
step=4450 | loss=3.2825 | lr(muon)=2.55e-03 lr(adam)=3.83e-05 | tok/s=10076 | 6504ms/step | elapsed 374.8m | time left 225.2m
step=4460 | loss=3.3572 | lr(muon)=2.53e-03 lr(adam)=3.80e-05 | tok/s=13828 | 4739ms/step | elapsed 375.6m | time left 224.4m
step=4470 | loss=3.2560 | lr(muon)=2.51e-03 lr(adam)=3.77e-05 | tok/s=14332 | 4573ms/step | elapsed 376.5m | time left 223.5m
step=4480 | loss=3.2672 | lr(muon)=2.50e-03 lr(adam)=3.74e-05 | tok/s=14261 | 4595ms/step | elapsed 377.3m | time left 222.7m
step=4490 | loss=3.2547 | lr(muon)=2.48e-03 lr(adam)=3.72e-05 | tok/s=13390 | 4894ms/step | elapsed 378.1m | time left 221.9m
step=4500 | loss=3.1650 | lr(muon)=2.46e-03 lr(adam)=3.69e-05 | tok/s=14423 | 4544ms/step | elapsed 379.0m | time left 221.0m
step=4510 | loss=3.2751 | lr(muon)=2.44e-03 lr(adam)=3.66e-05 | tok/s=14094 | 4650ms/step | elapsed 379.8m | time left 220.2m
step=4520 | loss=3.3619 | lr(muon)=2.42e-03 lr(adam)=3.63e-05 | tok/s=13600 | 4819ms/step | elapsed 380.6m | time left 219.4m
step=4530 | loss=3.3259 | lr(muon)=2.41e-03 lr(adam)=3.61e-05 | tok/s=13860 | 4728ms/step | elapsed 381.5m | time left 218.5m
step=4540 | loss=3.2938 | lr(muon)=2.39e-03 lr(adam)=3.58e-05 | tok/s=14546 | 4505ms/step | elapsed 382.3m | time left 217.7m
step=4550 | loss=3.2772 | lr(muon)=2.37e-03 lr(adam)=3.56e-05 | tok/s=14605 | 4487ms/step | elapsed 383.1m | time left 216.9m
step=4560 | loss=3.3016 | lr(muon)=2.36e-03 lr(adam)=3.53e-05 | tok/s=14329 | 4574ms/step | elapsed 384.0m | time left 216.0m
step=4570 | loss=3.2961 | lr(muon)=2.34e-03 lr(adam)=3.51e-05 | tok/s=14480 | 4526ms/step | elapsed 384.8m | time left 215.2m
step=4580 | loss=3.2420 | lr(muon)=2.32e-03 lr(adam)=3.49e-05 | tok/s=10152 | 6456ms/step | elapsed 385.6m | time left 214.4m
step=4590 | loss=3.2404 | lr(muon)=2.31e-03 lr(adam)=3.46e-05 | tok/s=14513 | 4516ms/step | elapsed 386.4m | time left 213.6m
step=4600 | loss=3.2924 | lr(muon)=2.29e-03 lr(adam)=3.44e-05 | tok/s=10132 | 6469ms/step | elapsed 387.3m | time left 212.7m
step=4610 | loss=3.1875 | lr(muon)=2.28e-03 lr(adam)=3.42e-05 | tok/s=13917 | 4709ms/step | elapsed 388.1m | time left 211.9m
step=4620 | loss=3.2670 | lr(muon)=2.27e-03 lr(adam)=3.40e-05 | tok/s=10216 | 6415ms/step | elapsed 389.0m | time left 211.0m
step=4630 | loss=3.1513 | lr(muon)=2.25e-03 lr(adam)=3.38e-05 | tok/s=13737 | 4771ms/step | elapsed 389.8m | time left 210.2m
step=4640 | loss=3.2654 | lr(muon)=2.24e-03 lr(adam)=3.36e-05 | tok/s=13790 | 4753ms/step | elapsed 390.6m | time left 209.4m
step=4650 | loss=3.3238 | lr(muon)=2.23e-03 lr(adam)=3.34e-05 | tok/s=13446 | 4874ms/step | elapsed 391.4m | time left 208.6m
step=4660 | loss=3.2956 | lr(muon)=2.21e-03 lr(adam)=3.32e-05 | tok/s=14101 | 4648ms/step | elapsed 392.3m | time left 207.7m
step=4670 | loss=3.2409 | lr(muon)=2.20e-03 lr(adam)=3.30e-05 | tok/s=13999 | 4681ms/step | elapsed 393.1m | time left 206.9m
step=4680 | loss=3.2978 | lr(muon)=2.19e-03 lr(adam)=3.28e-05 | tok/s=14480 | 4526ms/step | elapsed 393.9m | time left 206.1m
step=4690 | loss=3.3171 | lr(muon)=2.18e-03 lr(adam)=3.27e-05 | tok/s=13359 | 4906ms/step | elapsed 394.8m | time left 205.2m
step=4700 | loss=3.3942 | lr(muon)=2.17e-03 lr(adam)=3.25e-05 | tok/s=13787 | 4753ms/step | elapsed 395.6m | time left 204.4m
step=4710 | loss=3.3615 | lr(muon)=2.16e-03 lr(adam)=3.23e-05 | tok/s=13563 | 4832ms/step | elapsed 396.5m | time left 203.5m
step=4720 | loss=3.3194 | lr(muon)=2.14e-03 lr(adam)=3.22e-05 | tok/s=13682 | 4790ms/step | elapsed 397.3m | time left 202.7m
step=4730 | loss=3.3155 | lr(muon)=2.13e-03 lr(adam)=3.20e-05 | tok/s=13405 | 4889ms/step | elapsed 398.1m | time left 201.9m
step=4740 | loss=3.2692 | lr(muon)=2.12e-03 lr(adam)=3.19e-05 | tok/s=14142 | 4634ms/step | elapsed 398.9m | time left 201.1m
step=4750 | loss=3.3159 | lr(muon)=2.12e-03 lr(adam)=3.17e-05 | tok/s=9680 | 6770ms/step | elapsed 399.8m | time left 200.2m
step=4760 | loss=3.1701 | lr(muon)=2.11e-03 lr(adam)=3.16e-05 | tok/s=14764 | 4439ms/step | elapsed 400.6m | time left 199.4m
step=4770 | loss=3.3191 | lr(muon)=2.10e-03 lr(adam)=3.15e-05 | tok/s=10294 | 6367ms/step | elapsed 401.4m | time left 198.6m
step=4780 | loss=3.3151 | lr(muon)=2.09e-03 lr(adam)=3.13e-05 | tok/s=14269 | 4593ms/step | elapsed 402.3m | time left 197.7m
step=4790 | loss=3.3363 | lr(muon)=2.08e-03 lr(adam)=3.12e-05 | tok/s=13964 | 4693ms/step | elapsed 403.1m | time left 196.9m
step=4800 | loss=3.2631 | lr(muon)=2.07e-03 lr(adam)=3.11e-05 | tok/s=14006 | 4679ms/step | elapsed 403.9m | time left 196.1m
step=4810 | loss=3.2352 | lr(muon)=2.07e-03 lr(adam)=3.10e-05 | tok/s=13884 | 4720ms/step | elapsed 404.7m | time left 195.3m
step=4820 | loss=3.3207 | lr(muon)=2.06e-03 lr(adam)=3.09e-05 | tok/s=14493 | 4522ms/step | elapsed 405.6m | time left 194.4m
step=4830 | loss=3.3549 | lr(muon)=2.05e-03 lr(adam)=3.08e-05 | tok/s=13955 | 4696ms/step | elapsed 406.4m | time left 193.6m
step=4840 | loss=3.2474 | lr(muon)=2.05e-03 lr(adam)=3.07e-05 | tok/s=14861 | 4410ms/step | elapsed 407.2m | time left 192.8m
step=4850 | loss=3.2318 | lr(muon)=2.04e-03 lr(adam)=3.06e-05 | tok/s=14288 | 4587ms/step | elapsed 408.1m | time left 191.9m
step=4860 | loss=3.2443 | lr(muon)=2.04e-03 lr(adam)=3.05e-05 | tok/s=14177 | 4623ms/step | elapsed 408.9m | time left 191.1m
step=4870 | loss=3.2597 | lr(muon)=2.03e-03 lr(adam)=3.05e-05 | tok/s=13494 | 4857ms/step | elapsed 409.7m | time left 190.3m
step=4880 | loss=3.2238 | lr(muon)=2.03e-03 lr(adam)=3.04e-05 | tok/s=10274 | 6379ms/step | elapsed 410.6m | time left 189.4m
step=4890 | loss=3.1692 | lr(muon)=2.02e-03 lr(adam)=3.03e-05 | tok/s=13229 | 4954ms/step | elapsed 411.4m | time left 188.6m
step=4900 | loss=3.2100 | lr(muon)=2.02e-03 lr(adam)=3.03e-05 | tok/s=9849 | 6654ms/step | elapsed 412.2m | time left 187.8m
step=4910 | loss=3.2168 | lr(muon)=2.01e-03 lr(adam)=3.02e-05 | tok/s=13907 | 4713ms/step | elapsed 413.0m | time left 187.0m
step=4920 | loss=3.3122 | lr(muon)=2.01e-03 lr(adam)=3.02e-05 | tok/s=14735 | 4448ms/step | elapsed 413.9m | time left 186.1m
step=4930 | loss=3.3107 | lr(muon)=2.01e-03 lr(adam)=3.01e-05 | tok/s=13931 | 4704ms/step | elapsed 414.7m | time left 185.3m
step=4940 | loss=3.3040 | lr(muon)=2.01e-03 lr(adam)=3.01e-05 | tok/s=13390 | 4894ms/step | elapsed 415.6m | time left 184.4m
step=4950 | loss=3.2737 | lr(muon)=2.00e-03 lr(adam)=3.01e-05 | tok/s=14777 | 4435ms/step | elapsed 416.4m | time left 183.6m
step=4960 | loss=3.2888 | lr(muon)=2.00e-03 lr(adam)=3.00e-05 | tok/s=14600 | 4489ms/step | elapsed 417.2m | time left 182.8m
step=4970 | loss=3.2181 | lr(muon)=2.00e-03 lr(adam)=3.00e-05 | tok/s=13586 | 4824ms/step | elapsed 418.1m | time left 181.9m
step=4980 | loss=3.2951 | lr(muon)=2.00e-03 lr(adam)=3.00e-05 | tok/s=13945 | 4700ms/step | elapsed 418.9m | time left 181.1m
step=4990 | loss=3.2195 | lr(muon)=2.00e-03 lr(adam)=3.00e-05 | tok/s=14679 | 4465ms/step | elapsed 419.7m | time left 180.3m
step=5000 | loss=3.2770 | lr(muon)=2.00e-03 lr(adam)=3.00e-05 | tok/s=14534 | 4509ms/step | elapsed 420.5m | time left 179.5m

[done] Reached max_steps=5000.
[ckpt] saved → checkpoint.pt  (step 5000)
