Master: localhost:29500  |  Nodes: 1  |  GPUs: 0,1 (2)  |  Rank: 0

*****************************************
Setting OMP_NUM_THREADS environment variable for each process to be 1 in default, to avoid your system being overloaded, please further tune the variable for optimal performance in your application as needed. 
*****************************************
[model] 110.9M parameters
[data] 49 shard(s), 49,000,000,000 tokens total
[data] 49 shard(s), 49,000,000,000 tokens total
step=10 | loss=9.6870 | lr=6.00e-05 | tok/s=423915 | 155ms/step | elapsed 0.1m | time left 9.9m
step=20 | loss=9.2286 | lr=1.20e-04 | tok/s=436835 | 150ms/step | elapsed 0.2m | time left 9.8m
step=30 | loss=8.7732 | lr=1.80e-04 | tok/s=387864 | 169ms/step | elapsed 0.2m | time left 9.8m
step=40 | loss=8.4912 | lr=2.40e-04 | tok/s=455039 | 144ms/step | elapsed 0.2m | time left 9.8m
step=50 | loss=8.4778 | lr=3.00e-04 | tok/s=436603 | 150ms/step | elapsed 0.2m | time left 9.8m
step=60 | loss=8.4216 | lr=3.60e-04 | tok/s=475313 | 138ms/step | elapsed 0.3m | time left 9.7m
step=70 | loss=8.1923 | lr=4.20e-04 | tok/s=440761 | 149ms/step | elapsed 0.3m | time left 9.7m
step=80 | loss=8.0305 | lr=4.80e-04 | tok/s=425848 | 154ms/step | elapsed 0.3m | time left 9.7m
step=90 | loss=7.9406 | lr=5.40e-04 | tok/s=401844 | 163ms/step | elapsed 0.3m | time left 9.7m
step=100 | loss=7.9134 | lr=6.00e-04 | tok/s=461162 | 142ms/step | elapsed 0.4m | time left 9.6m
step=110 | loss=7.7402 | lr=6.00e-04 | tok/s=447752 | 146ms/step | elapsed 0.4m | time left 9.6m
step=120 | loss=7.6168 | lr=6.00e-04 | tok/s=430322 | 152ms/step | elapsed 0.4m | time left 9.6m
step=130 | loss=7.6229 | lr=6.00e-04 | tok/s=431792 | 152ms/step | elapsed 0.4m | time left 9.6m
step=140 | loss=7.5740 | lr=6.00e-04 | tok/s=429050 | 153ms/step | elapsed 0.5m | time left 9.5m
step=150 | loss=7.3696 | lr=6.00e-04 | tok/s=421922 | 155ms/step | elapsed 0.5m | time left 9.5m
step=160 | loss=7.4848 | lr=6.00e-04 | tok/s=410007 | 160ms/step | elapsed 0.5m | time left 9.5m
step=170 | loss=7.3184 | lr=6.00e-04 | tok/s=409395 | 160ms/step | elapsed 0.5m | time left 9.5m
step=180 | loss=7.2865 | lr=6.00e-04 | tok/s=467030 | 140ms/step | elapsed 0.6m | time left 9.4m
step=190 | loss=7.2186 | lr=6.00e-04 | tok/s=361289 | 181ms/step | elapsed 0.6m | time left 9.4m
step=200 | loss=7.2309 | lr=5.99e-04 | tok/s=432622 | 151ms/step | elapsed 0.6m | time left 9.4m
step=210 | loss=7.1849 | lr=5.99e-04 | tok/s=474812 | 138ms/step | elapsed 0.6m | time left 9.4m
step=220 | loss=7.2249 | lr=5.99e-04 | tok/s=425145 | 154ms/step | elapsed 0.7m | time left 9.3m
step=230 | loss=7.1087 | lr=5.99e-04 | tok/s=402896 | 163ms/step | elapsed 0.7m | time left 9.3m
step=240 | loss=7.0588 | lr=5.99e-04 | tok/s=426409 | 154ms/step | elapsed 0.7m | time left 9.3m
step=250 | loss=6.9662 | lr=5.99e-04 | tok/s=445043 | 147ms/step | elapsed 0.7m | time left 9.3m
step=260 | loss=7.0126 | lr=5.99e-04 | tok/s=382621 | 171ms/step | elapsed 0.8m | time left 9.2m
step=270 | loss=6.8867 | lr=5.98e-04 | tok/s=396546 | 165ms/step | elapsed 0.8m | time left 9.2m
step=280 | loss=6.9468 | lr=5.98e-04 | tok/s=409419 | 160ms/step | elapsed 0.8m | time left 9.2m
step=290 | loss=6.9308 | lr=5.98e-04 | tok/s=367673 | 178ms/step | elapsed 0.9m | time left 9.1m
step=300 | loss=6.9181 | lr=5.98e-04 | tok/s=458612 | 143ms/step | elapsed 0.9m | time left 9.1m
step=310 | loss=6.8619 | lr=5.98e-04 | tok/s=377673 | 174ms/step | elapsed 0.9m | time left 9.1m
step=320 | loss=6.7560 | lr=5.97e-04 | tok/s=389787 | 168ms/step | elapsed 0.9m | time left 9.1m
step=330 | loss=6.6899 | lr=5.97e-04 | tok/s=435699 | 150ms/step | elapsed 1.0m | time left 9.0m
step=340 | loss=6.7123 | lr=5.97e-04 | tok/s=485942 | 135ms/step | elapsed 1.0m | time left 9.0m
step=350 | loss=6.6816 | lr=5.97e-04 | tok/s=409713 | 160ms/step | elapsed 1.0m | time left 9.0m
step=360 | loss=6.6746 | lr=5.96e-04 | tok/s=427747 | 153ms/step | elapsed 1.0m | time left 9.0m
step=370 | loss=6.5997 | lr=5.96e-04 | tok/s=497036 | 132ms/step | elapsed 1.1m | time left 8.9m
step=380 | loss=6.6666 | lr=5.96e-04 | tok/s=414875 | 158ms/step | elapsed 1.1m | time left 8.9m
step=390 | loss=6.4955 | lr=5.95e-04 | tok/s=438222 | 150ms/step | elapsed 1.1m | time left 8.9m
step=400 | loss=6.4928 | lr=5.95e-04 | tok/s=419969 | 156ms/step | elapsed 1.1m | time left 8.9m
step=410 | loss=6.5658 | lr=5.95e-04 | tok/s=423650 | 155ms/step | elapsed 1.2m | time left 8.8m
step=420 | loss=6.4131 | lr=5.94e-04 | tok/s=438215 | 150ms/step | elapsed 1.2m | time left 8.8m
step=430 | loss=6.4674 | lr=5.94e-04 | tok/s=429537 | 153ms/step | elapsed 1.2m | time left 8.8m
step=440 | loss=6.4076 | lr=5.94e-04 | tok/s=436931 | 150ms/step | elapsed 1.2m | time left 8.8m
step=450 | loss=6.2888 | lr=5.93e-04 | tok/s=402073 | 163ms/step | elapsed 1.3m | time left 8.7m
step=460 | loss=6.4309 | lr=5.93e-04 | tok/s=396800 | 165ms/step | elapsed 1.3m | time left 8.7m
step=470 | loss=6.3875 | lr=5.92e-04 | tok/s=439789 | 149ms/step | elapsed 1.3m | time left 8.7m
step=480 | loss=6.2385 | lr=5.92e-04 | tok/s=354385 | 185ms/step | elapsed 1.3m | time left 8.7m
step=490 | loss=6.2315 | lr=5.92e-04 | tok/s=389256 | 168ms/step | elapsed 1.4m | time left 8.6m
step=500 | loss=6.1153 | lr=5.91e-04 | tok/s=369309 | 177ms/step | elapsed 1.4m | time left 8.6m
step=510 | loss=6.2294 | lr=5.91e-04 | tok/s=392147 | 167ms/step | elapsed 1.4m | time left 8.6m
step=520 | loss=6.1727 | lr=5.90e-04 | tok/s=403790 | 162ms/step | elapsed 1.4m | time left 8.6m
step=530 | loss=6.1358 | lr=5.90e-04 | tok/s=491649 | 133ms/step | elapsed 1.5m | time left 8.5m
step=540 | loss=5.8727 | lr=5.89e-04 | tok/s=434957 | 151ms/step | elapsed 1.5m | time left 8.5m
step=550 | loss=6.0876 | lr=5.89e-04 | tok/s=424645 | 154ms/step | elapsed 1.5m | time left 8.5m
step=560 | loss=5.9313 | lr=5.88e-04 | tok/s=405167 | 162ms/step | elapsed 1.5m | time left 8.5m
step=570 | loss=6.0598 | lr=5.88e-04 | tok/s=478390 | 137ms/step | elapsed 1.6m | time left 8.4m
step=580 | loss=5.9101 | lr=5.87e-04 | tok/s=450127 | 146ms/step | elapsed 1.6m | time left 8.4m
step=590 | loss=5.9333 | lr=5.87e-04 | tok/s=467022 | 140ms/step | elapsed 1.6m | time left 8.4m
step=600 | loss=5.8636 | lr=5.86e-04 | tok/s=439226 | 149ms/step | elapsed 1.6m | time left 8.4m
step=610 | loss=5.8522 | lr=5.86e-04 | tok/s=486368 | 135ms/step | elapsed 1.7m | time left 8.3m
step=620 | loss=6.0673 | lr=5.85e-04 | tok/s=392150 | 167ms/step | elapsed 1.7m | time left 8.3m
step=630 | loss=5.8542 | lr=5.85e-04 | tok/s=494638 | 132ms/step | elapsed 1.7m | time left 8.3m
step=640 | loss=5.8193 | lr=5.84e-04 | tok/s=415703 | 158ms/step | elapsed 1.8m | time left 8.2m
step=650 | loss=5.7406 | lr=5.83e-04 | tok/s=422135 | 155ms/step | elapsed 1.8m | time left 8.2m
step=660 | loss=5.8059 | lr=5.83e-04 | tok/s=457292 | 143ms/step | elapsed 1.8m | time left 8.2m
step=670 | loss=5.6081 | lr=5.82e-04 | tok/s=430184 | 152ms/step | elapsed 1.8m | time left 8.2m
step=680 | loss=5.7438 | lr=5.82e-04 | tok/s=467923 | 140ms/step | elapsed 1.9m | time left 8.1m
step=690 | loss=5.8202 | lr=5.81e-04 | tok/s=409595 | 160ms/step | elapsed 1.9m | time left 8.1m
step=700 | loss=5.7228 | lr=5.80e-04 | tok/s=394953 | 166ms/step | elapsed 1.9m | time left 8.1m
step=710 | loss=5.6947 | lr=5.80e-04 | tok/s=427186 | 153ms/step | elapsed 1.9m | time left 8.1m
step=720 | loss=5.6042 | lr=5.79e-04 | tok/s=439205 | 149ms/step | elapsed 1.9m | time left 8.1m
step=730 | loss=5.6321 | lr=5.78e-04 | tok/s=471057 | 139ms/step | elapsed 2.0m | time left 8.0m
step=740 | loss=5.6108 | lr=5.78e-04 | tok/s=505483 | 130ms/step | elapsed 2.0m | time left 8.0m
step=750 | loss=5.4821 | lr=5.77e-04 | tok/s=474535 | 138ms/step | elapsed 2.0m | time left 8.0m
step=760 | loss=5.5310 | lr=5.76e-04 | tok/s=410957 | 159ms/step | elapsed 2.0m | time left 8.0m
step=770 | loss=5.5844 | lr=5.75e-04 | tok/s=482567 | 136ms/step | elapsed 2.1m | time left 7.9m
step=780 | loss=5.4555 | lr=5.75e-04 | tok/s=447583 | 146ms/step | elapsed 2.1m | time left 7.9m
step=790 | loss=5.3719 | lr=5.74e-04 | tok/s=441414 | 148ms/step | elapsed 2.1m | time left 7.9m
step=800 | loss=5.4850 | lr=5.73e-04 | tok/s=423232 | 155ms/step | elapsed 2.1m | time left 7.9m
step=810 | loss=5.5346 | lr=5.73e-04 | tok/s=467685 | 140ms/step | elapsed 2.2m | time left 7.8m
step=820 | loss=5.4459 | lr=5.72e-04 | tok/s=450733 | 145ms/step | elapsed 2.2m | time left 7.8m
step=830 | loss=5.2943 | lr=5.71e-04 | tok/s=525431 | 125ms/step | elapsed 2.2m | time left 7.8m
step=840 | loss=5.4549 | lr=5.70e-04 | tok/s=453237 | 145ms/step | elapsed 2.2m | time left 7.8m
step=850 | loss=5.3692 | lr=5.69e-04 | tok/s=531700 | 123ms/step | elapsed 2.3m | time left 7.7m
step=860 | loss=5.4070 | lr=5.69e-04 | tok/s=419853 | 156ms/step | elapsed 2.3m | time left 7.7m
step=870 | loss=5.2508 | lr=5.68e-04 | tok/s=531994 | 123ms/step | elapsed 2.3m | time left 7.7m
step=880 | loss=5.3347 | lr=5.67e-04 | tok/s=437210 | 150ms/step | elapsed 2.3m | time left 7.7m
step=890 | loss=5.3425 | lr=5.66e-04 | tok/s=457945 | 143ms/step | elapsed 2.4m | time left 7.6m
step=900 | loss=5.2751 | lr=5.65e-04 | tok/s=518556 | 126ms/step | elapsed 2.4m | time left 7.6m
step=910 | loss=5.3456 | lr=5.64e-04 | tok/s=497441 | 132ms/step | elapsed 2.4m | time left 7.6m
step=920 | loss=5.2664 | lr=5.64e-04 | tok/s=536347 | 122ms/step | elapsed 2.4m | time left 7.6m
step=930 | loss=5.2967 | lr=5.63e-04 | tok/s=524991 | 125ms/step | elapsed 2.5m | time left 7.5m
step=940 | loss=5.1348 | lr=5.62e-04 | tok/s=494890 | 132ms/step | elapsed 2.5m | time left 7.5m
step=950 | loss=5.0731 | lr=5.61e-04 | tok/s=483429 | 136ms/step | elapsed 2.5m | time left 7.5m
step=960 | loss=5.1694 | lr=5.60e-04 | tok/s=484193 | 135ms/step | elapsed 2.5m | time left 7.5m
step=970 | loss=5.1028 | lr=5.59e-04 | tok/s=450107 | 146ms/step | elapsed 2.6m | time left 7.4m
step=980 | loss=5.1589 | lr=5.58e-04 | tok/s=426675 | 154ms/step | elapsed 2.6m | time left 7.4m
step=990 | loss=5.0622 | lr=5.57e-04 | tok/s=572526 | 114ms/step | elapsed 2.6m | time left 7.4m
step=1000 | loss=5.0817 | lr=5.56e-04 | tok/s=483339 | 136ms/step | elapsed 2.6m | time left 7.4m
step=1010 | loss=5.1309 | lr=5.55e-04 | tok/s=454689 | 144ms/step | elapsed 2.7m | time left 7.3m
step=1020 | loss=5.0317 | lr=5.54e-04 | tok/s=516811 | 127ms/step | elapsed 2.7m | time left 7.3m
step=1030 | loss=5.0532 | lr=5.53e-04 | tok/s=518918 | 126ms/step | elapsed 2.7m | time left 7.3m
step=1040 | loss=5.1702 | lr=5.52e-04 | tok/s=479286 | 137ms/step | elapsed 2.7m | time left 7.3m
step=1050 | loss=5.1830 | lr=5.51e-04 | tok/s=433898 | 151ms/step | elapsed 2.7m | time left 7.3m
step=1060 | loss=5.1327 | lr=5.50e-04 | tok/s=407554 | 161ms/step | elapsed 2.8m | time left 7.2m
step=1070 | loss=5.0351 | lr=5.49e-04 | tok/s=498904 | 131ms/step | elapsed 2.8m | time left 7.2m
step=1080 | loss=4.8793 | lr=5.48e-04 | tok/s=516854 | 127ms/step | elapsed 2.8m | time left 7.2m
step=1090 | loss=5.1580 | lr=5.47e-04 | tok/s=453728 | 144ms/step | elapsed 2.8m | time left 7.2m
step=1100 | loss=5.0855 | lr=5.46e-04 | tok/s=464187 | 141ms/step | elapsed 2.9m | time left 7.1m
step=1110 | loss=4.8747 | lr=5.45e-04 | tok/s=531801 | 123ms/step | elapsed 2.9m | time left 7.1m
step=1120 | loss=5.1200 | lr=5.44e-04 | tok/s=525456 | 125ms/step | elapsed 2.9m | time left 7.1m
step=1130 | loss=5.0464 | lr=5.43e-04 | tok/s=568203 | 115ms/step | elapsed 2.9m | time left 7.1m
step=1140 | loss=5.1658 | lr=5.42e-04 | tok/s=475016 | 138ms/step | elapsed 3.0m | time left 7.0m
step=1150 | loss=5.0113 | lr=5.41e-04 | tok/s=506191 | 129ms/step | elapsed 3.0m | time left 7.0m
step=1160 | loss=5.0481 | lr=5.40e-04 | tok/s=508260 | 129ms/step | elapsed 3.0m | time left 7.0m
step=1170 | loss=5.1110 | lr=5.39e-04 | tok/s=487507 | 134ms/step | elapsed 3.0m | time left 7.0m
step=1180 | loss=4.8431 | lr=5.38e-04 | tok/s=506271 | 129ms/step | elapsed 3.0m | time left 7.0m
step=1190 | loss=5.0448 | lr=5.37e-04 | tok/s=496343 | 132ms/step | elapsed 3.1m | time left 6.9m
step=1200 | loss=4.9697 | lr=5.36e-04 | tok/s=488519 | 134ms/step | elapsed 3.1m | time left 6.9m
step=1210 | loss=5.0533 | lr=5.34e-04 | tok/s=483921 | 135ms/step | elapsed 3.1m | time left 6.9m
step=1220 | loss=5.0468 | lr=5.33e-04 | tok/s=422281 | 155ms/step | elapsed 3.1m | time left 6.9m
step=1230 | loss=4.9399 | lr=5.32e-04 | tok/s=481221 | 136ms/step | elapsed 3.2m | time left 6.8m
step=1240 | loss=4.9254 | lr=5.31e-04 | tok/s=510267 | 128ms/step | elapsed 3.2m | time left 6.8m
step=1250 | loss=5.0287 | lr=5.30e-04 | tok/s=495638 | 132ms/step | elapsed 3.2m | time left 6.8m
step=1260 | loss=4.8997 | lr=5.29e-04 | tok/s=512377 | 128ms/step | elapsed 3.2m | time left 6.8m
step=1270 | loss=5.1582 | lr=5.28e-04 | tok/s=439007 | 149ms/step | elapsed 3.2m | time left 6.8m
step=1280 | loss=4.6850 | lr=5.26e-04 | tok/s=437941 | 150ms/step | elapsed 3.3m | time left 6.7m
step=1290 | loss=4.9302 | lr=5.25e-04 | tok/s=560286 | 117ms/step | elapsed 3.3m | time left 6.7m
step=1300 | loss=4.9587 | lr=5.24e-04 | tok/s=519389 | 126ms/step | elapsed 3.3m | time left 6.7m
step=1310 | loss=4.9923 | lr=5.23e-04 | tok/s=455428 | 144ms/step | elapsed 3.3m | time left 6.7m
step=1320 | loss=4.8769 | lr=5.22e-04 | tok/s=523573 | 125ms/step | elapsed 3.4m | time left 6.6m
step=1330 | loss=4.6935 | lr=5.20e-04 | tok/s=489683 | 134ms/step | elapsed 3.4m | time left 6.6m
step=1340 | loss=4.9958 | lr=5.19e-04 | tok/s=440158 | 149ms/step | elapsed 3.4m | time left 6.6m
step=1350 | loss=4.6860 | lr=5.18e-04 | tok/s=434361 | 151ms/step | elapsed 3.4m | time left 6.6m
step=1360 | loss=5.0284 | lr=5.17e-04 | tok/s=519262 | 126ms/step | elapsed 3.4m | time left 6.6m
step=1370 | loss=5.0514 | lr=5.15e-04 | tok/s=466720 | 140ms/step | elapsed 3.5m | time left 6.5m
step=1380 | loss=4.9043 | lr=5.14e-04 | tok/s=638743 | 103ms/step | elapsed 3.5m | time left 6.5m
step=1390 | loss=4.8391 | lr=5.13e-04 | tok/s=506691 | 129ms/step | elapsed 3.5m | time left 6.5m
step=1400 | loss=4.9617 | lr=5.12e-04 | tok/s=473027 | 139ms/step | elapsed 3.5m | time left 6.5m
step=1410 | loss=4.8293 | lr=5.10e-04 | tok/s=547347 | 120ms/step | elapsed 3.6m | time left 6.4m
step=1420 | loss=4.8438 | lr=5.09e-04 | tok/s=496648 | 132ms/step | elapsed 3.6m | time left 6.4m
step=1430 | loss=4.7489 | lr=5.08e-04 | tok/s=426446 | 154ms/step | elapsed 3.6m | time left 6.4m
step=1440 | loss=4.7863 | lr=5.06e-04 | tok/s=464126 | 141ms/step | elapsed 3.6m | time left 6.4m
step=1450 | loss=4.7975 | lr=5.05e-04 | tok/s=454020 | 144ms/step | elapsed 3.6m | time left 6.4m
step=1460 | loss=4.9283 | lr=5.04e-04 | tok/s=492114 | 133ms/step | elapsed 3.7m | time left 6.3m
step=1470 | loss=4.8685 | lr=5.02e-04 | tok/s=421372 | 156ms/step | elapsed 3.7m | time left 6.3m
step=1480 | loss=4.7397 | lr=5.01e-04 | tok/s=489969 | 134ms/step | elapsed 3.7m | time left 6.3m
step=1490 | loss=4.8880 | lr=5.00e-04 | tok/s=529767 | 124ms/step | elapsed 3.7m | time left 6.3m
step=1500 | loss=4.7588 | lr=4.98e-04 | tok/s=586942 | 112ms/step | elapsed 3.7m | time left 6.3m
step=1510 | loss=4.8510 | lr=4.97e-04 | tok/s=459406 | 143ms/step | elapsed 3.8m | time left 6.2m
step=1520 | loss=4.8474 | lr=4.96e-04 | tok/s=541003 | 121ms/step | elapsed 3.8m | time left 6.2m
step=1530 | loss=4.7595 | lr=4.94e-04 | tok/s=434778 | 151ms/step | elapsed 3.8m | time left 6.2m
step=1540 | loss=4.6094 | lr=4.93e-04 | tok/s=533836 | 123ms/step | elapsed 3.8m | time left 6.2m
step=1550 | loss=4.7152 | lr=4.91e-04 | tok/s=446450 | 147ms/step | elapsed 3.9m | time left 6.1m
step=1560 | loss=4.8261 | lr=4.90e-04 | tok/s=465793 | 141ms/step | elapsed 3.9m | time left 6.1m
step=1570 | loss=4.7181 | lr=4.89e-04 | tok/s=427121 | 153ms/step | elapsed 3.9m | time left 6.1m
step=1580 | loss=4.7257 | lr=4.87e-04 | tok/s=556346 | 118ms/step | elapsed 3.9m | time left 6.1m
step=1590 | loss=4.7500 | lr=4.86e-04 | tok/s=461296 | 142ms/step | elapsed 3.9m | time left 6.1m
step=1600 | loss=4.6518 | lr=4.84e-04 | tok/s=459847 | 143ms/step | elapsed 4.0m | time left 6.0m
step=1610 | loss=4.6255 | lr=4.83e-04 | tok/s=507291 | 129ms/step | elapsed 4.0m | time left 6.0m
step=1620 | loss=4.6214 | lr=4.82e-04 | tok/s=541667 | 121ms/step | elapsed 4.0m | time left 6.0m
step=1630 | loss=4.8650 | lr=4.80e-04 | tok/s=524296 | 125ms/step | elapsed 4.0m | time left 6.0m
step=1640 | loss=4.7815 | lr=4.79e-04 | tok/s=475911 | 138ms/step | elapsed 4.1m | time left 5.9m
step=1650 | loss=4.7685 | lr=4.77e-04 | tok/s=498349 | 132ms/step | elapsed 4.1m | time left 5.9m
step=1660 | loss=4.8635 | lr=4.76e-04 | tok/s=582650 | 112ms/step | elapsed 4.1m | time left 5.9m
step=1670 | loss=4.7976 | lr=4.74e-04 | tok/s=510805 | 128ms/step | elapsed 4.1m | time left 5.9m
step=1680 | loss=4.7751 | lr=4.73e-04 | tok/s=560148 | 117ms/step | elapsed 4.1m | time left 5.9m
step=1690 | loss=4.8798 | lr=4.71e-04 | tok/s=470470 | 139ms/step | elapsed 4.2m | time left 5.8m
step=1700 | loss=4.5815 | lr=4.70e-04 | tok/s=574142 | 114ms/step | elapsed 4.2m | time left 5.8m
step=1710 | loss=4.6976 | lr=4.68e-04 | tok/s=535104 | 122ms/step | elapsed 4.2m | time left 5.8m
step=1720 | loss=4.7515 | lr=4.67e-04 | tok/s=511272 | 128ms/step | elapsed 4.2m | time left 5.8m
step=1730 | loss=4.7718 | lr=4.65e-04 | tok/s=500495 | 131ms/step | elapsed 4.2m | time left 5.8m
step=1740 | loss=4.6313 | lr=4.64e-04 | tok/s=538269 | 122ms/step | elapsed 4.3m | time left 5.7m
step=1750 | loss=4.7598 | lr=4.62e-04 | tok/s=535105 | 122ms/step | elapsed 4.3m | time left 5.7m
step=1760 | loss=4.7671 | lr=4.61e-04 | tok/s=524564 | 125ms/step | elapsed 4.3m | time left 5.7m
step=1770 | loss=4.8138 | lr=4.59e-04 | tok/s=487564 | 134ms/step | elapsed 4.3m | time left 5.7m
step=1780 | loss=4.6628 | lr=4.58e-04 | tok/s=527122 | 124ms/step | elapsed 4.3m | time left 5.7m
step=1790 | loss=4.5864 | lr=4.56e-04 | tok/s=438888 | 149ms/step | elapsed 4.4m | time left 5.6m
step=1800 | loss=4.7941 | lr=4.55e-04 | tok/s=582378 | 113ms/step | elapsed 4.4m | time left 5.6m
step=1810 | loss=4.6622 | lr=4.53e-04 | tok/s=544297 | 120ms/step | elapsed 4.4m | time left 5.6m
step=1820 | loss=4.4674 | lr=4.52e-04 | tok/s=561345 | 117ms/step | elapsed 4.4m | time left 5.6m
step=1830 | loss=4.6549 | lr=4.50e-04 | tok/s=530719 | 123ms/step | elapsed 4.5m | time left 5.5m
step=1840 | loss=4.5644 | lr=4.49e-04 | tok/s=546664 | 120ms/step | elapsed 4.5m | time left 5.5m
step=1850 | loss=4.5963 | lr=4.47e-04 | tok/s=514680 | 127ms/step | elapsed 4.5m | time left 5.5m
step=1860 | loss=4.7890 | lr=4.46e-04 | tok/s=436172 | 150ms/step | elapsed 4.5m | time left 5.5m
step=1870 | loss=4.6654 | lr=4.44e-04 | tok/s=595826 | 110ms/step | elapsed 4.5m | time left 5.5m
step=1880 | loss=4.7839 | lr=4.42e-04 | tok/s=505112 | 130ms/step | elapsed 4.6m | time left 5.4m
step=1890 | loss=4.6877 | lr=4.41e-04 | tok/s=609179 | 108ms/step | elapsed 4.6m | time left 5.4m
step=1900 | loss=4.4376 | lr=4.39e-04 | tok/s=576779 | 114ms/step | elapsed 4.6m | time left 5.4m
step=1910 | loss=4.7098 | lr=4.38e-04 | tok/s=504830 | 130ms/step | elapsed 4.6m | time left 5.4m
step=1920 | loss=4.5654 | lr=4.36e-04 | tok/s=505461 | 130ms/step | elapsed 4.6m | time left 5.4m
step=1930 | loss=4.4935 | lr=4.35e-04 | tok/s=462454 | 142ms/step | elapsed 4.7m | time left 5.3m
step=1940 | loss=4.6188 | lr=4.33e-04 | tok/s=474752 | 138ms/step | elapsed 4.7m | time left 5.3m
step=1950 | loss=4.4949 | lr=4.31e-04 | tok/s=544389 | 120ms/step | elapsed 4.7m | time left 5.3m
step=1960 | loss=4.7358 | lr=4.30e-04 | tok/s=527072 | 124ms/step | elapsed 4.7m | time left 5.3m
step=1970 | loss=4.7917 | lr=4.28e-04 | tok/s=502095 | 131ms/step | elapsed 4.7m | time left 5.3m
step=1980 | loss=4.6276 | lr=4.26e-04 | tok/s=511638 | 128ms/step | elapsed 4.8m | time left 5.2m
step=1990 | loss=4.5775 | lr=4.25e-04 | tok/s=661816 | 99ms/step | elapsed 4.8m | time left 5.2m
step=2000 | loss=4.6255 | lr=4.23e-04 | tok/s=407756 | 161ms/step | elapsed 4.8m | time left 5.2m
step=2010 | loss=4.5446 | lr=4.22e-04 | tok/s=508522 | 129ms/step | elapsed 4.8m | time left 5.2m
step=2020 | loss=4.4903 | lr=4.20e-04 | tok/s=543304 | 121ms/step | elapsed 4.8m | time left 5.2m
step=2030 | loss=4.5774 | lr=4.18e-04 | tok/s=516312 | 127ms/step | elapsed 4.9m | time left 5.1m
step=2040 | loss=4.6956 | lr=4.17e-04 | tok/s=484769 | 135ms/step | elapsed 4.9m | time left 5.1m
step=2050 | loss=4.7629 | lr=4.15e-04 | tok/s=540759 | 121ms/step | elapsed 4.9m | time left 5.1m
step=2060 | loss=4.4957 | lr=4.13e-04 | tok/s=572524 | 114ms/step | elapsed 4.9m | time left 5.1m
step=2070 | loss=4.5487 | lr=4.12e-04 | tok/s=533675 | 123ms/step | elapsed 4.9m | time left 5.1m
step=2080 | loss=4.5400 | lr=4.10e-04 | tok/s=545044 | 120ms/step | elapsed 5.0m | time left 5.0m
step=2090 | loss=4.6452 | lr=4.08e-04 | tok/s=546687 | 120ms/step | elapsed 5.0m | time left 5.0m
step=2100 | loss=4.6261 | lr=4.07e-04 | tok/s=481717 | 136ms/step | elapsed 5.0m | time left 5.0m
step=2110 | loss=4.6374 | lr=4.05e-04 | tok/s=507655 | 129ms/step | elapsed 5.0m | time left 5.0m
step=2120 | loss=4.6256 | lr=4.03e-04 | tok/s=499545 | 131ms/step | elapsed 5.1m | time left 4.9m
step=2130 | loss=4.6087 | lr=4.02e-04 | tok/s=589349 | 111ms/step | elapsed 5.1m | time left 4.9m
step=2140 | loss=4.6651 | lr=4.00e-04 | tok/s=562117 | 117ms/step | elapsed 5.1m | time left 4.9m
step=2150 | loss=4.4893 | lr=3.98e-04 | tok/s=624382 | 105ms/step | elapsed 5.1m | time left 4.9m
step=2160 | loss=4.6148 | lr=3.97e-04 | tok/s=449510 | 146ms/step | elapsed 5.1m | time left 4.9m
step=2170 | loss=4.7152 | lr=3.95e-04 | tok/s=614451 | 107ms/step | elapsed 5.2m | time left 4.8m
step=2180 | loss=4.4264 | lr=3.93e-04 | tok/s=520392 | 126ms/step | elapsed 5.2m | time left 4.8m
step=2190 | loss=4.6088 | lr=3.92e-04 | tok/s=566822 | 116ms/step | elapsed 5.2m | time left 4.8m
step=2200 | loss=4.6099 | lr=3.90e-04 | tok/s=520410 | 126ms/step | elapsed 5.2m | time left 4.8m
step=2210 | loss=4.6033 | lr=3.88e-04 | tok/s=563269 | 116ms/step | elapsed 5.2m | time left 4.8m
step=2220 | loss=4.4148 | lr=3.87e-04 | tok/s=551196 | 119ms/step | elapsed 5.3m | time left 4.7m
step=2230 | loss=4.5696 | lr=3.85e-04 | tok/s=644492 | 102ms/step | elapsed 5.3m | time left 4.7m
step=2240 | loss=4.5941 | lr=3.83e-04 | tok/s=416614 | 157ms/step | elapsed 5.3m | time left 4.7m
step=2250 | loss=4.6203 | lr=3.82e-04 | tok/s=544865 | 120ms/step | elapsed 5.3m | time left 4.7m
step=2260 | loss=4.4709 | lr=3.80e-04 | tok/s=608903 | 108ms/step | elapsed 5.3m | time left 4.7m
step=2270 | loss=4.4683 | lr=3.78e-04 | tok/s=497778 | 132ms/step | elapsed 5.4m | time left 4.6m
step=2280 | loss=4.6519 | lr=3.77e-04 | tok/s=565368 | 116ms/step | elapsed 5.4m | time left 4.6m
step=2290 | loss=4.4442 | lr=3.75e-04 | tok/s=490428 | 134ms/step | elapsed 5.4m | time left 4.6m
step=2300 | loss=4.4079 | lr=3.73e-04 | tok/s=620343 | 106ms/step | elapsed 5.4m | time left 4.6m
step=2310 | loss=4.3443 | lr=3.71e-04 | tok/s=600640 | 109ms/step | elapsed 5.4m | time left 4.6m
step=2320 | loss=4.4059 | lr=3.70e-04 | tok/s=523688 | 125ms/step | elapsed 5.5m | time left 4.5m
step=2330 | loss=4.4576 | lr=3.68e-04 | tok/s=606781 | 108ms/step | elapsed 5.5m | time left 4.5m
step=2340 | loss=4.5006 | lr=3.66e-04 | tok/s=587938 | 111ms/step | elapsed 5.5m | time left 4.5m
step=2350 | loss=4.6354 | lr=3.65e-04 | tok/s=555248 | 118ms/step | elapsed 5.5m | time left 4.5m
step=2360 | loss=4.5402 | lr=3.63e-04 | tok/s=481208 | 136ms/step | elapsed 5.6m | time left 4.4m
step=2370 | loss=4.7281 | lr=3.61e-04 | tok/s=608008 | 108ms/step | elapsed 5.6m | time left 4.4m
step=2380 | loss=4.6401 | lr=3.59e-04 | tok/s=468104 | 140ms/step | elapsed 5.6m | time left 4.4m
step=2390 | loss=4.3695 | lr=3.58e-04 | tok/s=514271 | 127ms/step | elapsed 5.6m | time left 4.4m
step=2400 | loss=4.3413 | lr=3.56e-04 | tok/s=573985 | 114ms/step | elapsed 5.6m | time left 4.4m
step=2410 | loss=4.4192 | lr=3.54e-04 | tok/s=657782 | 100ms/step | elapsed 5.7m | time left 4.3m
step=2420 | loss=4.3229 | lr=3.52e-04 | tok/s=696470 | 94ms/step | elapsed 5.7m | time left 4.3m
step=2430 | loss=4.4784 | lr=3.51e-04 | tok/s=620760 | 106ms/step | elapsed 5.7m | time left 4.3m
step=2440 | loss=4.4520 | lr=3.49e-04 | tok/s=661265 | 99ms/step | elapsed 5.7m | time left 4.3m
step=2450 | loss=4.3128 | lr=3.47e-04 | tok/s=587450 | 112ms/step | elapsed 5.7m | time left 4.3m
step=2460 | loss=4.4683 | lr=3.46e-04 | tok/s=490313 | 134ms/step | elapsed 5.8m | time left 4.2m
step=2470 | loss=4.5055 | lr=3.44e-04 | tok/s=490367 | 134ms/step | elapsed 5.8m | time left 4.2m
step=2480 | loss=4.4141 | lr=3.42e-04 | tok/s=489020 | 134ms/step | elapsed 5.8m | time left 4.2m
step=2490 | loss=4.4710 | lr=3.40e-04 | tok/s=546606 | 120ms/step | elapsed 5.8m | time left 4.2m
step=2500 | loss=4.4243 | lr=3.39e-04 | tok/s=632460 | 104ms/step | elapsed 5.8m | time left 4.2m
step=2510 | loss=4.4641 | lr=3.37e-04 | tok/s=518140 | 126ms/step | elapsed 5.8m | time left 4.2m
step=2520 | loss=4.3784 | lr=3.35e-04 | tok/s=561264 | 117ms/step | elapsed 5.9m | time left 4.1m
step=2530 | loss=4.4878 | lr=3.33e-04 | tok/s=492498 | 133ms/step | elapsed 5.9m | time left 4.1m
step=2540 | loss=4.3882 | lr=3.32e-04 | tok/s=594469 | 110ms/step | elapsed 5.9m | time left 4.1m
step=2550 | loss=4.3609 | lr=3.30e-04 | tok/s=461833 | 142ms/step | elapsed 5.9m | time left 4.1m
step=2560 | loss=4.4482 | lr=3.28e-04 | tok/s=525930 | 125ms/step | elapsed 6.0m | time left 4.0m
step=2570 | loss=4.4670 | lr=3.27e-04 | tok/s=525483 | 125ms/step | elapsed 6.0m | time left 4.0m
step=2580 | loss=4.3377 | lr=3.25e-04 | tok/s=530635 | 124ms/step | elapsed 6.0m | time left 4.0m
step=2590 | loss=4.5277 | lr=3.23e-04 | tok/s=541169 | 121ms/step | elapsed 6.0m | time left 4.0m
step=2600 | loss=4.5466 | lr=3.21e-04 | tok/s=557235 | 118ms/step | elapsed 6.0m | time left 4.0m
step=2610 | loss=4.4570 | lr=3.20e-04 | tok/s=437936 | 150ms/step | elapsed 6.1m | time left 3.9m
step=2620 | loss=4.4500 | lr=3.18e-04 | tok/s=516119 | 127ms/step | elapsed 6.1m | time left 3.9m
step=2630 | loss=4.4298 | lr=3.16e-04 | tok/s=515155 | 127ms/step | elapsed 6.1m | time left 3.9m
step=2640 | loss=4.5533 | lr=3.14e-04 | tok/s=487440 | 134ms/step | elapsed 6.1m | time left 3.9m
step=2650 | loss=4.4589 | lr=3.13e-04 | tok/s=578365 | 113ms/step | elapsed 6.1m | time left 3.9m
step=2660 | loss=4.5771 | lr=3.11e-04 | tok/s=596609 | 110ms/step | elapsed 6.2m | time left 3.8m
step=2670 | loss=4.4342 | lr=3.09e-04 | tok/s=506866 | 129ms/step | elapsed 6.2m | time left 3.8m
step=2680 | loss=4.5344 | lr=3.08e-04 | tok/s=483818 | 135ms/step | elapsed 6.2m | time left 3.8m
step=2690 | loss=4.5328 | lr=3.06e-04 | tok/s=442267 | 148ms/step | elapsed 6.2m | time left 3.8m
step=2700 | loss=4.3734 | lr=3.04e-04 | tok/s=397580 | 165ms/step | elapsed 6.3m | time left 3.7m
step=2710 | loss=4.2521 | lr=3.02e-04 | tok/s=500598 | 131ms/step | elapsed 6.3m | time left 3.7m
step=2720 | loss=4.3547 | lr=3.01e-04 | tok/s=450857 | 145ms/step | elapsed 6.3m | time left 3.7m
step=2730 | loss=4.3512 | lr=2.99e-04 | tok/s=372609 | 176ms/step | elapsed 6.3m | time left 3.7m
step=2740 | loss=4.4051 | lr=2.97e-04 | tok/s=351598 | 186ms/step | elapsed 6.4m | time left 3.6m
step=2750 | loss=4.4257 | lr=2.95e-04 | tok/s=342586 | 191ms/step | elapsed 6.4m | time left 3.6m
step=2760 | loss=4.3795 | lr=2.94e-04 | tok/s=453418 | 145ms/step | elapsed 6.4m | time left 3.6m
step=2770 | loss=4.4450 | lr=2.92e-04 | tok/s=483396 | 136ms/step | elapsed 6.4m | time left 3.6m
step=2780 | loss=4.5143 | lr=2.90e-04 | tok/s=380068 | 172ms/step | elapsed 6.5m | time left 3.5m
step=2790 | loss=4.4667 | lr=2.89e-04 | tok/s=335296 | 195ms/step | elapsed 6.5m | time left 3.5m
step=2800 | loss=4.4658 | lr=2.87e-04 | tok/s=399365 | 164ms/step | elapsed 6.5m | time left 3.5m
step=2810 | loss=4.5211 | lr=2.85e-04 | tok/s=446134 | 147ms/step | elapsed 6.5m | time left 3.5m
step=2820 | loss=4.4535 | lr=2.83e-04 | tok/s=435561 | 150ms/step | elapsed 6.6m | time left 3.4m
step=2830 | loss=4.3804 | lr=2.82e-04 | tok/s=408257 | 161ms/step | elapsed 6.6m | time left 3.4m
step=2840 | loss=4.2470 | lr=2.80e-04 | tok/s=412860 | 159ms/step | elapsed 6.6m | time left 3.4m
step=2850 | loss=4.5630 | lr=2.78e-04 | tok/s=411891 | 159ms/step | elapsed 6.7m | time left 3.3m
step=2860 | loss=4.3245 | lr=2.77e-04 | tok/s=467316 | 140ms/step | elapsed 6.7m | time left 3.3m
step=2870 | loss=4.2497 | lr=2.75e-04 | tok/s=389416 | 168ms/step | elapsed 6.7m | time left 3.3m
step=2880 | loss=4.2418 | lr=2.73e-04 | tok/s=526590 | 124ms/step | elapsed 6.7m | time left 3.3m
step=2890 | loss=4.4069 | lr=2.72e-04 | tok/s=479494 | 137ms/step | elapsed 6.8m | time left 3.2m
step=2900 | loss=4.4822 | lr=2.70e-04 | tok/s=382522 | 171ms/step | elapsed 6.8m | time left 3.2m
step=2910 | loss=4.4788 | lr=2.68e-04 | tok/s=429249 | 153ms/step | elapsed 6.8m | time left 3.2m
step=2920 | loss=4.5817 | lr=2.67e-04 | tok/s=456972 | 143ms/step | elapsed 6.8m | time left 3.2m
step=2930 | loss=4.3155 | lr=2.65e-04 | tok/s=481046 | 136ms/step | elapsed 6.9m | time left 3.1m
step=2940 | loss=4.2620 | lr=2.63e-04 | tok/s=448554 | 146ms/step | elapsed 6.9m | time left 3.1m
step=2950 | loss=4.2751 | lr=2.62e-04 | tok/s=442964 | 148ms/step | elapsed 6.9m | time left 3.1m
step=2960 | loss=4.4991 | lr=2.60e-04 | tok/s=433656 | 151ms/step | elapsed 6.9m | time left 3.1m
step=2970 | loss=4.5023 | lr=2.58e-04 | tok/s=444346 | 147ms/step | elapsed 7.0m | time left 3.0m
step=2980 | loss=4.3736 | lr=2.57e-04 | tok/s=449649 | 146ms/step | elapsed 7.0m | time left 3.0m
step=2990 | loss=4.4512 | lr=2.55e-04 | tok/s=441856 | 148ms/step | elapsed 7.0m | time left 3.0m
step=3000 | loss=4.3569 | lr=2.53e-04 | tok/s=396124 | 165ms/step | elapsed 7.0m | time left 3.0m
step=3010 | loss=4.3111 | lr=2.52e-04 | tok/s=439475 | 149ms/step | elapsed 7.1m | time left 2.9m
step=3020 | loss=4.3239 | lr=2.50e-04 | tok/s=432218 | 152ms/step | elapsed 7.1m | time left 2.9m
step=3030 | loss=4.2949 | lr=2.48e-04 | tok/s=393483 | 167ms/step | elapsed 7.1m | time left 2.9m
step=3040 | loss=4.5665 | lr=2.47e-04 | tok/s=427985 | 153ms/step | elapsed 7.1m | time left 2.9m
step=3050 | loss=4.4060 | lr=2.45e-04 | tok/s=414294 | 158ms/step | elapsed 7.2m | time left 2.8m
step=3060 | loss=4.3415 | lr=2.43e-04 | tok/s=487292 | 134ms/step | elapsed 7.2m | time left 2.8m
step=3070 | loss=4.3801 | lr=2.42e-04 | tok/s=440697 | 149ms/step | elapsed 7.2m | time left 2.8m
step=3080 | loss=4.4632 | lr=2.40e-04 | tok/s=467040 | 140ms/step | elapsed 7.2m | time left 2.8m
step=3090 | loss=4.3777 | lr=2.38e-04 | tok/s=476566 | 138ms/step | elapsed 7.3m | time left 2.7m
step=3100 | loss=4.3530 | lr=2.37e-04 | tok/s=457454 | 143ms/step | elapsed 7.3m | time left 2.7m
step=3110 | loss=4.3266 | lr=2.35e-04 | tok/s=425922 | 154ms/step | elapsed 7.3m | time left 2.7m
step=3120 | loss=4.2862 | lr=2.34e-04 | tok/s=448912 | 146ms/step | elapsed 7.3m | time left 2.7m
step=3130 | loss=4.2941 | lr=2.32e-04 | tok/s=439671 | 149ms/step | elapsed 7.4m | time left 2.6m
step=3140 | loss=4.3502 | lr=2.30e-04 | tok/s=419679 | 156ms/step | elapsed 7.4m | time left 2.6m
step=3150 | loss=4.3252 | lr=2.29e-04 | tok/s=387911 | 169ms/step | elapsed 7.4m | time left 2.6m
step=3160 | loss=4.3908 | lr=2.27e-04 | tok/s=431148 | 152ms/step | elapsed 7.4m | time left 2.6m
step=3170 | loss=4.3022 | lr=2.25e-04 | tok/s=485438 | 135ms/step | elapsed 7.5m | time left 2.5m
step=3180 | loss=4.3054 | lr=2.24e-04 | tok/s=430751 | 152ms/step | elapsed 7.5m | time left 2.5m
step=3190 | loss=4.3749 | lr=2.22e-04 | tok/s=410843 | 160ms/step | elapsed 7.5m | time left 2.5m
step=3200 | loss=4.2098 | lr=2.21e-04 | tok/s=438026 | 150ms/step | elapsed 7.5m | time left 2.5m
step=3210 | loss=4.2145 | lr=2.19e-04 | tok/s=407199 | 161ms/step | elapsed 7.6m | time left 2.4m
step=3220 | loss=4.3091 | lr=2.18e-04 | tok/s=421384 | 156ms/step | elapsed 7.6m | time left 2.4m
step=3230 | loss=4.1891 | lr=2.16e-04 | tok/s=461680 | 142ms/step | elapsed 7.6m | time left 2.4m
step=3240 | loss=4.2753 | lr=2.14e-04 | tok/s=620673 | 106ms/step | elapsed 7.6m | time left 2.4m
step=3250 | loss=4.2852 | lr=2.13e-04 | tok/s=491009 | 133ms/step | elapsed 7.7m | time left 2.3m
step=3260 | loss=4.2296 | lr=2.11e-04 | tok/s=415673 | 158ms/step | elapsed 7.7m | time left 2.3m
step=3270 | loss=4.3415 | lr=2.10e-04 | tok/s=421258 | 156ms/step | elapsed 7.7m | time left 2.3m
step=3280 | loss=4.4143 | lr=2.08e-04 | tok/s=503984 | 130ms/step | elapsed 7.7m | time left 2.3m
step=3290 | loss=4.4742 | lr=2.07e-04 | tok/s=468356 | 140ms/step | elapsed 7.8m | time left 2.2m
step=3300 | loss=4.1583 | lr=2.05e-04 | tok/s=474676 | 138ms/step | elapsed 7.8m | time left 2.2m
step=3310 | loss=4.2410 | lr=2.04e-04 | tok/s=472342 | 139ms/step | elapsed 7.8m | time left 2.2m
step=3320 | loss=4.1266 | lr=2.02e-04 | tok/s=477762 | 137ms/step | elapsed 7.8m | time left 2.2m
step=3330 | loss=4.3317 | lr=2.01e-04 | tok/s=423758 | 155ms/step | elapsed 7.9m | time left 2.1m
step=3340 | loss=4.4172 | lr=1.99e-04 | tok/s=429667 | 153ms/step | elapsed 7.9m | time left 2.1m
step=3350 | loss=4.0508 | lr=1.98e-04 | tok/s=386996 | 169ms/step | elapsed 7.9m | time left 2.1m
step=3360 | loss=4.4301 | lr=1.96e-04 | tok/s=417477 | 157ms/step | elapsed 7.9m | time left 2.1m
step=3370 | loss=4.2089 | lr=1.95e-04 | tok/s=472285 | 139ms/step | elapsed 8.0m | time left 2.0m
step=3380 | loss=4.3277 | lr=1.93e-04 | tok/s=444967 | 147ms/step | elapsed 8.0m | time left 2.0m
step=3390 | loss=4.2509 | lr=1.92e-04 | tok/s=435459 | 150ms/step | elapsed 8.0m | time left 2.0m
step=3400 | loss=4.3225 | lr=1.90e-04 | tok/s=590594 | 111ms/step | elapsed 8.0m | time left 2.0m
step=3410 | loss=4.2561 | lr=1.89e-04 | tok/s=490536 | 134ms/step | elapsed 8.1m | time left 1.9m
step=3420 | loss=4.2708 | lr=1.87e-04 | tok/s=469025 | 140ms/step | elapsed 8.1m | time left 1.9m
step=3430 | loss=4.2677 | lr=1.86e-04 | tok/s=559125 | 117ms/step | elapsed 8.1m | time left 1.9m
step=3440 | loss=4.2287 | lr=1.84e-04 | tok/s=530948 | 123ms/step | elapsed 8.1m | time left 1.9m
step=3450 | loss=4.3588 | lr=1.83e-04 | tok/s=454589 | 144ms/step | elapsed 8.1m | time left 1.9m
step=3460 | loss=4.2210 | lr=1.81e-04 | tok/s=472404 | 139ms/step | elapsed 8.2m | time left 1.8m
step=3470 | loss=4.1936 | lr=1.80e-04 | tok/s=402966 | 163ms/step | elapsed 8.2m | time left 1.8m
step=3480 | loss=4.2114 | lr=1.78e-04 | tok/s=457726 | 143ms/step | elapsed 8.2m | time left 1.8m
step=3490 | loss=4.1895 | lr=1.77e-04 | tok/s=506862 | 129ms/step | elapsed 8.2m | time left 1.8m
step=3500 | loss=4.3971 | lr=1.76e-04 | tok/s=364918 | 180ms/step | elapsed 8.3m | time left 1.7m
step=3510 | loss=4.3250 | lr=1.74e-04 | tok/s=475874 | 138ms/step | elapsed 8.3m | time left 1.7m
step=3520 | loss=4.2816 | lr=1.73e-04 | tok/s=439205 | 149ms/step | elapsed 8.3m | time left 1.7m
step=3530 | loss=4.2565 | lr=1.71e-04 | tok/s=491841 | 133ms/step | elapsed 8.3m | time left 1.7m
step=3540 | loss=4.3508 | lr=1.70e-04 | tok/s=440813 | 149ms/step | elapsed 8.4m | time left 1.6m
step=3550 | loss=4.1920 | lr=1.69e-04 | tok/s=487907 | 134ms/step | elapsed 8.4m | time left 1.6m
step=3560 | loss=4.3312 | lr=1.67e-04 | tok/s=416250 | 157ms/step | elapsed 8.4m | time left 1.6m
step=3570 | loss=4.4281 | lr=1.66e-04 | tok/s=417659 | 157ms/step | elapsed 8.4m | time left 1.6m
step=3580 | loss=4.3025 | lr=1.64e-04 | tok/s=510930 | 128ms/step | elapsed 8.5m | time left 1.5m
step=3590 | loss=4.3345 | lr=1.63e-04 | tok/s=513936 | 128ms/step | elapsed 8.5m | time left 1.5m
step=3600 | loss=4.3725 | lr=1.62e-04 | tok/s=419771 | 156ms/step | elapsed 8.5m | time left 1.5m
step=3610 | loss=4.2313 | lr=1.60e-04 | tok/s=474447 | 138ms/step | elapsed 8.5m | time left 1.5m
step=3620 | loss=4.3717 | lr=1.59e-04 | tok/s=461273 | 142ms/step | elapsed 8.6m | time left 1.4m
step=3630 | loss=4.3520 | lr=1.58e-04 | tok/s=439136 | 149ms/step | elapsed 8.6m | time left 1.4m
step=3640 | loss=4.2520 | lr=1.56e-04 | tok/s=451593 | 145ms/step | elapsed 8.6m | time left 1.4m
step=3650 | loss=4.2047 | lr=1.55e-04 | tok/s=447241 | 147ms/step | elapsed 8.6m | time left 1.4m
step=3660 | loss=4.2325 | lr=1.54e-04 | tok/s=490890 | 134ms/step | elapsed 8.7m | time left 1.3m
step=3670 | loss=4.2466 | lr=1.52e-04 | tok/s=438564 | 149ms/step | elapsed 8.7m | time left 1.3m
step=3680 | loss=4.3497 | lr=1.51e-04 | tok/s=421891 | 155ms/step | elapsed 8.7m | time left 1.3m
step=3690 | loss=4.2180 | lr=1.50e-04 | tok/s=379319 | 173ms/step | elapsed 8.7m | time left 1.3m
step=3700 | loss=4.2415 | lr=1.48e-04 | tok/s=436196 | 150ms/step | elapsed 8.8m | time left 1.2m
step=3710 | loss=4.2176 | lr=1.47e-04 | tok/s=577594 | 113ms/step | elapsed 8.8m | time left 1.2m
step=3720 | loss=4.3898 | lr=1.46e-04 | tok/s=474932 | 138ms/step | elapsed 8.8m | time left 1.2m
step=3730 | loss=4.2632 | lr=1.45e-04 | tok/s=441223 | 149ms/step | elapsed 8.8m | time left 1.2m
step=3740 | loss=4.3254 | lr=1.43e-04 | tok/s=480713 | 136ms/step | elapsed 8.8m | time left 1.2m
step=3750 | loss=4.2192 | lr=1.42e-04 | tok/s=462303 | 142ms/step | elapsed 8.9m | time left 1.1m
step=3760 | loss=4.2321 | lr=1.41e-04 | tok/s=532229 | 123ms/step | elapsed 8.9m | time left 1.1m
step=3770 | loss=4.1143 | lr=1.40e-04 | tok/s=391632 | 167ms/step | elapsed 8.9m | time left 1.1m
step=3780 | loss=4.2510 | lr=1.38e-04 | tok/s=434460 | 151ms/step | elapsed 8.9m | time left 1.1m
step=3790 | loss=4.3319 | lr=1.37e-04 | tok/s=365930 | 179ms/step | elapsed 9.0m | time left 1.0m
step=3800 | loss=4.2662 | lr=1.36e-04 | tok/s=418945 | 156ms/step | elapsed 9.0m | time left 1.0m
step=3810 | loss=4.0973 | lr=1.35e-04 | tok/s=429919 | 152ms/step | elapsed 9.0m | time left 1.0m
step=3820 | loss=4.3896 | lr=1.34e-04 | tok/s=407400 | 161ms/step | elapsed 9.0m | time left 1.0m
step=3830 | loss=4.1878 | lr=1.32e-04 | tok/s=416622 | 157ms/step | elapsed 9.1m | time left 0.9m
step=3840 | loss=4.1589 | lr=1.31e-04 | tok/s=436196 | 150ms/step | elapsed 9.1m | time left 0.9m
step=3850 | loss=4.4781 | lr=1.30e-04 | tok/s=441342 | 148ms/step | elapsed 9.1m | time left 0.9m
step=3860 | loss=4.2720 | lr=1.29e-04 | tok/s=434214 | 151ms/step | elapsed 9.1m | time left 0.9m
step=3870 | loss=4.2765 | lr=1.28e-04 | tok/s=397342 | 165ms/step | elapsed 9.2m | time left 0.8m
step=3880 | loss=4.1840 | lr=1.27e-04 | tok/s=426776 | 154ms/step | elapsed 9.2m | time left 0.8m
step=3890 | loss=4.2261 | lr=1.26e-04 | tok/s=363434 | 180ms/step | elapsed 9.2m | time left 0.8m
step=3900 | loss=4.1747 | lr=1.24e-04 | tok/s=405673 | 162ms/step | elapsed 9.3m | time left 0.7m
step=3910 | loss=4.3913 | lr=1.23e-04 | tok/s=438471 | 149ms/step | elapsed 9.3m | time left 0.7m
step=3920 | loss=4.2816 | lr=1.22e-04 | tok/s=407182 | 161ms/step | elapsed 9.3m | time left 0.7m
step=3930 | loss=4.2725 | lr=1.21e-04 | tok/s=491103 | 133ms/step | elapsed 9.3m | time left 0.7m
step=3940 | loss=4.2494 | lr=1.20e-04 | tok/s=453702 | 144ms/step | elapsed 9.4m | time left 0.6m
step=3950 | loss=4.3960 | lr=1.19e-04 | tok/s=477357 | 137ms/step | elapsed 9.4m | time left 0.6m
step=3960 | loss=4.3565 | lr=1.18e-04 | tok/s=399507 | 164ms/step | elapsed 9.4m | time left 0.6m
step=3970 | loss=4.2080 | lr=1.17e-04 | tok/s=408810 | 160ms/step | elapsed 9.4m | time left 0.6m
step=3980 | loss=4.2473 | lr=1.16e-04 | tok/s=469670 | 140ms/step | elapsed 9.5m | time left 0.5m
step=3990 | loss=4.0568 | lr=1.15e-04 | tok/s=468642 | 140ms/step | elapsed 9.5m | time left 0.5m
step=4000 | loss=4.1900 | lr=1.14e-04 | tok/s=367943 | 178ms/step | elapsed 9.5m | time left 0.5m
step=4010 | loss=4.1194 | lr=1.13e-04 | tok/s=476577 | 138ms/step | elapsed 9.5m | time left 0.5m
step=4020 | loss=4.1530 | lr=1.12e-04 | tok/s=470329 | 139ms/step | elapsed 9.6m | time left 0.4m
step=4030 | loss=4.2565 | lr=1.11e-04 | tok/s=412762 | 159ms/step | elapsed 9.6m | time left 0.4m
step=4040 | loss=4.3135 | lr=1.10e-04 | tok/s=441986 | 148ms/step | elapsed 9.6m | time left 0.4m
step=4050 | loss=4.2961 | lr=1.09e-04 | tok/s=418791 | 156ms/step | elapsed 9.6m | time left 0.4m
step=4060 | loss=4.1880 | lr=1.08e-04 | tok/s=410871 | 160ms/step | elapsed 9.7m | time left 0.3m
step=4070 | loss=4.2557 | lr=1.07e-04 | tok/s=466828 | 140ms/step | elapsed 9.7m | time left 0.3m
step=4080 | loss=4.0400 | lr=1.06e-04 | tok/s=412472 | 159ms/step | elapsed 9.7m | time left 0.3m
step=4090 | loss=4.2027 | lr=1.05e-04 | tok/s=455749 | 144ms/step | elapsed 9.8m | time left 0.2m
step=4100 | loss=4.1715 | lr=1.04e-04 | tok/s=437428 | 150ms/step | elapsed 9.8m | time left 0.2m
step=4110 | loss=4.3146 | lr=1.03e-04 | tok/s=443747 | 148ms/step | elapsed 9.8m | time left 0.2m
step=4120 | loss=4.2258 | lr=1.02e-04 | tok/s=492604 | 133ms/step | elapsed 9.8m | time left 0.2m
step=4130 | loss=4.0912 | lr=1.01e-04 | tok/s=493689 | 133ms/step | elapsed 9.9m | time left 0.1m
step=4140 | loss=4.2572 | lr=1.00e-04 | tok/s=494984 | 132ms/step | elapsed 9.9m | time left 0.1m
step=4150 | loss=4.1717 | lr=9.91e-05 | tok/s=402196 | 163ms/step | elapsed 9.9m | time left 0.1m
step=4160 | loss=4.1449 | lr=9.82e-05 | tok/s=440639 | 149ms/step | elapsed 9.9m | time left 0.1m
