Master: localhost:29501  |  Nodes: 1  |  GPUs: 0 (1)  |  Rank: 0
[model] 110.9M parameters
[optim] Muon: 72 params, AdamW: 52 params
[data] 50 shard(s), 5,000,000,000 tokens total
step=10 | loss=9.8758 | lr(muon)=2.00e-03 lr(adam)=3.00e-05 | tok/s=13992 | 4684ms/step | elapsed 0.8m | time left 199.2m
step=20 | loss=8.8367 | lr(muon)=4.00e-03 lr(adam)=6.00e-05 | tok/s=11972 | 5474ms/step | elapsed 1.6m | time left 198.4m
step=30 | loss=8.2062 | lr(muon)=6.00e-03 lr(adam)=9.00e-05 | tok/s=13180 | 4972ms/step | elapsed 2.4m | time left 197.6m
step=40 | loss=7.5956 | lr(muon)=8.00e-03 lr(adam)=1.20e-04 | tok/s=13961 | 4694ms/step | elapsed 3.2m | time left 196.8m
step=50 | loss=7.1342 | lr(muon)=1.00e-02 lr(adam)=1.50e-04 | tok/s=13254 | 4944ms/step | elapsed 4.1m | time left 195.9m
step=60 | loss=6.6736 | lr(muon)=1.20e-02 lr(adam)=1.80e-04 | tok/s=13365 | 4903ms/step | elapsed 4.9m | time left 195.1m
step=70 | loss=6.5280 | lr(muon)=1.40e-02 lr(adam)=2.10e-04 | tok/s=13819 | 4742ms/step | elapsed 5.7m | time left 194.3m
step=80 | loss=6.3334 | lr(muon)=1.60e-02 lr(adam)=2.40e-04 | tok/s=13286 | 4933ms/step | elapsed 6.6m | time left 193.4m
step=90 | loss=6.1449 | lr(muon)=1.80e-02 lr(adam)=2.70e-04 | tok/s=13797 | 4750ms/step | elapsed 7.4m | time left 192.6m
step=100 | loss=6.0356 | lr(muon)=2.00e-02 lr(adam)=3.00e-04 | tok/s=12870 | 5092ms/step | elapsed 8.3m | time left 191.7m
step=110 | loss=5.9920 | lr(muon)=2.00e-02 lr(adam)=3.00e-04 | tok/s=13249 | 4947ms/step | elapsed 9.1m | time left 190.9m
step=120 | loss=6.0429 | lr(muon)=2.00e-02 lr(adam)=3.00e-04 | tok/s=13093 | 5006ms/step | elapsed 10.0m | time left 190.0m
step=130 | loss=5.8990 | lr(muon)=2.00e-02 lr(adam)=3.00e-04 | tok/s=12589 | 5206ms/step | elapsed 10.8m | time left 189.2m
step=140 | loss=5.7897 | lr(muon)=2.00e-02 lr(adam)=3.00e-04 | tok/s=14064 | 4660ms/step | elapsed 11.6m | time left 188.4m
step=150 | loss=5.6690 | lr(muon)=2.00e-02 lr(adam)=3.00e-04 | tok/s=11647 | 5627ms/step | elapsed 12.5m | time left 187.5m
step=160 | loss=5.7430 | lr(muon)=2.00e-02 lr(adam)=3.00e-04 | tok/s=13207 | 4962ms/step | elapsed 13.3m | time left 186.7m
step=170 | loss=5.5926 | lr(muon)=2.00e-02 lr(adam)=3.00e-04 | tok/s=13467 | 4867ms/step | elapsed 14.1m | time left 185.9m
step=180 | loss=5.6098 | lr(muon)=2.00e-02 lr(adam)=3.00e-04 | tok/s=12934 | 5067ms/step | elapsed 15.0m | time left 185.0m
step=190 | loss=5.5658 | lr(muon)=2.00e-02 lr(adam)=3.00e-04 | tok/s=13383 | 4897ms/step | elapsed 15.8m | time left 184.2m
step=200 | loss=5.5129 | lr(muon)=2.00e-02 lr(adam)=3.00e-04 | tok/s=13008 | 5038ms/step | elapsed 16.7m | time left 183.3m
step=210 | loss=5.4434 | lr(muon)=2.00e-02 lr(adam)=3.00e-04 | tok/s=13338 | 4913ms/step | elapsed 17.5m | time left 182.5m
step=220 | loss=5.3233 | lr(muon)=2.00e-02 lr(adam)=3.00e-04 | tok/s=13633 | 4807ms/step | elapsed 18.3m | time left 181.7m
step=230 | loss=5.2975 | lr(muon)=2.00e-02 lr(adam)=3.00e-04 | tok/s=13841 | 4735ms/step | elapsed 19.2m | time left 180.8m
step=240 | loss=5.2748 | lr(muon)=2.00e-02 lr(adam)=2.99e-04 | tok/s=13749 | 4767ms/step | elapsed 20.0m | time left 180.0m
step=250 | loss=5.2182 | lr(muon)=2.00e-02 lr(adam)=2.99e-04 | tok/s=13117 | 4996ms/step | elapsed 20.8m | time left 179.2m
step=260 | loss=5.1663 | lr(muon)=2.00e-02 lr(adam)=2.99e-04 | tok/s=13028 | 5030ms/step | elapsed 21.7m | time left 178.3m
step=270 | loss=5.0439 | lr(muon)=1.99e-02 lr(adam)=2.99e-04 | tok/s=14178 | 4622ms/step | elapsed 22.5m | time left 177.5m
step=280 | loss=5.1396 | lr(muon)=1.99e-02 lr(adam)=2.99e-04 | tok/s=14011 | 4677ms/step | elapsed 23.3m | time left 176.7m
step=290 | loss=5.0730 | lr(muon)=1.99e-02 lr(adam)=2.99e-04 | tok/s=12546 | 5224ms/step | elapsed 24.2m | time left 175.8m
step=300 | loss=5.0128 | lr(muon)=1.99e-02 lr(adam)=2.99e-04 | tok/s=11796 | 5556ms/step | elapsed 25.0m | time left 175.0m
step=310 | loss=4.9505 | lr(muon)=1.99e-02 lr(adam)=2.99e-04 | tok/s=12952 | 5060ms/step | elapsed 25.8m | time left 174.2m
step=320 | loss=4.9679 | lr(muon)=1.99e-02 lr(adam)=2.99e-04 | tok/s=13058 | 5019ms/step | elapsed 26.7m | time left 173.3m
step=330 | loss=4.8046 | lr(muon)=1.99e-02 lr(adam)=2.99e-04 | tok/s=13421 | 4883ms/step | elapsed 27.5m | time left 172.5m
step=340 | loss=4.8041 | lr(muon)=1.99e-02 lr(adam)=2.98e-04 | tok/s=13506 | 4852ms/step | elapsed 28.3m | time left 171.7m
step=350 | loss=4.8045 | lr(muon)=1.99e-02 lr(adam)=2.98e-04 | tok/s=12789 | 5124ms/step | elapsed 29.2m | time left 170.8m
step=360 | loss=4.7386 | lr(muon)=1.99e-02 lr(adam)=2.98e-04 | tok/s=13389 | 4895ms/step | elapsed 30.0m | time left 170.0m
step=370 | loss=4.7030 | lr(muon)=1.99e-02 lr(adam)=2.98e-04 | tok/s=13116 | 4997ms/step | elapsed 30.8m | time left 169.2m
step=380 | loss=4.6818 | lr(muon)=1.99e-02 lr(adam)=2.98e-04 | tok/s=13287 | 4932ms/step | elapsed 31.7m | time left 168.3m
step=390 | loss=4.6724 | lr(muon)=1.98e-02 lr(adam)=2.98e-04 | tok/s=13776 | 4757ms/step | elapsed 32.5m | time left 167.5m
step=400 | loss=4.6300 | lr(muon)=1.98e-02 lr(adam)=2.98e-04 | tok/s=13727 | 4774ms/step | elapsed 33.3m | time left 166.7m
step=410 | loss=4.5564 | lr(muon)=1.98e-02 lr(adam)=2.97e-04 | tok/s=13005 | 5039ms/step | elapsed 34.2m | time left 165.8m
step=420 | loss=4.5594 | lr(muon)=1.98e-02 lr(adam)=2.97e-04 | tok/s=13085 | 5009ms/step | elapsed 35.0m | time left 165.0m
step=430 | loss=4.5566 | lr(muon)=1.98e-02 lr(adam)=2.97e-04 | tok/s=13826 | 4740ms/step | elapsed 35.8m | time left 164.2m
step=440 | loss=4.5195 | lr(muon)=1.98e-02 lr(adam)=2.97e-04 | tok/s=11844 | 5533ms/step | elapsed 36.7m | time left 163.3m
step=450 | loss=4.4747 | lr(muon)=1.98e-02 lr(adam)=2.97e-04 | tok/s=14016 | 4676ms/step | elapsed 37.5m | time left 162.5m
step=460 | loss=4.4513 | lr(muon)=1.98e-02 lr(adam)=2.96e-04 | tok/s=12187 | 5378ms/step | elapsed 38.4m | time left 161.6m
step=470 | loss=4.4885 | lr(muon)=1.97e-02 lr(adam)=2.96e-04 | tok/s=13292 | 4930ms/step | elapsed 39.2m | time left 160.8m
step=480 | loss=4.4983 | lr(muon)=1.97e-02 lr(adam)=2.96e-04 | tok/s=12035 | 5446ms/step | elapsed 40.0m | time left 160.0m
step=490 | loss=4.3930 | lr(muon)=1.97e-02 lr(adam)=2.96e-04 | tok/s=13227 | 4955ms/step | elapsed 40.9m | time left 159.1m
step=500 | loss=4.3631 | lr(muon)=1.97e-02 lr(adam)=2.96e-04 | tok/s=12834 | 5106ms/step | elapsed 41.7m | time left 158.3m
step=510 | loss=4.3158 | lr(muon)=1.97e-02 lr(adam)=2.95e-04 | tok/s=13432 | 4879ms/step | elapsed 42.6m | time left 157.4m
step=520 | loss=4.3814 | lr(muon)=1.97e-02 lr(adam)=2.95e-04 | tok/s=13734 | 4772ms/step | elapsed 43.4m | time left 156.6m
step=530 | loss=4.2931 | lr(muon)=1.97e-02 lr(adam)=2.95e-04 | tok/s=13054 | 5020ms/step | elapsed 44.2m | time left 155.8m
step=540 | loss=4.2919 | lr(muon)=1.96e-02 lr(adam)=2.95e-04 | tok/s=13208 | 4962ms/step | elapsed 45.1m | time left 154.9m
step=550 | loss=4.3373 | lr(muon)=1.96e-02 lr(adam)=2.94e-04 | tok/s=13714 | 4779ms/step | elapsed 45.9m | time left 154.1m
step=560 | loss=4.3266 | lr(muon)=1.96e-02 lr(adam)=2.94e-04 | tok/s=13670 | 4794ms/step | elapsed 46.8m | time left 153.2m
step=570 | loss=4.3036 | lr(muon)=1.96e-02 lr(adam)=2.94e-04 | tok/s=14039 | 4668ms/step | elapsed 47.6m | time left 152.4m
step=580 | loss=4.2662 | lr(muon)=1.96e-02 lr(adam)=2.94e-04 | tok/s=13557 | 4834ms/step | elapsed 48.4m | time left 151.6m
step=590 | loss=4.1561 | lr(muon)=1.96e-02 lr(adam)=2.93e-04 | tok/s=13272 | 4938ms/step | elapsed 49.3m | time left 150.7m
step=600 | loss=4.3024 | lr(muon)=1.95e-02 lr(adam)=2.93e-04 | tok/s=13124 | 4994ms/step | elapsed 50.1m | time left 149.9m
step=610 | loss=4.2001 | lr(muon)=1.95e-02 lr(adam)=2.93e-04 | tok/s=12810 | 5116ms/step | elapsed 50.9m | time left 149.1m
step=620 | loss=4.2152 | lr(muon)=1.95e-02 lr(adam)=2.93e-04 | tok/s=12897 | 5081ms/step | elapsed 51.8m | time left 148.2m
step=630 | loss=4.1441 | lr(muon)=1.95e-02 lr(adam)=2.92e-04 | tok/s=11279 | 5811ms/step | elapsed 52.6m | time left 147.4m
step=640 | loss=4.2131 | lr(muon)=1.95e-02 lr(adam)=2.92e-04 | tok/s=13468 | 4866ms/step | elapsed 53.5m | time left 146.5m
step=650 | loss=4.1583 | lr(muon)=1.94e-02 lr(adam)=2.92e-04 | tok/s=11651 | 5625ms/step | elapsed 54.3m | time left 145.7m
step=660 | loss=4.1385 | lr(muon)=1.94e-02 lr(adam)=2.91e-04 | tok/s=12981 | 5049ms/step | elapsed 55.1m | time left 144.9m
step=670 | loss=4.1647 | lr(muon)=1.94e-02 lr(adam)=2.91e-04 | tok/s=12040 | 5443ms/step | elapsed 56.0m | time left 144.0m
step=680 | loss=4.0896 | lr(muon)=1.94e-02 lr(adam)=2.91e-04 | tok/s=12994 | 5043ms/step | elapsed 56.8m | time left 143.2m
step=690 | loss=4.1766 | lr(muon)=1.94e-02 lr(adam)=2.90e-04 | tok/s=13329 | 4917ms/step | elapsed 57.7m | time left 142.3m
step=700 | loss=4.1078 | lr(muon)=1.93e-02 lr(adam)=2.90e-04 | tok/s=14053 | 4664ms/step | elapsed 58.5m | time left 141.5m
step=710 | loss=4.0881 | lr(muon)=1.93e-02 lr(adam)=2.90e-04 | tok/s=13655 | 4799ms/step | elapsed 59.3m | time left 140.7m
step=720 | loss=4.1254 | lr(muon)=1.93e-02 lr(adam)=2.89e-04 | tok/s=12946 | 5062ms/step | elapsed 60.2m | time left 139.8m
step=730 | loss=4.1369 | lr(muon)=1.93e-02 lr(adam)=2.89e-04 | tok/s=13112 | 4998ms/step | elapsed 61.0m | time left 139.0m
step=740 | loss=4.1139 | lr(muon)=1.93e-02 lr(adam)=2.89e-04 | tok/s=13692 | 4786ms/step | elapsed 61.9m | time left 138.1m
step=750 | loss=4.0080 | lr(muon)=1.92e-02 lr(adam)=2.88e-04 | tok/s=14082 | 4654ms/step | elapsed 62.7m | time left 137.3m
step=760 | loss=4.1086 | lr(muon)=1.92e-02 lr(adam)=2.88e-04 | tok/s=13292 | 4931ms/step | elapsed 63.5m | time left 136.5m
step=770 | loss=4.0356 | lr(muon)=1.92e-02 lr(adam)=2.88e-04 | tok/s=14303 | 4582ms/step | elapsed 64.4m | time left 135.6m
step=780 | loss=4.0237 | lr(muon)=1.92e-02 lr(adam)=2.87e-04 | tok/s=13893 | 4717ms/step | elapsed 65.2m | time left 134.8m
step=790 | loss=4.0461 | lr(muon)=1.91e-02 lr(adam)=2.87e-04 | tok/s=14281 | 4589ms/step | elapsed 66.0m | time left 134.0m
step=800 | loss=4.0584 | lr(muon)=1.91e-02 lr(adam)=2.87e-04 | tok/s=13428 | 4881ms/step | elapsed 66.9m | time left 133.1m
step=810 | loss=4.0313 | lr(muon)=1.91e-02 lr(adam)=2.86e-04 | tok/s=14071 | 4657ms/step | elapsed 67.7m | time left 132.3m
step=820 | loss=3.9604 | lr(muon)=1.91e-02 lr(adam)=2.86e-04 | tok/s=13485 | 4860ms/step | elapsed 68.5m | time left 131.5m
step=830 | loss=4.0219 | lr(muon)=1.90e-02 lr(adam)=2.85e-04 | tok/s=13489 | 4859ms/step | elapsed 69.4m | time left 130.6m
step=840 | loss=3.9709 | lr(muon)=1.90e-02 lr(adam)=2.85e-04 | tok/s=13431 | 4879ms/step | elapsed 70.2m | time left 129.8m
step=850 | loss=3.8658 | lr(muon)=1.90e-02 lr(adam)=2.85e-04 | tok/s=13574 | 4828ms/step | elapsed 71.1m | time left 128.9m
step=860 | loss=3.9998 | lr(muon)=1.90e-02 lr(adam)=2.84e-04 | tok/s=11742 | 5581ms/step | elapsed 71.9m | time left 128.1m
step=870 | loss=3.9653 | lr(muon)=1.89e-02 lr(adam)=2.84e-04 | tok/s=13031 | 5029ms/step | elapsed 72.7m | time left 127.3m
step=880 | loss=3.9990 | lr(muon)=1.89e-02 lr(adam)=2.83e-04 | tok/s=11349 | 5774ms/step | elapsed 73.6m | time left 126.4m
step=890 | loss=3.9386 | lr(muon)=1.89e-02 lr(adam)=2.83e-04 | tok/s=14140 | 4635ms/step | elapsed 74.4m | time left 125.6m
step=900 | loss=4.0140 | lr(muon)=1.88e-02 lr(adam)=2.83e-04 | tok/s=11596 | 5652ms/step | elapsed 75.2m | time left 124.8m
step=910 | loss=3.9378 | lr(muon)=1.88e-02 lr(adam)=2.82e-04 | tok/s=12865 | 5094ms/step | elapsed 76.1m | time left 123.9m
step=920 | loss=3.9678 | lr(muon)=1.88e-02 lr(adam)=2.82e-04 | tok/s=11873 | 5520ms/step | elapsed 76.9m | time left 123.1m
step=930 | loss=3.9520 | lr(muon)=1.88e-02 lr(adam)=2.81e-04 | tok/s=12807 | 5117ms/step | elapsed 77.8m | time left 122.2m
step=940 | loss=3.9882 | lr(muon)=1.87e-02 lr(adam)=2.81e-04 | tok/s=13593 | 4821ms/step | elapsed 78.6m | time left 121.4m
step=950 | loss=3.9012 | lr(muon)=1.87e-02 lr(adam)=2.80e-04 | tok/s=13389 | 4895ms/step | elapsed 79.4m | time left 120.6m
step=960 | loss=3.9163 | lr(muon)=1.87e-02 lr(adam)=2.80e-04 | tok/s=13063 | 5017ms/step | elapsed 80.3m | time left 119.7m
step=970 | loss=3.9297 | lr(muon)=1.86e-02 lr(adam)=2.80e-04 | tok/s=14095 | 4650ms/step | elapsed 81.1m | time left 118.9m
step=980 | loss=3.9044 | lr(muon)=1.86e-02 lr(adam)=2.79e-04 | tok/s=14079 | 4655ms/step | elapsed 82.0m | time left 118.0m
step=990 | loss=3.9302 | lr(muon)=1.86e-02 lr(adam)=2.79e-04 | tok/s=13170 | 4976ms/step | elapsed 82.8m | time left 117.2m
step=1000 | loss=3.8752 | lr(muon)=1.85e-02 lr(adam)=2.78e-04 | tok/s=12954 | 5059ms/step | elapsed 83.7m | time left 116.3m
step=1010 | loss=3.8139 | lr(muon)=1.85e-02 lr(adam)=2.78e-04 | tok/s=14199 | 4615ms/step | elapsed 84.5m | time left 115.5m
step=1020 | loss=3.9289 | lr(muon)=1.85e-02 lr(adam)=2.77e-04 | tok/s=13684 | 4789ms/step | elapsed 85.3m | time left 114.7m
step=1030 | loss=3.9188 | lr(muon)=1.84e-02 lr(adam)=2.77e-04 | tok/s=12398 | 5286ms/step | elapsed 86.2m | time left 113.8m
step=1040 | loss=3.9412 | lr(muon)=1.84e-02 lr(adam)=2.76e-04 | tok/s=13530 | 4844ms/step | elapsed 87.0m | time left 113.0m
step=1050 | loss=3.9036 | lr(muon)=1.84e-02 lr(adam)=2.76e-04 | tok/s=13488 | 4859ms/step | elapsed 87.9m | time left 112.1m
step=1060 | loss=3.9591 | lr(muon)=1.83e-02 lr(adam)=2.75e-04 | tok/s=13305 | 4926ms/step | elapsed 88.7m | time left 111.3m
step=1070 | loss=3.8212 | lr(muon)=1.83e-02 lr(adam)=2.75e-04 | tok/s=11169 | 5868ms/step | elapsed 89.6m | time left 110.4m
step=1080 | loss=3.8308 | lr(muon)=1.83e-02 lr(adam)=2.74e-04 | tok/s=13574 | 4828ms/step | elapsed 90.4m | time left 109.6m
step=1090 | loss=3.8037 | lr(muon)=1.82e-02 lr(adam)=2.74e-04 | tok/s=10881 | 6023ms/step | elapsed 91.3m | time left 108.7m
step=1100 | loss=3.9847 | lr(muon)=1.82e-02 lr(adam)=2.73e-04 | tok/s=13292 | 4931ms/step | elapsed 92.1m | time left 107.9m
step=1110 | loss=3.9445 | lr(muon)=1.82e-02 lr(adam)=2.73e-04 | tok/s=13220 | 4957ms/step | elapsed 93.0m | time left 107.0m
step=1120 | loss=3.8429 | lr(muon)=1.81e-02 lr(adam)=2.72e-04 | tok/s=13201 | 4965ms/step | elapsed 93.8m | time left 106.2m
step=1130 | loss=3.8856 | lr(muon)=1.81e-02 lr(adam)=2.72e-04 | tok/s=13064 | 5017ms/step | elapsed 94.6m | time left 105.4m
step=1140 | loss=3.8073 | lr(muon)=1.81e-02 lr(adam)=2.71e-04 | tok/s=13335 | 4915ms/step | elapsed 95.5m | time left 104.5m
step=1150 | loss=3.7687 | lr(muon)=1.80e-02 lr(adam)=2.71e-04 | tok/s=13246 | 4948ms/step | elapsed 96.3m | time left 103.7m
step=1160 | loss=3.8651 | lr(muon)=1.80e-02 lr(adam)=2.70e-04 | tok/s=13541 | 4840ms/step | elapsed 97.2m | time left 102.8m
step=1170 | loss=3.8468 | lr(muon)=1.80e-02 lr(adam)=2.69e-04 | tok/s=13786 | 4754ms/step | elapsed 98.0m | time left 102.0m
step=1180 | loss=3.8839 | lr(muon)=1.79e-02 lr(adam)=2.69e-04 | tok/s=13909 | 4712ms/step | elapsed 98.9m | time left 101.1m
step=1190 | loss=3.8987 | lr(muon)=1.79e-02 lr(adam)=2.68e-04 | tok/s=12678 | 5169ms/step | elapsed 99.7m | time left 100.3m
step=1200 | loss=3.8405 | lr(muon)=1.79e-02 lr(adam)=2.68e-04 | tok/s=13565 | 4831ms/step | elapsed 100.6m | time left 99.4m
step=1210 | loss=3.7851 | lr(muon)=1.78e-02 lr(adam)=2.67e-04 | tok/s=14117 | 4642ms/step | elapsed 101.4m | time left 98.6m
step=1220 | loss=3.7809 | lr(muon)=1.78e-02 lr(adam)=2.67e-04 | tok/s=11613 | 5643ms/step | elapsed 102.3m | time left 97.7m
step=1230 | loss=3.6995 | lr(muon)=1.77e-02 lr(adam)=2.66e-04 | tok/s=13899 | 4715ms/step | elapsed 103.1m | time left 96.9m
step=1240 | loss=3.7951 | lr(muon)=1.77e-02 lr(adam)=2.66e-04 | tok/s=11462 | 5718ms/step | elapsed 104.0m | time left 96.0m
step=1250 | loss=3.7464 | lr(muon)=1.77e-02 lr(adam)=2.65e-04 | tok/s=14020 | 4674ms/step | elapsed 104.8m | time left 95.2m
step=1260 | loss=3.8067 | lr(muon)=1.76e-02 lr(adam)=2.64e-04 | tok/s=10783 | 6078ms/step | elapsed 105.7m | time left 94.3m
step=1270 | loss=3.7772 | lr(muon)=1.76e-02 lr(adam)=2.64e-04 | tok/s=13609 | 4816ms/step | elapsed 106.5m | time left 93.5m
step=1280 | loss=3.7841 | lr(muon)=1.75e-02 lr(adam)=2.63e-04 | tok/s=13923 | 4707ms/step | elapsed 107.4m | time left 92.6m
step=1290 | loss=3.8299 | lr(muon)=1.75e-02 lr(adam)=2.63e-04 | tok/s=13272 | 4938ms/step | elapsed 108.2m | time left 91.8m
step=1300 | loss=3.8114 | lr(muon)=1.75e-02 lr(adam)=2.62e-04 | tok/s=14137 | 4636ms/step | elapsed 109.0m | time left 91.0m
step=1310 | loss=3.8120 | lr(muon)=1.74e-02 lr(adam)=2.61e-04 | tok/s=13658 | 4798ms/step | elapsed 109.9m | time left 90.1m
step=1320 | loss=3.6480 | lr(muon)=1.74e-02 lr(adam)=2.61e-04 | tok/s=12788 | 5125ms/step | elapsed 110.7m | time left 89.3m
step=1330 | loss=3.6791 | lr(muon)=1.73e-02 lr(adam)=2.60e-04 | tok/s=13278 | 4936ms/step | elapsed 111.5m | time left 88.5m
step=1340 | loss=3.7894 | lr(muon)=1.73e-02 lr(adam)=2.60e-04 | tok/s=12635 | 5187ms/step | elapsed 112.4m | time left 87.6m
step=1350 | loss=3.7367 | lr(muon)=1.73e-02 lr(adam)=2.59e-04 | tok/s=13482 | 4861ms/step | elapsed 113.2m | time left 86.8m
step=1360 | loss=3.8092 | lr(muon)=1.72e-02 lr(adam)=2.58e-04 | tok/s=13314 | 4922ms/step | elapsed 114.1m | time left 85.9m
step=1370 | loss=3.8175 | lr(muon)=1.72e-02 lr(adam)=2.58e-04 | tok/s=12980 | 5049ms/step | elapsed 114.9m | time left 85.1m
step=1380 | loss=3.7751 | lr(muon)=1.71e-02 lr(adam)=2.57e-04 | tok/s=13336 | 4914ms/step | elapsed 115.8m | time left 84.2m
step=1390 | loss=3.7057 | lr(muon)=1.71e-02 lr(adam)=2.56e-04 | tok/s=14010 | 4678ms/step | elapsed 116.6m | time left 83.4m
step=1400 | loss=3.8159 | lr(muon)=1.71e-02 lr(adam)=2.56e-04 | tok/s=13536 | 4842ms/step | elapsed 117.4m | time left 82.6m
step=1410 | loss=3.7159 | lr(muon)=1.70e-02 lr(adam)=2.55e-04 | tok/s=13348 | 4910ms/step | elapsed 118.2m | time left 81.8m
step=1420 | loss=3.8697 | lr(muon)=1.70e-02 lr(adam)=2.54e-04 | tok/s=13235 | 4952ms/step | elapsed 119.1m | time left 80.9m
step=1430 | loss=3.7423 | lr(muon)=1.69e-02 lr(adam)=2.54e-04 | tok/s=13338 | 4913ms/step | elapsed 119.9m | time left 80.1m
step=1440 | loss=3.8602 | lr(muon)=1.69e-02 lr(adam)=2.53e-04 | tok/s=13748 | 4767ms/step | elapsed 120.7m | time left 79.3m
step=1450 | loss=3.7536 | lr(muon)=1.68e-02 lr(adam)=2.53e-04 | tok/s=13472 | 4865ms/step | elapsed 121.6m | time left 78.4m
step=1460 | loss=3.7410 | lr(muon)=1.68e-02 lr(adam)=2.52e-04 | tok/s=13075 | 5012ms/step | elapsed 122.4m | time left 77.6m
step=1470 | loss=3.6679 | lr(muon)=1.67e-02 lr(adam)=2.51e-04 | tok/s=14151 | 4631ms/step | elapsed 123.3m | time left 76.7m
step=1480 | loss=3.7497 | lr(muon)=1.67e-02 lr(adam)=2.51e-04 | tok/s=13072 | 5014ms/step | elapsed 124.1m | time left 75.9m
step=1490 | loss=3.7658 | lr(muon)=1.67e-02 lr(adam)=2.50e-04 | tok/s=11108 | 5900ms/step | elapsed 125.0m | time left 75.0m
step=1500 | loss=3.7055 | lr(muon)=1.66e-02 lr(adam)=2.49e-04 | tok/s=14184 | 4620ms/step | elapsed 125.8m | time left 74.2m
step=1510 | loss=3.7491 | lr(muon)=1.66e-02 lr(adam)=2.48e-04 | tok/s=11392 | 5753ms/step | elapsed 126.6m | time left 73.4m
step=1520 | loss=3.6831 | lr(muon)=1.65e-02 lr(adam)=2.48e-04 | tok/s=14624 | 4481ms/step | elapsed 127.5m | time left 72.5m
step=1530 | loss=3.7152 | lr(muon)=1.65e-02 lr(adam)=2.47e-04 | tok/s=12035 | 5445ms/step | elapsed 128.3m | time left 71.7m
step=1540 | loss=3.7380 | lr(muon)=1.64e-02 lr(adam)=2.46e-04 | tok/s=13416 | 4885ms/step | elapsed 129.1m | time left 70.9m
step=1550 | loss=3.6481 | lr(muon)=1.64e-02 lr(adam)=2.46e-04 | tok/s=11609 | 5645ms/step | elapsed 130.0m | time left 70.0m
step=1560 | loss=3.6498 | lr(muon)=1.63e-02 lr(adam)=2.45e-04 | tok/s=14763 | 4439ms/step | elapsed 130.8m | time left 69.2m
step=1570 | loss=3.6707 | lr(muon)=1.63e-02 lr(adam)=2.44e-04 | tok/s=11449 | 5724ms/step | elapsed 131.6m | time left 68.4m
step=1580 | loss=3.6257 | lr(muon)=1.62e-02 lr(adam)=2.44e-04 | tok/s=13653 | 4800ms/step | elapsed 132.5m | time left 67.5m
step=1590 | loss=3.6080 | lr(muon)=1.62e-02 lr(adam)=2.43e-04 | tok/s=10880 | 6024ms/step | elapsed 133.3m | time left 66.7m
step=1600 | loss=3.7358 | lr(muon)=1.61e-02 lr(adam)=2.42e-04 | tok/s=13621 | 4811ms/step | elapsed 134.1m | time left 65.9m
step=1610 | loss=3.6015 | lr(muon)=1.61e-02 lr(adam)=2.42e-04 | tok/s=13387 | 4896ms/step | elapsed 135.0m | time left 65.0m
step=1620 | loss=3.6448 | lr(muon)=1.61e-02 lr(adam)=2.41e-04 | tok/s=13300 | 4927ms/step | elapsed 135.8m | time left 64.2m
step=1630 | loss=3.6667 | lr(muon)=1.60e-02 lr(adam)=2.40e-04 | tok/s=13150 | 4984ms/step | elapsed 136.7m | time left 63.3m
step=1640 | loss=3.7325 | lr(muon)=1.60e-02 lr(adam)=2.39e-04 | tok/s=13873 | 4724ms/step | elapsed 137.5m | time left 62.5m
step=1650 | loss=3.6587 | lr(muon)=1.59e-02 lr(adam)=2.39e-04 | tok/s=14384 | 4556ms/step | elapsed 138.3m | time left 61.7m
step=1660 | loss=3.7143 | lr(muon)=1.59e-02 lr(adam)=2.38e-04 | tok/s=12611 | 5197ms/step | elapsed 139.2m | time left 60.8m
step=1670 | loss=3.6536 | lr(muon)=1.58e-02 lr(adam)=2.37e-04 | tok/s=13160 | 4980ms/step | elapsed 140.0m | time left 60.0m
step=1680 | loss=3.6643 | lr(muon)=1.58e-02 lr(adam)=2.36e-04 | tok/s=14227 | 4607ms/step | elapsed 140.9m | time left 59.1m
step=1690 | loss=3.6875 | lr(muon)=1.57e-02 lr(adam)=2.36e-04 | tok/s=13239 | 4950ms/step | elapsed 141.7m | time left 58.3m
step=1700 | loss=3.6303 | lr(muon)=1.57e-02 lr(adam)=2.35e-04 | tok/s=13236 | 4951ms/step | elapsed 142.5m | time left 57.5m
step=1710 | loss=3.6971 | lr(muon)=1.56e-02 lr(adam)=2.34e-04 | tok/s=14069 | 4658ms/step | elapsed 143.4m | time left 56.6m
step=1720 | loss=3.6665 | lr(muon)=1.56e-02 lr(adam)=2.33e-04 | tok/s=13471 | 4865ms/step | elapsed 144.2m | time left 55.8m
step=1730 | loss=3.6738 | lr(muon)=1.55e-02 lr(adam)=2.33e-04 | tok/s=13827 | 4740ms/step | elapsed 145.0m | time left 55.0m
step=1740 | loss=3.6498 | lr(muon)=1.55e-02 lr(adam)=2.32e-04 | tok/s=13247 | 4947ms/step | elapsed 145.9m | time left 54.1m
step=1750 | loss=3.6385 | lr(muon)=1.54e-02 lr(adam)=2.31e-04 | tok/s=14041 | 4667ms/step | elapsed 146.7m | time left 53.3m
step=1760 | loss=3.6820 | lr(muon)=1.54e-02 lr(adam)=2.30e-04 | tok/s=13918 | 4709ms/step | elapsed 147.5m | time left 52.5m
step=1770 | loss=3.6228 | lr(muon)=1.53e-02 lr(adam)=2.30e-04 | tok/s=13268 | 4939ms/step | elapsed 148.4m | time left 51.6m
step=1780 | loss=3.5726 | lr(muon)=1.53e-02 lr(adam)=2.29e-04 | tok/s=11669 | 5616ms/step | elapsed 149.2m | time left 50.8m
step=1790 | loss=3.6318 | lr(muon)=1.52e-02 lr(adam)=2.28e-04 | tok/s=13628 | 4809ms/step | elapsed 150.1m | time left 49.9m
step=1800 | loss=3.6672 | lr(muon)=1.52e-02 lr(adam)=2.27e-04 | tok/s=11143 | 5882ms/step | elapsed 150.9m | time left 49.1m
step=1810 | loss=3.6762 | lr(muon)=1.51e-02 lr(adam)=2.27e-04 | tok/s=13422 | 4883ms/step | elapsed 151.7m | time left 48.3m
step=1820 | loss=3.6157 | lr(muon)=1.51e-02 lr(adam)=2.26e-04 | tok/s=11634 | 5633ms/step | elapsed 152.6m | time left 47.4m
step=1830 | loss=3.6173 | lr(muon)=1.50e-02 lr(adam)=2.25e-04 | tok/s=14216 | 4610ms/step | elapsed 153.4m | time left 46.6m
step=1840 | loss=3.6640 | lr(muon)=1.50e-02 lr(adam)=2.24e-04 | tok/s=10371 | 6319ms/step | elapsed 154.3m | time left 45.7m
step=1850 | loss=3.6604 | lr(muon)=1.49e-02 lr(adam)=2.24e-04 | tok/s=14035 | 4669ms/step | elapsed 155.1m | time left 44.9m
step=1860 | loss=3.6495 | lr(muon)=1.49e-02 lr(adam)=2.23e-04 | tok/s=13108 | 5000ms/step | elapsed 156.0m | time left 44.0m
step=1870 | loss=3.6197 | lr(muon)=1.48e-02 lr(adam)=2.22e-04 | tok/s=13932 | 4704ms/step | elapsed 156.8m | time left 43.2m
step=1880 | loss=3.5590 | lr(muon)=1.47e-02 lr(adam)=2.21e-04 | tok/s=13301 | 4927ms/step | elapsed 157.6m | time left 42.4m
step=1890 | loss=3.5606 | lr(muon)=1.47e-02 lr(adam)=2.20e-04 | tok/s=13550 | 4837ms/step | elapsed 158.5m | time left 41.5m
step=1900 | loss=3.6178 | lr(muon)=1.46e-02 lr(adam)=2.20e-04 | tok/s=14232 | 4605ms/step | elapsed 159.3m | time left 40.7m
step=1910 | loss=3.5904 | lr(muon)=1.46e-02 lr(adam)=2.19e-04 | tok/s=13539 | 4841ms/step | elapsed 160.1m | time left 39.9m
step=1920 | loss=3.5055 | lr(muon)=1.45e-02 lr(adam)=2.18e-04 | tok/s=13230 | 4954ms/step | elapsed 161.0m | time left 39.0m
step=1930 | loss=3.7067 | lr(muon)=1.45e-02 lr(adam)=2.17e-04 | tok/s=13836 | 4737ms/step | elapsed 161.8m | time left 38.2m
step=1940 | loss=3.6004 | lr(muon)=1.44e-02 lr(adam)=2.16e-04 | tok/s=12775 | 5130ms/step | elapsed 162.7m | time left 37.3m
step=1950 | loss=3.5496 | lr(muon)=1.44e-02 lr(adam)=2.16e-04 | tok/s=13645 | 4803ms/step | elapsed 163.5m | time left 36.5m
step=1960 | loss=3.5833 | lr(muon)=1.43e-02 lr(adam)=2.15e-04 | tok/s=13935 | 4703ms/step | elapsed 164.3m | time left 35.7m
step=1970 | loss=3.5769 | lr(muon)=1.43e-02 lr(adam)=2.14e-04 | tok/s=13058 | 5019ms/step | elapsed 165.2m | time left 34.8m
step=1980 | loss=3.5596 | lr(muon)=1.42e-02 lr(adam)=2.13e-04 | tok/s=13182 | 4972ms/step | elapsed 166.0m | time left 34.0m
step=1990 | loss=3.4966 | lr(muon)=1.42e-02 lr(adam)=2.12e-04 | tok/s=13134 | 4990ms/step | elapsed 166.9m | time left 33.1m
step=2000 | loss=3.6168 | lr(muon)=1.41e-02 lr(adam)=2.12e-04 | tok/s=13471 | 4865ms/step | elapsed 167.7m | time left 32.3m
step=2010 | loss=3.5003 | lr(muon)=1.41e-02 lr(adam)=2.11e-04 | tok/s=14096 | 4649ms/step | elapsed 168.5m | time left 31.5m
step=2020 | loss=3.4580 | lr(muon)=1.40e-02 lr(adam)=2.10e-04 | tok/s=14154 | 4630ms/step | elapsed 169.4m | time left 30.6m
step=2030 | loss=3.5033 | lr(muon)=1.39e-02 lr(adam)=2.09e-04 | tok/s=13003 | 5040ms/step | elapsed 170.2m | time left 29.8m
step=2040 | loss=3.6623 | lr(muon)=1.39e-02 lr(adam)=2.08e-04 | tok/s=13504 | 4853ms/step | elapsed 171.1m | time left 28.9m
step=2050 | loss=3.5915 | lr(muon)=1.38e-02 lr(adam)=2.08e-04 | tok/s=11283 | 5809ms/step | elapsed 171.9m | time left 28.1m
step=2060 | loss=3.6211 | lr(muon)=1.38e-02 lr(adam)=2.07e-04 | tok/s=13362 | 4905ms/step | elapsed 172.8m | time left 27.2m
step=2070 | loss=3.5680 | lr(muon)=1.37e-02 lr(adam)=2.06e-04 | tok/s=11058 | 5927ms/step | elapsed 173.6m | time left 26.4m
step=2080 | loss=3.5264 | lr(muon)=1.37e-02 lr(adam)=2.05e-04 | tok/s=12986 | 5047ms/step | elapsed 174.4m | time left 25.6m
step=2090 | loss=3.5868 | lr(muon)=1.36e-02 lr(adam)=2.04e-04 | tok/s=10719 | 6114ms/step | elapsed 175.3m | time left 24.7m
step=2100 | loss=3.5567 | lr(muon)=1.36e-02 lr(adam)=2.03e-04 | tok/s=14515 | 4515ms/step | elapsed 176.1m | time left 23.9m
step=2110 | loss=3.6091 | lr(muon)=1.35e-02 lr(adam)=2.03e-04 | tok/s=11283 | 5808ms/step | elapsed 176.9m | time left 23.1m
step=2120 | loss=3.6023 | lr(muon)=1.34e-02 lr(adam)=2.02e-04 | tok/s=13441 | 4876ms/step | elapsed 177.8m | time left 22.2m
step=2130 | loss=3.5301 | lr(muon)=1.34e-02 lr(adam)=2.01e-04 | tok/s=11438 | 5730ms/step | elapsed 178.6m | time left 21.4m
step=2140 | loss=3.5731 | lr(muon)=1.33e-02 lr(adam)=2.00e-04 | tok/s=13578 | 4827ms/step | elapsed 179.4m | time left 20.6m
step=2150 | loss=3.4941 | lr(muon)=1.33e-02 lr(adam)=1.99e-04 | tok/s=13272 | 4938ms/step | elapsed 180.3m | time left 19.7m
step=2160 | loss=3.5070 | lr(muon)=1.32e-02 lr(adam)=1.98e-04 | tok/s=13642 | 4804ms/step | elapsed 181.1m | time left 18.9m
step=2170 | loss=3.4712 | lr(muon)=1.32e-02 lr(adam)=1.98e-04 | tok/s=13347 | 4910ms/step | elapsed 182.0m | time left 18.0m
step=2180 | loss=3.6462 | lr(muon)=1.31e-02 lr(adam)=1.97e-04 | tok/s=14226 | 4607ms/step | elapsed 182.8m | time left 17.2m
step=2190 | loss=3.4724 | lr(muon)=1.31e-02 lr(adam)=1.96e-04 | tok/s=14359 | 4564ms/step | elapsed 183.6m | time left 16.4m
step=2200 | loss=3.5117 | lr(muon)=1.30e-02 lr(adam)=1.95e-04 | tok/s=13723 | 4776ms/step | elapsed 184.5m | time left 15.5m
step=2210 | loss=3.6030 | lr(muon)=1.29e-02 lr(adam)=1.94e-04 | tok/s=13759 | 4763ms/step | elapsed 185.3m | time left 14.7m
step=2220 | loss=3.5339 | lr(muon)=1.29e-02 lr(adam)=1.93e-04 | tok/s=13881 | 4721ms/step | elapsed 186.2m | time left 13.8m
step=2230 | loss=3.5127 | lr(muon)=1.28e-02 lr(adam)=1.93e-04 | tok/s=13328 | 4917ms/step | elapsed 187.0m | time left 13.0m
step=2240 | loss=3.5399 | lr(muon)=1.28e-02 lr(adam)=1.92e-04 | tok/s=13178 | 4973ms/step | elapsed 187.8m | time left 12.2m
step=2250 | loss=3.5511 | lr(muon)=1.27e-02 lr(adam)=1.91e-04 | tok/s=13209 | 4961ms/step | elapsed 188.7m | time left 11.3m
step=2260 | loss=3.5471 | lr(muon)=1.27e-02 lr(adam)=1.90e-04 | tok/s=13679 | 4791ms/step | elapsed 189.5m | time left 10.5m
step=2270 | loss=3.5947 | lr(muon)=1.26e-02 lr(adam)=1.89e-04 | tok/s=13652 | 4801ms/step | elapsed 190.4m | time left 9.6m
step=2280 | loss=3.5360 | lr(muon)=1.26e-02 lr(adam)=1.88e-04 | tok/s=13260 | 4942ms/step | elapsed 191.2m | time left 8.8m
step=2290 | loss=3.5952 | lr(muon)=1.25e-02 lr(adam)=1.87e-04 | tok/s=14067 | 4659ms/step | elapsed 192.1m | time left 7.9m
step=2300 | loss=3.5038 | lr(muon)=1.24e-02 lr(adam)=1.87e-04 | tok/s=14319 | 4577ms/step | elapsed 192.9m | time left 7.1m
step=2310 | loss=3.5644 | lr(muon)=1.24e-02 lr(adam)=1.86e-04 | tok/s=14129 | 4638ms/step | elapsed 193.7m | time left 6.3m
step=2320 | loss=3.4477 | lr(muon)=1.23e-02 lr(adam)=1.85e-04 | tok/s=14423 | 4544ms/step | elapsed 194.6m | time left 5.4m
step=2330 | loss=3.5439 | lr(muon)=1.23e-02 lr(adam)=1.84e-04 | tok/s=13229 | 4954ms/step | elapsed 195.4m | time left 4.6m
step=2340 | loss=3.5890 | lr(muon)=1.22e-02 lr(adam)=1.83e-04 | tok/s=14303 | 4582ms/step | elapsed 196.2m | time left 3.8m
step=2350 | loss=3.5702 | lr(muon)=1.22e-02 lr(adam)=1.82e-04 | tok/s=13771 | 4759ms/step | elapsed 197.1m | time left 2.9m
step=2360 | loss=3.4862 | lr(muon)=1.21e-02 lr(adam)=1.81e-04 | tok/s=13099 | 5003ms/step | elapsed 197.9m | time left 2.1m
step=2370 | loss=3.5396 | lr(muon)=1.20e-02 lr(adam)=1.81e-04 | tok/s=12855 | 5098ms/step | elapsed 198.8m | time left 1.2m
step=2380 | loss=3.5257 | lr(muon)=1.20e-02 lr(adam)=1.80e-04 | tok/s=12959 | 5057ms/step | elapsed 199.6m | time left 0.4m

[time] 200.0 min elapsed — time limit reached.
[ckpt] saved → checkpoint.pt  (step 2385)
