Master: localhost:29500  |  Nodes: 1  |  GPUs: 0,1 (2)  |  Rank: 0

*****************************************
Setting OMP_NUM_THREADS environment variable for each process to be 1 in default, to avoid your system being overloaded, please further tune the variable for optimal performance in your application as needed. 
*****************************************
[model] 110.9M parameters
[optim] Muon: 72 params, AdamW: 52 params
[data] 49 shard(s), 49,000,000,000 tokens total
[data] 49 shard(s), 49,000,000,000 tokens total
step=10 | loss=10.1011 | lr(muon)=2.00e-03 lr(adam)=3.00e-05 | tok/s=350594 | 187ms/step | elapsed 0.1m | time left 9.9m
step=20 | loss=9.5197 | lr(muon)=4.00e-03 lr(adam)=6.00e-05 | tok/s=387123 | 169ms/step | elapsed 0.1m | time left 9.9m
step=30 | loss=9.1063 | lr(muon)=6.00e-03 lr(adam)=9.00e-05 | tok/s=384957 | 170ms/step | elapsed 0.2m | time left 9.8m
step=40 | loss=8.7234 | lr(muon)=8.00e-03 lr(adam)=1.20e-04 | tok/s=359522 | 182ms/step | elapsed 0.2m | time left 9.8m
step=50 | loss=8.3572 | lr(muon)=1.00e-02 lr(adam)=1.50e-04 | tok/s=385902 | 170ms/step | elapsed 0.2m | time left 9.8m
step=60 | loss=8.1426 | lr(muon)=1.20e-02 lr(adam)=1.80e-04 | tok/s=363374 | 180ms/step | elapsed 0.2m | time left 9.8m
step=70 | loss=8.0204 | lr(muon)=1.40e-02 lr(adam)=2.10e-04 | tok/s=362674 | 181ms/step | elapsed 0.3m | time left 9.7m
step=80 | loss=7.8703 | lr(muon)=1.60e-02 lr(adam)=2.40e-04 | tok/s=388479 | 169ms/step | elapsed 0.3m | time left 9.7m
step=90 | loss=7.7545 | lr(muon)=1.80e-02 lr(adam)=2.70e-04 | tok/s=425788 | 154ms/step | elapsed 0.3m | time left 9.7m
step=100 | loss=7.5083 | lr(muon)=2.00e-02 lr(adam)=3.00e-04 | tok/s=381179 | 172ms/step | elapsed 0.4m | time left 9.6m
step=110 | loss=7.4481 | lr(muon)=2.00e-02 lr(adam)=3.00e-04 | tok/s=380593 | 172ms/step | elapsed 0.4m | time left 9.6m
step=120 | loss=7.4278 | lr(muon)=2.00e-02 lr(adam)=3.00e-04 | tok/s=394061 | 166ms/step | elapsed 0.4m | time left 9.6m
step=130 | loss=7.2167 | lr(muon)=2.00e-02 lr(adam)=3.00e-04 | tok/s=399284 | 164ms/step | elapsed 0.4m | time left 9.6m
step=140 | loss=7.1861 | lr(muon)=2.00e-02 lr(adam)=3.00e-04 | tok/s=377919 | 173ms/step | elapsed 0.5m | time left 9.5m
step=150 | loss=7.1244 | lr(muon)=2.00e-02 lr(adam)=3.00e-04 | tok/s=349993 | 187ms/step | elapsed 0.5m | time left 9.5m
step=160 | loss=7.1725 | lr(muon)=2.00e-02 lr(adam)=3.00e-04 | tok/s=356568 | 184ms/step | elapsed 0.5m | time left 9.5m
step=170 | loss=7.0647 | lr(muon)=2.00e-02 lr(adam)=3.00e-04 | tok/s=344951 | 190ms/step | elapsed 0.6m | time left 9.4m
step=180 | loss=6.9712 | lr(muon)=2.00e-02 lr(adam)=3.00e-04 | tok/s=358051 | 183ms/step | elapsed 0.6m | time left 9.4m
step=190 | loss=6.9153 | lr(muon)=2.00e-02 lr(adam)=3.00e-04 | tok/s=400890 | 163ms/step | elapsed 0.6m | time left 9.4m
step=200 | loss=6.8450 | lr(muon)=2.00e-02 lr(adam)=3.00e-04 | tok/s=343236 | 191ms/step | elapsed 0.7m | time left 9.3m
step=210 | loss=6.7660 | lr(muon)=2.00e-02 lr(adam)=3.00e-04 | tok/s=395803 | 166ms/step | elapsed 0.7m | time left 9.3m
step=220 | loss=6.6682 | lr(muon)=2.00e-02 lr(adam)=3.00e-04 | tok/s=379285 | 173ms/step | elapsed 0.7m | time left 9.3m
step=230 | loss=6.7136 | lr(muon)=2.00e-02 lr(adam)=3.00e-04 | tok/s=408900 | 160ms/step | elapsed 0.7m | time left 9.3m
step=240 | loss=6.7224 | lr(muon)=2.00e-02 lr(adam)=2.99e-04 | tok/s=370838 | 177ms/step | elapsed 0.8m | time left 9.2m
step=250 | loss=6.4544 | lr(muon)=2.00e-02 lr(adam)=2.99e-04 | tok/s=375946 | 174ms/step | elapsed 0.8m | time left 9.2m
step=260 | loss=6.5853 | lr(muon)=2.00e-02 lr(adam)=2.99e-04 | tok/s=364633 | 180ms/step | elapsed 0.8m | time left 9.2m
step=270 | loss=6.5023 | lr(muon)=1.99e-02 lr(adam)=2.99e-04 | tok/s=369706 | 177ms/step | elapsed 0.9m | time left 9.1m
step=280 | loss=6.3754 | lr(muon)=1.99e-02 lr(adam)=2.99e-04 | tok/s=340118 | 193ms/step | elapsed 0.9m | time left 9.1m
step=290 | loss=6.4268 | lr(muon)=1.99e-02 lr(adam)=2.99e-04 | tok/s=374985 | 175ms/step | elapsed 0.9m | time left 9.1m
step=300 | loss=6.4109 | lr(muon)=1.99e-02 lr(adam)=2.99e-04 | tok/s=368710 | 178ms/step | elapsed 0.9m | time left 9.1m
step=310 | loss=6.4004 | lr(muon)=1.99e-02 lr(adam)=2.99e-04 | tok/s=403637 | 162ms/step | elapsed 1.0m | time left 9.0m
step=320 | loss=6.2351 | lr(muon)=1.99e-02 lr(adam)=2.99e-04 | tok/s=377241 | 174ms/step | elapsed 1.0m | time left 9.0m
step=330 | loss=6.2151 | lr(muon)=1.99e-02 lr(adam)=2.99e-04 | tok/s=382035 | 172ms/step | elapsed 1.0m | time left 9.0m
step=340 | loss=6.1144 | lr(muon)=1.99e-02 lr(adam)=2.98e-04 | tok/s=385546 | 170ms/step | elapsed 1.0m | time left 9.0m
step=350 | loss=6.0315 | lr(muon)=1.99e-02 lr(adam)=2.98e-04 | tok/s=393306 | 167ms/step | elapsed 1.1m | time left 8.9m
step=360 | loss=6.0041 | lr(muon)=1.99e-02 lr(adam)=2.98e-04 | tok/s=426029 | 154ms/step | elapsed 1.1m | time left 8.9m
step=370 | loss=6.0528 | lr(muon)=1.99e-02 lr(adam)=2.98e-04 | tok/s=340485 | 192ms/step | elapsed 1.1m | time left 8.9m
step=380 | loss=5.8104 | lr(muon)=1.99e-02 lr(adam)=2.98e-04 | tok/s=479364 | 137ms/step | elapsed 1.2m | time left 8.8m
step=390 | loss=5.8487 | lr(muon)=1.98e-02 lr(adam)=2.98e-04 | tok/s=456127 | 144ms/step | elapsed 1.2m | time left 8.8m
step=400 | loss=5.8491 | lr(muon)=1.98e-02 lr(adam)=2.98e-04 | tok/s=359423 | 182ms/step | elapsed 1.2m | time left 8.8m
step=410 | loss=5.6786 | lr(muon)=1.98e-02 lr(adam)=2.97e-04 | tok/s=399989 | 164ms/step | elapsed 1.2m | time left 8.8m
step=420 | loss=5.8044 | lr(muon)=1.98e-02 lr(adam)=2.97e-04 | tok/s=378680 | 173ms/step | elapsed 1.3m | time left 8.7m
step=430 | loss=5.8036 | lr(muon)=1.98e-02 lr(adam)=2.97e-04 | tok/s=413695 | 158ms/step | elapsed 1.3m | time left 8.7m
step=440 | loss=5.8546 | lr(muon)=1.98e-02 lr(adam)=2.97e-04 | tok/s=454515 | 144ms/step | elapsed 1.3m | time left 8.7m
step=450 | loss=5.6135 | lr(muon)=1.98e-02 lr(adam)=2.97e-04 | tok/s=386159 | 170ms/step | elapsed 1.3m | time left 8.7m
step=460 | loss=5.6824 | lr(muon)=1.98e-02 lr(adam)=2.96e-04 | tok/s=366655 | 179ms/step | elapsed 1.4m | time left 8.6m
step=470 | loss=5.5785 | lr(muon)=1.97e-02 lr(adam)=2.96e-04 | tok/s=507426 | 129ms/step | elapsed 1.4m | time left 8.6m
step=480 | loss=5.6424 | lr(muon)=1.97e-02 lr(adam)=2.96e-04 | tok/s=478346 | 137ms/step | elapsed 1.4m | time left 8.6m
step=490 | loss=5.4234 | lr(muon)=1.97e-02 lr(adam)=2.96e-04 | tok/s=378827 | 173ms/step | elapsed 1.5m | time left 8.5m
step=500 | loss=5.3979 | lr(muon)=1.97e-02 lr(adam)=2.96e-04 | tok/s=418684 | 157ms/step | elapsed 1.5m | time left 8.5m
step=510 | loss=5.5106 | lr(muon)=1.97e-02 lr(adam)=2.95e-04 | tok/s=470891 | 139ms/step | elapsed 1.5m | time left 8.5m
step=520 | loss=5.4620 | lr(muon)=1.97e-02 lr(adam)=2.95e-04 | tok/s=409151 | 160ms/step | elapsed 1.5m | time left 8.5m
step=530 | loss=5.4304 | lr(muon)=1.97e-02 lr(adam)=2.95e-04 | tok/s=454800 | 144ms/step | elapsed 1.6m | time left 8.4m
step=540 | loss=5.4224 | lr(muon)=1.96e-02 lr(adam)=2.95e-04 | tok/s=380519 | 172ms/step | elapsed 1.6m | time left 8.4m
step=550 | loss=5.4051 | lr(muon)=1.96e-02 lr(adam)=2.94e-04 | tok/s=379474 | 173ms/step | elapsed 1.6m | time left 8.4m
step=560 | loss=5.3913 | lr(muon)=1.96e-02 lr(adam)=2.94e-04 | tok/s=394337 | 166ms/step | elapsed 1.6m | time left 8.4m
step=570 | loss=5.3442 | lr(muon)=1.96e-02 lr(adam)=2.94e-04 | tok/s=392454 | 167ms/step | elapsed 1.7m | time left 8.3m
step=580 | loss=5.4803 | lr(muon)=1.96e-02 lr(adam)=2.94e-04 | tok/s=432228 | 152ms/step | elapsed 1.7m | time left 8.3m
step=590 | loss=5.2947 | lr(muon)=1.96e-02 lr(adam)=2.93e-04 | tok/s=419095 | 156ms/step | elapsed 1.7m | time left 8.3m
step=600 | loss=5.3885 | lr(muon)=1.95e-02 lr(adam)=2.93e-04 | tok/s=421137 | 156ms/step | elapsed 1.7m | time left 8.3m
step=610 | loss=5.4103 | lr(muon)=1.95e-02 lr(adam)=2.93e-04 | tok/s=414959 | 158ms/step | elapsed 1.8m | time left 8.2m
step=620 | loss=5.4466 | lr(muon)=1.95e-02 lr(adam)=2.93e-04 | tok/s=398150 | 165ms/step | elapsed 1.8m | time left 8.2m
step=630 | loss=5.1992 | lr(muon)=1.95e-02 lr(adam)=2.92e-04 | tok/s=448560 | 146ms/step | elapsed 1.8m | time left 8.2m
step=640 | loss=5.2196 | lr(muon)=1.95e-02 lr(adam)=2.92e-04 | tok/s=451046 | 145ms/step | elapsed 1.9m | time left 8.1m
step=650 | loss=5.2927 | lr(muon)=1.94e-02 lr(adam)=2.92e-04 | tok/s=433007 | 151ms/step | elapsed 1.9m | time left 8.1m
step=660 | loss=5.2936 | lr(muon)=1.94e-02 lr(adam)=2.91e-04 | tok/s=378131 | 173ms/step | elapsed 1.9m | time left 8.1m
step=670 | loss=5.1628 | lr(muon)=1.94e-02 lr(adam)=2.91e-04 | tok/s=374665 | 175ms/step | elapsed 1.9m | time left 8.1m
step=680 | loss=5.1529 | lr(muon)=1.94e-02 lr(adam)=2.91e-04 | tok/s=406080 | 161ms/step | elapsed 2.0m | time left 8.0m
step=690 | loss=5.3117 | lr(muon)=1.94e-02 lr(adam)=2.90e-04 | tok/s=423859 | 155ms/step | elapsed 2.0m | time left 8.0m
step=700 | loss=5.2070 | lr(muon)=1.93e-02 lr(adam)=2.90e-04 | tok/s=391787 | 167ms/step | elapsed 2.0m | time left 8.0m
step=710 | loss=5.1685 | lr(muon)=1.93e-02 lr(adam)=2.90e-04 | tok/s=439419 | 149ms/step | elapsed 2.0m | time left 8.0m
step=720 | loss=5.1422 | lr(muon)=1.93e-02 lr(adam)=2.89e-04 | tok/s=408947 | 160ms/step | elapsed 2.1m | time left 7.9m
step=730 | loss=5.0614 | lr(muon)=1.93e-02 lr(adam)=2.89e-04 | tok/s=442173 | 148ms/step | elapsed 2.1m | time left 7.9m
step=740 | loss=5.1295 | lr(muon)=1.93e-02 lr(adam)=2.89e-04 | tok/s=487415 | 134ms/step | elapsed 2.1m | time left 7.9m
step=750 | loss=5.2656 | lr(muon)=1.92e-02 lr(adam)=2.88e-04 | tok/s=402843 | 163ms/step | elapsed 2.1m | time left 7.9m
step=760 | loss=5.1266 | lr(muon)=1.92e-02 lr(adam)=2.88e-04 | tok/s=458668 | 143ms/step | elapsed 2.2m | time left 7.8m
step=770 | loss=5.1761 | lr(muon)=1.92e-02 lr(adam)=2.88e-04 | tok/s=434813 | 151ms/step | elapsed 2.2m | time left 7.8m
step=780 | loss=5.2008 | lr(muon)=1.92e-02 lr(adam)=2.87e-04 | tok/s=337861 | 194ms/step | elapsed 2.2m | time left 7.8m
step=790 | loss=5.1427 | lr(muon)=1.91e-02 lr(adam)=2.87e-04 | tok/s=417425 | 157ms/step | elapsed 2.2m | time left 7.8m
step=800 | loss=5.1385 | lr(muon)=1.91e-02 lr(adam)=2.87e-04 | tok/s=401432 | 163ms/step | elapsed 2.3m | time left 7.7m
step=810 | loss=4.9884 | lr(muon)=1.91e-02 lr(adam)=2.86e-04 | tok/s=455671 | 144ms/step | elapsed 2.3m | time left 7.7m
step=820 | loss=5.0125 | lr(muon)=1.91e-02 lr(adam)=2.86e-04 | tok/s=458575 | 143ms/step | elapsed 2.3m | time left 7.7m
step=830 | loss=5.0893 | lr(muon)=1.90e-02 lr(adam)=2.85e-04 | tok/s=471694 | 139ms/step | elapsed 2.3m | time left 7.7m
step=840 | loss=5.1054 | lr(muon)=1.90e-02 lr(adam)=2.85e-04 | tok/s=400508 | 164ms/step | elapsed 2.4m | time left 7.6m
step=850 | loss=5.0626 | lr(muon)=1.90e-02 lr(adam)=2.85e-04 | tok/s=400937 | 163ms/step | elapsed 2.4m | time left 7.6m
step=860 | loss=4.9288 | lr(muon)=1.90e-02 lr(adam)=2.84e-04 | tok/s=398429 | 164ms/step | elapsed 2.4m | time left 7.6m
step=870 | loss=5.0005 | lr(muon)=1.89e-02 lr(adam)=2.84e-04 | tok/s=455893 | 144ms/step | elapsed 2.5m | time left 7.5m
step=880 | loss=4.8997 | lr(muon)=1.89e-02 lr(adam)=2.83e-04 | tok/s=496324 | 132ms/step | elapsed 2.5m | time left 7.5m
step=890 | loss=5.1844 | lr(muon)=1.89e-02 lr(adam)=2.83e-04 | tok/s=451643 | 145ms/step | elapsed 2.5m | time left 7.5m
step=900 | loss=4.9468 | lr(muon)=1.88e-02 lr(adam)=2.83e-04 | tok/s=448154 | 146ms/step | elapsed 2.5m | time left 7.5m
step=910 | loss=4.9145 | lr(muon)=1.88e-02 lr(adam)=2.82e-04 | tok/s=411768 | 159ms/step | elapsed 2.6m | time left 7.4m
step=920 | loss=4.8421 | lr(muon)=1.88e-02 lr(adam)=2.82e-04 | tok/s=428607 | 153ms/step | elapsed 2.6m | time left 7.4m
step=930 | loss=4.9210 | lr(muon)=1.88e-02 lr(adam)=2.81e-04 | tok/s=417843 | 157ms/step | elapsed 2.6m | time left 7.4m
step=940 | loss=4.8703 | lr(muon)=1.87e-02 lr(adam)=2.81e-04 | tok/s=407277 | 161ms/step | elapsed 2.6m | time left 7.4m
step=950 | loss=4.9388 | lr(muon)=1.87e-02 lr(adam)=2.80e-04 | tok/s=387875 | 169ms/step | elapsed 2.7m | time left 7.3m
step=960 | loss=4.9825 | lr(muon)=1.87e-02 lr(adam)=2.80e-04 | tok/s=429231 | 153ms/step | elapsed 2.7m | time left 7.3m
step=970 | loss=4.8700 | lr(muon)=1.86e-02 lr(adam)=2.80e-04 | tok/s=424697 | 154ms/step | elapsed 2.7m | time left 7.3m
step=980 | loss=4.9962 | lr(muon)=1.86e-02 lr(adam)=2.79e-04 | tok/s=463394 | 141ms/step | elapsed 2.7m | time left 7.3m
step=990 | loss=4.9782 | lr(muon)=1.86e-02 lr(adam)=2.79e-04 | tok/s=459976 | 142ms/step | elapsed 2.8m | time left 7.2m
step=1000 | loss=4.7711 | lr(muon)=1.85e-02 lr(adam)=2.78e-04 | tok/s=431159 | 152ms/step | elapsed 2.8m | time left 7.2m
step=1010 | loss=4.8448 | lr(muon)=1.85e-02 lr(adam)=2.78e-04 | tok/s=416053 | 158ms/step | elapsed 2.8m | time left 7.2m
step=1020 | loss=4.8435 | lr(muon)=1.85e-02 lr(adam)=2.77e-04 | tok/s=451634 | 145ms/step | elapsed 2.8m | time left 7.2m
step=1030 | loss=4.8288 | lr(muon)=1.84e-02 lr(adam)=2.77e-04 | tok/s=443309 | 148ms/step | elapsed 2.9m | time left 7.1m
step=1040 | loss=4.8816 | lr(muon)=1.84e-02 lr(adam)=2.76e-04 | tok/s=508222 | 129ms/step | elapsed 2.9m | time left 7.1m
step=1050 | loss=4.8559 | lr(muon)=1.84e-02 lr(adam)=2.76e-04 | tok/s=399421 | 164ms/step | elapsed 2.9m | time left 7.1m
step=1060 | loss=4.9891 | lr(muon)=1.83e-02 lr(adam)=2.75e-04 | tok/s=465388 | 141ms/step | elapsed 2.9m | time left 7.1m
step=1070 | loss=5.0386 | lr(muon)=1.83e-02 lr(adam)=2.75e-04 | tok/s=464738 | 141ms/step | elapsed 2.9m | time left 7.1m
step=1080 | loss=4.7709 | lr(muon)=1.83e-02 lr(adam)=2.74e-04 | tok/s=531267 | 123ms/step | elapsed 3.0m | time left 7.0m
step=1090 | loss=4.9164 | lr(muon)=1.82e-02 lr(adam)=2.74e-04 | tok/s=355836 | 184ms/step | elapsed 3.0m | time left 7.0m
step=1100 | loss=4.7964 | lr(muon)=1.82e-02 lr(adam)=2.73e-04 | tok/s=412867 | 159ms/step | elapsed 3.0m | time left 7.0m
step=1110 | loss=4.9383 | lr(muon)=1.82e-02 lr(adam)=2.73e-04 | tok/s=450730 | 145ms/step | elapsed 3.0m | time left 7.0m
step=1120 | loss=4.7621 | lr(muon)=1.81e-02 lr(adam)=2.72e-04 | tok/s=381380 | 172ms/step | elapsed 3.1m | time left 6.9m
step=1130 | loss=4.8118 | lr(muon)=1.81e-02 lr(adam)=2.72e-04 | tok/s=441608 | 148ms/step | elapsed 3.1m | time left 6.9m
step=1140 | loss=4.6861 | lr(muon)=1.81e-02 lr(adam)=2.71e-04 | tok/s=456744 | 143ms/step | elapsed 3.1m | time left 6.9m
step=1150 | loss=4.9322 | lr(muon)=1.80e-02 lr(adam)=2.71e-04 | tok/s=493918 | 133ms/step | elapsed 3.1m | time left 6.9m
step=1160 | loss=4.9227 | lr(muon)=1.80e-02 lr(adam)=2.70e-04 | tok/s=539459 | 121ms/step | elapsed 3.2m | time left 6.8m
step=1170 | loss=4.8335 | lr(muon)=1.80e-02 lr(adam)=2.69e-04 | tok/s=481116 | 136ms/step | elapsed 3.2m | time left 6.8m
step=1180 | loss=4.9515 | lr(muon)=1.79e-02 lr(adam)=2.69e-04 | tok/s=403772 | 162ms/step | elapsed 3.2m | time left 6.8m
step=1190 | loss=4.8744 | lr(muon)=1.79e-02 lr(adam)=2.68e-04 | tok/s=385238 | 170ms/step | elapsed 3.2m | time left 6.8m
step=1200 | loss=4.8593 | lr(muon)=1.79e-02 lr(adam)=2.68e-04 | tok/s=422115 | 155ms/step | elapsed 3.3m | time left 6.7m
step=1210 | loss=4.8218 | lr(muon)=1.78e-02 lr(adam)=2.67e-04 | tok/s=445832 | 147ms/step | elapsed 3.3m | time left 6.7m
step=1220 | loss=4.7108 | lr(muon)=1.78e-02 lr(adam)=2.67e-04 | tok/s=490893 | 134ms/step | elapsed 3.3m | time left 6.7m
step=1230 | loss=4.7434 | lr(muon)=1.77e-02 lr(adam)=2.66e-04 | tok/s=494483 | 133ms/step | elapsed 3.3m | time left 6.7m
step=1240 | loss=4.8310 | lr(muon)=1.77e-02 lr(adam)=2.66e-04 | tok/s=462998 | 142ms/step | elapsed 3.4m | time left 6.6m
step=1250 | loss=4.8030 | lr(muon)=1.77e-02 lr(adam)=2.65e-04 | tok/s=486289 | 135ms/step | elapsed 3.4m | time left 6.6m
step=1260 | loss=4.7465 | lr(muon)=1.76e-02 lr(adam)=2.64e-04 | tok/s=438036 | 150ms/step | elapsed 3.4m | time left 6.6m
step=1270 | loss=4.8275 | lr(muon)=1.76e-02 lr(adam)=2.64e-04 | tok/s=518188 | 126ms/step | elapsed 3.4m | time left 6.6m
step=1280 | loss=4.7421 | lr(muon)=1.75e-02 lr(adam)=2.63e-04 | tok/s=472963 | 139ms/step | elapsed 3.5m | time left 6.5m
step=1290 | loss=4.8119 | lr(muon)=1.75e-02 lr(adam)=2.63e-04 | tok/s=431574 | 152ms/step | elapsed 3.5m | time left 6.5m
step=1300 | loss=4.8350 | lr(muon)=1.75e-02 lr(adam)=2.62e-04 | tok/s=430730 | 152ms/step | elapsed 3.5m | time left 6.5m
step=1310 | loss=4.7245 | lr(muon)=1.74e-02 lr(adam)=2.61e-04 | tok/s=482507 | 136ms/step | elapsed 3.5m | time left 6.5m
step=1320 | loss=4.8810 | lr(muon)=1.74e-02 lr(adam)=2.61e-04 | tok/s=449491 | 146ms/step | elapsed 3.5m | time left 6.5m
step=1330 | loss=4.6813 | lr(muon)=1.73e-02 lr(adam)=2.60e-04 | tok/s=421870 | 155ms/step | elapsed 3.6m | time left 6.4m
step=1340 | loss=4.5569 | lr(muon)=1.73e-02 lr(adam)=2.60e-04 | tok/s=527208 | 124ms/step | elapsed 3.6m | time left 6.4m
step=1350 | loss=4.7348 | lr(muon)=1.73e-02 lr(adam)=2.59e-04 | tok/s=444237 | 148ms/step | elapsed 3.6m | time left 6.4m
step=1360 | loss=4.7527 | lr(muon)=1.72e-02 lr(adam)=2.58e-04 | tok/s=563604 | 116ms/step | elapsed 3.6m | time left 6.4m
step=1370 | loss=4.7531 | lr(muon)=1.72e-02 lr(adam)=2.58e-04 | tok/s=513831 | 128ms/step | elapsed 3.7m | time left 6.3m
step=1380 | loss=4.7693 | lr(muon)=1.71e-02 lr(adam)=2.57e-04 | tok/s=492812 | 133ms/step | elapsed 3.7m | time left 6.3m
step=1390 | loss=4.5337 | lr(muon)=1.71e-02 lr(adam)=2.56e-04 | tok/s=438186 | 150ms/step | elapsed 3.7m | time left 6.3m
step=1400 | loss=4.7145 | lr(muon)=1.71e-02 lr(adam)=2.56e-04 | tok/s=495228 | 132ms/step | elapsed 3.7m | time left 6.3m
step=1410 | loss=4.7268 | lr(muon)=1.70e-02 lr(adam)=2.55e-04 | tok/s=465328 | 141ms/step | elapsed 3.8m | time left 6.2m
step=1420 | loss=4.5900 | lr(muon)=1.70e-02 lr(adam)=2.54e-04 | tok/s=450778 | 145ms/step | elapsed 3.8m | time left 6.2m
step=1430 | loss=4.8096 | lr(muon)=1.69e-02 lr(adam)=2.54e-04 | tok/s=422926 | 155ms/step | elapsed 3.8m | time left 6.2m
step=1440 | loss=4.7626 | lr(muon)=1.69e-02 lr(adam)=2.53e-04 | tok/s=430502 | 152ms/step | elapsed 3.8m | time left 6.2m
step=1450 | loss=4.6395 | lr(muon)=1.68e-02 lr(adam)=2.53e-04 | tok/s=467421 | 140ms/step | elapsed 3.8m | time left 6.2m
step=1460 | loss=4.6847 | lr(muon)=1.68e-02 lr(adam)=2.52e-04 | tok/s=480403 | 136ms/step | elapsed 3.9m | time left 6.1m
step=1470 | loss=4.6282 | lr(muon)=1.67e-02 lr(adam)=2.51e-04 | tok/s=501604 | 131ms/step | elapsed 3.9m | time left 6.1m
step=1480 | loss=4.5974 | lr(muon)=1.67e-02 lr(adam)=2.51e-04 | tok/s=461749 | 142ms/step | elapsed 3.9m | time left 6.1m
step=1490 | loss=4.5452 | lr(muon)=1.67e-02 lr(adam)=2.50e-04 | tok/s=461210 | 142ms/step | elapsed 3.9m | time left 6.1m
step=1500 | loss=4.4309 | lr(muon)=1.66e-02 lr(adam)=2.49e-04 | tok/s=457088 | 143ms/step | elapsed 4.0m | time left 6.0m
step=1510 | loss=4.8003 | lr(muon)=1.66e-02 lr(adam)=2.48e-04 | tok/s=476113 | 138ms/step | elapsed 4.0m | time left 6.0m
step=1520 | loss=4.5510 | lr(muon)=1.65e-02 lr(adam)=2.48e-04 | tok/s=474084 | 138ms/step | elapsed 4.0m | time left 6.0m
step=1530 | loss=4.7022 | lr(muon)=1.65e-02 lr(adam)=2.47e-04 | tok/s=393293 | 167ms/step | elapsed 4.0m | time left 6.0m
step=1540 | loss=4.6906 | lr(muon)=1.64e-02 lr(adam)=2.46e-04 | tok/s=536527 | 122ms/step | elapsed 4.1m | time left 5.9m
step=1550 | loss=4.6248 | lr(muon)=1.64e-02 lr(adam)=2.46e-04 | tok/s=507416 | 129ms/step | elapsed 4.1m | time left 5.9m
step=1560 | loss=4.5693 | lr(muon)=1.63e-02 lr(adam)=2.45e-04 | tok/s=449333 | 146ms/step | elapsed 4.1m | time left 5.9m
step=1570 | loss=4.4200 | lr(muon)=1.63e-02 lr(adam)=2.44e-04 | tok/s=460329 | 142ms/step | elapsed 4.1m | time left 5.9m
step=1580 | loss=4.6178 | lr(muon)=1.62e-02 lr(adam)=2.44e-04 | tok/s=520103 | 126ms/step | elapsed 4.1m | time left 5.9m
step=1590 | loss=4.8659 | lr(muon)=1.62e-02 lr(adam)=2.43e-04 | tok/s=473217 | 138ms/step | elapsed 4.2m | time left 5.8m
step=1600 | loss=4.6433 | lr(muon)=1.61e-02 lr(adam)=2.42e-04 | tok/s=526950 | 124ms/step | elapsed 4.2m | time left 5.8m
step=1610 | loss=4.5104 | lr(muon)=1.61e-02 lr(adam)=2.42e-04 | tok/s=499893 | 131ms/step | elapsed 4.2m | time left 5.8m
step=1620 | loss=4.5015 | lr(muon)=1.61e-02 lr(adam)=2.41e-04 | tok/s=427929 | 153ms/step | elapsed 4.2m | time left 5.8m
step=1630 | loss=4.5379 | lr(muon)=1.60e-02 lr(adam)=2.40e-04 | tok/s=410255 | 160ms/step | elapsed 4.3m | time left 5.7m
step=1640 | loss=4.5896 | lr(muon)=1.60e-02 lr(adam)=2.39e-04 | tok/s=476423 | 138ms/step | elapsed 4.3m | time left 5.7m
step=1650 | loss=4.5338 | lr(muon)=1.59e-02 lr(adam)=2.39e-04 | tok/s=443029 | 148ms/step | elapsed 4.3m | time left 5.7m
step=1660 | loss=4.5802 | lr(muon)=1.59e-02 lr(adam)=2.38e-04 | tok/s=534854 | 123ms/step | elapsed 4.3m | time left 5.7m
step=1670 | loss=4.5944 | lr(muon)=1.58e-02 lr(adam)=2.37e-04 | tok/s=455458 | 144ms/step | elapsed 4.3m | time left 5.7m
step=1680 | loss=4.5701 | lr(muon)=1.58e-02 lr(adam)=2.36e-04 | tok/s=441273 | 149ms/step | elapsed 4.4m | time left 5.6m
step=1690 | loss=4.3787 | lr(muon)=1.57e-02 lr(adam)=2.36e-04 | tok/s=495332 | 132ms/step | elapsed 4.4m | time left 5.6m
step=1700 | loss=4.6023 | lr(muon)=1.57e-02 lr(adam)=2.35e-04 | tok/s=447081 | 147ms/step | elapsed 4.4m | time left 5.6m
step=1710 | loss=4.7051 | lr(muon)=1.56e-02 lr(adam)=2.34e-04 | tok/s=431635 | 152ms/step | elapsed 4.4m | time left 5.6m
step=1720 | loss=4.5015 | lr(muon)=1.56e-02 lr(adam)=2.33e-04 | tok/s=443350 | 148ms/step | elapsed 4.5m | time left 5.5m
step=1730 | loss=4.5108 | lr(muon)=1.55e-02 lr(adam)=2.33e-04 | tok/s=502071 | 131ms/step | elapsed 4.5m | time left 5.5m
step=1740 | loss=4.4436 | lr(muon)=1.55e-02 lr(adam)=2.32e-04 | tok/s=484701 | 135ms/step | elapsed 4.5m | time left 5.5m
step=1750 | loss=4.5968 | lr(muon)=1.54e-02 lr(adam)=2.31e-04 | tok/s=529222 | 124ms/step | elapsed 4.5m | time left 5.5m
step=1760 | loss=4.5325 | lr(muon)=1.54e-02 lr(adam)=2.30e-04 | tok/s=546803 | 120ms/step | elapsed 4.6m | time left 5.4m
step=1770 | loss=4.4701 | lr(muon)=1.53e-02 lr(adam)=2.30e-04 | tok/s=491335 | 133ms/step | elapsed 4.6m | time left 5.4m
step=1780 | loss=4.5749 | lr(muon)=1.53e-02 lr(adam)=2.29e-04 | tok/s=518509 | 126ms/step | elapsed 4.6m | time left 5.4m
step=1790 | loss=4.4795 | lr(muon)=1.52e-02 lr(adam)=2.28e-04 | tok/s=434684 | 151ms/step | elapsed 4.6m | time left 5.4m
step=1800 | loss=4.5905 | lr(muon)=1.52e-02 lr(adam)=2.27e-04 | tok/s=501519 | 131ms/step | elapsed 4.6m | time left 5.4m
step=1810 | loss=4.2807 | lr(muon)=1.51e-02 lr(adam)=2.27e-04 | tok/s=489822 | 134ms/step | elapsed 4.7m | time left 5.3m
step=1820 | loss=4.5936 | lr(muon)=1.51e-02 lr(adam)=2.26e-04 | tok/s=414202 | 158ms/step | elapsed 4.7m | time left 5.3m
step=1830 | loss=4.5427 | lr(muon)=1.50e-02 lr(adam)=2.25e-04 | tok/s=452417 | 145ms/step | elapsed 4.7m | time left 5.3m
step=1840 | loss=4.3502 | lr(muon)=1.50e-02 lr(adam)=2.24e-04 | tok/s=493040 | 133ms/step | elapsed 4.7m | time left 5.3m
step=1850 | loss=4.6425 | lr(muon)=1.49e-02 lr(adam)=2.24e-04 | tok/s=581400 | 113ms/step | elapsed 4.8m | time left 5.2m
step=1860 | loss=4.4911 | lr(muon)=1.49e-02 lr(adam)=2.23e-04 | tok/s=497166 | 132ms/step | elapsed 4.8m | time left 5.2m
step=1870 | loss=4.3718 | lr(muon)=1.48e-02 lr(adam)=2.22e-04 | tok/s=490652 | 134ms/step | elapsed 4.8m | time left 5.2m
step=1880 | loss=4.4964 | lr(muon)=1.47e-02 lr(adam)=2.21e-04 | tok/s=524240 | 125ms/step | elapsed 4.8m | time left 5.2m
step=1890 | loss=4.5739 | lr(muon)=1.47e-02 lr(adam)=2.20e-04 | tok/s=433233 | 151ms/step | elapsed 4.8m | time left 5.2m
step=1900 | loss=4.4162 | lr(muon)=1.46e-02 lr(adam)=2.20e-04 | tok/s=490007 | 134ms/step | elapsed 4.9m | time left 5.1m
step=1910 | loss=4.4581 | lr(muon)=1.46e-02 lr(adam)=2.19e-04 | tok/s=455769 | 144ms/step | elapsed 4.9m | time left 5.1m
step=1920 | loss=4.5769 | lr(muon)=1.45e-02 lr(adam)=2.18e-04 | tok/s=447355 | 146ms/step | elapsed 4.9m | time left 5.1m
step=1930 | loss=4.6058 | lr(muon)=1.45e-02 lr(adam)=2.17e-04 | tok/s=538626 | 122ms/step | elapsed 4.9m | time left 5.1m
step=1940 | loss=4.5460 | lr(muon)=1.44e-02 lr(adam)=2.16e-04 | tok/s=487221 | 135ms/step | elapsed 5.0m | time left 5.0m
step=1950 | loss=4.4219 | lr(muon)=1.44e-02 lr(adam)=2.16e-04 | tok/s=512964 | 128ms/step | elapsed 5.0m | time left 5.0m
step=1960 | loss=4.4785 | lr(muon)=1.43e-02 lr(adam)=2.15e-04 | tok/s=604292 | 108ms/step | elapsed 5.0m | time left 5.0m
step=1970 | loss=4.4755 | lr(muon)=1.43e-02 lr(adam)=2.14e-04 | tok/s=508634 | 129ms/step | elapsed 5.0m | time left 5.0m
step=1980 | loss=4.5430 | lr(muon)=1.42e-02 lr(adam)=2.13e-04 | tok/s=583082 | 112ms/step | elapsed 5.0m | time left 5.0m
step=1990 | loss=4.3387 | lr(muon)=1.42e-02 lr(adam)=2.12e-04 | tok/s=580395 | 113ms/step | elapsed 5.1m | time left 4.9m
step=2000 | loss=4.5498 | lr(muon)=1.41e-02 lr(adam)=2.12e-04 | tok/s=567180 | 116ms/step | elapsed 5.1m | time left 4.9m
step=2010 | loss=4.3167 | lr(muon)=1.41e-02 lr(adam)=2.11e-04 | tok/s=499467 | 131ms/step | elapsed 5.1m | time left 4.9m
step=2020 | loss=4.3538 | lr(muon)=1.40e-02 lr(adam)=2.10e-04 | tok/s=310407 | 211ms/step | elapsed 5.1m | time left 4.9m
step=2030 | loss=4.3763 | lr(muon)=1.39e-02 lr(adam)=2.09e-04 | tok/s=501222 | 131ms/step | elapsed 5.2m | time left 4.8m
step=2040 | loss=4.5685 | lr(muon)=1.39e-02 lr(adam)=2.08e-04 | tok/s=543087 | 121ms/step | elapsed 5.2m | time left 4.8m
step=2050 | loss=4.6027 | lr(muon)=1.38e-02 lr(adam)=2.08e-04 | tok/s=623052 | 105ms/step | elapsed 5.2m | time left 4.8m
step=2060 | loss=4.4094 | lr(muon)=1.38e-02 lr(adam)=2.07e-04 | tok/s=476629 | 137ms/step | elapsed 5.2m | time left 4.8m
step=2070 | loss=4.4296 | lr(muon)=1.37e-02 lr(adam)=2.06e-04 | tok/s=568096 | 115ms/step | elapsed 5.2m | time left 4.8m
step=2080 | loss=4.5797 | lr(muon)=1.37e-02 lr(adam)=2.05e-04 | tok/s=571839 | 115ms/step | elapsed 5.3m | time left 4.7m
step=2090 | loss=4.5283 | lr(muon)=1.36e-02 lr(adam)=2.04e-04 | tok/s=547381 | 120ms/step | elapsed 5.3m | time left 4.7m
step=2100 | loss=4.4169 | lr(muon)=1.36e-02 lr(adam)=2.03e-04 | tok/s=443540 | 148ms/step | elapsed 5.3m | time left 4.7m
step=2110 | loss=4.4861 | lr(muon)=1.35e-02 lr(adam)=2.03e-04 | tok/s=422690 | 155ms/step | elapsed 5.3m | time left 4.7m
step=2120 | loss=4.3893 | lr(muon)=1.34e-02 lr(adam)=2.02e-04 | tok/s=472163 | 139ms/step | elapsed 5.4m | time left 4.6m
step=2130 | loss=4.5640 | lr(muon)=1.34e-02 lr(adam)=2.01e-04 | tok/s=455420 | 144ms/step | elapsed 5.4m | time left 4.6m
step=2140 | loss=4.4593 | lr(muon)=1.33e-02 lr(adam)=2.00e-04 | tok/s=432535 | 152ms/step | elapsed 5.4m | time left 4.6m
step=2150 | loss=4.2553 | lr(muon)=1.33e-02 lr(adam)=1.99e-04 | tok/s=552081 | 119ms/step | elapsed 5.4m | time left 4.6m
step=2160 | loss=4.4507 | lr(muon)=1.32e-02 lr(adam)=1.98e-04 | tok/s=493467 | 133ms/step | elapsed 5.4m | time left 4.6m
step=2170 | loss=4.2802 | lr(muon)=1.32e-02 lr(adam)=1.98e-04 | tok/s=465760 | 141ms/step | elapsed 5.5m | time left 4.5m
step=2180 | loss=4.4578 | lr(muon)=1.31e-02 lr(adam)=1.97e-04 | tok/s=505146 | 130ms/step | elapsed 5.5m | time left 4.5m
step=2190 | loss=4.2199 | lr(muon)=1.31e-02 lr(adam)=1.96e-04 | tok/s=453607 | 144ms/step | elapsed 5.5m | time left 4.5m
step=2200 | loss=4.4771 | lr(muon)=1.30e-02 lr(adam)=1.95e-04 | tok/s=493572 | 133ms/step | elapsed 5.5m | time left 4.5m
step=2210 | loss=4.6096 | lr(muon)=1.29e-02 lr(adam)=1.94e-04 | tok/s=473887 | 138ms/step | elapsed 5.6m | time left 4.4m
step=2220 | loss=4.2783 | lr(muon)=1.29e-02 lr(adam)=1.93e-04 | tok/s=490965 | 133ms/step | elapsed 5.6m | time left 4.4m
step=2230 | loss=4.4200 | lr(muon)=1.28e-02 lr(adam)=1.93e-04 | tok/s=526692 | 124ms/step | elapsed 5.6m | time left 4.4m
step=2240 | loss=4.3760 | lr(muon)=1.28e-02 lr(adam)=1.92e-04 | tok/s=511480 | 128ms/step | elapsed 5.6m | time left 4.4m
step=2250 | loss=4.4867 | lr(muon)=1.27e-02 lr(adam)=1.91e-04 | tok/s=519484 | 126ms/step | elapsed 5.6m | time left 4.4m
step=2260 | loss=4.5902 | lr(muon)=1.27e-02 lr(adam)=1.90e-04 | tok/s=644591 | 102ms/step | elapsed 5.7m | time left 4.3m
step=2270 | loss=4.4971 | lr(muon)=1.26e-02 lr(adam)=1.89e-04 | tok/s=521643 | 126ms/step | elapsed 5.7m | time left 4.3m
step=2280 | loss=4.5150 | lr(muon)=1.26e-02 lr(adam)=1.88e-04 | tok/s=574512 | 114ms/step | elapsed 5.7m | time left 4.3m
step=2290 | loss=4.4701 | lr(muon)=1.25e-02 lr(adam)=1.87e-04 | tok/s=457841 | 143ms/step | elapsed 5.7m | time left 4.3m
step=2300 | loss=4.2877 | lr(muon)=1.24e-02 lr(adam)=1.87e-04 | tok/s=514780 | 127ms/step | elapsed 5.7m | time left 4.3m
step=2310 | loss=4.3555 | lr(muon)=1.24e-02 lr(adam)=1.86e-04 | tok/s=557177 | 118ms/step | elapsed 5.8m | time left 4.2m
step=2320 | loss=4.4735 | lr(muon)=1.23e-02 lr(adam)=1.85e-04 | tok/s=443504 | 148ms/step | elapsed 5.8m | time left 4.2m
step=2330 | loss=4.4406 | lr(muon)=1.23e-02 lr(adam)=1.84e-04 | tok/s=580932 | 113ms/step | elapsed 5.8m | time left 4.2m
step=2340 | loss=4.5098 | lr(muon)=1.22e-02 lr(adam)=1.83e-04 | tok/s=522856 | 125ms/step | elapsed 5.8m | time left 4.2m
step=2350 | loss=4.4070 | lr(muon)=1.22e-02 lr(adam)=1.82e-04 | tok/s=443352 | 148ms/step | elapsed 5.9m | time left 4.1m
step=2360 | loss=4.3233 | lr(muon)=1.21e-02 lr(adam)=1.81e-04 | tok/s=463290 | 141ms/step | elapsed 5.9m | time left 4.1m
step=2370 | loss=4.4073 | lr(muon)=1.20e-02 lr(adam)=1.81e-04 | tok/s=488352 | 134ms/step | elapsed 5.9m | time left 4.1m
step=2380 | loss=4.4486 | lr(muon)=1.20e-02 lr(adam)=1.80e-04 | tok/s=509408 | 129ms/step | elapsed 5.9m | time left 4.1m
step=2390 | loss=4.4396 | lr(muon)=1.19e-02 lr(adam)=1.79e-04 | tok/s=564934 | 116ms/step | elapsed 5.9m | time left 4.1m
step=2400 | loss=4.3492 | lr(muon)=1.19e-02 lr(adam)=1.78e-04 | tok/s=498321 | 132ms/step | elapsed 6.0m | time left 4.0m
step=2410 | loss=4.3465 | lr(muon)=1.18e-02 lr(adam)=1.77e-04 | tok/s=486168 | 135ms/step | elapsed 6.0m | time left 4.0m
step=2420 | loss=4.2556 | lr(muon)=1.17e-02 lr(adam)=1.76e-04 | tok/s=491467 | 133ms/step | elapsed 6.0m | time left 4.0m
step=2430 | loss=4.4543 | lr(muon)=1.17e-02 lr(adam)=1.75e-04 | tok/s=516442 | 127ms/step | elapsed 6.0m | time left 4.0m
step=2440 | loss=4.3347 | lr(muon)=1.16e-02 lr(adam)=1.75e-04 | tok/s=484328 | 135ms/step | elapsed 6.0m | time left 4.0m
step=2450 | loss=4.3308 | lr(muon)=1.16e-02 lr(adam)=1.74e-04 | tok/s=527647 | 124ms/step | elapsed 6.1m | time left 3.9m
step=2460 | loss=4.2383 | lr(muon)=1.15e-02 lr(adam)=1.73e-04 | tok/s=579349 | 113ms/step | elapsed 6.1m | time left 3.9m
step=2470 | loss=4.3729 | lr(muon)=1.15e-02 lr(adam)=1.72e-04 | tok/s=456974 | 143ms/step | elapsed 6.1m | time left 3.9m
step=2480 | loss=4.3219 | lr(muon)=1.14e-02 lr(adam)=1.71e-04 | tok/s=475017 | 138ms/step | elapsed 6.1m | time left 3.9m
step=2490 | loss=4.4501 | lr(muon)=1.13e-02 lr(adam)=1.70e-04 | tok/s=560773 | 117ms/step | elapsed 6.2m | time left 3.8m
step=2500 | loss=4.4646 | lr(muon)=1.13e-02 lr(adam)=1.69e-04 | tok/s=557154 | 118ms/step | elapsed 6.2m | time left 3.8m
step=2510 | loss=4.4673 | lr(muon)=1.12e-02 lr(adam)=1.68e-04 | tok/s=636887 | 103ms/step | elapsed 6.2m | time left 3.8m
step=2520 | loss=4.3915 | lr(muon)=1.12e-02 lr(adam)=1.68e-04 | tok/s=575494 | 114ms/step | elapsed 6.2m | time left 3.8m
step=2530 | loss=4.3870 | lr(muon)=1.11e-02 lr(adam)=1.67e-04 | tok/s=519763 | 126ms/step | elapsed 6.2m | time left 3.8m
step=2540 | loss=4.3062 | lr(muon)=1.11e-02 lr(adam)=1.66e-04 | tok/s=545914 | 120ms/step | elapsed 6.3m | time left 3.7m
step=2550 | loss=4.4261 | lr(muon)=1.10e-02 lr(adam)=1.65e-04 | tok/s=449722 | 146ms/step | elapsed 6.3m | time left 3.7m
step=2560 | loss=4.4134 | lr(muon)=1.09e-02 lr(adam)=1.64e-04 | tok/s=493386 | 133ms/step | elapsed 6.3m | time left 3.7m
step=2570 | loss=4.3420 | lr(muon)=1.09e-02 lr(adam)=1.63e-04 | tok/s=535389 | 122ms/step | elapsed 6.3m | time left 3.7m
step=2580 | loss=4.2815 | lr(muon)=1.08e-02 lr(adam)=1.62e-04 | tok/s=545249 | 120ms/step | elapsed 6.3m | time left 3.7m
step=2590 | loss=4.2700 | lr(muon)=1.08e-02 lr(adam)=1.62e-04 | tok/s=562302 | 117ms/step | elapsed 6.4m | time left 3.6m
step=2600 | loss=4.3766 | lr(muon)=1.07e-02 lr(adam)=1.61e-04 | tok/s=485063 | 135ms/step | elapsed 6.4m | time left 3.6m
step=2610 | loss=4.3964 | lr(muon)=1.07e-02 lr(adam)=1.60e-04 | tok/s=539511 | 121ms/step | elapsed 6.4m | time left 3.6m
step=2620 | loss=4.1629 | lr(muon)=1.06e-02 lr(adam)=1.59e-04 | tok/s=519957 | 126ms/step | elapsed 6.4m | time left 3.6m
step=2630 | loss=4.4120 | lr(muon)=1.05e-02 lr(adam)=1.58e-04 | tok/s=553229 | 118ms/step | elapsed 6.4m | time left 3.6m
step=2640 | loss=4.3460 | lr(muon)=1.05e-02 lr(adam)=1.57e-04 | tok/s=639612 | 102ms/step | elapsed 6.5m | time left 3.5m
step=2650 | loss=4.2869 | lr(muon)=1.04e-02 lr(adam)=1.56e-04 | tok/s=432056 | 152ms/step | elapsed 6.5m | time left 3.5m
step=2660 | loss=4.3402 | lr(muon)=1.04e-02 lr(adam)=1.55e-04 | tok/s=546653 | 120ms/step | elapsed 6.5m | time left 3.5m
step=2670 | loss=4.2647 | lr(muon)=1.03e-02 lr(adam)=1.55e-04 | tok/s=577202 | 114ms/step | elapsed 6.5m | time left 3.5m
step=2680 | loss=4.2753 | lr(muon)=1.03e-02 lr(adam)=1.54e-04 | tok/s=547584 | 120ms/step | elapsed 6.5m | time left 3.5m
step=2690 | loss=4.3372 | lr(muon)=1.02e-02 lr(adam)=1.53e-04 | tok/s=539428 | 121ms/step | elapsed 6.6m | time left 3.4m
step=2700 | loss=4.3727 | lr(muon)=1.01e-02 lr(adam)=1.52e-04 | tok/s=493281 | 133ms/step | elapsed 6.6m | time left 3.4m
step=2710 | loss=4.3164 | lr(muon)=1.01e-02 lr(adam)=1.51e-04 | tok/s=513231 | 128ms/step | elapsed 6.6m | time left 3.4m
step=2720 | loss=4.3637 | lr(muon)=1.00e-02 lr(adam)=1.50e-04 | tok/s=566300 | 116ms/step | elapsed 6.6m | time left 3.4m
step=2730 | loss=4.3659 | lr(muon)=9.96e-03 lr(adam)=1.49e-04 | tok/s=528322 | 124ms/step | elapsed 6.7m | time left 3.3m
step=2740 | loss=4.4571 | lr(muon)=9.91e-03 lr(adam)=1.49e-04 | tok/s=642330 | 102ms/step | elapsed 6.7m | time left 3.3m
step=2750 | loss=4.3825 | lr(muon)=9.85e-03 lr(adam)=1.48e-04 | tok/s=550002 | 119ms/step | elapsed 6.7m | time left 3.3m
step=2760 | loss=4.2536 | lr(muon)=9.79e-03 lr(adam)=1.47e-04 | tok/s=533331 | 123ms/step | elapsed 6.7m | time left 3.3m
step=2770 | loss=4.4732 | lr(muon)=9.73e-03 lr(adam)=1.46e-04 | tok/s=548314 | 120ms/step | elapsed 6.7m | time left 3.3m
step=2780 | loss=4.5005 | lr(muon)=9.68e-03 lr(adam)=1.45e-04 | tok/s=518017 | 127ms/step | elapsed 6.8m | time left 3.2m
step=2790 | loss=4.1666 | lr(muon)=9.62e-03 lr(adam)=1.44e-04 | tok/s=594277 | 110ms/step | elapsed 6.8m | time left 3.2m
step=2800 | loss=4.2113 | lr(muon)=9.56e-03 lr(adam)=1.43e-04 | tok/s=526174 | 125ms/step | elapsed 6.8m | time left 3.2m
step=2810 | loss=4.2967 | lr(muon)=9.51e-03 lr(adam)=1.43e-04 | tok/s=437812 | 150ms/step | elapsed 6.8m | time left 3.2m
step=2820 | loss=4.2957 | lr(muon)=9.45e-03 lr(adam)=1.42e-04 | tok/s=588006 | 111ms/step | elapsed 6.8m | time left 3.2m
step=2830 | loss=4.1883 | lr(muon)=9.39e-03 lr(adam)=1.41e-04 | tok/s=483961 | 135ms/step | elapsed 6.9m | time left 3.1m
step=2840 | loss=4.1935 | lr(muon)=9.34e-03 lr(adam)=1.40e-04 | tok/s=499713 | 131ms/step | elapsed 6.9m | time left 3.1m
step=2850 | loss=4.4049 | lr(muon)=9.28e-03 lr(adam)=1.39e-04 | tok/s=524188 | 125ms/step | elapsed 6.9m | time left 3.1m
step=2860 | loss=4.2672 | lr(muon)=9.22e-03 lr(adam)=1.38e-04 | tok/s=545784 | 120ms/step | elapsed 6.9m | time left 3.1m
step=2870 | loss=4.2541 | lr(muon)=9.17e-03 lr(adam)=1.37e-04 | tok/s=465716 | 141ms/step | elapsed 6.9m | time left 3.1m
step=2880 | loss=4.3576 | lr(muon)=9.11e-03 lr(adam)=1.37e-04 | tok/s=576225 | 114ms/step | elapsed 7.0m | time left 3.0m
step=2890 | loss=4.2695 | lr(muon)=9.05e-03 lr(adam)=1.36e-04 | tok/s=536810 | 122ms/step | elapsed 7.0m | time left 3.0m
step=2900 | loss=4.2698 | lr(muon)=9.00e-03 lr(adam)=1.35e-04 | tok/s=580249 | 113ms/step | elapsed 7.0m | time left 3.0m
step=2910 | loss=4.1861 | lr(muon)=8.94e-03 lr(adam)=1.34e-04 | tok/s=516834 | 127ms/step | elapsed 7.0m | time left 3.0m
step=2920 | loss=4.1605 | lr(muon)=8.88e-03 lr(adam)=1.33e-04 | tok/s=606227 | 108ms/step | elapsed 7.0m | time left 3.0m
step=2930 | loss=4.1177 | lr(muon)=8.83e-03 lr(adam)=1.32e-04 | tok/s=552671 | 119ms/step | elapsed 7.1m | time left 2.9m
step=2940 | loss=4.4377 | lr(muon)=8.77e-03 lr(adam)=1.32e-04 | tok/s=532647 | 123ms/step | elapsed 7.1m | time left 2.9m
step=2950 | loss=4.2596 | lr(muon)=8.72e-03 lr(adam)=1.31e-04 | tok/s=532199 | 123ms/step | elapsed 7.1m | time left 2.9m
step=2960 | loss=4.3784 | lr(muon)=8.66e-03 lr(adam)=1.30e-04 | tok/s=545887 | 120ms/step | elapsed 7.1m | time left 2.9m
step=2970 | loss=4.1583 | lr(muon)=8.61e-03 lr(adam)=1.29e-04 | tok/s=531629 | 123ms/step | elapsed 7.1m | time left 2.9m
step=2980 | loss=4.2487 | lr(muon)=8.55e-03 lr(adam)=1.28e-04 | tok/s=638939 | 103ms/step | elapsed 7.2m | time left 2.8m
step=2990 | loss=4.2321 | lr(muon)=8.49e-03 lr(adam)=1.27e-04 | tok/s=534904 | 123ms/step | elapsed 7.2m | time left 2.8m
step=3000 | loss=4.2902 | lr(muon)=8.44e-03 lr(adam)=1.27e-04 | tok/s=520740 | 126ms/step | elapsed 7.2m | time left 2.8m
step=3010 | loss=4.3542 | lr(muon)=8.38e-03 lr(adam)=1.26e-04 | tok/s=510928 | 128ms/step | elapsed 7.2m | time left 2.8m
step=3020 | loss=4.2348 | lr(muon)=8.33e-03 lr(adam)=1.25e-04 | tok/s=605049 | 108ms/step | elapsed 7.2m | time left 2.8m
step=3030 | loss=4.3905 | lr(muon)=8.27e-03 lr(adam)=1.24e-04 | tok/s=503124 | 130ms/step | elapsed 7.3m | time left 2.7m
step=3040 | loss=4.3110 | lr(muon)=8.22e-03 lr(adam)=1.23e-04 | tok/s=557988 | 117ms/step | elapsed 7.3m | time left 2.7m
step=3050 | loss=4.2776 | lr(muon)=8.16e-03 lr(adam)=1.22e-04 | tok/s=537669 | 122ms/step | elapsed 7.3m | time left 2.7m
step=3060 | loss=4.2606 | lr(muon)=8.11e-03 lr(adam)=1.22e-04 | tok/s=622810 | 105ms/step | elapsed 7.3m | time left 2.7m
step=3070 | loss=4.1515 | lr(muon)=8.05e-03 lr(adam)=1.21e-04 | tok/s=557635 | 118ms/step | elapsed 7.3m | time left 2.7m
step=3080 | loss=4.1932 | lr(muon)=8.00e-03 lr(adam)=1.20e-04 | tok/s=511828 | 128ms/step | elapsed 7.4m | time left 2.6m
step=3090 | loss=4.3064 | lr(muon)=7.95e-03 lr(adam)=1.19e-04 | tok/s=530386 | 124ms/step | elapsed 7.4m | time left 2.6m
step=3100 | loss=4.3236 | lr(muon)=7.89e-03 lr(adam)=1.18e-04 | tok/s=575564 | 114ms/step | elapsed 7.4m | time left 2.6m
step=3110 | loss=4.2393 | lr(muon)=7.84e-03 lr(adam)=1.18e-04 | tok/s=461407 | 142ms/step | elapsed 7.4m | time left 2.6m
step=3120 | loss=4.1957 | lr(muon)=7.78e-03 lr(adam)=1.17e-04 | tok/s=484181 | 135ms/step | elapsed 7.5m | time left 2.5m
step=3130 | loss=4.1680 | lr(muon)=7.73e-03 lr(adam)=1.16e-04 | tok/s=473123 | 139ms/step | elapsed 7.5m | time left 2.5m
step=3140 | loss=4.3396 | lr(muon)=7.68e-03 lr(adam)=1.15e-04 | tok/s=477375 | 137ms/step | elapsed 7.5m | time left 2.5m
step=3150 | loss=4.2257 | lr(muon)=7.62e-03 lr(adam)=1.14e-04 | tok/s=486575 | 135ms/step | elapsed 7.5m | time left 2.5m
step=3160 | loss=4.3792 | lr(muon)=7.57e-03 lr(adam)=1.14e-04 | tok/s=569865 | 115ms/step | elapsed 7.5m | time left 2.5m
step=3170 | loss=4.3672 | lr(muon)=7.52e-03 lr(adam)=1.13e-04 | tok/s=505190 | 130ms/step | elapsed 7.6m | time left 2.4m
step=3180 | loss=4.1775 | lr(muon)=7.46e-03 lr(adam)=1.12e-04 | tok/s=589895 | 111ms/step | elapsed 7.6m | time left 2.4m
step=3190 | loss=4.1711 | lr(muon)=7.41e-03 lr(adam)=1.11e-04 | tok/s=595895 | 110ms/step | elapsed 7.6m | time left 2.4m
step=3200 | loss=4.2690 | lr(muon)=7.36e-03 lr(adam)=1.10e-04 | tok/s=527821 | 124ms/step | elapsed 7.6m | time left 2.4m
step=3210 | loss=4.1919 | lr(muon)=7.30e-03 lr(adam)=1.10e-04 | tok/s=579637 | 113ms/step | elapsed 7.6m | time left 2.4m
step=3220 | loss=4.1323 | lr(muon)=7.25e-03 lr(adam)=1.09e-04 | tok/s=537628 | 122ms/step | elapsed 7.7m | time left 2.3m
step=3230 | loss=4.2722 | lr(muon)=7.20e-03 lr(adam)=1.08e-04 | tok/s=552644 | 119ms/step | elapsed 7.7m | time left 2.3m
step=3240 | loss=4.2869 | lr(muon)=7.15e-03 lr(adam)=1.07e-04 | tok/s=525178 | 125ms/step | elapsed 7.7m | time left 2.3m
step=3250 | loss=4.3222 | lr(muon)=7.10e-03 lr(adam)=1.06e-04 | tok/s=653631 | 100ms/step | elapsed 7.7m | time left 2.3m
step=3260 | loss=4.2904 | lr(muon)=7.04e-03 lr(adam)=1.06e-04 | tok/s=442394 | 148ms/step | elapsed 7.7m | time left 2.3m
step=3270 | loss=4.4156 | lr(muon)=6.99e-03 lr(adam)=1.05e-04 | tok/s=535639 | 122ms/step | elapsed 7.8m | time left 2.2m
step=3280 | loss=3.9983 | lr(muon)=6.94e-03 lr(adam)=1.04e-04 | tok/s=621987 | 105ms/step | elapsed 7.8m | time left 2.2m
step=3290 | loss=4.1933 | lr(muon)=6.89e-03 lr(adam)=1.03e-04 | tok/s=559266 | 117ms/step | elapsed 7.8m | time left 2.2m
step=3300 | loss=4.3566 | lr(muon)=6.84e-03 lr(adam)=1.03e-04 | tok/s=509735 | 129ms/step | elapsed 7.8m | time left 2.2m
step=3310 | loss=4.2745 | lr(muon)=6.79e-03 lr(adam)=1.02e-04 | tok/s=500110 | 131ms/step | elapsed 7.8m | time left 2.2m
step=3320 | loss=4.1796 | lr(muon)=6.74e-03 lr(adam)=1.01e-04 | tok/s=531327 | 123ms/step | elapsed 7.9m | time left 2.1m
step=3330 | loss=4.4009 | lr(muon)=6.68e-03 lr(adam)=1.00e-04 | tok/s=521994 | 126ms/step | elapsed 7.9m | time left 2.1m
step=3340 | loss=4.2256 | lr(muon)=6.63e-03 lr(adam)=9.95e-05 | tok/s=551271 | 119ms/step | elapsed 7.9m | time left 2.1m
step=3350 | loss=4.2117 | lr(muon)=6.58e-03 lr(adam)=9.88e-05 | tok/s=522079 | 126ms/step | elapsed 7.9m | time left 2.1m
step=3360 | loss=4.2300 | lr(muon)=6.53e-03 lr(adam)=9.80e-05 | tok/s=542982 | 121ms/step | elapsed 7.9m | time left 2.1m
step=3370 | loss=4.1128 | lr(muon)=6.48e-03 lr(adam)=9.73e-05 | tok/s=504413 | 130ms/step | elapsed 8.0m | time left 2.0m
step=3380 | loss=4.0248 | lr(muon)=6.43e-03 lr(adam)=9.65e-05 | tok/s=612999 | 107ms/step | elapsed 8.0m | time left 2.0m
step=3390 | loss=4.2590 | lr(muon)=6.38e-03 lr(adam)=9.58e-05 | tok/s=467685 | 140ms/step | elapsed 8.0m | time left 2.0m
step=3400 | loss=4.1238 | lr(muon)=6.33e-03 lr(adam)=9.50e-05 | tok/s=565730 | 116ms/step | elapsed 8.0m | time left 2.0m
step=3410 | loss=4.2178 | lr(muon)=6.29e-03 lr(adam)=9.43e-05 | tok/s=563505 | 116ms/step | elapsed 8.0m | time left 2.0m
step=3420 | loss=4.2243 | lr(muon)=6.24e-03 lr(adam)=9.35e-05 | tok/s=500157 | 131ms/step | elapsed 8.1m | time left 1.9m
step=3430 | loss=4.1135 | lr(muon)=6.19e-03 lr(adam)=9.28e-05 | tok/s=590886 | 111ms/step | elapsed 8.1m | time left 1.9m
step=3440 | loss=4.1568 | lr(muon)=6.14e-03 lr(adam)=9.21e-05 | tok/s=569555 | 115ms/step | elapsed 8.1m | time left 1.9m
step=3450 | loss=4.3648 | lr(muon)=6.09e-03 lr(adam)=9.14e-05 | tok/s=528849 | 124ms/step | elapsed 8.1m | time left 1.9m
step=3460 | loss=4.1529 | lr(muon)=6.04e-03 lr(adam)=9.06e-05 | tok/s=500253 | 131ms/step | elapsed 8.1m | time left 1.9m
step=3470 | loss=4.2087 | lr(muon)=5.99e-03 lr(adam)=8.99e-05 | tok/s=502469 | 130ms/step | elapsed 8.2m | time left 1.8m
step=3480 | loss=4.1738 | lr(muon)=5.95e-03 lr(adam)=8.92e-05 | tok/s=573820 | 114ms/step | elapsed 8.2m | time left 1.8m
step=3490 | loss=4.3168 | lr(muon)=5.90e-03 lr(adam)=8.85e-05 | tok/s=597810 | 110ms/step | elapsed 8.2m | time left 1.8m
step=3500 | loss=4.2431 | lr(muon)=5.85e-03 lr(adam)=8.78e-05 | tok/s=596255 | 110ms/step | elapsed 8.2m | time left 1.8m
step=3510 | loss=4.2178 | lr(muon)=5.80e-03 lr(adam)=8.71e-05 | tok/s=514246 | 127ms/step | elapsed 8.2m | time left 1.8m
step=3520 | loss=4.3426 | lr(muon)=5.76e-03 lr(adam)=8.64e-05 | tok/s=532442 | 123ms/step | elapsed 8.3m | time left 1.7m
step=3530 | loss=4.2221 | lr(muon)=5.71e-03 lr(adam)=8.56e-05 | tok/s=524188 | 125ms/step | elapsed 8.3m | time left 1.7m
step=3540 | loss=4.1841 | lr(muon)=5.66e-03 lr(adam)=8.50e-05 | tok/s=579249 | 113ms/step | elapsed 8.3m | time left 1.7m
step=3550 | loss=4.1228 | lr(muon)=5.62e-03 lr(adam)=8.43e-05 | tok/s=582146 | 113ms/step | elapsed 8.3m | time left 1.7m
step=3560 | loss=4.2766 | lr(muon)=5.57e-03 lr(adam)=8.36e-05 | tok/s=623364 | 105ms/step | elapsed 8.3m | time left 1.7m
step=3570 | loss=4.1032 | lr(muon)=5.52e-03 lr(adam)=8.29e-05 | tok/s=528680 | 124ms/step | elapsed 8.4m | time left 1.6m
step=3580 | loss=4.0678 | lr(muon)=5.48e-03 lr(adam)=8.22e-05 | tok/s=529772 | 124ms/step | elapsed 8.4m | time left 1.6m
step=3590 | loss=4.2018 | lr(muon)=5.43e-03 lr(adam)=8.15e-05 | tok/s=618363 | 106ms/step | elapsed 8.4m | time left 1.6m
step=3600 | loss=4.0184 | lr(muon)=5.39e-03 lr(adam)=8.08e-05 | tok/s=563284 | 116ms/step | elapsed 8.4m | time left 1.6m
step=3610 | loss=4.2954 | lr(muon)=5.34e-03 lr(adam)=8.02e-05 | tok/s=503232 | 130ms/step | elapsed 8.4m | time left 1.6m
step=3620 | loss=4.1806 | lr(muon)=5.30e-03 lr(adam)=7.95e-05 | tok/s=588618 | 111ms/step | elapsed 8.5m | time left 1.5m
step=3630 | loss=4.2100 | lr(muon)=5.25e-03 lr(adam)=7.88e-05 | tok/s=589695 | 111ms/step | elapsed 8.5m | time left 1.5m
step=3640 | loss=4.1248 | lr(muon)=5.21e-03 lr(adam)=7.82e-05 | tok/s=560394 | 117ms/step | elapsed 8.5m | time left 1.5m
step=3650 | loss=4.3519 | lr(muon)=5.17e-03 lr(adam)=7.75e-05 | tok/s=555096 | 118ms/step | elapsed 8.5m | time left 1.5m
step=3660 | loss=4.1359 | lr(muon)=5.12e-03 lr(adam)=7.68e-05 | tok/s=486591 | 135ms/step | elapsed 8.5m | time left 1.5m
step=3670 | loss=4.1798 | lr(muon)=5.08e-03 lr(adam)=7.62e-05 | tok/s=625090 | 105ms/step | elapsed 8.6m | time left 1.4m
step=3680 | loss=4.2333 | lr(muon)=5.04e-03 lr(adam)=7.55e-05 | tok/s=521724 | 126ms/step | elapsed 8.6m | time left 1.4m
step=3690 | loss=4.1466 | lr(muon)=4.99e-03 lr(adam)=7.49e-05 | tok/s=687750 | 95ms/step | elapsed 8.6m | time left 1.4m
step=3700 | loss=3.9390 | lr(muon)=4.95e-03 lr(adam)=7.42e-05 | tok/s=591362 | 111ms/step | elapsed 8.6m | time left 1.4m
step=3710 | loss=4.1621 | lr(muon)=4.91e-03 lr(adam)=7.36e-05 | tok/s=537336 | 122ms/step | elapsed 8.6m | time left 1.4m
step=3720 | loss=4.0969 | lr(muon)=4.86e-03 lr(adam)=7.30e-05 | tok/s=561784 | 117ms/step | elapsed 8.7m | time left 1.3m
step=3730 | loss=4.2006 | lr(muon)=4.82e-03 lr(adam)=7.23e-05 | tok/s=630675 | 104ms/step | elapsed 8.7m | time left 1.3m
step=3740 | loss=4.2262 | lr(muon)=4.78e-03 lr(adam)=7.17e-05 | tok/s=569309 | 115ms/step | elapsed 8.7m | time left 1.3m
step=3750 | loss=4.1121 | lr(muon)=4.74e-03 lr(adam)=7.11e-05 | tok/s=543855 | 121ms/step | elapsed 8.7m | time left 1.3m
step=3760 | loss=4.2081 | lr(muon)=4.70e-03 lr(adam)=7.05e-05 | tok/s=584012 | 112ms/step | elapsed 8.7m | time left 1.3m
step=3770 | loss=4.1747 | lr(muon)=4.66e-03 lr(adam)=6.98e-05 | tok/s=555872 | 118ms/step | elapsed 8.8m | time left 1.2m
step=3780 | loss=4.2083 | lr(muon)=4.62e-03 lr(adam)=6.92e-05 | tok/s=510071 | 128ms/step | elapsed 8.8m | time left 1.2m
step=3790 | loss=3.9933 | lr(muon)=4.58e-03 lr(adam)=6.86e-05 | tok/s=514729 | 127ms/step | elapsed 8.8m | time left 1.2m
step=3800 | loss=4.1908 | lr(muon)=4.53e-03 lr(adam)=6.80e-05 | tok/s=579654 | 113ms/step | elapsed 8.8m | time left 1.2m
step=3810 | loss=4.1669 | lr(muon)=4.49e-03 lr(adam)=6.74e-05 | tok/s=597346 | 110ms/step | elapsed 8.9m | time left 1.1m
step=3820 | loss=4.1085 | lr(muon)=4.46e-03 lr(adam)=6.68e-05 | tok/s=611666 | 107ms/step | elapsed 8.9m | time left 1.1m
step=3830 | loss=4.1958 | lr(muon)=4.42e-03 lr(adam)=6.62e-05 | tok/s=547675 | 120ms/step | elapsed 8.9m | time left 1.1m
step=3840 | loss=4.1321 | lr(muon)=4.38e-03 lr(adam)=6.56e-05 | tok/s=557497 | 118ms/step | elapsed 8.9m | time left 1.1m
step=3850 | loss=4.1078 | lr(muon)=4.34e-03 lr(adam)=6.51e-05 | tok/s=529288 | 124ms/step | elapsed 8.9m | time left 1.1m
step=3860 | loss=4.1514 | lr(muon)=4.30e-03 lr(adam)=6.45e-05 | tok/s=590839 | 111ms/step | elapsed 9.0m | time left 1.0m
step=3870 | loss=4.1974 | lr(muon)=4.26e-03 lr(adam)=6.39e-05 | tok/s=477742 | 137ms/step | elapsed 9.0m | time left 1.0m
step=3880 | loss=4.2379 | lr(muon)=4.22e-03 lr(adam)=6.33e-05 | tok/s=535416 | 122ms/step | elapsed 9.0m | time left 1.0m
step=3890 | loss=4.0967 | lr(muon)=4.18e-03 lr(adam)=6.28e-05 | tok/s=491731 | 133ms/step | elapsed 9.0m | time left 1.0m
step=3900 | loss=4.1335 | lr(muon)=4.15e-03 lr(adam)=6.22e-05 | tok/s=440087 | 149ms/step | elapsed 9.0m | time left 1.0m
step=3910 | loss=4.0833 | lr(muon)=4.11e-03 lr(adam)=6.16e-05 | tok/s=459500 | 143ms/step | elapsed 9.1m | time left 0.9m
step=3920 | loss=4.0764 | lr(muon)=4.07e-03 lr(adam)=6.11e-05 | tok/s=393023 | 167ms/step | elapsed 9.1m | time left 0.9m
step=3930 | loss=4.2054 | lr(muon)=4.04e-03 lr(adam)=6.05e-05 | tok/s=384510 | 170ms/step | elapsed 9.1m | time left 0.9m
step=3940 | loss=4.1502 | lr(muon)=4.00e-03 lr(adam)=6.00e-05 | tok/s=336890 | 195ms/step | elapsed 9.1m | time left 0.9m
step=3950 | loss=4.2803 | lr(muon)=3.96e-03 lr(adam)=5.95e-05 | tok/s=361573 | 181ms/step | elapsed 9.2m | time left 0.8m
step=3960 | loss=3.9215 | lr(muon)=3.93e-03 lr(adam)=5.89e-05 | tok/s=357234 | 183ms/step | elapsed 9.2m | time left 0.8m
step=3970 | loss=4.1948 | lr(muon)=3.89e-03 lr(adam)=5.84e-05 | tok/s=399772 | 164ms/step | elapsed 9.2m | time left 0.8m
step=3980 | loss=4.2559 | lr(muon)=3.86e-03 lr(adam)=5.79e-05 | tok/s=371281 | 177ms/step | elapsed 9.3m | time left 0.7m
step=3990 | loss=4.2369 | lr(muon)=3.82e-03 lr(adam)=5.73e-05 | tok/s=355885 | 184ms/step | elapsed 9.3m | time left 0.7m
step=4000 | loss=4.1304 | lr(muon)=3.79e-03 lr(adam)=5.68e-05 | tok/s=362237 | 181ms/step | elapsed 9.3m | time left 0.7m
step=4010 | loss=4.2211 | lr(muon)=3.75e-03 lr(adam)=5.63e-05 | tok/s=405278 | 162ms/step | elapsed 9.4m | time left 0.6m
step=4020 | loss=4.0409 | lr(muon)=3.72e-03 lr(adam)=5.58e-05 | tok/s=387155 | 169ms/step | elapsed 9.4m | time left 0.6m
step=4030 | loss=4.1764 | lr(muon)=3.69e-03 lr(adam)=5.53e-05 | tok/s=392744 | 167ms/step | elapsed 9.4m | time left 0.6m
step=4040 | loss=4.1153 | lr(muon)=3.65e-03 lr(adam)=5.48e-05 | tok/s=367146 | 179ms/step | elapsed 9.4m | time left 0.6m
step=4050 | loss=4.0957 | lr(muon)=3.62e-03 lr(adam)=5.43e-05 | tok/s=361315 | 181ms/step | elapsed 9.5m | time left 0.5m
step=4060 | loss=4.1110 | lr(muon)=3.59e-03 lr(adam)=5.38e-05 | tok/s=417388 | 157ms/step | elapsed 9.5m | time left 0.5m
step=4070 | loss=4.0926 | lr(muon)=3.55e-03 lr(adam)=5.33e-05 | tok/s=391372 | 167ms/step | elapsed 9.5m | time left 0.5m
step=4080 | loss=4.1770 | lr(muon)=3.52e-03 lr(adam)=5.28e-05 | tok/s=407950 | 161ms/step | elapsed 9.6m | time left 0.4m
step=4090 | loss=4.1460 | lr(muon)=3.49e-03 lr(adam)=5.23e-05 | tok/s=357302 | 183ms/step | elapsed 9.6m | time left 0.4m
step=4100 | loss=4.1584 | lr(muon)=3.46e-03 lr(adam)=5.19e-05 | tok/s=336172 | 195ms/step | elapsed 9.6m | time left 0.4m
step=4110 | loss=4.0688 | lr(muon)=3.43e-03 lr(adam)=5.14e-05 | tok/s=412816 | 159ms/step | elapsed 9.6m | time left 0.4m
step=4120 | loss=4.1400 | lr(muon)=3.39e-03 lr(adam)=5.09e-05 | tok/s=335682 | 195ms/step | elapsed 9.7m | time left 0.3m
step=4130 | loss=4.0954 | lr(muon)=3.36e-03 lr(adam)=5.05e-05 | tok/s=353514 | 185ms/step | elapsed 9.7m | time left 0.3m
step=4140 | loss=4.1103 | lr(muon)=3.33e-03 lr(adam)=5.00e-05 | tok/s=385298 | 170ms/step | elapsed 9.7m | time left 0.3m
step=4150 | loss=4.0377 | lr(muon)=3.30e-03 lr(adam)=4.96e-05 | tok/s=379895 | 173ms/step | elapsed 9.8m | time left 0.2m
step=4160 | loss=4.1983 | lr(muon)=3.27e-03 lr(adam)=4.91e-05 | tok/s=395139 | 166ms/step | elapsed 9.8m | time left 0.2m
step=4170 | loss=4.1166 | lr(muon)=3.24e-03 lr(adam)=4.87e-05 | tok/s=413358 | 159ms/step | elapsed 9.8m | time left 0.2m
step=4180 | loss=4.3456 | lr(muon)=3.22e-03 lr(adam)=4.82e-05 | tok/s=378823 | 173ms/step | elapsed 9.8m | time left 0.2m
step=4190 | loss=4.0649 | lr(muon)=3.19e-03 lr(adam)=4.78e-05 | tok/s=371960 | 176ms/step | elapsed 9.9m | time left 0.1m
step=4200 | loss=4.2748 | lr(muon)=3.16e-03 lr(adam)=4.74e-05 | tok/s=390220 | 168ms/step | elapsed 9.9m | time left 0.1m
step=4210 | loss=4.0630 | lr(muon)=3.13e-03 lr(adam)=4.69e-05 | tok/s=365531 | 179ms/step | elapsed 9.9m | time left 0.1m
step=4220 | loss=4.2076 | lr(muon)=3.10e-03 lr(adam)=4.65e-05 | tok/s=385643 | 170ms/step | elapsed 10.0m | time left 0.0m
step=4230 | loss=4.2540 | lr(muon)=3.07e-03 lr(adam)=4.61e-05 | tok/s=402825 | 163ms/step | elapsed 10.0m | time left 0.0m

[time] 10.0 min elapsed — time limit reached.
[ckpt] saved → checkpoint.pt  (step 4233)
