Master: localhost:29501  |  Nodes: 1  |  GPUs: 0 (1)  |  Rank: 0
[model] 110.9M parameters
[optim] Muon: 72 params, AdamW: 52 params
[data] 50 shard(s), 5,000,000,000 tokens total
step=10 | loss=9.8749 | lr(muon)=2.00e-03 lr(adam)=3.00e-05 | tok/s=7397 | 8859ms/step | elapsed 1.6m | time left 198.4m
step=20 | loss=8.8379 | lr(muon)=4.00e-03 lr(adam)=6.00e-05 | tok/s=7199 | 9104ms/step | elapsed 3.3m | time left 196.7m
step=30 | loss=8.1697 | lr(muon)=6.00e-03 lr(adam)=9.00e-05 | tok/s=7039 | 9311ms/step | elapsed 5.0m | time left 195.0m
step=40 | loss=7.6468 | lr(muon)=8.00e-03 lr(adam)=1.20e-04 | tok/s=7741 | 8466ms/step | elapsed 6.6m | time left 193.4m
step=50 | loss=7.1019 | lr(muon)=1.00e-02 lr(adam)=1.50e-04 | tok/s=6571 | 9974ms/step | elapsed 8.1m | time left 191.9m
step=60 | loss=6.8097 | lr(muon)=1.20e-02 lr(adam)=1.80e-04 | tok/s=7693 | 8518ms/step | elapsed 9.6m | time left 190.4m
step=70 | loss=6.5221 | lr(muon)=1.40e-02 lr(adam)=2.10e-04 | tok/s=7934 | 8260ms/step | elapsed 11.1m | time left 188.9m
step=80 | loss=6.3866 | lr(muon)=1.60e-02 lr(adam)=2.40e-04 | tok/s=6542 | 10018ms/step | elapsed 12.6m | time left 187.4m
step=90 | loss=6.2079 | lr(muon)=1.80e-02 lr(adam)=2.70e-04 | tok/s=7326 | 8946ms/step | elapsed 14.1m | time left 185.9m
step=100 | loss=6.0580 | lr(muon)=2.00e-02 lr(adam)=3.00e-04 | tok/s=7646 | 8572ms/step | elapsed 15.6m | time left 184.4m
step=110 | loss=6.0409 | lr(muon)=2.00e-02 lr(adam)=3.00e-04 | tok/s=6478 | 10117ms/step | elapsed 17.1m | time left 182.9m
step=120 | loss=5.9562 | lr(muon)=2.00e-02 lr(adam)=3.00e-04 | tok/s=6687 | 9801ms/step | elapsed 18.6m | time left 181.4m
step=130 | loss=5.9494 | lr(muon)=2.00e-02 lr(adam)=3.00e-04 | tok/s=7550 | 8680ms/step | elapsed 20.2m | time left 179.8m
step=140 | loss=5.8038 | lr(muon)=2.00e-02 lr(adam)=3.00e-04 | tok/s=7644 | 8573ms/step | elapsed 21.7m | time left 178.3m
step=150 | loss=5.6730 | lr(muon)=2.00e-02 lr(adam)=3.00e-04 | tok/s=6712 | 9765ms/step | elapsed 23.2m | time left 176.8m
step=160 | loss=5.7289 | lr(muon)=2.00e-02 lr(adam)=3.00e-04 | tok/s=8304 | 7892ms/step | elapsed 24.7m | time left 175.3m
step=170 | loss=5.5814 | lr(muon)=2.00e-02 lr(adam)=3.00e-04 | tok/s=8800 | 7447ms/step | elapsed 26.1m | time left 173.9m
step=180 | loss=5.5214 | lr(muon)=2.00e-02 lr(adam)=3.00e-04 | tok/s=8561 | 7655ms/step | elapsed 27.4m | time left 172.6m
step=190 | loss=5.5310 | lr(muon)=2.00e-02 lr(adam)=3.00e-04 | tok/s=7898 | 8298ms/step | elapsed 28.9m | time left 171.1m
step=200 | loss=5.5116 | lr(muon)=2.00e-02 lr(adam)=3.00e-04 | tok/s=7095 | 9236ms/step | elapsed 30.3m | time left 169.7m
step=210 | loss=5.4444 | lr(muon)=2.00e-02 lr(adam)=3.00e-04 | tok/s=7731 | 8477ms/step | elapsed 31.9m | time left 168.1m
step=220 | loss=5.3671 | lr(muon)=2.00e-02 lr(adam)=3.00e-04 | tok/s=7194 | 9109ms/step | elapsed 33.3m | time left 166.7m
step=230 | loss=5.3353 | lr(muon)=2.00e-02 lr(adam)=3.00e-04 | tok/s=6652 | 9852ms/step | elapsed 34.7m | time left 165.3m
step=240 | loss=5.3007 | lr(muon)=2.00e-02 lr(adam)=2.99e-04 | tok/s=7858 | 8340ms/step | elapsed 36.2m | time left 163.8m
step=250 | loss=5.3024 | lr(muon)=2.00e-02 lr(adam)=2.99e-04 | tok/s=8677 | 7553ms/step | elapsed 37.5m | time left 162.5m
step=260 | loss=5.1725 | lr(muon)=2.00e-02 lr(adam)=2.99e-04 | tok/s=7345 | 8923ms/step | elapsed 38.9m | time left 161.1m
step=270 | loss=5.0900 | lr(muon)=1.99e-02 lr(adam)=2.99e-04 | tok/s=8781 | 7463ms/step | elapsed 40.2m | time left 159.8m
step=280 | loss=5.0604 | lr(muon)=1.99e-02 lr(adam)=2.99e-04 | tok/s=8754 | 7486ms/step | elapsed 41.5m | time left 158.5m
step=290 | loss=4.9985 | lr(muon)=1.99e-02 lr(adam)=2.99e-04 | tok/s=8548 | 7667ms/step | elapsed 42.8m | time left 157.2m
step=300 | loss=4.9333 | lr(muon)=1.99e-02 lr(adam)=2.99e-04 | tok/s=8549 | 7666ms/step | elapsed 44.1m | time left 155.9m
step=310 | loss=4.9370 | lr(muon)=1.99e-02 lr(adam)=2.99e-04 | tok/s=8877 | 7382ms/step | elapsed 45.4m | time left 154.6m
step=320 | loss=4.9022 | lr(muon)=1.99e-02 lr(adam)=2.99e-04 | tok/s=8222 | 7970ms/step | elapsed 46.8m | time left 153.2m
step=330 | loss=4.9325 | lr(muon)=1.99e-02 lr(adam)=2.99e-04 | tok/s=8827 | 7424ms/step | elapsed 48.1m | time left 151.9m
step=340 | loss=4.8862 | lr(muon)=1.99e-02 lr(adam)=2.98e-04 | tok/s=7245 | 9046ms/step | elapsed 49.5m | time left 150.5m
step=350 | loss=4.7509 | lr(muon)=1.99e-02 lr(adam)=2.98e-04 | tok/s=9370 | 6994ms/step | elapsed 50.8m | time left 149.2m
step=360 | loss=4.7271 | lr(muon)=1.99e-02 lr(adam)=2.98e-04 | tok/s=8663 | 7565ms/step | elapsed 52.1m | time left 147.9m
step=370 | loss=4.7232 | lr(muon)=1.99e-02 lr(adam)=2.98e-04 | tok/s=7165 | 9147ms/step | elapsed 53.4m | time left 146.6m
step=380 | loss=4.6266 | lr(muon)=1.99e-02 lr(adam)=2.98e-04 | tok/s=8923 | 7345ms/step | elapsed 54.7m | time left 145.3m
step=390 | loss=4.6265 | lr(muon)=1.98e-02 lr(adam)=2.98e-04 | tok/s=8843 | 7411ms/step | elapsed 56.0m | time left 144.0m
step=400 | loss=4.5776 | lr(muon)=1.98e-02 lr(adam)=2.98e-04 | tok/s=7046 | 9301ms/step | elapsed 57.3m | time left 142.7m
step=410 | loss=4.6277 | lr(muon)=1.98e-02 lr(adam)=2.97e-04 | tok/s=7710 | 8501ms/step | elapsed 59.5m | time left 140.5m
step=420 | loss=4.5340 | lr(muon)=1.98e-02 lr(adam)=2.97e-04 | tok/s=8291 | 7905ms/step | elapsed 60.9m | time left 139.1m
step=430 | loss=4.5251 | lr(muon)=1.98e-02 lr(adam)=2.97e-04 | tok/s=8292 | 7903ms/step | elapsed 62.4m | time left 137.6m
step=440 | loss=4.4511 | lr(muon)=1.98e-02 lr(adam)=2.97e-04 | tok/s=8132 | 8059ms/step | elapsed 63.7m | time left 136.3m
step=450 | loss=4.4978 | lr(muon)=1.98e-02 lr(adam)=2.97e-04 | tok/s=8261 | 7933ms/step | elapsed 65.1m | time left 134.9m
step=460 | loss=4.3950 | lr(muon)=1.98e-02 lr(adam)=2.96e-04 | tok/s=8130 | 8061ms/step | elapsed 66.5m | time left 133.5m
step=470 | loss=4.3648 | lr(muon)=1.97e-02 lr(adam)=2.96e-04 | tok/s=8398 | 7804ms/step | elapsed 67.9m | time left 132.1m
step=480 | loss=4.4345 | lr(muon)=1.97e-02 lr(adam)=2.96e-04 | tok/s=9662 | 6783ms/step | elapsed 70.0m | time left 130.0m
step=490 | loss=4.4067 | lr(muon)=1.97e-02 lr(adam)=2.96e-04 | tok/s=8139 | 8052ms/step | elapsed 71.3m | time left 128.7m
step=500 | loss=4.4106 | lr(muon)=1.97e-02 lr(adam)=2.96e-04 | tok/s=8405 | 7797ms/step | elapsed 72.7m | time left 127.3m
step=510 | loss=4.3332 | lr(muon)=1.97e-02 lr(adam)=2.95e-04 | tok/s=8094 | 8097ms/step | elapsed 74.1m | time left 125.9m
step=520 | loss=4.3285 | lr(muon)=1.97e-02 lr(adam)=2.95e-04 | tok/s=8268 | 7927ms/step | elapsed 75.5m | time left 124.5m
step=530 | loss=4.2730 | lr(muon)=1.97e-02 lr(adam)=2.95e-04 | tok/s=8271 | 7924ms/step | elapsed 76.9m | time left 123.1m
step=540 | loss=4.2142 | lr(muon)=1.96e-02 lr(adam)=2.95e-04 | tok/s=8289 | 7907ms/step | elapsed 78.3m | time left 121.7m
step=550 | loss=4.3331 | lr(muon)=1.96e-02 lr(adam)=2.94e-04 | tok/s=2604 | 25168ms/step | elapsed 81.4m | time left 118.6m
step=560 | loss=4.1982 | lr(muon)=1.96e-02 lr(adam)=2.94e-04 | tok/s=7115 | 9212ms/step | elapsed 83.1m | time left 116.9m
step=570 | loss=4.3180 | lr(muon)=1.96e-02 lr(adam)=2.94e-04 | tok/s=8253 | 7941ms/step | elapsed 84.5m | time left 115.5m
step=580 | loss=4.2109 | lr(muon)=1.96e-02 lr(adam)=2.94e-04 | tok/s=7114 | 9212ms/step | elapsed 85.9m | time left 114.1m
step=590 | loss=4.2531 | lr(muon)=1.96e-02 lr(adam)=2.93e-04 | tok/s=8374 | 7826ms/step | elapsed 87.3m | time left 112.7m
step=600 | loss=4.2372 | lr(muon)=1.95e-02 lr(adam)=2.93e-04 | tok/s=7109 | 9218ms/step | elapsed 88.7m | time left 111.3m
step=610 | loss=4.1394 | lr(muon)=1.95e-02 lr(adam)=2.93e-04 | tok/s=8455 | 7751ms/step | elapsed 90.1m | time left 109.9m
step=620 | loss=4.2482 | lr(muon)=1.95e-02 lr(adam)=2.93e-04 | tok/s=9156 | 7158ms/step | elapsed 92.2m | time left 107.8m
step=630 | loss=4.1299 | lr(muon)=1.95e-02 lr(adam)=2.92e-04 | tok/s=7161 | 9152ms/step | elapsed 93.6m | time left 106.4m
step=640 | loss=4.0812 | lr(muon)=1.95e-02 lr(adam)=2.92e-04 | tok/s=8249 | 7945ms/step | elapsed 95.0m | time left 105.0m
step=650 | loss=4.0825 | lr(muon)=1.94e-02 lr(adam)=2.92e-04 | tok/s=7301 | 8976ms/step | elapsed 96.4m | time left 103.6m
step=660 | loss=4.1641 | lr(muon)=1.94e-02 lr(adam)=2.91e-04 | tok/s=8229 | 7964ms/step | elapsed 97.8m | time left 102.2m
step=670 | loss=4.1825 | lr(muon)=1.94e-02 lr(adam)=2.91e-04 | tok/s=7286 | 8995ms/step | elapsed 99.1m | time left 100.9m
step=680 | loss=4.1590 | lr(muon)=1.94e-02 lr(adam)=2.91e-04 | tok/s=8309 | 7888ms/step | elapsed 100.5m | time left 99.5m
step=690 | loss=4.0557 | lr(muon)=1.94e-02 lr(adam)=2.90e-04 | tok/s=9366 | 6997ms/step | elapsed 104.0m | time left 96.0m
step=700 | loss=4.0566 | lr(muon)=1.93e-02 lr(adam)=2.90e-04 | tok/s=7244 | 9047ms/step | elapsed 105.3m | time left 94.7m
step=710 | loss=4.0576 | lr(muon)=1.93e-02 lr(adam)=2.90e-04 | tok/s=8628 | 7596ms/step | elapsed 106.7m | time left 93.3m
step=720 | loss=4.0939 | lr(muon)=1.93e-02 lr(adam)=2.89e-04 | tok/s=8259 | 7935ms/step | elapsed 108.0m | time left 92.0m
step=730 | loss=4.1393 | lr(muon)=1.93e-02 lr(adam)=2.89e-04 | tok/s=8527 | 7686ms/step | elapsed 109.4m | time left 90.6m
step=740 | loss=4.1317 | lr(muon)=1.93e-02 lr(adam)=2.89e-04 | tok/s=8970 | 7306ms/step | elapsed 110.8m | time left 89.2m
step=750 | loss=3.9690 | lr(muon)=1.92e-02 lr(adam)=2.88e-04 | tok/s=5864 | 11176ms/step | elapsed 112.7m | time left 87.3m
step=760 | loss=3.9953 | lr(muon)=1.92e-02 lr(adam)=2.88e-04 | tok/s=7668 | 8547ms/step | elapsed 114.2m | time left 85.8m
step=770 | loss=4.1821 | lr(muon)=1.92e-02 lr(adam)=2.88e-04 | tok/s=7807 | 8395ms/step | elapsed 115.7m | time left 84.3m
step=780 | loss=4.0755 | lr(muon)=1.92e-02 lr(adam)=2.87e-04 | tok/s=8087 | 8104ms/step | elapsed 117.1m | time left 82.9m
step=790 | loss=4.0262 | lr(muon)=1.91e-02 lr(adam)=2.87e-04 | tok/s=8708 | 7526ms/step | elapsed 118.5m | time left 81.5m
step=800 | loss=4.0000 | lr(muon)=1.91e-02 lr(adam)=2.87e-04 | tok/s=8721 | 7515ms/step | elapsed 119.8m | time left 80.2m
step=810 | loss=4.0365 | lr(muon)=1.91e-02 lr(adam)=2.86e-04 | tok/s=7804 | 8398ms/step | elapsed 121.1m | time left 78.9m
step=820 | loss=4.0365 | lr(muon)=1.91e-02 lr(adam)=2.86e-04 | tok/s=8878 | 7382ms/step | elapsed 122.4m | time left 77.6m
step=830 | loss=4.0527 | lr(muon)=1.90e-02 lr(adam)=2.85e-04 | tok/s=8277 | 7918ms/step | elapsed 123.8m | time left 76.2m
step=840 | loss=3.8456 | lr(muon)=1.90e-02 lr(adam)=2.85e-04 | tok/s=8200 | 7992ms/step | elapsed 125.2m | time left 74.8m
step=850 | loss=4.0642 | lr(muon)=1.90e-02 lr(adam)=2.85e-04 | tok/s=7942 | 8252ms/step | elapsed 126.6m | time left 73.4m
step=860 | loss=3.9816 | lr(muon)=1.90e-02 lr(adam)=2.84e-04 | tok/s=8434 | 7770ms/step | elapsed 128.0m | time left 72.0m
step=870 | loss=3.9122 | lr(muon)=1.89e-02 lr(adam)=2.84e-04 | tok/s=6649 | 9857ms/step | elapsed 129.5m | time left 70.5m
step=880 | loss=3.9686 | lr(muon)=1.89e-02 lr(adam)=2.83e-04 | tok/s=7989 | 8203ms/step | elapsed 130.9m | time left 69.1m
step=890 | loss=3.9598 | lr(muon)=1.89e-02 lr(adam)=2.83e-04 | tok/s=6708 | 9769ms/step | elapsed 132.3m | time left 67.7m
step=900 | loss=3.9781 | lr(muon)=1.88e-02 lr(adam)=2.83e-04 | tok/s=7864 | 8334ms/step | elapsed 133.8m | time left 66.2m
step=910 | loss=3.9231 | lr(muon)=1.88e-02 lr(adam)=2.82e-04 | tok/s=7791 | 8412ms/step | elapsed 135.2m | time left 64.8m
step=920 | loss=3.9654 | lr(muon)=1.88e-02 lr(adam)=2.82e-04 | tok/s=8121 | 8070ms/step | elapsed 136.6m | time left 63.4m
step=930 | loss=3.9600 | lr(muon)=1.88e-02 lr(adam)=2.81e-04 | tok/s=7945 | 8249ms/step | elapsed 138.1m | time left 61.9m
step=940 | loss=3.9509 | lr(muon)=1.87e-02 lr(adam)=2.81e-04 | tok/s=7027 | 9327ms/step | elapsed 139.5m | time left 60.5m
step=950 | loss=3.9405 | lr(muon)=1.87e-02 lr(adam)=2.80e-04 | tok/s=8023 | 8169ms/step | elapsed 140.9m | time left 59.1m
step=960 | loss=3.8812 | lr(muon)=1.87e-02 lr(adam)=2.80e-04 | tok/s=6953 | 9426ms/step | elapsed 142.4m | time left 57.6m
step=970 | loss=3.9636 | lr(muon)=1.86e-02 lr(adam)=2.80e-04 | tok/s=8033 | 8159ms/step | elapsed 143.8m | time left 56.2m
step=980 | loss=3.9640 | lr(muon)=1.86e-02 lr(adam)=2.79e-04 | tok/s=7298 | 8979ms/step | elapsed 146.1m | time left 53.9m
step=990 | loss=3.9148 | lr(muon)=1.86e-02 lr(adam)=2.79e-04 | tok/s=7852 | 8346ms/step | elapsed 147.5m | time left 52.5m
step=1000 | loss=3.8339 | lr(muon)=1.85e-02 lr(adam)=2.78e-04 | tok/s=7988 | 8204ms/step | elapsed 148.9m | time left 51.1m
step=1010 | loss=3.8761 | lr(muon)=1.85e-02 lr(adam)=2.78e-04 | tok/s=8239 | 7954ms/step | elapsed 150.4m | time left 49.6m
step=1020 | loss=3.8995 | lr(muon)=1.85e-02 lr(adam)=2.77e-04 | tok/s=8038 | 8154ms/step | elapsed 151.8m | time left 48.2m
step=1030 | loss=3.9008 | lr(muon)=1.84e-02 lr(adam)=2.77e-04 | tok/s=7437 | 8812ms/step | elapsed 153.3m | time left 46.7m
step=1040 | loss=3.8668 | lr(muon)=1.84e-02 lr(adam)=2.76e-04 | tok/s=7468 | 8775ms/step | elapsed 154.7m | time left 45.3m
step=1050 | loss=3.8588 | lr(muon)=1.84e-02 lr(adam)=2.76e-04 | tok/s=7818 | 8383ms/step | elapsed 156.2m | time left 43.8m
step=1060 | loss=3.9512 | lr(muon)=1.83e-02 lr(adam)=2.75e-04 | tok/s=7878 | 8319ms/step | elapsed 157.6m | time left 42.4m
step=1070 | loss=3.8158 | lr(muon)=1.83e-02 lr(adam)=2.75e-04 | tok/s=7797 | 8405ms/step | elapsed 159.1m | time left 40.9m
step=1080 | loss=3.9043 | lr(muon)=1.83e-02 lr(adam)=2.74e-04 | tok/s=7592 | 8633ms/step | elapsed 160.6m | time left 39.4m
step=1090 | loss=3.9125 | lr(muon)=1.82e-02 lr(adam)=2.74e-04 | tok/s=7612 | 8610ms/step | elapsed 162.1m | time left 37.9m
step=1100 | loss=3.9051 | lr(muon)=1.82e-02 lr(adam)=2.73e-04 | tok/s=7047 | 9299ms/step | elapsed 163.6m | time left 36.4m
step=1110 | loss=3.8601 | lr(muon)=1.82e-02 lr(adam)=2.73e-04 | tok/s=7694 | 8518ms/step | elapsed 165.1m | time left 34.9m
step=1120 | loss=3.9167 | lr(muon)=1.81e-02 lr(adam)=2.72e-04 | tok/s=7607 | 8615ms/step | elapsed 166.6m | time left 33.4m
step=1130 | loss=3.8762 | lr(muon)=1.81e-02 lr(adam)=2.72e-04 | tok/s=8151 | 8040ms/step | elapsed 168.0m | time left 32.0m
step=1140 | loss=3.8602 | lr(muon)=1.81e-02 lr(adam)=2.71e-04 | tok/s=8298 | 7897ms/step | elapsed 169.4m | time left 30.6m
step=1150 | loss=3.8524 | lr(muon)=1.80e-02 lr(adam)=2.71e-04 | tok/s=8124 | 8067ms/step | elapsed 170.8m | time left 29.2m
step=1160 | loss=3.7712 | lr(muon)=1.80e-02 lr(adam)=2.70e-04 | tok/s=8260 | 7934ms/step | elapsed 172.2m | time left 27.8m
step=1170 | loss=3.8449 | lr(muon)=1.80e-02 lr(adam)=2.69e-04 | tok/s=8137 | 8054ms/step | elapsed 173.6m | time left 26.4m
step=1180 | loss=3.7784 | lr(muon)=1.79e-02 lr(adam)=2.69e-04 | tok/s=8132 | 8059ms/step | elapsed 175.0m | time left 25.0m
step=1190 | loss=3.7550 | lr(muon)=1.79e-02 lr(adam)=2.68e-04 | tok/s=7934 | 8260ms/step | elapsed 176.4m | time left 23.6m
step=1200 | loss=3.7243 | lr(muon)=1.79e-02 lr(adam)=2.68e-04 | tok/s=8203 | 7989ms/step | elapsed 177.8m | time left 22.2m
step=1210 | loss=3.7411 | lr(muon)=1.78e-02 lr(adam)=2.67e-04 | tok/s=8156 | 8035ms/step | elapsed 179.2m | time left 20.8m
step=1220 | loss=3.8110 | lr(muon)=1.78e-02 lr(adam)=2.67e-04 | tok/s=8266 | 7928ms/step | elapsed 180.6m | time left 19.4m
step=1230 | loss=3.7322 | lr(muon)=1.77e-02 lr(adam)=2.66e-04 | tok/s=8052 | 8139ms/step | elapsed 182.0m | time left 18.0m
step=1240 | loss=3.8240 | lr(muon)=1.77e-02 lr(adam)=2.66e-04 | tok/s=8291 | 7904ms/step | elapsed 183.4m | time left 16.6m
step=1250 | loss=3.7052 | lr(muon)=1.77e-02 lr(adam)=2.65e-04 | tok/s=6917 | 9475ms/step | elapsed 184.8m | time left 15.2m
step=1260 | loss=3.8343 | lr(muon)=1.76e-02 lr(adam)=2.64e-04 | tok/s=8416 | 7788ms/step | elapsed 186.2m | time left 13.8m
step=1270 | loss=3.7541 | lr(muon)=1.76e-02 lr(adam)=2.64e-04 | tok/s=8034 | 8158ms/step | elapsed 187.6m | time left 12.4m
step=1280 | loss=3.7420 | lr(muon)=1.75e-02 lr(adam)=2.63e-04 | tok/s=8058 | 8134ms/step | elapsed 189.0m | time left 11.0m
step=1290 | loss=3.7404 | lr(muon)=1.75e-02 lr(adam)=2.63e-04 | tok/s=7053 | 9292ms/step | elapsed 190.5m | time left 9.5m
step=1300 | loss=3.7238 | lr(muon)=1.75e-02 lr(adam)=2.62e-04 | tok/s=8294 | 7902ms/step | elapsed 191.8m | time left 8.2m
step=1310 | loss=3.7033 | lr(muon)=1.74e-02 lr(adam)=2.61e-04 | tok/s=6972 | 9400ms/step | elapsed 193.3m | time left 6.7m
step=1320 | loss=3.7816 | lr(muon)=1.74e-02 lr(adam)=2.61e-04 | tok/s=8108 | 8083ms/step | elapsed 194.7m | time left 5.3m
step=1330 | loss=3.6587 | lr(muon)=1.73e-02 lr(adam)=2.60e-04 | tok/s=6770 | 9681ms/step | elapsed 196.1m | time left 3.9m
step=1340 | loss=3.7838 | lr(muon)=1.73e-02 lr(adam)=2.60e-04 | tok/s=8151 | 8040ms/step | elapsed 197.5m | time left 2.5m
step=1350 | loss=3.7682 | lr(muon)=1.73e-02 lr(adam)=2.59e-04 | tok/s=6950 | 9430ms/step | elapsed 198.9m | time left 1.1m

[time] 200.1 min elapsed — time limit reached.
[ckpt] saved → checkpoint.pt  (step 1359)
